[0.010s] Invoking command in '/home/hunajpu/trabajo_terminal/ros2_ur_driver/build/hardware_interface': AMENT_PREFIX_PATH=/home/hunajpu/trabajo_terminal/ros2_ur_driver/install/ros2_control_test_assets:/home/hunajpu/trabajo_terminal/ros2_ur_driver/install/control_msgs:${AMENT_PREFIX_PATH} CMAKE_PREFIX_PATH=/home/hunajpu/trabajo_terminal/ros2_ur_driver/install/ros2_control_test_assets:/home/hunajpu/trabajo_terminal/ros2_ur_driver/install/control_msgs:/opt/ros/foxy LD_LIBRARY_PATH=/home/hunajpu/trabajo_terminal/ros2_ur_driver/install/control_msgs/lib:${LD_LIBRARY_PATH} PYTHONPATH=/home/hunajpu/trabajo_terminal/ros2_ur_driver/install/control_msgs/lib/python3.8/site-packages:${PYTHONPATH} /usr/bin/cmake /home/hunajpu/trabajo_terminal/ros2_ur_driver/src/ros2_control/hardware_interface -DCMAKE_BUILD_TYPE=Release -DCMAKE_INSTALL_PREFIX=/home/hunajpu/trabajo_terminal/ros2_ur_driver/install/hardware_interface
[0.054s] -- The C compiler identification is GNU 9.4.0
[0.100s] -- The CXX compiler identification is GNU 9.4.0
[0.104s] -- Check for working C compiler: /usr/bin/cc
[0.161s] -- Check for working C compiler: /usr/bin/cc -- works
[0.161s] -- Detecting C compiler ABI info
[0.218s] -- Detecting C compiler ABI info - done
[0.230s] -- Detecting C compile features
[0.230s] -- Detecting C compile features - done
[0.234s] -- Check for working CXX compiler: /usr/bin/c++
[0.306s] -- Check for working CXX compiler: /usr/bin/c++ -- works
[0.308s] -- Detecting CXX compiler ABI info
[0.377s] -- Detecting CXX compiler ABI info - done
[0.389s] -- Detecting CXX compile features
[0.390s] -- Detecting CXX compile features - done
[0.392s] -- Found ament_cmake: 0.9.9 (/opt/ros/foxy/share/ament_cmake/cmake)
[0.415s] -- Found PythonInterp: /usr/bin/python3 (found suitable version "3.8.10", minimum required is "3") 
[0.415s] -- Using PYTHON_EXECUTABLE: /usr/bin/python3
[0.596s] -- Found control_msgs: 3.0.0 (/home/hunajpu/trabajo_terminal/ros2_ur_driver/install/control_msgs/share/control_msgs/cmake)
[0.624s] -- Using all available rosidl_typesupport_c: rosidl_typesupport_fastrtps_c;rosidl_typesupport_introspection_c
[0.630s] -- Found rosidl_adapter: 1.2.1 (/opt/ros/foxy/share/rosidl_adapter/cmake)
[0.702s] -- Found OpenSSL: /usr/lib/x86_64-linux-gnu/libcrypto.so (found version "1.1.1f")  
[0.730s] -- Found FastRTPS: /opt/ros/foxy/include  
[0.798s] -- Using all available rosidl_typesupport_cpp: rosidl_typesupport_fastrtps_cpp;rosidl_typesupport_introspection_cpp
[1.213s] -- Found pluginlib: 2.5.4 (/opt/ros/foxy/share/pluginlib/cmake)
[1.248s] -- Found rclcpp_lifecycle: 2.4.1 (/opt/ros/foxy/share/rclcpp_lifecycle/cmake)
[1.316s] -- Found rmw_implementation_cmake: 1.0.3 (/opt/ros/foxy/share/rmw_implementation_cmake/cmake)
[1.319s] -- Using RMW implementation 'rmw_fastrtps_cpp' as default
[1.320s] -- Looking for pthread.h
[1.379s] -- Looking for pthread.h - found
[1.380s] -- Performing Test CMAKE_HAVE_LIBC_PTHREAD
[1.446s] -- Performing Test CMAKE_HAVE_LIBC_PTHREAD - Failed
[1.446s] -- Looking for pthread_create in pthreads
[1.495s] -- Looking for pthread_create in pthreads - not found
[1.495s] -- Looking for pthread_create in pthread
[1.555s] -- Looking for pthread_create in pthread - found
[1.556s] -- Found Threads: TRUE  
[1.763s] -- Found TinyXML2: /usr/lib/x86_64-linux-gnu/libtinyxml2.so  
[1.766s] -- Found ament_lint_auto: 0.9.6 (/opt/ros/foxy/share/ament_lint_auto/cmake)
[1.838s] -- Found gmock sources under '/opt/ros/foxy/src/gmock_vendor': C++ tests using 'Google Mock' will be built
[1.844s] -- Found ament_cmake_gtest: 0.9.9 (/opt/ros/foxy/share/ament_cmake_gtest/cmake)
[1.846s] -- Found gtest sources under '/opt/ros/foxy/src/gtest_vendor': C++ tests using 'Google Test' will be built
[1.859s] -- Added test 'copyright' to check source files copyright and LICENSE
[1.861s] -- Added test 'cppcheck' to perform static code analysis on C / C++ code
[1.862s] -- Configured cppcheck include dirs: /home/hunajpu/trabajo_terminal/ros2_ur_driver/src/ros2_control/hardware_interface/include
[1.862s] -- Configured cppcheck exclude dirs and/or files: 
[1.863s] -- Added test 'lint_cmake' to check CMake code style
[1.864s] -- Added test 'xmllint' to check XML markup files
[1.868s] -- Configuring done
[1.930s] -- Generating done
[1.933s] -- Build files have been written to: /home/hunajpu/trabajo_terminal/ros2_ur_driver/build/hardware_interface
[1.944s] Invoked command in '/home/hunajpu/trabajo_terminal/ros2_ur_driver/build/hardware_interface' returned '0': AMENT_PREFIX_PATH=/home/hunajpu/trabajo_terminal/ros2_ur_driver/install/ros2_control_test_assets:/home/hunajpu/trabajo_terminal/ros2_ur_driver/install/control_msgs:${AMENT_PREFIX_PATH} CMAKE_PREFIX_PATH=/home/hunajpu/trabajo_terminal/ros2_ur_driver/install/ros2_control_test_assets:/home/hunajpu/trabajo_terminal/ros2_ur_driver/install/control_msgs:/opt/ros/foxy LD_LIBRARY_PATH=/home/hunajpu/trabajo_terminal/ros2_ur_driver/install/control_msgs/lib:${LD_LIBRARY_PATH} PYTHONPATH=/home/hunajpu/trabajo_terminal/ros2_ur_driver/install/control_msgs/lib/python3.8/site-packages:${PYTHONPATH} /usr/bin/cmake /home/hunajpu/trabajo_terminal/ros2_ur_driver/src/ros2_control/hardware_interface -DCMAKE_BUILD_TYPE=Release -DCMAKE_INSTALL_PREFIX=/home/hunajpu/trabajo_terminal/ros2_ur_driver/install/hardware_interface
[1.947s] Invoking command in '/home/hunajpu/trabajo_terminal/ros2_ur_driver/build/hardware_interface': AMENT_PREFIX_PATH=/home/hunajpu/trabajo_terminal/ros2_ur_driver/install/ros2_control_test_assets:/home/hunajpu/trabajo_terminal/ros2_ur_driver/install/control_msgs:${AMENT_PREFIX_PATH} CMAKE_PREFIX_PATH=/home/hunajpu/trabajo_terminal/ros2_ur_driver/install/ros2_control_test_assets:/home/hunajpu/trabajo_terminal/ros2_ur_driver/install/control_msgs:/opt/ros/foxy LD_LIBRARY_PATH=/home/hunajpu/trabajo_terminal/ros2_ur_driver/install/control_msgs/lib:${LD_LIBRARY_PATH} PYTHONPATH=/home/hunajpu/trabajo_terminal/ros2_ur_driver/install/control_msgs/lib/python3.8/site-packages:${PYTHONPATH} /usr/bin/cmake --build /home/hunajpu/trabajo_terminal/ros2_ur_driver/build/hardware_interface -- -j8 -l8
[1.985s] [35m[1mScanning dependencies of target gmock_main[0m
[1.985s] [35m[1mScanning dependencies of target gmock[0m
[1.985s] [35m[1mScanning dependencies of target hardware_interface[0m
[2.019s] [  2%] [32mBuilding CXX object gmock/CMakeFiles/gmock_main.dir/src/gmock_main.cc.o[0m
[2.027s] [  8%] [32mBuilding CXX object gmock/CMakeFiles/gmock.dir/src/gmock-all.cc.o[0m
[2.027s] [  8%] [32mBuilding CXX object gmock/CMakeFiles/gmock.dir/opt/ros/foxy/src/gtest_vendor/src/gtest-all.cc.o[0m
[2.041s] [ 14%] [32mBuilding CXX object CMakeFiles/hardware_interface.dir/src/actuator.cpp.o[0m
[2.042s] [ 14%] [32mBuilding CXX object CMakeFiles/hardware_interface.dir/src/resource_manager.cpp.o[0m
[2.043s] [ 17%] [32mBuilding CXX object CMakeFiles/hardware_interface.dir/src/component_parser.cpp.o[0m
[2.043s] [ 20%] [32mBuilding CXX object CMakeFiles/hardware_interface.dir/src/sensor.cpp.o[0m
[2.055s] [ 23%] [32mBuilding CXX object CMakeFiles/hardware_interface.dir/src/system.cpp.o[0m
[4.061s] [ 26%] [32m[1mLinking CXX static library libgmock_main.a[0m
[4.124s] [ 26%] Built target gmock_main
[12.863s] [ 29%] [32m[1mLinking CXX static library libgmock.a[0m
[12.903s] [ 29%] Built target gmock
[12.913s] [35m[1mScanning dependencies of target test_macros[0m
[12.931s] [ 32%] [32mBuilding CXX object CMakeFiles/test_macros.dir/test/test_macros.cpp.o[0m
[14.412s] [ 35%] [32m[1mLinking CXX executable test_macros[0m
[14.540s] [ 35%] Built target test_macros
[16.122s] [ 38%] [32m[1mLinking CXX shared library libhardware_interface.so[0m
[16.289s] [ 38%] Built target hardware_interface
[16.305s] [35m[1mScanning dependencies of target test_joint_handle[0m
[16.307s] [35m[1mScanning dependencies of target test_hardware_components[0m
[16.307s] [35m[1mScanning dependencies of target fake_components[0m
[16.307s] [35m[1mScanning dependencies of target test_components[0m
[16.308s] [35m[1mScanning dependencies of target test_generic_system[0m
[16.310s] [35m[1mScanning dependencies of target test_component_parser[0m
[16.310s] [35m[1mScanning dependencies of target test_component_interfaces[0m
[16.316s] [35m[1mScanning dependencies of target test_resource_manager[0m
[16.344s] [ 41%] [32mBuilding CXX object CMakeFiles/test_joint_handle.dir/test/test_handle.cpp.o[0m
[16.351s] [ 44%] [32mBuilding CXX object CMakeFiles/test_components.dir/test/test_components/test_actuator.cpp.o[0m
[16.352s] [ 47%] [32mBuilding CXX object CMakeFiles/fake_components.dir/src/fake_components/generic_system.cpp.o[0m
[16.356s] [ 50%] [32mBuilding CXX object CMakeFiles/test_component_parser.dir/test/test_component_parser.cpp.o[0m
[16.358s] [ 52%] [32mBuilding CXX object CMakeFiles/test_generic_system.dir/test/fake_components/test_generic_system.cpp.o[0m
[16.359s] [ 55%] [32mBuilding CXX object CMakeFiles/test_hardware_components.dir/test/test_hardware_components/test_single_joint_actuator.cpp.o[0m
[16.361s] [ 58%] [32mBuilding CXX object CMakeFiles/test_component_interfaces.dir/test/test_component_interfaces.cpp.o[0m
[16.386s] [ 61%] [32mBuilding CXX object CMakeFiles/test_resource_manager.dir/test/test_resource_manager.cpp.o[0m
[19.348s] [ 64%] [32m[1mLinking CXX executable test_joint_handle[0m
[19.678s] [ 64%] Built target test_joint_handle
[19.698s] [ 67%] [32mBuilding CXX object CMakeFiles/test_components.dir/test/test_components/test_sensor.cpp.o[0m
[21.046s] [ 70%] [32mBuilding CXX object CMakeFiles/test_hardware_components.dir/test/test_hardware_components/test_force_torque_sensor.cpp.o[0m
[21.132s] [ 73%] [32mBuilding CXX object CMakeFiles/test_components.dir/test/test_components/test_system.cpp.o[0m
[23.447s] [ 76%] [32m[1mLinking CXX shared library libfake_components.so[0m
[23.688s] [ 76%] Built target fake_components
[23.706s] [ 79%] [32mBuilding CXX object CMakeFiles/test_hardware_components.dir/test/test_hardware_components/test_two_joint_system.cpp.o[0m
[24.004s] [ 82%] [32mBuilding CXX object CMakeFiles/test_hardware_components.dir/test/test_hardware_components/test_system_with_command_modes.cpp.o[0m
[25.755s] [ 85%] [32m[1mLinking CXX shared library libtest_components.so[0m
[25.988s] [ 85%] Built target test_components
[28.204s] [ 88%] [32m[1mLinking CXX shared library libtest_hardware_components.so[0m
[28.389s] [ 88%] Built target test_hardware_components
[28.945s] [ 91%] [32m[1mLinking CXX executable test_component_interfaces[0m
[29.218s] [ 91%] Built target test_component_interfaces
[30.881s] [ 94%] [32m[1mLinking CXX executable test_resource_manager[0m
[31.108s] [ 94%] Built target test_resource_manager
[31.356s] [ 97%] [32m[1mLinking CXX executable test_component_parser[0m
[31.567s] [ 97%] Built target test_component_parser
[33.955s] [100%] [32m[1mLinking CXX executable test_generic_system[0m
[34.107s] [100%] Built target test_generic_system
[34.119s] Invoked command in '/home/hunajpu/trabajo_terminal/ros2_ur_driver/build/hardware_interface' returned '0': AMENT_PREFIX_PATH=/home/hunajpu/trabajo_terminal/ros2_ur_driver/install/ros2_control_test_assets:/home/hunajpu/trabajo_terminal/ros2_ur_driver/install/control_msgs:${AMENT_PREFIX_PATH} CMAKE_PREFIX_PATH=/home/hunajpu/trabajo_terminal/ros2_ur_driver/install/ros2_control_test_assets:/home/hunajpu/trabajo_terminal/ros2_ur_driver/install/control_msgs:/opt/ros/foxy LD_LIBRARY_PATH=/home/hunajpu/trabajo_terminal/ros2_ur_driver/install/control_msgs/lib:${LD_LIBRARY_PATH} PYTHONPATH=/home/hunajpu/trabajo_terminal/ros2_ur_driver/install/control_msgs/lib/python3.8/site-packages:${PYTHONPATH} /usr/bin/cmake --build /home/hunajpu/trabajo_terminal/ros2_ur_driver/build/hardware_interface -- -j8 -l8
[34.167s] Invoking command in '/home/hunajpu/trabajo_terminal/ros2_ur_driver/build/hardware_interface': AMENT_PREFIX_PATH=/home/hunajpu/trabajo_terminal/ros2_ur_driver/install/ros2_control_test_assets:/home/hunajpu/trabajo_terminal/ros2_ur_driver/install/control_msgs:${AMENT_PREFIX_PATH} CMAKE_PREFIX_PATH=/home/hunajpu/trabajo_terminal/ros2_ur_driver/install/ros2_control_test_assets:/home/hunajpu/trabajo_terminal/ros2_ur_driver/install/control_msgs:/opt/ros/foxy LD_LIBRARY_PATH=/home/hunajpu/trabajo_terminal/ros2_ur_driver/install/control_msgs/lib:${LD_LIBRARY_PATH} PYTHONPATH=/home/hunajpu/trabajo_terminal/ros2_ur_driver/install/control_msgs/lib/python3.8/site-packages:${PYTHONPATH} /usr/bin/cmake --install /home/hunajpu/trabajo_terminal/ros2_ur_driver/build/hardware_interface
[34.174s] -- Install configuration: "Release"
[34.174s] -- Installing: /home/hunajpu/trabajo_terminal/ros2_ur_driver/install/hardware_interface/share/hardware_interface/fake_components_plugin_description.xml
[34.174s] -- Installing: /home/hunajpu/trabajo_terminal/ros2_ur_driver/install/hardware_interface/include
[34.175s] -- Installing: /home/hunajpu/trabajo_terminal/ros2_ur_driver/install/hardware_interface/include/hardware_interface
[34.175s] -- Installing: /home/hunajpu/trabajo_terminal/ros2_ur_driver/install/hardware_interface/include/hardware_interface/system_interface.hpp
[34.175s] -- Installing: /home/hunajpu/trabajo_terminal/ros2_ur_driver/install/hardware_interface/include/hardware_interface/macros.hpp
[34.175s] -- Installing: /home/hunajpu/trabajo_terminal/ros2_ur_driver/install/hardware_interface/include/hardware_interface/loaned_command_interface.hpp
[34.175s] -- Installing: /home/hunajpu/trabajo_terminal/ros2_ur_driver/install/hardware_interface/include/hardware_interface/hardware_info.hpp
[34.175s] -- Installing: /home/hunajpu/trabajo_terminal/ros2_ur_driver/install/hardware_interface/include/hardware_interface/controller_info.hpp
[34.175s] -- Installing: /home/hunajpu/trabajo_terminal/ros2_ur_driver/install/hardware_interface/include/hardware_interface/sensor_interface.hpp
[34.175s] -- Installing: /home/hunajpu/trabajo_terminal/ros2_ur_driver/install/hardware_interface/include/hardware_interface/resource_manager.hpp
[34.176s] -- Installing: /home/hunajpu/trabajo_terminal/ros2_ur_driver/install/hardware_interface/include/hardware_interface/component_parser.hpp
[34.176s] -- Installing: /home/hunajpu/trabajo_terminal/ros2_ur_driver/install/hardware_interface/include/hardware_interface/sensor.hpp
[34.176s] -- Installing: /home/hunajpu/trabajo_terminal/ros2_ur_driver/install/hardware_interface/include/hardware_interface/hardware_component_info.hpp
[34.176s] -- Installing: /home/hunajpu/trabajo_terminal/ros2_ur_driver/install/hardware_interface/include/hardware_interface/types
[34.176s] -- Installing: /home/hunajpu/trabajo_terminal/ros2_ur_driver/install/hardware_interface/include/hardware_interface/types/hardware_interface_return_values.hpp
[34.176s] -- Installing: /home/hunajpu/trabajo_terminal/ros2_ur_driver/install/hardware_interface/include/hardware_interface/types/hardware_interface_type_values.hpp
[34.176s] -- Installing: /home/hunajpu/trabajo_terminal/ros2_ur_driver/install/hardware_interface/include/hardware_interface/types/lifecycle_state_names.hpp
[34.176s] -- Installing: /home/hunajpu/trabajo_terminal/ros2_ur_driver/install/hardware_interface/include/hardware_interface/system.hpp
[34.176s] -- Installing: /home/hunajpu/trabajo_terminal/ros2_ur_driver/install/hardware_interface/include/hardware_interface/visibility_control.h
[34.176s] -- Installing: /home/hunajpu/trabajo_terminal/ros2_ur_driver/install/hardware_interface/include/hardware_interface/handle.hpp
[34.176s] -- Installing: /home/hunajpu/trabajo_terminal/ros2_ur_driver/install/hardware_interface/include/hardware_interface/actuator_interface.hpp
[34.176s] -- Installing: /home/hunajpu/trabajo_terminal/ros2_ur_driver/install/hardware_interface/include/hardware_interface/actuator.hpp
[34.176s] -- Installing: /home/hunajpu/trabajo_terminal/ros2_ur_driver/install/hardware_interface/include/hardware_interface/loaned_state_interface.hpp
[34.176s] -- Installing: /home/hunajpu/trabajo_terminal/ros2_ur_driver/install/hardware_interface/include/fake_components
[34.177s] -- Installing: /home/hunajpu/trabajo_terminal/ros2_ur_driver/install/hardware_interface/include/fake_components/visibility_control.h
[34.177s] -- Installing: /home/hunajpu/trabajo_terminal/ros2_ur_driver/install/hardware_interface/include/fake_components/generic_system.hpp
[34.177s] -- Installing: /home/hunajpu/trabajo_terminal/ros2_ur_driver/install/hardware_interface/lib/libfake_components.so
[34.177s] -- Set runtime path of "/home/hunajpu/trabajo_terminal/ros2_ur_driver/install/hardware_interface/lib/libfake_components.so" to ""
[34.177s] -- Installing: /home/hunajpu/trabajo_terminal/ros2_ur_driver/install/hardware_interface/lib/libhardware_interface.so
[34.177s] -- Set runtime path of "/home/hunajpu/trabajo_terminal/ros2_ur_driver/install/hardware_interface/lib/libhardware_interface.so" to ""
[34.177s] -- Installing: /home/hunajpu/trabajo_terminal/ros2_ur_driver/install/hardware_interface/lib/libtest_components.so
[34.178s] -- Set runtime path of "/home/hunajpu/trabajo_terminal/ros2_ur_driver/install/hardware_interface/lib/libtest_components.so" to ""
[34.178s] -- Installing: /home/hunajpu/trabajo_terminal/ros2_ur_driver/install/hardware_interface/share/hardware_interface/test/test_components/test_components.xml
[34.178s] -- Installing: /home/hunajpu/trabajo_terminal/ros2_ur_driver/install/hardware_interface/lib/libtest_hardware_components.so
[34.178s] -- Set runtime path of "/home/hunajpu/trabajo_terminal/ros2_ur_driver/install/hardware_interface/lib/libtest_hardware_components.so" to ""
[34.178s] -- Installing: /home/hunajpu/trabajo_terminal/ros2_ur_driver/install/hardware_interface/share/hardware_interface/test/test_hardware_components/test_hardware_components.xml
[34.178s] -- Installing: /home/hunajpu/trabajo_terminal/ros2_ur_driver/install/hardware_interface/share/hardware_interface/environment/library_path.sh
[34.178s] -- Installing: /home/hunajpu/trabajo_terminal/ros2_ur_driver/install/hardware_interface/share/hardware_interface/environment/library_path.dsv
[34.179s] -- Installing: /home/hunajpu/trabajo_terminal/ros2_ur_driver/install/hardware_interface/share/ament_index/resource_index/package_run_dependencies/hardware_interface
[34.179s] -- Installing: /home/hunajpu/trabajo_terminal/ros2_ur_driver/install/hardware_interface/share/ament_index/resource_index/parent_prefix_path/hardware_interface
[34.179s] -- Installing: /home/hunajpu/trabajo_terminal/ros2_ur_driver/install/hardware_interface/share/hardware_interface/environment/ament_prefix_path.sh
[34.179s] -- Installing: /home/hunajpu/trabajo_terminal/ros2_ur_driver/install/hardware_interface/share/hardware_interface/environment/ament_prefix_path.dsv
[34.179s] -- Installing: /home/hunajpu/trabajo_terminal/ros2_ur_driver/install/hardware_interface/share/hardware_interface/environment/path.sh
[34.179s] -- Installing: /home/hunajpu/trabajo_terminal/ros2_ur_driver/install/hardware_interface/share/hardware_interface/environment/path.dsv
[34.179s] -- Installing: /home/hunajpu/trabajo_terminal/ros2_ur_driver/install/hardware_interface/share/hardware_interface/local_setup.bash
[34.179s] -- Installing: /home/hunajpu/trabajo_terminal/ros2_ur_driver/install/hardware_interface/share/hardware_interface/local_setup.sh
[34.180s] -- Installing: /home/hunajpu/trabajo_terminal/ros2_ur_driver/install/hardware_interface/share/hardware_interface/local_setup.zsh
[34.180s] -- Installing: /home/hunajpu/trabajo_terminal/ros2_ur_driver/install/hardware_interface/share/hardware_interface/local_setup.dsv
[34.180s] -- Installing: /home/hunajpu/trabajo_terminal/ros2_ur_driver/install/hardware_interface/share/hardware_interface/package.dsv
[34.180s] -- Installing: /home/hunajpu/trabajo_terminal/ros2_ur_driver/install/hardware_interface/share/ament_index/resource_index/packages/hardware_interface
[34.180s] -- Installing: /home/hunajpu/trabajo_terminal/ros2_ur_driver/install/hardware_interface/share/ament_index/resource_index/hardware_interface__pluginlib__plugin/hardware_interface
[34.180s] -- Installing: /home/hunajpu/trabajo_terminal/ros2_ur_driver/install/hardware_interface/share/hardware_interface/cmake/ament_cmake_export_include_directories-extras.cmake
[34.180s] -- Installing: /home/hunajpu/trabajo_terminal/ros2_ur_driver/install/hardware_interface/share/hardware_interface/cmake/ament_cmake_export_libraries-extras.cmake
[34.180s] -- Installing: /home/hunajpu/trabajo_terminal/ros2_ur_driver/install/hardware_interface/share/hardware_interface/cmake/ament_cmake_export_dependencies-extras.cmake
[34.180s] -- Installing: /home/hunajpu/trabajo_terminal/ros2_ur_driver/install/hardware_interface/share/hardware_interface/cmake/hardware_interfaceConfig.cmake
[34.180s] -- Installing: /home/hunajpu/trabajo_terminal/ros2_ur_driver/install/hardware_interface/share/hardware_interface/cmake/hardware_interfaceConfig-version.cmake
[34.180s] -- Installing: /home/hunajpu/trabajo_terminal/ros2_ur_driver/install/hardware_interface/share/hardware_interface/package.xml
[34.183s] Invoked command in '/home/hunajpu/trabajo_terminal/ros2_ur_driver/build/hardware_interface' returned '0': AMENT_PREFIX_PATH=/home/hunajpu/trabajo_terminal/ros2_ur_driver/install/ros2_control_test_assets:/home/hunajpu/trabajo_terminal/ros2_ur_driver/install/control_msgs:${AMENT_PREFIX_PATH} CMAKE_PREFIX_PATH=/home/hunajpu/trabajo_terminal/ros2_ur_driver/install/ros2_control_test_assets:/home/hunajpu/trabajo_terminal/ros2_ur_driver/install/control_msgs:/opt/ros/foxy LD_LIBRARY_PATH=/home/hunajpu/trabajo_terminal/ros2_ur_driver/install/control_msgs/lib:${LD_LIBRARY_PATH} PYTHONPATH=/home/hunajpu/trabajo_terminal/ros2_ur_driver/install/control_msgs/lib/python3.8/site-packages:${PYTHONPATH} /usr/bin/cmake --install /home/hunajpu/trabajo_terminal/ros2_ur_driver/build/hardware_interface
