[0.018s] Invoking command in '/home/hunajpu/trabajo_terminal/ros2_ur_driver/build/ros2_control_demo_hardware': AMENT_PREFIX_PATH=/home/hunajpu/trabajo_terminal/ros2_ur_driver/install/hardware_interface:/home/hunajpu/trabajo_terminal/ros2_ur_driver/install/control_msgs:${AMENT_PREFIX_PATH} CMAKE_PREFIX_PATH=/home/hunajpu/trabajo_terminal/ros2_ur_driver/install/hardware_interface:/home/hunajpu/trabajo_terminal/ros2_ur_driver/install/control_msgs:/opt/ros/foxy LD_LIBRARY_PATH=/home/hunajpu/trabajo_terminal/ros2_ur_driver/install/hardware_interface/lib:/home/hunajpu/trabajo_terminal/ros2_ur_driver/install/control_msgs/lib:${LD_LIBRARY_PATH} PYTHONPATH=/home/hunajpu/trabajo_terminal/ros2_ur_driver/install/control_msgs/lib/python3.8/site-packages:${PYTHONPATH} /usr/bin/cmake /home/hunajpu/trabajo_terminal/ros2_ur_driver/src/ros2_control_demos/ros2_control_demo_hardware -DCMAKE_BUILD_TYPE=Release -DCMAKE_INSTALL_PREFIX=/home/hunajpu/trabajo_terminal/ros2_ur_driver/install/ros2_control_demo_hardware
[0.080s] -- The C compiler identification is GNU 9.4.0
[0.144s] -- The CXX compiler identification is GNU 9.4.0
[0.151s] -- Check for working C compiler: /usr/bin/cc
[0.242s] -- Check for working C compiler: /usr/bin/cc -- works
[0.243s] -- Detecting C compiler ABI info
[0.313s] -- Detecting C compiler ABI info - done
[0.326s] -- Detecting C compile features
[0.327s] -- Detecting C compile features - done
[0.329s] -- Check for working CXX compiler: /usr/bin/c++
[0.407s] -- Check for working CXX compiler: /usr/bin/c++ -- works
[0.408s] -- Detecting CXX compiler ABI info
[0.500s] -- Detecting CXX compiler ABI info - done
[0.517s] -- Detecting CXX compile features
[0.517s] -- Detecting CXX compile features - done
[0.519s] -- Found ament_cmake: 0.9.9 (/opt/ros/foxy/share/ament_cmake/cmake)
[0.547s] -- Found PythonInterp: /usr/bin/python3 (found suitable version "3.8.10", minimum required is "3") 
[0.547s] -- Using PYTHON_EXECUTABLE: /usr/bin/python3
[0.780s] -- Found hardware_interface: 2.4.0 (/home/hunajpu/trabajo_terminal/ros2_ur_driver/install/hardware_interface/share/hardware_interface/cmake)
[0.818s] -- Using all available rosidl_typesupport_c: rosidl_typesupport_fastrtps_c;rosidl_typesupport_introspection_c
[0.825s] -- Found rosidl_adapter: 1.2.1 (/opt/ros/foxy/share/rosidl_adapter/cmake)
[0.906s] -- Found OpenSSL: /usr/lib/x86_64-linux-gnu/libcrypto.so (found version "1.1.1f")  
[0.946s] -- Found FastRTPS: /opt/ros/foxy/include  
[1.037s] -- Using all available rosidl_typesupport_cpp: rosidl_typesupport_fastrtps_cpp;rosidl_typesupport_introspection_cpp
[1.629s] -- Found rclcpp: 2.4.1 (/opt/ros/foxy/share/rclcpp/cmake)
[1.679s] -- Found rmw_implementation_cmake: 1.0.3 (/opt/ros/foxy/share/rmw_implementation_cmake/cmake)
[1.681s] -- Using RMW implementation 'rmw_fastrtps_cpp' as default
[1.682s] -- Looking for pthread.h
[1.753s] -- Looking for pthread.h - found
[1.753s] -- Performing Test CMAKE_HAVE_LIBC_PTHREAD
[1.828s] -- Performing Test CMAKE_HAVE_LIBC_PTHREAD - Failed
[1.828s] -- Looking for pthread_create in pthreads
[1.886s] -- Looking for pthread_create in pthreads - not found
[1.886s] -- Looking for pthread_create in pthread
[1.956s] -- Looking for pthread_create in pthread - found
[1.958s] -- Found Threads: TRUE  
[2.201s] -- Found rclcpp_lifecycle: 2.4.1 (/opt/ros/foxy/share/rclcpp_lifecycle/cmake)
[2.253s] -- Found ament_cmake_gtest: 0.9.9 (/opt/ros/foxy/share/ament_cmake_gtest/cmake)
[2.326s] -- Configuring done
[2.348s] -- Generating done
[2.350s] -- Build files have been written to: /home/hunajpu/trabajo_terminal/ros2_ur_driver/build/ros2_control_demo_hardware
[2.360s] Invoked command in '/home/hunajpu/trabajo_terminal/ros2_ur_driver/build/ros2_control_demo_hardware' returned '0': AMENT_PREFIX_PATH=/home/hunajpu/trabajo_terminal/ros2_ur_driver/install/hardware_interface:/home/hunajpu/trabajo_terminal/ros2_ur_driver/install/control_msgs:${AMENT_PREFIX_PATH} CMAKE_PREFIX_PATH=/home/hunajpu/trabajo_terminal/ros2_ur_driver/install/hardware_interface:/home/hunajpu/trabajo_terminal/ros2_ur_driver/install/control_msgs:/opt/ros/foxy LD_LIBRARY_PATH=/home/hunajpu/trabajo_terminal/ros2_ur_driver/install/hardware_interface/lib:/home/hunajpu/trabajo_terminal/ros2_ur_driver/install/control_msgs/lib:${LD_LIBRARY_PATH} PYTHONPATH=/home/hunajpu/trabajo_terminal/ros2_ur_driver/install/control_msgs/lib/python3.8/site-packages:${PYTHONPATH} /usr/bin/cmake /home/hunajpu/trabajo_terminal/ros2_ur_driver/src/ros2_control_demos/ros2_control_demo_hardware -DCMAKE_BUILD_TYPE=Release -DCMAKE_INSTALL_PREFIX=/home/hunajpu/trabajo_terminal/ros2_ur_driver/install/ros2_control_demo_hardware
[2.363s] Invoking command in '/home/hunajpu/trabajo_terminal/ros2_ur_driver/build/ros2_control_demo_hardware': AMENT_PREFIX_PATH=/home/hunajpu/trabajo_terminal/ros2_ur_driver/install/hardware_interface:/home/hunajpu/trabajo_terminal/ros2_ur_driver/install/control_msgs:${AMENT_PREFIX_PATH} CMAKE_PREFIX_PATH=/home/hunajpu/trabajo_terminal/ros2_ur_driver/install/hardware_interface:/home/hunajpu/trabajo_terminal/ros2_ur_driver/install/control_msgs:/opt/ros/foxy LD_LIBRARY_PATH=/home/hunajpu/trabajo_terminal/ros2_ur_driver/install/hardware_interface/lib:/home/hunajpu/trabajo_terminal/ros2_ur_driver/install/control_msgs/lib:${LD_LIBRARY_PATH} PYTHONPATH=/home/hunajpu/trabajo_terminal/ros2_ur_driver/install/control_msgs/lib/python3.8/site-packages:${PYTHONPATH} /usr/bin/cmake --build /home/hunajpu/trabajo_terminal/ros2_ur_driver/build/ros2_control_demo_hardware -- -j8 -l8
[2.408s] [35m[1mScanning dependencies of target ros2_control_demo_hardware[0m
[2.519s] [ 14%] [32mBuilding CXX object CMakeFiles/ros2_control_demo_hardware.dir/src/diffbot_system.cpp.o[0m
[2.524s] [ 28%] [32mBuilding CXX object CMakeFiles/ros2_control_demo_hardware.dir/src/rrbot_system_multi_interface.cpp.o[0m
[2.524s] [ 42%] [32mBuilding CXX object CMakeFiles/ros2_control_demo_hardware.dir/src/rrbot_actuator.cpp.o[0m
[2.524s] [ 57%] [32mBuilding CXX object CMakeFiles/ros2_control_demo_hardware.dir/src/rrbot_system_position_only.cpp.o[0m
[2.535s] [ 71%] [32mBuilding CXX object CMakeFiles/ros2_control_demo_hardware.dir/src/rrbot_system_with_sensor.cpp.o[0m
[2.539s] [ 85%] [32mBuilding CXX object CMakeFiles/ros2_control_demo_hardware.dir/src/external_rrbot_force_torque_sensor.cpp.o[0m
[17.212s] [100%] [32m[1mLinking CXX shared library libros2_control_demo_hardware.so[0m
[17.391s] [100%] Built target ros2_control_demo_hardware
[17.402s] Invoked command in '/home/hunajpu/trabajo_terminal/ros2_ur_driver/build/ros2_control_demo_hardware' returned '0': AMENT_PREFIX_PATH=/home/hunajpu/trabajo_terminal/ros2_ur_driver/install/hardware_interface:/home/hunajpu/trabajo_terminal/ros2_ur_driver/install/control_msgs:${AMENT_PREFIX_PATH} CMAKE_PREFIX_PATH=/home/hunajpu/trabajo_terminal/ros2_ur_driver/install/hardware_interface:/home/hunajpu/trabajo_terminal/ros2_ur_driver/install/control_msgs:/opt/ros/foxy LD_LIBRARY_PATH=/home/hunajpu/trabajo_terminal/ros2_ur_driver/install/hardware_interface/lib:/home/hunajpu/trabajo_terminal/ros2_ur_driver/install/control_msgs/lib:${LD_LIBRARY_PATH} PYTHONPATH=/home/hunajpu/trabajo_terminal/ros2_ur_driver/install/control_msgs/lib/python3.8/site-packages:${PYTHONPATH} /usr/bin/cmake --build /home/hunajpu/trabajo_terminal/ros2_ur_driver/build/ros2_control_demo_hardware -- -j8 -l8
[17.435s] Invoking command in '/home/hunajpu/trabajo_terminal/ros2_ur_driver/build/ros2_control_demo_hardware': AMENT_PREFIX_PATH=/home/hunajpu/trabajo_terminal/ros2_ur_driver/install/hardware_interface:/home/hunajpu/trabajo_terminal/ros2_ur_driver/install/control_msgs:${AMENT_PREFIX_PATH} CMAKE_PREFIX_PATH=/home/hunajpu/trabajo_terminal/ros2_ur_driver/install/hardware_interface:/home/hunajpu/trabajo_terminal/ros2_ur_driver/install/control_msgs:/opt/ros/foxy LD_LIBRARY_PATH=/home/hunajpu/trabajo_terminal/ros2_ur_driver/install/hardware_interface/lib:/home/hunajpu/trabajo_terminal/ros2_ur_driver/install/control_msgs/lib:${LD_LIBRARY_PATH} PYTHONPATH=/home/hunajpu/trabajo_terminal/ros2_ur_driver/install/control_msgs/lib/python3.8/site-packages:${PYTHONPATH} /usr/bin/cmake --install /home/hunajpu/trabajo_terminal/ros2_ur_driver/build/ros2_control_demo_hardware
[17.445s] -- Install configuration: "Release"
[17.445s] -- Installing: /home/hunajpu/trabajo_terminal/ros2_ur_driver/install/ros2_control_demo_hardware/share/ros2_control_demo_hardware/ros2_control_demo_hardware.xml
[17.445s] -- Installing: /home/hunajpu/trabajo_terminal/ros2_ur_driver/install/ros2_control_demo_hardware/lib/libros2_control_demo_hardware.so
[17.446s] -- Set runtime path of "/home/hunajpu/trabajo_terminal/ros2_ur_driver/install/ros2_control_demo_hardware/lib/libros2_control_demo_hardware.so" to ""
[17.446s] -- Installing: /home/hunajpu/trabajo_terminal/ros2_ur_driver/install/ros2_control_demo_hardware/include
[17.447s] -- Installing: /home/hunajpu/trabajo_terminal/ros2_ur_driver/install/ros2_control_demo_hardware/include/ros2_control_demo_hardware
[17.447s] -- Installing: /home/hunajpu/trabajo_terminal/ros2_ur_driver/install/ros2_control_demo_hardware/include/ros2_control_demo_hardware/rrbot_system_with_sensor.hpp
[17.447s] -- Installing: /home/hunajpu/trabajo_terminal/ros2_ur_driver/install/ros2_control_demo_hardware/include/ros2_control_demo_hardware/rrbot_system_position_only.hpp
[17.447s] -- Installing: /home/hunajpu/trabajo_terminal/ros2_ur_driver/install/ros2_control_demo_hardware/include/ros2_control_demo_hardware/diffbot_system.hpp
[17.447s] -- Installing: /home/hunajpu/trabajo_terminal/ros2_ur_driver/install/ros2_control_demo_hardware/include/ros2_control_demo_hardware/visibility_control.h
[17.448s] -- Installing: /home/hunajpu/trabajo_terminal/ros2_ur_driver/install/ros2_control_demo_hardware/include/ros2_control_demo_hardware/rrbot_system_multi_interface.hpp
[17.448s] -- Installing: /home/hunajpu/trabajo_terminal/ros2_ur_driver/install/ros2_control_demo_hardware/include/ros2_control_demo_hardware/external_rrbot_force_torque_sensor.hpp
[17.448s] -- Installing: /home/hunajpu/trabajo_terminal/ros2_ur_driver/install/ros2_control_demo_hardware/include/ros2_control_demo_hardware/rrbot_actuator.hpp
[17.448s] -- Installing: /home/hunajpu/trabajo_terminal/ros2_ur_driver/install/ros2_control_demo_hardware/share/ros2_control_demo_hardware/environment/library_path.sh
[17.448s] -- Installing: /home/hunajpu/trabajo_terminal/ros2_ur_driver/install/ros2_control_demo_hardware/share/ros2_control_demo_hardware/environment/library_path.dsv
[17.448s] -- Installing: /home/hunajpu/trabajo_terminal/ros2_ur_driver/install/ros2_control_demo_hardware/share/ament_index/resource_index/package_run_dependencies/ros2_control_demo_hardware
[17.449s] -- Installing: /home/hunajpu/trabajo_terminal/ros2_ur_driver/install/ros2_control_demo_hardware/share/ament_index/resource_index/parent_prefix_path/ros2_control_demo_hardware
[17.449s] -- Installing: /home/hunajpu/trabajo_terminal/ros2_ur_driver/install/ros2_control_demo_hardware/share/ros2_control_demo_hardware/environment/ament_prefix_path.sh
[17.449s] -- Installing: /home/hunajpu/trabajo_terminal/ros2_ur_driver/install/ros2_control_demo_hardware/share/ros2_control_demo_hardware/environment/ament_prefix_path.dsv
[17.449s] -- Installing: /home/hunajpu/trabajo_terminal/ros2_ur_driver/install/ros2_control_demo_hardware/share/ros2_control_demo_hardware/environment/path.sh
[17.449s] -- Installing: /home/hunajpu/trabajo_terminal/ros2_ur_driver/install/ros2_control_demo_hardware/share/ros2_control_demo_hardware/environment/path.dsv
[17.450s] -- Installing: /home/hunajpu/trabajo_terminal/ros2_ur_driver/install/ros2_control_demo_hardware/share/ros2_control_demo_hardware/local_setup.bash
[17.450s] -- Installing: /home/hunajpu/trabajo_terminal/ros2_ur_driver/install/ros2_control_demo_hardware/share/ros2_control_demo_hardware/local_setup.sh
[17.450s] -- Installing: /home/hunajpu/trabajo_terminal/ros2_ur_driver/install/ros2_control_demo_hardware/share/ros2_control_demo_hardware/local_setup.zsh
[17.450s] -- Installing: /home/hunajpu/trabajo_terminal/ros2_ur_driver/install/ros2_control_demo_hardware/share/ros2_control_demo_hardware/local_setup.dsv
[17.450s] -- Installing: /home/hunajpu/trabajo_terminal/ros2_ur_driver/install/ros2_control_demo_hardware/share/ros2_control_demo_hardware/package.dsv
[17.450s] -- Installing: /home/hunajpu/trabajo_terminal/ros2_ur_driver/install/ros2_control_demo_hardware/share/ament_index/resource_index/packages/ros2_control_demo_hardware
[17.450s] -- Installing: /home/hunajpu/trabajo_terminal/ros2_ur_driver/install/ros2_control_demo_hardware/share/ament_index/resource_index/hardware_interface__pluginlib__plugin/ros2_control_demo_hardware
[17.451s] -- Installing: /home/hunajpu/trabajo_terminal/ros2_ur_driver/install/ros2_control_demo_hardware/share/ros2_control_demo_hardware/cmake/ament_cmake_export_include_directories-extras.cmake
[17.451s] -- Installing: /home/hunajpu/trabajo_terminal/ros2_ur_driver/install/ros2_control_demo_hardware/share/ros2_control_demo_hardware/cmake/ament_cmake_export_libraries-extras.cmake
[17.451s] -- Installing: /home/hunajpu/trabajo_terminal/ros2_ur_driver/install/ros2_control_demo_hardware/share/ros2_control_demo_hardware/cmake/ament_cmake_export_dependencies-extras.cmake
[17.451s] -- Installing: /home/hunajpu/trabajo_terminal/ros2_ur_driver/install/ros2_control_demo_hardware/share/ros2_control_demo_hardware/cmake/ros2_control_demo_hardwareConfig.cmake
[17.451s] -- Installing: /home/hunajpu/trabajo_terminal/ros2_ur_driver/install/ros2_control_demo_hardware/share/ros2_control_demo_hardware/cmake/ros2_control_demo_hardwareConfig-version.cmake
[17.452s] -- Installing: /home/hunajpu/trabajo_terminal/ros2_ur_driver/install/ros2_control_demo_hardware/share/ros2_control_demo_hardware/package.xml
[17.454s] Invoked command in '/home/hunajpu/trabajo_terminal/ros2_ur_driver/build/ros2_control_demo_hardware' returned '0': AMENT_PREFIX_PATH=/home/hunajpu/trabajo_terminal/ros2_ur_driver/install/hardware_interface:/home/hunajpu/trabajo_terminal/ros2_ur_driver/install/control_msgs:${AMENT_PREFIX_PATH} CMAKE_PREFIX_PATH=/home/hunajpu/trabajo_terminal/ros2_ur_driver/install/hardware_interface:/home/hunajpu/trabajo_terminal/ros2_ur_driver/install/control_msgs:/opt/ros/foxy LD_LIBRARY_PATH=/home/hunajpu/trabajo_terminal/ros2_ur_driver/install/hardware_interface/lib:/home/hunajpu/trabajo_terminal/ros2_ur_driver/install/control_msgs/lib:${LD_LIBRARY_PATH} PYTHONPATH=/home/hunajpu/trabajo_terminal/ros2_ur_driver/install/control_msgs/lib/python3.8/site-packages:${PYTHONPATH} /usr/bin/cmake --install /home/hunajpu/trabajo_terminal/ros2_ur_driver/build/ros2_control_demo_hardware
