[0.190s] Invoking command in '/home/hunajpu/trabajo_terminal/ros2_ur_driver/build/rrbot_description': CMAKE_PREFIX_PATH=/opt/ros/foxy /usr/bin/cmake /home/hunajpu/trabajo_terminal/ros2_ur_driver/src/ros2_control_demos/ros2_control_demo_description/rrbot_description -DCMAKE_BUILD_TYPE=Release -DCMAKE_INSTALL_PREFIX=/home/hunajpu/trabajo_terminal/ros2_ur_driver/install/rrbot_description
[0.519s] -- The C compiler identification is GNU 9.4.0
[0.835s] -- The CXX compiler identification is GNU 9.4.0
[0.847s] -- Check for working C compiler: /usr/bin/cc
[1.192s] -- Check for working C compiler: /usr/bin/cc -- works
[1.193s] -- Detecting C compiler ABI info
[1.583s] -- Detecting C compiler ABI info - done
[1.641s] -- Detecting C compile features
[1.643s] -- Detecting C compile features - done
[1.648s] -- Check for working CXX compiler: /usr/bin/c++
[2.090s] -- Check for working CXX compiler: /usr/bin/c++ -- works
[2.092s] -- Detecting CXX compiler ABI info
[2.648s] -- Detecting CXX compiler ABI info - done
[2.692s] -- Detecting CXX compile features
[2.693s] -- Detecting CXX compile features - done
[2.696s] -- Found ament_cmake: 0.9.9 (/opt/ros/foxy/share/ament_cmake/cmake)
[2.833s] -- Found PythonInterp: /usr/bin/python3 (found suitable version "3.8.10", minimum required is "3") 
[2.833s] -- Using PYTHON_EXECUTABLE: /usr/bin/python3
[4.232s] -- Configuring done
[4.236s] -- Generating done
[4.243s] -- Build files have been written to: /home/hunajpu/trabajo_terminal/ros2_ur_driver/build/rrbot_description
[4.260s] Invoked command in '/home/hunajpu/trabajo_terminal/ros2_ur_driver/build/rrbot_description' returned '0': CMAKE_PREFIX_PATH=/opt/ros/foxy /usr/bin/cmake /home/hunajpu/trabajo_terminal/ros2_ur_driver/src/ros2_control_demos/ros2_control_demo_description/rrbot_description -DCMAKE_BUILD_TYPE=Release -DCMAKE_INSTALL_PREFIX=/home/hunajpu/trabajo_terminal/ros2_ur_driver/install/rrbot_description
[4.261s] Invoking command in '/home/hunajpu/trabajo_terminal/ros2_ur_driver/build/rrbot_description': CMAKE_PREFIX_PATH=/opt/ros/foxy /usr/bin/cmake --build /home/hunajpu/trabajo_terminal/ros2_ur_driver/build/rrbot_description -- -j8 -l8
[4.563s] Invoked command in '/home/hunajpu/trabajo_terminal/ros2_ur_driver/build/rrbot_description' returned '0': CMAKE_PREFIX_PATH=/opt/ros/foxy /usr/bin/cmake --build /home/hunajpu/trabajo_terminal/ros2_ur_driver/build/rrbot_description -- -j8 -l8
[4.839s] Invoking command in '/home/hunajpu/trabajo_terminal/ros2_ur_driver/build/rrbot_description': CMAKE_PREFIX_PATH=/opt/ros/foxy /usr/bin/cmake --install /home/hunajpu/trabajo_terminal/ros2_ur_driver/build/rrbot_description
[8.606s] -- Install configuration: "Release"
[8.606s] -- Installing: /home/hunajpu/trabajo_terminal/ros2_ur_driver/install/rrbot_description/share/rrbot_description/config
[8.606s] -- Installing: /home/hunajpu/trabajo_terminal/ros2_ur_driver/install/rrbot_description/share/rrbot_description/config/rrbot.rviz
[8.606s] -- Installing: /home/hunajpu/trabajo_terminal/ros2_ur_driver/install/rrbot_description/share/rrbot_description/gazebo
[8.607s] -- Installing: /home/hunajpu/trabajo_terminal/ros2_ur_driver/install/rrbot_description/share/rrbot_description/gazebo/rrbot.gazebo.xacro
[8.607s] -- Installing: /home/hunajpu/trabajo_terminal/ros2_ur_driver/install/rrbot_description/share/rrbot_description/gazebo/rrbot.materials.xacro
[8.607s] -- Installing: /home/hunajpu/trabajo_terminal/ros2_ur_driver/install/rrbot_description/share/rrbot_description/meshes
[8.607s] -- Installing: /home/hunajpu/trabajo_terminal/ros2_ur_driver/install/rrbot_description/share/rrbot_description/meshes/hokuyo.dae
[8.607s] -- Installing: /home/hunajpu/trabajo_terminal/ros2_ur_driver/install/rrbot_description/share/rrbot_description/launch
[8.607s] -- Installing: /home/hunajpu/trabajo_terminal/ros2_ur_driver/install/rrbot_description/share/rrbot_description/launch/view_robot.launch.py
[8.608s] -- Installing: /home/hunajpu/trabajo_terminal/ros2_ur_driver/install/rrbot_description/share/rrbot_description/ros2_control
[8.608s] -- Installing: /home/hunajpu/trabajo_terminal/ros2_ur_driver/install/rrbot_description/share/rrbot_description/ros2_control/external_rrbot_force_torque_sensor.ros2_control.xacro
[8.608s] -- Installing: /home/hunajpu/trabajo_terminal/ros2_ur_driver/install/rrbot_description/share/rrbot_description/ros2_control/rrbot.ros2_control.xacro
[8.608s] -- Installing: /home/hunajpu/trabajo_terminal/ros2_ur_driver/install/rrbot_description/share/rrbot_description/ros2_control/rrbot_system_with_sensor.ros2_control.xacro
[8.608s] -- Installing: /home/hunajpu/trabajo_terminal/ros2_ur_driver/install/rrbot_description/share/rrbot_description/ros2_control/rrbot_modular_actuators.ros2_control.xacro
[8.608s] -- Installing: /home/hunajpu/trabajo_terminal/ros2_ur_driver/install/rrbot_description/share/rrbot_description/ros2_control/rrbot_system_position_only.ros2_control.xacro
[8.608s] -- Installing: /home/hunajpu/trabajo_terminal/ros2_ur_driver/install/rrbot_description/share/rrbot_description/ros2_control/rrbot_system_multi_interface.ros2_control.xacro
[8.609s] -- Installing: /home/hunajpu/trabajo_terminal/ros2_ur_driver/install/rrbot_description/share/rrbot_description/urdf
[8.609s] -- Installing: /home/hunajpu/trabajo_terminal/ros2_ur_driver/install/rrbot_description/share/rrbot_description/urdf/rrbot_system_multi_interface.urdf.xacro
[8.609s] -- Installing: /home/hunajpu/trabajo_terminal/ros2_ur_driver/install/rrbot_description/share/rrbot_description/urdf/rrbot_modular_actuators.urdf.xacro
[8.609s] -- Installing: /home/hunajpu/trabajo_terminal/ros2_ur_driver/install/rrbot_description/share/rrbot_description/urdf/rrbot_system_with_sensor.urdf.xacro
[8.609s] -- Installing: /home/hunajpu/trabajo_terminal/ros2_ur_driver/install/rrbot_description/share/rrbot_description/urdf/rrbot_system_with_external_sensor.urdf.xacro
[8.609s] -- Installing: /home/hunajpu/trabajo_terminal/ros2_ur_driver/install/rrbot_description/share/rrbot_description/urdf/rrbot.urdf.xacro
[8.627s] -- Installing: /home/hunajpu/trabajo_terminal/ros2_ur_driver/install/rrbot_description/share/rrbot_description/urdf/rrbot_system_position_only.urdf.xacro
[8.627s] -- Installing: /home/hunajpu/trabajo_terminal/ros2_ur_driver/install/rrbot_description/share/rrbot_description/urdf/rrbot_description.urdf.xacro
[8.627s] -- Installing: /home/hunajpu/trabajo_terminal/ros2_ur_driver/install/rrbot_description/share/rrbot_description/environment/rrbot_description.dsv
[8.627s] -- Installing: /home/hunajpu/trabajo_terminal/ros2_ur_driver/install/rrbot_description/share/ament_index/resource_index/package_run_dependencies/rrbot_description
[8.627s] -- Installing: /home/hunajpu/trabajo_terminal/ros2_ur_driver/install/rrbot_description/share/ament_index/resource_index/parent_prefix_path/rrbot_description
[8.628s] -- Installing: /home/hunajpu/trabajo_terminal/ros2_ur_driver/install/rrbot_description/share/rrbot_description/environment/ament_prefix_path.sh
[8.628s] -- Installing: /home/hunajpu/trabajo_terminal/ros2_ur_driver/install/rrbot_description/share/rrbot_description/environment/ament_prefix_path.dsv
[8.628s] -- Installing: /home/hunajpu/trabajo_terminal/ros2_ur_driver/install/rrbot_description/share/rrbot_description/environment/path.sh
[8.628s] -- Installing: /home/hunajpu/trabajo_terminal/ros2_ur_driver/install/rrbot_description/share/rrbot_description/environment/path.dsv
[8.628s] -- Installing: /home/hunajpu/trabajo_terminal/ros2_ur_driver/install/rrbot_description/share/rrbot_description/local_setup.bash
[8.628s] -- Installing: /home/hunajpu/trabajo_terminal/ros2_ur_driver/install/rrbot_description/share/rrbot_description/local_setup.sh
[8.628s] -- Installing: /home/hunajpu/trabajo_terminal/ros2_ur_driver/install/rrbot_description/share/rrbot_description/local_setup.zsh
[8.629s] -- Installing: /home/hunajpu/trabajo_terminal/ros2_ur_driver/install/rrbot_description/share/rrbot_description/local_setup.dsv
[8.629s] -- Installing: /home/hunajpu/trabajo_terminal/ros2_ur_driver/install/rrbot_description/share/rrbot_description/package.dsv
[8.629s] -- Installing: /home/hunajpu/trabajo_terminal/ros2_ur_driver/install/rrbot_description/share/ament_index/resource_index/packages/rrbot_description
[8.629s] -- Installing: /home/hunajpu/trabajo_terminal/ros2_ur_driver/install/rrbot_description/share/rrbot_description/cmake/rrbot_descriptionConfig.cmake
[8.629s] -- Installing: /home/hunajpu/trabajo_terminal/ros2_ur_driver/install/rrbot_description/share/rrbot_description/cmake/rrbot_descriptionConfig-version.cmake
[8.629s] -- Installing: /home/hunajpu/trabajo_terminal/ros2_ur_driver/install/rrbot_description/share/rrbot_description/package.xml
[8.667s] Invoked command in '/home/hunajpu/trabajo_terminal/ros2_ur_driver/build/rrbot_description' returned '0': CMAKE_PREFIX_PATH=/opt/ros/foxy /usr/bin/cmake --install /home/hunajpu/trabajo_terminal/ros2_ur_driver/build/rrbot_description
