[0.042s] Invoking command in '/home/hunajpu/trabajo_terminal/ros2_ur_driver/build/ur_dashboard_msgs': CMAKE_PREFIX_PATH=/opt/ros/foxy /usr/bin/cmake /home/hunajpu/trabajo_terminal/ros2_ur_driver/src/Universal_Robots_ROS2_Driver/ur_dashboard_msgs -DCMAKE_BUILD_TYPE=Release -DCMAKE_INSTALL_PREFIX=/home/hunajpu/trabajo_terminal/ros2_ur_driver/install/ur_dashboard_msgs
[0.432s] -- The C compiler identification is GNU 9.4.0
[0.804s] -- The CXX compiler identification is GNU 9.4.0
[0.817s] -- Check for working C compiler: /usr/bin/cc
[0.952s] -- Check for working C compiler: /usr/bin/cc -- works
[0.966s] -- Detecting C compiler ABI info
[1.073s] -- Detecting C compiler ABI info - done
[1.106s] -- Detecting C compile features
[1.106s] -- Detecting C compile features - done
[1.112s] -- Check for working CXX compiler: /usr/bin/c++
[1.263s] -- Check for working CXX compiler: /usr/bin/c++ -- works
[1.266s] -- Detecting CXX compiler ABI info
[1.428s] -- Detecting CXX compiler ABI info - done
[1.461s] -- Detecting CXX compile features
[1.462s] -- Detecting CXX compile features - done
[1.465s] -- Found ament_cmake: 0.9.9 (/opt/ros/foxy/share/ament_cmake/cmake)
[1.510s] -- Found PythonInterp: /usr/bin/python3 (found suitable version "3.8.10", minimum required is "3") 
[1.511s] -- Using PYTHON_EXECUTABLE: /usr/bin/python3
[1.955s] -- Found rosidl_default_generators: 1.0.1 (/opt/ros/foxy/share/rosidl_default_generators/cmake)
[1.965s] -- Using all available rosidl_typesupport_c: rosidl_typesupport_fastrtps_c;rosidl_typesupport_introspection_c
[1.981s] -- Found rosidl_adapter: 1.2.1 (/opt/ros/foxy/share/rosidl_adapter/cmake)
[2.161s] -- Found OpenSSL: /usr/lib/x86_64-linux-gnu/libcrypto.so (found version "1.1.1f")  
[2.214s] -- Found FastRTPS: /opt/ros/foxy/include  
[2.404s] -- Using all available rosidl_typesupport_cpp: rosidl_typesupport_fastrtps_cpp;rosidl_typesupport_introspection_cpp
[2.527s] -- Found action_msgs: 1.0.0 (/opt/ros/foxy/share/action_msgs/cmake)
[2.812s] -- Found PythonInterp: /usr/bin/python3 (found version "3.8.10") 
[3.455s] -- Found ament_cmake_ros: 0.9.2 (/opt/ros/foxy/share/ament_cmake_ros/cmake)
[3.897s] -- Using all available rosidl_typesupport_c: rosidl_typesupport_fastrtps_c;rosidl_typesupport_introspection_c
[4.020s] -- Using all available rosidl_typesupport_cpp: rosidl_typesupport_fastrtps_cpp;rosidl_typesupport_introspection_cpp
[4.133s] -- Found PythonInterp: /usr/bin/python3 (found suitable version "3.8.10", minimum required is "3.5") 
[4.134s] -- Found python_cmake_module: 0.8.1 (/opt/ros/foxy/share/python_cmake_module/cmake)
[4.194s] -- Found PythonLibs: /usr/lib/x86_64-linux-gnu/libpython3.8.so (found suitable version "3.8.10", minimum required is "3.5") 
[4.194s] -- Using PYTHON_EXECUTABLE: /usr/bin/python3
[4.194s] -- Using PYTHON_INCLUDE_DIRS: /usr/include/python3.8
[4.195s] -- Using PYTHON_LIBRARIES: /usr/lib/x86_64-linux-gnu/libpython3.8.so
[4.280s] -- Found PythonExtra: .so  
[4.455s] -- Configuring done
[4.822s] -- Generating done
[4.828s] -- Build files have been written to: /home/hunajpu/trabajo_terminal/ros2_ur_driver/build/ur_dashboard_msgs
[4.869s] Invoked command in '/home/hunajpu/trabajo_terminal/ros2_ur_driver/build/ur_dashboard_msgs' returned '0': CMAKE_PREFIX_PATH=/opt/ros/foxy /usr/bin/cmake /home/hunajpu/trabajo_terminal/ros2_ur_driver/src/Universal_Robots_ROS2_Driver/ur_dashboard_msgs -DCMAKE_BUILD_TYPE=Release -DCMAKE_INSTALL_PREFIX=/home/hunajpu/trabajo_terminal/ros2_ur_driver/install/ur_dashboard_msgs
[4.870s] Invoking command in '/home/hunajpu/trabajo_terminal/ros2_ur_driver/build/ur_dashboard_msgs': CMAKE_PREFIX_PATH=/opt/ros/foxy /usr/bin/cmake --build /home/hunajpu/trabajo_terminal/ros2_ur_driver/build/ur_dashboard_msgs -- -j8 -l8
[5.120s] [35m[1mScanning dependencies of target ur_dashboard_msgs__cpp[0m
[5.129s] [  1%] [34m[1mGenerating C code for ROS interfaces[0m
[5.215s] [  1%] [34m[1mGenerating C++ code for ROS interfaces[0m
[12.928s] [35m[1mScanning dependencies of target ur_dashboard_msgs__rosidl_generator_c[0m
[13.014s] [  1%] Built target ur_dashboard_msgs__cpp
[13.066s] [  2%] [32mBuilding C object CMakeFiles/ur_dashboard_msgs__rosidl_generator_c.dir/rosidl_generator_c/ur_dashboard_msgs/msg/detail/program_state__functions.c.o[0m
[13.088s] [  2%] [32mBuilding C object CMakeFiles/ur_dashboard_msgs__rosidl_generator_c.dir/rosidl_generator_c/ur_dashboard_msgs/msg/detail/robot_mode__functions.c.o[0m
[13.125s] [  3%] [32mBuilding C object CMakeFiles/ur_dashboard_msgs__rosidl_generator_c.dir/rosidl_generator_c/ur_dashboard_msgs/srv/detail/add_to_log__functions.c.o[0m
[13.125s] [  3%] [34m[1mGenerating C++ introspection for ROS interfaces[0m
[13.138s] [  4%] [34m[1mGenerating C++ type support for eProsima Fast-RTPS[0m
[13.143s] [  5%] [32mBuilding C object CMakeFiles/ur_dashboard_msgs__rosidl_generator_c.dir/rosidl_generator_c/ur_dashboard_msgs/msg/detail/safety_mode__functions.c.o[0m
[13.154s] [  6%] [34m[1mGenerating C++ type support dispatch for ROS interfaces[0m
[13.232s] [  7%] [32mBuilding C object CMakeFiles/ur_dashboard_msgs__rosidl_generator_c.dir/rosidl_generator_c/ur_dashboard_msgs/srv/detail/get_loaded_program__functions.c.o[0m
[13.456s] [  7%] [32mBuilding C object CMakeFiles/ur_dashboard_msgs__rosidl_generator_c.dir/rosidl_generator_c/ur_dashboard_msgs/srv/detail/get_program_state__functions.c.o[0m
[13.477s] [  8%] [32mBuilding C object CMakeFiles/ur_dashboard_msgs__rosidl_generator_c.dir/rosidl_generator_c/ur_dashboard_msgs/srv/detail/get_robot_mode__functions.c.o[0m
[13.514s] [  9%] [32mBuilding C object CMakeFiles/ur_dashboard_msgs__rosidl_generator_c.dir/rosidl_generator_c/ur_dashboard_msgs/srv/detail/get_safety_mode__functions.c.o[0m
[13.662s] [ 10%] [32mBuilding C object CMakeFiles/ur_dashboard_msgs__rosidl_generator_c.dir/rosidl_generator_c/ur_dashboard_msgs/srv/detail/is_program_running__functions.c.o[0m
[13.892s] [ 10%] [32mBuilding C object CMakeFiles/ur_dashboard_msgs__rosidl_generator_c.dir/rosidl_generator_c/ur_dashboard_msgs/srv/detail/is_program_saved__functions.c.o[0m
[13.928s] [ 11%] [32mBuilding C object CMakeFiles/ur_dashboard_msgs__rosidl_generator_c.dir/rosidl_generator_c/ur_dashboard_msgs/srv/detail/load__functions.c.o[0m
[14.152s] [ 12%] [32mBuilding C object CMakeFiles/ur_dashboard_msgs__rosidl_generator_c.dir/rosidl_generator_c/ur_dashboard_msgs/srv/detail/popup__functions.c.o[0m
[14.177s] [ 12%] [32mBuilding C object CMakeFiles/ur_dashboard_msgs__rosidl_generator_c.dir/rosidl_generator_c/ur_dashboard_msgs/srv/detail/raw_request__functions.c.o[0m
[14.290s] [ 13%] [32mBuilding C object CMakeFiles/ur_dashboard_msgs__rosidl_generator_c.dir/rosidl_generator_c/ur_dashboard_msgs/action/detail/set_mode__functions.c.o[0m
[15.870s] [ 14%] [32m[1mLinking C shared library libur_dashboard_msgs__rosidl_generator_c.so[0m
[16.180s] [ 14%] Built target ur_dashboard_msgs__rosidl_generator_c
[16.280s] [ 15%] [34m[1mGenerating C introspection for ROS interfaces[0m
[16.317s] [ 16%] [34m[1mGenerating C type support dispatch for ROS interfaces[0m
[18.092s] [35m[1mScanning dependencies of target ur_dashboard_msgs__rosidl_typesupport_cpp[0m
[18.245s] [ 17%] [32mBuilding CXX object CMakeFiles/ur_dashboard_msgs__rosidl_typesupport_cpp.dir/rosidl_typesupport_cpp/ur_dashboard_msgs/msg/robot_mode__type_support.cpp.o[0m
[18.246s] [ 18%] [32mBuilding CXX object CMakeFiles/ur_dashboard_msgs__rosidl_typesupport_cpp.dir/rosidl_typesupport_cpp/ur_dashboard_msgs/msg/program_state__type_support.cpp.o[0m
[18.286s] [ 18%] [32mBuilding CXX object CMakeFiles/ur_dashboard_msgs__rosidl_typesupport_cpp.dir/rosidl_typesupport_cpp/ur_dashboard_msgs/msg/safety_mode__type_support.cpp.o[0m
[18.307s] [ 19%] [32mBuilding CXX object CMakeFiles/ur_dashboard_msgs__rosidl_typesupport_cpp.dir/rosidl_typesupport_cpp/ur_dashboard_msgs/srv/add_to_log__type_support.cpp.o[0m
[19.820s] [ 20%] [32mBuilding CXX object CMakeFiles/ur_dashboard_msgs__rosidl_typesupport_cpp.dir/rosidl_typesupport_cpp/ur_dashboard_msgs/srv/get_loaded_program__type_support.cpp.o[0m
[20.334s] [ 20%] [32mBuilding CXX object CMakeFiles/ur_dashboard_msgs__rosidl_typesupport_cpp.dir/rosidl_typesupport_cpp/ur_dashboard_msgs/srv/get_program_state__type_support.cpp.o[0m
[20.766s] [ 21%] [32mBuilding CXX object CMakeFiles/ur_dashboard_msgs__rosidl_typesupport_cpp.dir/rosidl_typesupport_cpp/ur_dashboard_msgs/srv/get_robot_mode__type_support.cpp.o[0m
[21.034s] [ 22%] [32mBuilding CXX object CMakeFiles/ur_dashboard_msgs__rosidl_typesupport_cpp.dir/rosidl_typesupport_cpp/ur_dashboard_msgs/srv/get_safety_mode__type_support.cpp.o[0m
[21.178s] [35m[1mScanning dependencies of target ur_dashboard_msgs__rosidl_typesupport_introspection_cpp[0m
[21.383s] [ 23%] [32mBuilding CXX object CMakeFiles/ur_dashboard_msgs__rosidl_typesupport_introspection_cpp.dir/rosidl_typesupport_introspection_cpp/ur_dashboard_msgs/msg/detail/program_state__type_support.cpp.o[0m
[22.506s] [ 24%] [32mBuilding CXX object CMakeFiles/ur_dashboard_msgs__rosidl_typesupport_cpp.dir/rosidl_typesupport_cpp/ur_dashboard_msgs/srv/is_program_running__type_support.cpp.o[0m
[22.829s] [35m[1mScanning dependencies of target ur_dashboard_msgs__rosidl_typesupport_c[0m
[23.054s] [ 24%] [32mBuilding CXX object CMakeFiles/ur_dashboard_msgs__rosidl_typesupport_c.dir/rosidl_typesupport_c/ur_dashboard_msgs/msg/program_state__type_support.cpp.o[0m
[23.290s] [35m[1mScanning dependencies of target ur_dashboard_msgs__rosidl_typesupport_fastrtps_cpp[0m
[23.347s] [ 25%] [32mBuilding CXX object CMakeFiles/ur_dashboard_msgs__rosidl_typesupport_c.dir/rosidl_typesupport_c/ur_dashboard_msgs/msg/robot_mode__type_support.cpp.o[0m
[23.557s] [ 26%] [32mBuilding CXX object CMakeFiles/ur_dashboard_msgs__rosidl_typesupport_fastrtps_cpp.dir/rosidl_typesupport_fastrtps_cpp/ur_dashboard_msgs/msg/detail/dds_fastrtps/program_state__type_support.cpp.o[0m
[23.572s] [ 27%] [32mBuilding CXX object CMakeFiles/ur_dashboard_msgs__rosidl_typesupport_introspection_cpp.dir/rosidl_typesupport_introspection_cpp/ur_dashboard_msgs/msg/detail/robot_mode__type_support.cpp.o[0m
[23.626s] [ 28%] [32mBuilding CXX object CMakeFiles/ur_dashboard_msgs__rosidl_typesupport_c.dir/rosidl_typesupport_c/ur_dashboard_msgs/msg/safety_mode__type_support.cpp.o[0m
[23.823s] [ 29%] [32mBuilding CXX object CMakeFiles/ur_dashboard_msgs__rosidl_typesupport_c.dir/rosidl_typesupport_c/ur_dashboard_msgs/srv/add_to_log__type_support.cpp.o[0m
[24.027s] [ 29%] [32mBuilding CXX object CMakeFiles/ur_dashboard_msgs__rosidl_typesupport_c.dir/rosidl_typesupport_c/ur_dashboard_msgs/srv/get_loaded_program__type_support.cpp.o[0m
[24.262s] [ 30%] [32mBuilding CXX object CMakeFiles/ur_dashboard_msgs__rosidl_typesupport_c.dir/rosidl_typesupport_c/ur_dashboard_msgs/srv/get_program_state__type_support.cpp.o[0m
[24.404s] [ 30%] [32mBuilding CXX object CMakeFiles/ur_dashboard_msgs__rosidl_typesupport_cpp.dir/rosidl_typesupport_cpp/ur_dashboard_msgs/srv/is_program_saved__type_support.cpp.o[0m
[24.432s] [ 31%] [32mBuilding CXX object CMakeFiles/ur_dashboard_msgs__rosidl_typesupport_c.dir/rosidl_typesupport_c/ur_dashboard_msgs/srv/get_robot_mode__type_support.cpp.o[0m
[24.594s] [ 32%] [32mBuilding CXX object CMakeFiles/ur_dashboard_msgs__rosidl_typesupport_c.dir/rosidl_typesupport_c/ur_dashboard_msgs/srv/get_safety_mode__type_support.cpp.o[0m
[24.778s] [ 32%] [32mBuilding CXX object CMakeFiles/ur_dashboard_msgs__rosidl_typesupport_c.dir/rosidl_typesupport_c/ur_dashboard_msgs/srv/is_program_running__type_support.cpp.o[0m
[24.938s] [ 33%] [32mBuilding CXX object CMakeFiles/ur_dashboard_msgs__rosidl_typesupport_c.dir/rosidl_typesupport_c/ur_dashboard_msgs/srv/is_program_saved__type_support.cpp.o[0m
[25.122s] [ 34%] [32mBuilding CXX object CMakeFiles/ur_dashboard_msgs__rosidl_typesupport_c.dir/rosidl_typesupport_c/ur_dashboard_msgs/srv/load__type_support.cpp.o[0m
[25.211s] [ 35%] [32mBuilding CXX object CMakeFiles/ur_dashboard_msgs__rosidl_typesupport_introspection_cpp.dir/rosidl_typesupport_introspection_cpp/ur_dashboard_msgs/msg/detail/safety_mode__type_support.cpp.o[0m
[25.301s] [ 36%] [32mBuilding CXX object CMakeFiles/ur_dashboard_msgs__rosidl_typesupport_c.dir/rosidl_typesupport_c/ur_dashboard_msgs/srv/popup__type_support.cpp.o[0m
[25.307s] [ 36%] [32mBuilding CXX object CMakeFiles/ur_dashboard_msgs__rosidl_typesupport_fastrtps_cpp.dir/rosidl_typesupport_fastrtps_cpp/ur_dashboard_msgs/msg/detail/dds_fastrtps/safety_mode__type_support.cpp.o[0m
[25.486s] [ 36%] [32mBuilding CXX object CMakeFiles/ur_dashboard_msgs__rosidl_typesupport_c.dir/rosidl_typesupport_c/ur_dashboard_msgs/srv/raw_request__type_support.cpp.o[0m
[25.634s] [ 37%] [32mBuilding CXX object CMakeFiles/ur_dashboard_msgs__rosidl_typesupport_cpp.dir/rosidl_typesupport_cpp/ur_dashboard_msgs/srv/load__type_support.cpp.o[0m
[25.634s] [35m[1mScanning dependencies of target ur_dashboard_msgs__rosidl_typesupport_introspection_c[0m
[25.709s] [ 38%] [32mBuilding CXX object CMakeFiles/ur_dashboard_msgs__rosidl_typesupport_c.dir/rosidl_typesupport_c/ur_dashboard_msgs/action/set_mode__type_support.cpp.o[0m
[25.735s] [ 39%] [32mBuilding C object CMakeFiles/ur_dashboard_msgs__rosidl_typesupport_introspection_c.dir/rosidl_typesupport_introspection_c/ur_dashboard_msgs/msg/detail/program_state__type_support.c.o[0m
[25.952s] [ 40%] [32mBuilding C object CMakeFiles/ur_dashboard_msgs__rosidl_typesupport_introspection_c.dir/rosidl_typesupport_introspection_c/ur_dashboard_msgs/msg/detail/robot_mode__type_support.c.o[0m
[25.982s] [ 41%] [32m[1mLinking CXX shared library libur_dashboard_msgs__rosidl_typesupport_c.so[0m
[26.098s] [ 41%] [32mBuilding C object CMakeFiles/ur_dashboard_msgs__rosidl_typesupport_introspection_c.dir/rosidl_typesupport_introspection_c/ur_dashboard_msgs/msg/detail/safety_mode__type_support.c.o[0m
[26.162s] [ 42%] [32mBuilding CXX object CMakeFiles/ur_dashboard_msgs__rosidl_typesupport_introspection_cpp.dir/rosidl_typesupport_introspection_cpp/ur_dashboard_msgs/srv/detail/get_loaded_program__type_support.cpp.o[0m
[26.230s] [ 42%] Built target ur_dashboard_msgs__rosidl_typesupport_c
[26.283s] [ 43%] [32mBuilding C object CMakeFiles/ur_dashboard_msgs__rosidl_typesupport_introspection_c.dir/rosidl_typesupport_introspection_c/ur_dashboard_msgs/srv/detail/add_to_log__type_support.c.o[0m
[26.381s] [ 44%] [32mBuilding CXX object CMakeFiles/ur_dashboard_msgs__rosidl_typesupport_cpp.dir/rosidl_typesupport_cpp/ur_dashboard_msgs/srv/popup__type_support.cpp.o[0m
[26.486s] [ 45%] [32mBuilding C object CMakeFiles/ur_dashboard_msgs__rosidl_typesupport_introspection_c.dir/rosidl_typesupport_introspection_c/ur_dashboard_msgs/srv/detail/get_loaded_program__type_support.c.o[0m
[26.648s] [ 46%] [32mBuilding CXX object CMakeFiles/ur_dashboard_msgs__rosidl_typesupport_fastrtps_cpp.dir/rosidl_typesupport_fastrtps_cpp/ur_dashboard_msgs/srv/detail/dds_fastrtps/get_loaded_program__type_support.cpp.o[0m
[26.671s] [ 47%] [32mBuilding C object CMakeFiles/ur_dashboard_msgs__rosidl_typesupport_introspection_c.dir/rosidl_typesupport_introspection_c/ur_dashboard_msgs/srv/detail/get_program_state__type_support.c.o[0m
[26.821s] [ 47%] [32mBuilding C object CMakeFiles/ur_dashboard_msgs__rosidl_typesupport_introspection_c.dir/rosidl_typesupport_introspection_c/ur_dashboard_msgs/srv/detail/get_robot_mode__type_support.c.o[0m
[27.002s] [ 48%] [32mBuilding C object CMakeFiles/ur_dashboard_msgs__rosidl_typesupport_introspection_c.dir/rosidl_typesupport_introspection_c/ur_dashboard_msgs/srv/detail/get_safety_mode__type_support.c.o[0m
[27.207s] [ 49%] [32mBuilding C object CMakeFiles/ur_dashboard_msgs__rosidl_typesupport_introspection_c.dir/rosidl_typesupport_introspection_c/ur_dashboard_msgs/srv/detail/is_program_running__type_support.c.o[0m
[27.360s] [ 49%] [32mBuilding CXX object CMakeFiles/ur_dashboard_msgs__rosidl_typesupport_introspection_cpp.dir/rosidl_typesupport_introspection_cpp/ur_dashboard_msgs/srv/detail/add_to_log__type_support.cpp.o[0m
[27.398s] [ 50%] [32mBuilding CXX object CMakeFiles/ur_dashboard_msgs__rosidl_typesupport_cpp.dir/rosidl_typesupport_cpp/ur_dashboard_msgs/srv/raw_request__type_support.cpp.o[0m
[27.444s] [ 50%] [32mBuilding C object CMakeFiles/ur_dashboard_msgs__rosidl_typesupport_introspection_c.dir/rosidl_typesupport_introspection_c/ur_dashboard_msgs/srv/detail/is_program_saved__type_support.c.o[0m
[27.665s] [ 51%] [32mBuilding C object CMakeFiles/ur_dashboard_msgs__rosidl_typesupport_introspection_c.dir/rosidl_typesupport_introspection_c/ur_dashboard_msgs/srv/detail/load__type_support.c.o[0m
[27.805s] [ 52%] [32mBuilding C object CMakeFiles/ur_dashboard_msgs__rosidl_typesupport_introspection_c.dir/rosidl_typesupport_introspection_c/ur_dashboard_msgs/srv/detail/popup__type_support.c.o[0m
[27.958s] [ 53%] [32mBuilding C object CMakeFiles/ur_dashboard_msgs__rosidl_typesupport_introspection_c.dir/rosidl_typesupport_introspection_c/ur_dashboard_msgs/srv/detail/raw_request__type_support.c.o[0m
[28.044s] [ 53%] [32mBuilding CXX object CMakeFiles/ur_dashboard_msgs__rosidl_typesupport_cpp.dir/rosidl_typesupport_cpp/ur_dashboard_msgs/action/set_mode__type_support.cpp.o[0m
[28.103s] [ 53%] [32mBuilding C object CMakeFiles/ur_dashboard_msgs__rosidl_typesupport_introspection_c.dir/rosidl_typesupport_introspection_c/ur_dashboard_msgs/action/detail/set_mode__type_support.c.o[0m
[28.295s] [ 54%] [32mBuilding CXX object CMakeFiles/ur_dashboard_msgs__rosidl_typesupport_introspection_cpp.dir/rosidl_typesupport_introspection_cpp/ur_dashboard_msgs/srv/detail/get_program_state__type_support.cpp.o[0m
[28.385s] [ 55%] [32m[1mLinking C shared library libur_dashboard_msgs__rosidl_typesupport_introspection_c.so[0m
[28.471s] [ 55%] [32mBuilding CXX object CMakeFiles/ur_dashboard_msgs__rosidl_typesupport_fastrtps_cpp.dir/rosidl_typesupport_fastrtps_cpp/ur_dashboard_msgs/srv/detail/dds_fastrtps/get_robot_mode__type_support.cpp.o[0m
[28.489s] [ 55%] Built target ur_dashboard_msgs__rosidl_typesupport_introspection_c
[29.027s] [ 56%] [32m[1mLinking CXX shared library libur_dashboard_msgs__rosidl_typesupport_cpp.so[0m
[29.150s] [ 56%] Built target ur_dashboard_msgs__rosidl_typesupport_cpp
[29.206s] [ 57%] [32mBuilding CXX object CMakeFiles/ur_dashboard_msgs__rosidl_typesupport_introspection_cpp.dir/rosidl_typesupport_introspection_cpp/ur_dashboard_msgs/srv/detail/get_robot_mode__type_support.cpp.o[0m
[29.671s] [ 58%] [32mBuilding CXX object CMakeFiles/ur_dashboard_msgs__rosidl_typesupport_fastrtps_cpp.dir/rosidl_typesupport_fastrtps_cpp/ur_dashboard_msgs/srv/detail/dds_fastrtps/is_program_saved__type_support.cpp.o[0m
[29.870s] [ 58%] [32mBuilding CXX object CMakeFiles/ur_dashboard_msgs__rosidl_typesupport_introspection_cpp.dir/rosidl_typesupport_introspection_cpp/ur_dashboard_msgs/srv/detail/get_safety_mode__type_support.cpp.o[0m
[30.492s] [ 59%] [32mBuilding CXX object CMakeFiles/ur_dashboard_msgs__rosidl_typesupport_introspection_cpp.dir/rosidl_typesupport_introspection_cpp/ur_dashboard_msgs/srv/detail/is_program_running__type_support.cpp.o[0m
[30.559s] [ 59%] [32mBuilding CXX object CMakeFiles/ur_dashboard_msgs__rosidl_typesupport_fastrtps_cpp.dir/rosidl_typesupport_fastrtps_cpp/ur_dashboard_msgs/srv/detail/dds_fastrtps/load__type_support.cpp.o[0m
[31.051s] [ 60%] [32mBuilding CXX object CMakeFiles/ur_dashboard_msgs__rosidl_typesupport_introspection_cpp.dir/rosidl_typesupport_introspection_cpp/ur_dashboard_msgs/srv/detail/is_program_saved__type_support.cpp.o[0m
[31.475s] [ 61%] [32mBuilding CXX object CMakeFiles/ur_dashboard_msgs__rosidl_typesupport_fastrtps_cpp.dir/rosidl_typesupport_fastrtps_cpp/ur_dashboard_msgs/srv/detail/dds_fastrtps/popup__type_support.cpp.o[0m
[31.690s] [ 62%] [32mBuilding CXX object CMakeFiles/ur_dashboard_msgs__rosidl_typesupport_introspection_cpp.dir/rosidl_typesupport_introspection_cpp/ur_dashboard_msgs/srv/detail/load__type_support.cpp.o[0m
[32.332s] [ 62%] [32mBuilding CXX object CMakeFiles/ur_dashboard_msgs__rosidl_typesupport_introspection_cpp.dir/rosidl_typesupport_introspection_cpp/ur_dashboard_msgs/srv/detail/popup__type_support.cpp.o[0m
[32.355s] [ 63%] [32mBuilding CXX object CMakeFiles/ur_dashboard_msgs__rosidl_typesupport_fastrtps_cpp.dir/rosidl_typesupport_fastrtps_cpp/ur_dashboard_msgs/srv/detail/dds_fastrtps/raw_request__type_support.cpp.o[0m
[32.915s] [ 64%] [32mBuilding CXX object CMakeFiles/ur_dashboard_msgs__rosidl_typesupport_introspection_cpp.dir/rosidl_typesupport_introspection_cpp/ur_dashboard_msgs/srv/detail/raw_request__type_support.cpp.o[0m
[33.051s] [ 65%] [32mBuilding CXX object CMakeFiles/ur_dashboard_msgs__rosidl_typesupport_fastrtps_cpp.dir/rosidl_typesupport_fastrtps_cpp/ur_dashboard_msgs/action/detail/dds_fastrtps/set_mode__type_support.cpp.o[0m
[33.444s] [ 66%] [32mBuilding CXX object CMakeFiles/ur_dashboard_msgs__rosidl_typesupport_introspection_cpp.dir/rosidl_typesupport_introspection_cpp/ur_dashboard_msgs/action/detail/set_mode__type_support.cpp.o[0m
[33.939s] [ 67%] [32mBuilding CXX object CMakeFiles/ur_dashboard_msgs__rosidl_typesupport_fastrtps_cpp.dir/rosidl_typesupport_fastrtps_cpp/ur_dashboard_msgs/srv/detail/dds_fastrtps/is_program_running__type_support.cpp.o[0m
[34.122s] [ 68%] [32m[1mLinking CXX shared library libur_dashboard_msgs__rosidl_typesupport_introspection_cpp.so[0m
[34.226s] [ 68%] Built target ur_dashboard_msgs__rosidl_typesupport_introspection_cpp
[34.776s] [ 69%] [32mBuilding CXX object CMakeFiles/ur_dashboard_msgs__rosidl_typesupport_fastrtps_cpp.dir/rosidl_typesupport_fastrtps_cpp/ur_dashboard_msgs/srv/detail/dds_fastrtps/get_safety_mode__type_support.cpp.o[0m
[35.348s] [ 70%] [32mBuilding CXX object CMakeFiles/ur_dashboard_msgs__rosidl_typesupport_fastrtps_cpp.dir/rosidl_typesupport_fastrtps_cpp/ur_dashboard_msgs/srv/detail/dds_fastrtps/get_program_state__type_support.cpp.o[0m
[35.934s] [ 71%] [32mBuilding CXX object CMakeFiles/ur_dashboard_msgs__rosidl_typesupport_fastrtps_cpp.dir/rosidl_typesupport_fastrtps_cpp/ur_dashboard_msgs/srv/detail/dds_fastrtps/add_to_log__type_support.cpp.o[0m
[36.493s] [ 72%] [32mBuilding CXX object CMakeFiles/ur_dashboard_msgs__rosidl_typesupport_fastrtps_cpp.dir/rosidl_typesupport_fastrtps_cpp/ur_dashboard_msgs/msg/detail/dds_fastrtps/robot_mode__type_support.cpp.o[0m
[37.038s] [ 72%] [32m[1mLinking CXX shared library libur_dashboard_msgs__rosidl_typesupport_fastrtps_cpp.so[0m
[37.161s] [ 72%] Built target ur_dashboard_msgs__rosidl_typesupport_fastrtps_cpp
[37.172s] [ 73%] [34m[1mGenerating C type support for eProsima Fast-RTPS[0m
[38.872s] [35m[1mScanning dependencies of target ur_dashboard_msgs__rosidl_typesupport_fastrtps_c[0m
[38.916s] [ 74%] [32mBuilding CXX object CMakeFiles/ur_dashboard_msgs__rosidl_typesupport_fastrtps_c.dir/rosidl_typesupport_fastrtps_c/ur_dashboard_msgs/msg/detail/program_state__type_support_c.cpp.o[0m
[39.368s] [ 75%] [32mBuilding CXX object CMakeFiles/ur_dashboard_msgs__rosidl_typesupport_fastrtps_c.dir/rosidl_typesupport_fastrtps_c/ur_dashboard_msgs/srv/detail/get_safety_mode__type_support_c.cpp.o[0m
[39.868s] [ 76%] [32mBuilding CXX object CMakeFiles/ur_dashboard_msgs__rosidl_typesupport_fastrtps_c.dir/rosidl_typesupport_fastrtps_c/ur_dashboard_msgs/srv/detail/is_program_running__type_support_c.cpp.o[0m
[40.389s] [ 76%] [32mBuilding CXX object CMakeFiles/ur_dashboard_msgs__rosidl_typesupport_fastrtps_c.dir/rosidl_typesupport_fastrtps_c/ur_dashboard_msgs/srv/detail/is_program_saved__type_support_c.cpp.o[0m
[40.902s] [ 77%] [32mBuilding CXX object CMakeFiles/ur_dashboard_msgs__rosidl_typesupport_fastrtps_c.dir/rosidl_typesupport_fastrtps_c/ur_dashboard_msgs/srv/detail/load__type_support_c.cpp.o[0m
[41.415s] [ 78%] [32mBuilding CXX object CMakeFiles/ur_dashboard_msgs__rosidl_typesupport_fastrtps_c.dir/rosidl_typesupport_fastrtps_c/ur_dashboard_msgs/srv/detail/popup__type_support_c.cpp.o[0m
[41.926s] [ 79%] [32mBuilding CXX object CMakeFiles/ur_dashboard_msgs__rosidl_typesupport_fastrtps_c.dir/rosidl_typesupport_fastrtps_c/ur_dashboard_msgs/srv/detail/raw_request__type_support_c.cpp.o[0m
[42.440s] [ 79%] [32mBuilding CXX object CMakeFiles/ur_dashboard_msgs__rosidl_typesupport_fastrtps_c.dir/rosidl_typesupport_fastrtps_c/ur_dashboard_msgs/action/detail/set_mode__type_support_c.cpp.o[0m
[43.043s] [ 80%] [32mBuilding CXX object CMakeFiles/ur_dashboard_msgs__rosidl_typesupport_fastrtps_c.dir/rosidl_typesupport_fastrtps_c/ur_dashboard_msgs/srv/detail/get_robot_mode__type_support_c.cpp.o[0m
[43.546s] [ 80%] [32mBuilding CXX object CMakeFiles/ur_dashboard_msgs__rosidl_typesupport_fastrtps_c.dir/rosidl_typesupport_fastrtps_c/ur_dashboard_msgs/srv/detail/get_program_state__type_support_c.cpp.o[0m
[44.056s] [ 81%] [32mBuilding CXX object CMakeFiles/ur_dashboard_msgs__rosidl_typesupport_fastrtps_c.dir/rosidl_typesupport_fastrtps_c/ur_dashboard_msgs/srv/detail/get_loaded_program__type_support_c.cpp.o[0m
[44.562s] [ 82%] [32mBuilding CXX object CMakeFiles/ur_dashboard_msgs__rosidl_typesupport_fastrtps_c.dir/rosidl_typesupport_fastrtps_c/ur_dashboard_msgs/srv/detail/add_to_log__type_support_c.cpp.o[0m
[45.082s] [ 83%] [32mBuilding CXX object CMakeFiles/ur_dashboard_msgs__rosidl_typesupport_fastrtps_c.dir/rosidl_typesupport_fastrtps_c/ur_dashboard_msgs/msg/detail/safety_mode__type_support_c.cpp.o[0m
[45.460s] [ 83%] [32mBuilding CXX object CMakeFiles/ur_dashboard_msgs__rosidl_typesupport_fastrtps_c.dir/rosidl_typesupport_fastrtps_c/ur_dashboard_msgs/msg/detail/robot_mode__type_support_c.cpp.o[0m
[45.830s] [ 84%] [32m[1mLinking CXX shared library libur_dashboard_msgs__rosidl_typesupport_fastrtps_c.so[0m
[45.935s] [ 84%] Built target ur_dashboard_msgs__rosidl_typesupport_fastrtps_c
[45.944s] [35m[1mScanning dependencies of target ur_dashboard_msgs[0m
[45.955s] [ 84%] Built target ur_dashboard_msgs
[45.965s] [35m[1mScanning dependencies of target ur_dashboard_msgs__py[0m
[45.975s] [ 85%] [34m[1mGenerating Python code for ROS interfaces[0m
[49.231s] [ 85%] Built target ur_dashboard_msgs__py
[49.241s] [35m[1mScanning dependencies of target ur_dashboard_msgs__python[0m
[49.282s] [ 86%] [32mBuilding C object CMakeFiles/ur_dashboard_msgs__python.dir/rosidl_generator_py/ur_dashboard_msgs/msg/_program_state_s.c.o[0m
[49.389s] [ 87%] [32mBuilding C object CMakeFiles/ur_dashboard_msgs__python.dir/rosidl_generator_py/ur_dashboard_msgs/srv/_get_safety_mode_s.c.o[0m
[49.516s] [ 88%] [32mBuilding C object CMakeFiles/ur_dashboard_msgs__python.dir/rosidl_generator_py/ur_dashboard_msgs/srv/_is_program_running_s.c.o[0m
[49.644s] [ 88%] [32mBuilding C object CMakeFiles/ur_dashboard_msgs__python.dir/rosidl_generator_py/ur_dashboard_msgs/srv/_is_program_saved_s.c.o[0m
[49.775s] [ 89%] [32mBuilding C object CMakeFiles/ur_dashboard_msgs__python.dir/rosidl_generator_py/ur_dashboard_msgs/srv/_load_s.c.o[0m
[49.911s] [ 90%] [32mBuilding C object CMakeFiles/ur_dashboard_msgs__python.dir/rosidl_generator_py/ur_dashboard_msgs/srv/_popup_s.c.o[0m
[50.043s] [ 91%] [32mBuilding C object CMakeFiles/ur_dashboard_msgs__python.dir/rosidl_generator_py/ur_dashboard_msgs/srv/_raw_request_s.c.o[0m
[50.170s] [ 91%] [32mBuilding C object CMakeFiles/ur_dashboard_msgs__python.dir/rosidl_generator_py/ur_dashboard_msgs/action/_set_mode_s.c.o[0m
[50.431s] [ 92%] [32mBuilding C object CMakeFiles/ur_dashboard_msgs__python.dir/rosidl_generator_py/ur_dashboard_msgs/srv/_get_robot_mode_s.c.o[0m
[50.559s] [ 92%] [32mBuilding C object CMakeFiles/ur_dashboard_msgs__python.dir/rosidl_generator_py/ur_dashboard_msgs/srv/_get_program_state_s.c.o[0m
[50.690s] [ 93%] [32mBuilding C object CMakeFiles/ur_dashboard_msgs__python.dir/rosidl_generator_py/ur_dashboard_msgs/srv/_get_loaded_program_s.c.o[0m
[50.821s] [ 94%] [32mBuilding C object CMakeFiles/ur_dashboard_msgs__python.dir/rosidl_generator_py/ur_dashboard_msgs/srv/_add_to_log_s.c.o[0m
[50.958s] [ 95%] [32mBuilding C object CMakeFiles/ur_dashboard_msgs__python.dir/rosidl_generator_py/ur_dashboard_msgs/msg/_safety_mode_s.c.o[0m
[51.062s] [ 95%] [32mBuilding C object CMakeFiles/ur_dashboard_msgs__python.dir/rosidl_generator_py/ur_dashboard_msgs/msg/_robot_mode_s.c.o[0m
[51.167s] [ 96%] [32m[1mLinking C shared library rosidl_generator_py/ur_dashboard_msgs/libur_dashboard_msgs__python.so[0m
[51.213s] [ 96%] Built target ur_dashboard_msgs__python
[51.223s] [35m[1mScanning dependencies of target ur_dashboard_msgs__rosidl_typesupport_c__pyext[0m
[51.242s] [ 97%] [32mBuilding C object CMakeFiles/ur_dashboard_msgs__rosidl_typesupport_c__pyext.dir/rosidl_generator_py/ur_dashboard_msgs/_ur_dashboard_msgs_s.ep.rosidl_typesupport_c.c.o[0m
[51.764s] [ 97%] [32m[1mLinking C shared library rosidl_generator_py/ur_dashboard_msgs/ur_dashboard_msgs_s__rosidl_typesupport_c.cpython-38-x86_64-linux-gnu.so[0m
[51.804s] [ 97%] Built target ur_dashboard_msgs__rosidl_typesupport_c__pyext
[51.813s] [35m[1mScanning dependencies of target ur_dashboard_msgs__rosidl_typesupport_fastrtps_c__pyext[0m
[51.835s] [ 98%] [32mBuilding C object CMakeFiles/ur_dashboard_msgs__rosidl_typesupport_fastrtps_c__pyext.dir/rosidl_generator_py/ur_dashboard_msgs/_ur_dashboard_msgs_s.ep.rosidl_typesupport_fastrtps_c.c.o[0m
[52.361s] [ 98%] [32m[1mLinking CXX shared library rosidl_generator_py/ur_dashboard_msgs/ur_dashboard_msgs_s__rosidl_typesupport_fastrtps_c.cpython-38-x86_64-linux-gnu.so[0m
[52.432s] [ 98%] Built target ur_dashboard_msgs__rosidl_typesupport_fastrtps_c__pyext
[52.442s] [35m[1mScanning dependencies of target ur_dashboard_msgs__rosidl_typesupport_introspection_c__pyext[0m
[52.461s] [ 99%] [32mBuilding C object CMakeFiles/ur_dashboard_msgs__rosidl_typesupport_introspection_c__pyext.dir/rosidl_generator_py/ur_dashboard_msgs/_ur_dashboard_msgs_s.ep.rosidl_typesupport_introspection_c.c.o[0m
[52.989s] [100%] [32m[1mLinking C shared library rosidl_generator_py/ur_dashboard_msgs/ur_dashboard_msgs_s__rosidl_typesupport_introspection_c.cpython-38-x86_64-linux-gnu.so[0m
[53.034s] [100%] Built target ur_dashboard_msgs__rosidl_typesupport_introspection_c__pyext
[53.047s] Invoked command in '/home/hunajpu/trabajo_terminal/ros2_ur_driver/build/ur_dashboard_msgs' returned '0': CMAKE_PREFIX_PATH=/opt/ros/foxy /usr/bin/cmake --build /home/hunajpu/trabajo_terminal/ros2_ur_driver/build/ur_dashboard_msgs -- -j8 -l8
[53.298s] Invoking command in '/home/hunajpu/trabajo_terminal/ros2_ur_driver/build/ur_dashboard_msgs': CMAKE_PREFIX_PATH=/opt/ros/foxy /usr/bin/cmake --install /home/hunajpu/trabajo_terminal/ros2_ur_driver/build/ur_dashboard_msgs
[53.309s] -- Install configuration: "Release"
[53.309s] -- Installing: /home/hunajpu/trabajo_terminal/ros2_ur_driver/install/ur_dashboard_msgs/share/ament_index/resource_index/rosidl_interfaces/ur_dashboard_msgs
[53.309s] -- Installing: /home/hunajpu/trabajo_terminal/ros2_ur_driver/install/ur_dashboard_msgs/include/ur_dashboard_msgs
[53.310s] -- Installing: /home/hunajpu/trabajo_terminal/ros2_ur_driver/install/ur_dashboard_msgs/include/ur_dashboard_msgs/srv
[53.310s] -- Installing: /home/hunajpu/trabajo_terminal/ros2_ur_driver/install/ur_dashboard_msgs/include/ur_dashboard_msgs/srv/load.h
[53.310s] -- Installing: /home/hunajpu/trabajo_terminal/ros2_ur_driver/install/ur_dashboard_msgs/include/ur_dashboard_msgs/srv/get_safety_mode.h
[53.310s] -- Installing: /home/hunajpu/trabajo_terminal/ros2_ur_driver/install/ur_dashboard_msgs/include/ur_dashboard_msgs/srv/get_program_state.h
[53.310s] -- Installing: /home/hunajpu/trabajo_terminal/ros2_ur_driver/install/ur_dashboard_msgs/include/ur_dashboard_msgs/srv/get_robot_mode.h
[53.311s] -- Installing: /home/hunajpu/trabajo_terminal/ros2_ur_driver/install/ur_dashboard_msgs/include/ur_dashboard_msgs/srv/detail
[53.311s] -- Installing: /home/hunajpu/trabajo_terminal/ros2_ur_driver/install/ur_dashboard_msgs/include/ur_dashboard_msgs/srv/detail/raw_request__struct.h
[53.311s] -- Installing: /home/hunajpu/trabajo_terminal/ros2_ur_driver/install/ur_dashboard_msgs/include/ur_dashboard_msgs/srv/detail/get_loaded_program__functions.h
[53.311s] -- Installing: /home/hunajpu/trabajo_terminal/ros2_ur_driver/install/ur_dashboard_msgs/include/ur_dashboard_msgs/srv/detail/get_safety_mode__functions.h
[53.311s] -- Installing: /home/hunajpu/trabajo_terminal/ros2_ur_driver/install/ur_dashboard_msgs/include/ur_dashboard_msgs/srv/detail/raw_request__functions.c
[53.311s] -- Installing: /home/hunajpu/trabajo_terminal/ros2_ur_driver/install/ur_dashboard_msgs/include/ur_dashboard_msgs/srv/detail/get_program_state__type_support.h
[53.312s] -- Installing: /home/hunajpu/trabajo_terminal/ros2_ur_driver/install/ur_dashboard_msgs/include/ur_dashboard_msgs/srv/detail/is_program_running__functions.h
[53.312s] -- Installing: /home/hunajpu/trabajo_terminal/ros2_ur_driver/install/ur_dashboard_msgs/include/ur_dashboard_msgs/srv/detail/is_program_saved__functions.h
[53.312s] -- Installing: /home/hunajpu/trabajo_terminal/ros2_ur_driver/install/ur_dashboard_msgs/include/ur_dashboard_msgs/srv/detail/popup__functions.h
[53.312s] -- Installing: /home/hunajpu/trabajo_terminal/ros2_ur_driver/install/ur_dashboard_msgs/include/ur_dashboard_msgs/srv/detail/popup__functions.c
[53.312s] -- Installing: /home/hunajpu/trabajo_terminal/ros2_ur_driver/install/ur_dashboard_msgs/include/ur_dashboard_msgs/srv/detail/get_safety_mode__type_support.h
[53.313s] -- Installing: /home/hunajpu/trabajo_terminal/ros2_ur_driver/install/ur_dashboard_msgs/include/ur_dashboard_msgs/srv/detail/load__struct.h
[53.313s] -- Installing: /home/hunajpu/trabajo_terminal/ros2_ur_driver/install/ur_dashboard_msgs/include/ur_dashboard_msgs/srv/detail/get_loaded_program__functions.c
[53.313s] -- Installing: /home/hunajpu/trabajo_terminal/ros2_ur_driver/install/ur_dashboard_msgs/include/ur_dashboard_msgs/srv/detail/get_loaded_program__type_support.h
[53.313s] -- Installing: /home/hunajpu/trabajo_terminal/ros2_ur_driver/install/ur_dashboard_msgs/include/ur_dashboard_msgs/srv/detail/get_robot_mode__functions.h
[53.314s] -- Installing: /home/hunajpu/trabajo_terminal/ros2_ur_driver/install/ur_dashboard_msgs/include/ur_dashboard_msgs/srv/detail/load__type_support.h
[53.314s] -- Installing: /home/hunajpu/trabajo_terminal/ros2_ur_driver/install/ur_dashboard_msgs/include/ur_dashboard_msgs/srv/detail/load__functions.c
[53.314s] -- Installing: /home/hunajpu/trabajo_terminal/ros2_ur_driver/install/ur_dashboard_msgs/include/ur_dashboard_msgs/srv/detail/is_program_running__type_support.h
[53.314s] -- Installing: /home/hunajpu/trabajo_terminal/ros2_ur_driver/install/ur_dashboard_msgs/include/ur_dashboard_msgs/srv/detail/get_program_state__functions.h
[53.314s] -- Installing: /home/hunajpu/trabajo_terminal/ros2_ur_driver/install/ur_dashboard_msgs/include/ur_dashboard_msgs/srv/detail/is_program_running__struct.h
[53.315s] -- Installing: /home/hunajpu/trabajo_terminal/ros2_ur_driver/install/ur_dashboard_msgs/include/ur_dashboard_msgs/srv/detail/is_program_saved__type_support.h
[53.315s] -- Installing: /home/hunajpu/trabajo_terminal/ros2_ur_driver/install/ur_dashboard_msgs/include/ur_dashboard_msgs/srv/detail/load__functions.h
[53.315s] -- Installing: /home/hunajpu/trabajo_terminal/ros2_ur_driver/install/ur_dashboard_msgs/include/ur_dashboard_msgs/srv/detail/add_to_log__functions.h
[53.315s] -- Installing: /home/hunajpu/trabajo_terminal/ros2_ur_driver/install/ur_dashboard_msgs/include/ur_dashboard_msgs/srv/detail/get_robot_mode__type_support.h
[53.315s] -- Installing: /home/hunajpu/trabajo_terminal/ros2_ur_driver/install/ur_dashboard_msgs/include/ur_dashboard_msgs/srv/detail/get_safety_mode__struct.h
[53.315s] -- Installing: /home/hunajpu/trabajo_terminal/ros2_ur_driver/install/ur_dashboard_msgs/include/ur_dashboard_msgs/srv/detail/is_program_saved__struct.h
[53.315s] -- Installing: /home/hunajpu/trabajo_terminal/ros2_ur_driver/install/ur_dashboard_msgs/include/ur_dashboard_msgs/srv/detail/add_to_log__struct.h
[53.316s] -- Installing: /home/hunajpu/trabajo_terminal/ros2_ur_driver/install/ur_dashboard_msgs/include/ur_dashboard_msgs/srv/detail/is_program_running__functions.c
[53.316s] -- Installing: /home/hunajpu/trabajo_terminal/ros2_ur_driver/install/ur_dashboard_msgs/include/ur_dashboard_msgs/srv/detail/popup__type_support.h
[53.316s] -- Installing: /home/hunajpu/trabajo_terminal/ros2_ur_driver/install/ur_dashboard_msgs/include/ur_dashboard_msgs/srv/detail/get_robot_mode__struct.h
[53.316s] -- Installing: /home/hunajpu/trabajo_terminal/ros2_ur_driver/install/ur_dashboard_msgs/include/ur_dashboard_msgs/srv/detail/get_loaded_program__struct.h
[53.316s] -- Installing: /home/hunajpu/trabajo_terminal/ros2_ur_driver/install/ur_dashboard_msgs/include/ur_dashboard_msgs/srv/detail/add_to_log__functions.c
[53.317s] -- Installing: /home/hunajpu/trabajo_terminal/ros2_ur_driver/install/ur_dashboard_msgs/include/ur_dashboard_msgs/srv/detail/raw_request__type_support.h
[53.317s] -- Installing: /home/hunajpu/trabajo_terminal/ros2_ur_driver/install/ur_dashboard_msgs/include/ur_dashboard_msgs/srv/detail/popup__struct.h
[53.317s] -- Installing: /home/hunajpu/trabajo_terminal/ros2_ur_driver/install/ur_dashboard_msgs/include/ur_dashboard_msgs/srv/detail/get_program_state__functions.c
[53.317s] -- Installing: /home/hunajpu/trabajo_terminal/ros2_ur_driver/install/ur_dashboard_msgs/include/ur_dashboard_msgs/srv/detail/get_safety_mode__functions.c
[53.317s] -- Installing: /home/hunajpu/trabajo_terminal/ros2_ur_driver/install/ur_dashboard_msgs/include/ur_dashboard_msgs/srv/detail/add_to_log__type_support.h
[53.317s] -- Installing: /home/hunajpu/trabajo_terminal/ros2_ur_driver/install/ur_dashboard_msgs/include/ur_dashboard_msgs/srv/detail/is_program_saved__functions.c
[53.318s] -- Installing: /home/hunajpu/trabajo_terminal/ros2_ur_driver/install/ur_dashboard_msgs/include/ur_dashboard_msgs/srv/detail/get_robot_mode__functions.c
[53.318s] -- Installing: /home/hunajpu/trabajo_terminal/ros2_ur_driver/install/ur_dashboard_msgs/include/ur_dashboard_msgs/srv/detail/get_program_state__struct.h
[53.318s] -- Installing: /home/hunajpu/trabajo_terminal/ros2_ur_driver/install/ur_dashboard_msgs/include/ur_dashboard_msgs/srv/detail/raw_request__functions.h
[53.318s] -- Installing: /home/hunajpu/trabajo_terminal/ros2_ur_driver/install/ur_dashboard_msgs/include/ur_dashboard_msgs/srv/get_loaded_program.h
[53.318s] -- Installing: /home/hunajpu/trabajo_terminal/ros2_ur_driver/install/ur_dashboard_msgs/include/ur_dashboard_msgs/srv/raw_request.h
[53.319s] -- Installing: /home/hunajpu/trabajo_terminal/ros2_ur_driver/install/ur_dashboard_msgs/include/ur_dashboard_msgs/srv/popup.h
[53.319s] -- Installing: /home/hunajpu/trabajo_terminal/ros2_ur_driver/install/ur_dashboard_msgs/include/ur_dashboard_msgs/srv/is_program_running.h
[53.319s] -- Installing: /home/hunajpu/trabajo_terminal/ros2_ur_driver/install/ur_dashboard_msgs/include/ur_dashboard_msgs/srv/is_program_saved.h
[53.319s] -- Installing: /home/hunajpu/trabajo_terminal/ros2_ur_driver/install/ur_dashboard_msgs/include/ur_dashboard_msgs/srv/add_to_log.h
[53.319s] -- Installing: /home/hunajpu/trabajo_terminal/ros2_ur_driver/install/ur_dashboard_msgs/include/ur_dashboard_msgs/msg
[53.320s] -- Installing: /home/hunajpu/trabajo_terminal/ros2_ur_driver/install/ur_dashboard_msgs/include/ur_dashboard_msgs/msg/rosidl_generator_c__visibility_control.h
[53.320s] -- Installing: /home/hunajpu/trabajo_terminal/ros2_ur_driver/install/ur_dashboard_msgs/include/ur_dashboard_msgs/msg/detail
[53.320s] -- Installing: /home/hunajpu/trabajo_terminal/ros2_ur_driver/install/ur_dashboard_msgs/include/ur_dashboard_msgs/msg/detail/robot_mode__type_support.h
[53.320s] -- Installing: /home/hunajpu/trabajo_terminal/ros2_ur_driver/install/ur_dashboard_msgs/include/ur_dashboard_msgs/msg/detail/safety_mode__functions.h
[53.321s] -- Installing: /home/hunajpu/trabajo_terminal/ros2_ur_driver/install/ur_dashboard_msgs/include/ur_dashboard_msgs/msg/detail/program_state__functions.c
[53.321s] -- Installing: /home/hunajpu/trabajo_terminal/ros2_ur_driver/install/ur_dashboard_msgs/include/ur_dashboard_msgs/msg/detail/safety_mode__struct.h
[53.321s] -- Installing: /home/hunajpu/trabajo_terminal/ros2_ur_driver/install/ur_dashboard_msgs/include/ur_dashboard_msgs/msg/detail/safety_mode__functions.c
[53.321s] -- Installing: /home/hunajpu/trabajo_terminal/ros2_ur_driver/install/ur_dashboard_msgs/include/ur_dashboard_msgs/msg/detail/program_state__type_support.h
[53.321s] -- Installing: /home/hunajpu/trabajo_terminal/ros2_ur_driver/install/ur_dashboard_msgs/include/ur_dashboard_msgs/msg/detail/robot_mode__struct.h
[53.321s] -- Installing: /home/hunajpu/trabajo_terminal/ros2_ur_driver/install/ur_dashboard_msgs/include/ur_dashboard_msgs/msg/detail/robot_mode__functions.c
[53.322s] -- Installing: /home/hunajpu/trabajo_terminal/ros2_ur_driver/install/ur_dashboard_msgs/include/ur_dashboard_msgs/msg/detail/program_state__struct.h
[53.322s] -- Installing: /home/hunajpu/trabajo_terminal/ros2_ur_driver/install/ur_dashboard_msgs/include/ur_dashboard_msgs/msg/detail/safety_mode__type_support.h
[53.322s] -- Installing: /home/hunajpu/trabajo_terminal/ros2_ur_driver/install/ur_dashboard_msgs/include/ur_dashboard_msgs/msg/detail/robot_mode__functions.h
[53.322s] -- Installing: /home/hunajpu/trabajo_terminal/ros2_ur_driver/install/ur_dashboard_msgs/include/ur_dashboard_msgs/msg/detail/program_state__functions.h
[53.322s] -- Installing: /home/hunajpu/trabajo_terminal/ros2_ur_driver/install/ur_dashboard_msgs/include/ur_dashboard_msgs/msg/robot_mode.h
[53.322s] -- Installing: /home/hunajpu/trabajo_terminal/ros2_ur_driver/install/ur_dashboard_msgs/include/ur_dashboard_msgs/msg/safety_mode.h
[53.323s] -- Installing: /home/hunajpu/trabajo_terminal/ros2_ur_driver/install/ur_dashboard_msgs/include/ur_dashboard_msgs/msg/program_state.h
[53.323s] -- Installing: /home/hunajpu/trabajo_terminal/ros2_ur_driver/install/ur_dashboard_msgs/include/ur_dashboard_msgs/action
[53.323s] -- Installing: /home/hunajpu/trabajo_terminal/ros2_ur_driver/install/ur_dashboard_msgs/include/ur_dashboard_msgs/action/set_mode.h
[53.323s] -- Installing: /home/hunajpu/trabajo_terminal/ros2_ur_driver/install/ur_dashboard_msgs/include/ur_dashboard_msgs/action/detail
[53.323s] -- Installing: /home/hunajpu/trabajo_terminal/ros2_ur_driver/install/ur_dashboard_msgs/include/ur_dashboard_msgs/action/detail/set_mode__functions.h
[53.323s] -- Installing: /home/hunajpu/trabajo_terminal/ros2_ur_driver/install/ur_dashboard_msgs/include/ur_dashboard_msgs/action/detail/set_mode__functions.c
[53.324s] -- Installing: /home/hunajpu/trabajo_terminal/ros2_ur_driver/install/ur_dashboard_msgs/include/ur_dashboard_msgs/action/detail/set_mode__struct.h
[53.324s] -- Installing: /home/hunajpu/trabajo_terminal/ros2_ur_driver/install/ur_dashboard_msgs/include/ur_dashboard_msgs/action/detail/set_mode__type_support.h
[53.324s] -- Installing: /home/hunajpu/trabajo_terminal/ros2_ur_driver/install/ur_dashboard_msgs/share/ur_dashboard_msgs/environment/library_path.sh
[53.324s] -- Installing: /home/hunajpu/trabajo_terminal/ros2_ur_driver/install/ur_dashboard_msgs/share/ur_dashboard_msgs/environment/library_path.dsv
[53.324s] -- Installing: /home/hunajpu/trabajo_terminal/ros2_ur_driver/install/ur_dashboard_msgs/lib/libur_dashboard_msgs__rosidl_generator_c.so
[53.325s] -- Set runtime path of "/home/hunajpu/trabajo_terminal/ros2_ur_driver/install/ur_dashboard_msgs/lib/libur_dashboard_msgs__rosidl_generator_c.so" to ""
[53.325s] -- Up-to-date: /home/hunajpu/trabajo_terminal/ros2_ur_driver/install/ur_dashboard_msgs/include/ur_dashboard_msgs
[53.325s] -- Up-to-date: /home/hunajpu/trabajo_terminal/ros2_ur_driver/install/ur_dashboard_msgs/include/ur_dashboard_msgs/srv
[53.325s] -- Up-to-date: /home/hunajpu/trabajo_terminal/ros2_ur_driver/install/ur_dashboard_msgs/include/ur_dashboard_msgs/srv/detail
[53.325s] -- Installing: /home/hunajpu/trabajo_terminal/ros2_ur_driver/install/ur_dashboard_msgs/include/ur_dashboard_msgs/srv/detail/popup__rosidl_typesupport_fastrtps_c.h
[53.325s] -- Installing: /home/hunajpu/trabajo_terminal/ros2_ur_driver/install/ur_dashboard_msgs/include/ur_dashboard_msgs/srv/detail/raw_request__rosidl_typesupport_fastrtps_c.h
[53.326s] -- Installing: /home/hunajpu/trabajo_terminal/ros2_ur_driver/install/ur_dashboard_msgs/include/ur_dashboard_msgs/srv/detail/get_robot_mode__rosidl_typesupport_fastrtps_c.h
[53.326s] -- Installing: /home/hunajpu/trabajo_terminal/ros2_ur_driver/install/ur_dashboard_msgs/include/ur_dashboard_msgs/srv/detail/is_program_running__rosidl_typesupport_fastrtps_c.h
[53.326s] -- Installing: /home/hunajpu/trabajo_terminal/ros2_ur_driver/install/ur_dashboard_msgs/include/ur_dashboard_msgs/srv/detail/get_loaded_program__rosidl_typesupport_fastrtps_c.h
[53.326s] -- Installing: /home/hunajpu/trabajo_terminal/ros2_ur_driver/install/ur_dashboard_msgs/include/ur_dashboard_msgs/srv/detail/add_to_log__rosidl_typesupport_fastrtps_c.h
[53.326s] -- Installing: /home/hunajpu/trabajo_terminal/ros2_ur_driver/install/ur_dashboard_msgs/include/ur_dashboard_msgs/srv/detail/is_program_saved__rosidl_typesupport_fastrtps_c.h
[53.327s] -- Installing: /home/hunajpu/trabajo_terminal/ros2_ur_driver/install/ur_dashboard_msgs/include/ur_dashboard_msgs/srv/detail/get_program_state__rosidl_typesupport_fastrtps_c.h
[53.327s] -- Installing: /home/hunajpu/trabajo_terminal/ros2_ur_driver/install/ur_dashboard_msgs/include/ur_dashboard_msgs/srv/detail/get_safety_mode__rosidl_typesupport_fastrtps_c.h
[53.327s] -- Installing: /home/hunajpu/trabajo_terminal/ros2_ur_driver/install/ur_dashboard_msgs/include/ur_dashboard_msgs/srv/detail/load__rosidl_typesupport_fastrtps_c.h
[53.327s] -- Up-to-date: /home/hunajpu/trabajo_terminal/ros2_ur_driver/install/ur_dashboard_msgs/include/ur_dashboard_msgs/msg
[53.327s] -- Up-to-date: /home/hunajpu/trabajo_terminal/ros2_ur_driver/install/ur_dashboard_msgs/include/ur_dashboard_msgs/msg/detail
[53.327s] -- Installing: /home/hunajpu/trabajo_terminal/ros2_ur_driver/install/ur_dashboard_msgs/include/ur_dashboard_msgs/msg/detail/safety_mode__rosidl_typesupport_fastrtps_c.h
[53.328s] -- Installing: /home/hunajpu/trabajo_terminal/ros2_ur_driver/install/ur_dashboard_msgs/include/ur_dashboard_msgs/msg/detail/program_state__rosidl_typesupport_fastrtps_c.h
[53.328s] -- Installing: /home/hunajpu/trabajo_terminal/ros2_ur_driver/install/ur_dashboard_msgs/include/ur_dashboard_msgs/msg/detail/robot_mode__rosidl_typesupport_fastrtps_c.h
[53.328s] -- Installing: /home/hunajpu/trabajo_terminal/ros2_ur_driver/install/ur_dashboard_msgs/include/ur_dashboard_msgs/msg/rosidl_typesupport_fastrtps_c__visibility_control.h
[53.328s] -- Up-to-date: /home/hunajpu/trabajo_terminal/ros2_ur_driver/install/ur_dashboard_msgs/include/ur_dashboard_msgs/action
[53.328s] -- Up-to-date: /home/hunajpu/trabajo_terminal/ros2_ur_driver/install/ur_dashboard_msgs/include/ur_dashboard_msgs/action/detail
[53.328s] -- Installing: /home/hunajpu/trabajo_terminal/ros2_ur_driver/install/ur_dashboard_msgs/include/ur_dashboard_msgs/action/detail/set_mode__rosidl_typesupport_fastrtps_c.h
[53.329s] -- Installing: /home/hunajpu/trabajo_terminal/ros2_ur_driver/install/ur_dashboard_msgs/lib/libur_dashboard_msgs__rosidl_typesupport_fastrtps_c.so
[53.329s] -- Set runtime path of "/home/hunajpu/trabajo_terminal/ros2_ur_driver/install/ur_dashboard_msgs/lib/libur_dashboard_msgs__rosidl_typesupport_fastrtps_c.so" to ""
[53.329s] -- Up-to-date: /home/hunajpu/trabajo_terminal/ros2_ur_driver/install/ur_dashboard_msgs/include/ur_dashboard_msgs
[53.329s] -- Up-to-date: /home/hunajpu/trabajo_terminal/ros2_ur_driver/install/ur_dashboard_msgs/include/ur_dashboard_msgs/srv
[53.329s] -- Up-to-date: /home/hunajpu/trabajo_terminal/ros2_ur_driver/install/ur_dashboard_msgs/include/ur_dashboard_msgs/srv/detail
[53.330s] -- Installing: /home/hunajpu/trabajo_terminal/ros2_ur_driver/install/ur_dashboard_msgs/include/ur_dashboard_msgs/srv/detail/get_loaded_program__rosidl_typesupport_fastrtps_cpp.hpp
[53.330s] -- Installing: /home/hunajpu/trabajo_terminal/ros2_ur_driver/install/ur_dashboard_msgs/include/ur_dashboard_msgs/srv/detail/get_program_state__rosidl_typesupport_fastrtps_cpp.hpp
[53.330s] -- Installing: /home/hunajpu/trabajo_terminal/ros2_ur_driver/install/ur_dashboard_msgs/include/ur_dashboard_msgs/srv/detail/is_program_saved__rosidl_typesupport_fastrtps_cpp.hpp
[53.330s] -- Installing: /home/hunajpu/trabajo_terminal/ros2_ur_driver/install/ur_dashboard_msgs/include/ur_dashboard_msgs/srv/detail/get_safety_mode__rosidl_typesupport_fastrtps_cpp.hpp
[53.330s] -- Installing: /home/hunajpu/trabajo_terminal/ros2_ur_driver/install/ur_dashboard_msgs/include/ur_dashboard_msgs/srv/detail/load__rosidl_typesupport_fastrtps_cpp.hpp
[53.330s] -- Installing: /home/hunajpu/trabajo_terminal/ros2_ur_driver/install/ur_dashboard_msgs/include/ur_dashboard_msgs/srv/detail/popup__rosidl_typesupport_fastrtps_cpp.hpp
[53.331s] -- Installing: /home/hunajpu/trabajo_terminal/ros2_ur_driver/install/ur_dashboard_msgs/include/ur_dashboard_msgs/srv/detail/dds_fastrtps
[53.331s] -- Installing: /home/hunajpu/trabajo_terminal/ros2_ur_driver/install/ur_dashboard_msgs/include/ur_dashboard_msgs/srv/detail/is_program_running__rosidl_typesupport_fastrtps_cpp.hpp
[53.331s] -- Installing: /home/hunajpu/trabajo_terminal/ros2_ur_driver/install/ur_dashboard_msgs/include/ur_dashboard_msgs/srv/detail/raw_request__rosidl_typesupport_fastrtps_cpp.hpp
[53.331s] -- Installing: /home/hunajpu/trabajo_terminal/ros2_ur_driver/install/ur_dashboard_msgs/include/ur_dashboard_msgs/srv/detail/get_robot_mode__rosidl_typesupport_fastrtps_cpp.hpp
[53.331s] -- Installing: /home/hunajpu/trabajo_terminal/ros2_ur_driver/install/ur_dashboard_msgs/include/ur_dashboard_msgs/srv/detail/add_to_log__rosidl_typesupport_fastrtps_cpp.hpp
[53.332s] -- Up-to-date: /home/hunajpu/trabajo_terminal/ros2_ur_driver/install/ur_dashboard_msgs/include/ur_dashboard_msgs/msg
[53.332s] -- Up-to-date: /home/hunajpu/trabajo_terminal/ros2_ur_driver/install/ur_dashboard_msgs/include/ur_dashboard_msgs/msg/detail
[53.332s] -- Installing: /home/hunajpu/trabajo_terminal/ros2_ur_driver/install/ur_dashboard_msgs/include/ur_dashboard_msgs/msg/detail/robot_mode__rosidl_typesupport_fastrtps_cpp.hpp
[53.332s] -- Installing: /home/hunajpu/trabajo_terminal/ros2_ur_driver/install/ur_dashboard_msgs/include/ur_dashboard_msgs/msg/detail/safety_mode__rosidl_typesupport_fastrtps_cpp.hpp
[53.332s] -- Installing: /home/hunajpu/trabajo_terminal/ros2_ur_driver/install/ur_dashboard_msgs/include/ur_dashboard_msgs/msg/detail/dds_fastrtps
[53.332s] -- Installing: /home/hunajpu/trabajo_terminal/ros2_ur_driver/install/ur_dashboard_msgs/include/ur_dashboard_msgs/msg/detail/program_state__rosidl_typesupport_fastrtps_cpp.hpp
[53.333s] -- Installing: /home/hunajpu/trabajo_terminal/ros2_ur_driver/install/ur_dashboard_msgs/include/ur_dashboard_msgs/msg/rosidl_typesupport_fastrtps_cpp__visibility_control.h
[53.333s] -- Up-to-date: /home/hunajpu/trabajo_terminal/ros2_ur_driver/install/ur_dashboard_msgs/include/ur_dashboard_msgs/action
[53.333s] -- Up-to-date: /home/hunajpu/trabajo_terminal/ros2_ur_driver/install/ur_dashboard_msgs/include/ur_dashboard_msgs/action/detail
[53.333s] -- Installing: /home/hunajpu/trabajo_terminal/ros2_ur_driver/install/ur_dashboard_msgs/include/ur_dashboard_msgs/action/detail/set_mode__rosidl_typesupport_fastrtps_cpp.hpp
[53.333s] -- Installing: /home/hunajpu/trabajo_terminal/ros2_ur_driver/install/ur_dashboard_msgs/include/ur_dashboard_msgs/action/detail/dds_fastrtps
[53.333s] -- Installing: /home/hunajpu/trabajo_terminal/ros2_ur_driver/install/ur_dashboard_msgs/lib/libur_dashboard_msgs__rosidl_typesupport_fastrtps_cpp.so
[53.334s] -- Set runtime path of "/home/hunajpu/trabajo_terminal/ros2_ur_driver/install/ur_dashboard_msgs/lib/libur_dashboard_msgs__rosidl_typesupport_fastrtps_cpp.so" to ""
[53.334s] -- Up-to-date: /home/hunajpu/trabajo_terminal/ros2_ur_driver/install/ur_dashboard_msgs/include/ur_dashboard_msgs
[53.334s] -- Up-to-date: /home/hunajpu/trabajo_terminal/ros2_ur_driver/install/ur_dashboard_msgs/include/ur_dashboard_msgs/srv
[53.334s] -- Up-to-date: /home/hunajpu/trabajo_terminal/ros2_ur_driver/install/ur_dashboard_msgs/include/ur_dashboard_msgs/srv/detail
[53.334s] -- Installing: /home/hunajpu/trabajo_terminal/ros2_ur_driver/install/ur_dashboard_msgs/include/ur_dashboard_msgs/srv/detail/is_program_saved__type_support.c
[53.335s] -- Installing: /home/hunajpu/trabajo_terminal/ros2_ur_driver/install/ur_dashboard_msgs/include/ur_dashboard_msgs/srv/detail/is_program_saved__rosidl_typesupport_introspection_c.h
[53.335s] -- Installing: /home/hunajpu/trabajo_terminal/ros2_ur_driver/install/ur_dashboard_msgs/include/ur_dashboard_msgs/srv/detail/add_to_log__rosidl_typesupport_introspection_c.h
[53.335s] -- Installing: /home/hunajpu/trabajo_terminal/ros2_ur_driver/install/ur_dashboard_msgs/include/ur_dashboard_msgs/srv/detail/get_robot_mode__type_support.c
[53.335s] -- Installing: /home/hunajpu/trabajo_terminal/ros2_ur_driver/install/ur_dashboard_msgs/include/ur_dashboard_msgs/srv/detail/get_loaded_program__rosidl_typesupport_introspection_c.h
[53.335s] -- Installing: /home/hunajpu/trabajo_terminal/ros2_ur_driver/install/ur_dashboard_msgs/include/ur_dashboard_msgs/srv/detail/add_to_log__type_support.c
[53.335s] -- Installing: /home/hunajpu/trabajo_terminal/ros2_ur_driver/install/ur_dashboard_msgs/include/ur_dashboard_msgs/srv/detail/is_program_running__type_support.c
[53.336s] -- Installing: /home/hunajpu/trabajo_terminal/ros2_ur_driver/install/ur_dashboard_msgs/include/ur_dashboard_msgs/srv/detail/get_loaded_program__type_support.c
[53.336s] -- Installing: /home/hunajpu/trabajo_terminal/ros2_ur_driver/install/ur_dashboard_msgs/include/ur_dashboard_msgs/srv/detail/get_program_state__rosidl_typesupport_introspection_c.h
[53.336s] -- Installing: /home/hunajpu/trabajo_terminal/ros2_ur_driver/install/ur_dashboard_msgs/include/ur_dashboard_msgs/srv/detail/raw_request__rosidl_typesupport_introspection_c.h
[53.336s] -- Installing: /home/hunajpu/trabajo_terminal/ros2_ur_driver/install/ur_dashboard_msgs/include/ur_dashboard_msgs/srv/detail/get_robot_mode__rosidl_typesupport_introspection_c.h
[53.336s] -- Installing: /home/hunajpu/trabajo_terminal/ros2_ur_driver/install/ur_dashboard_msgs/include/ur_dashboard_msgs/srv/detail/popup__rosidl_typesupport_introspection_c.h
[53.336s] -- Installing: /home/hunajpu/trabajo_terminal/ros2_ur_driver/install/ur_dashboard_msgs/include/ur_dashboard_msgs/srv/detail/popup__type_support.c
[53.336s] -- Installing: /home/hunajpu/trabajo_terminal/ros2_ur_driver/install/ur_dashboard_msgs/include/ur_dashboard_msgs/srv/detail/load__type_support.c
[53.337s] -- Installing: /home/hunajpu/trabajo_terminal/ros2_ur_driver/install/ur_dashboard_msgs/include/ur_dashboard_msgs/srv/detail/is_program_running__rosidl_typesupport_introspection_c.h
[53.337s] -- Installing: /home/hunajpu/trabajo_terminal/ros2_ur_driver/install/ur_dashboard_msgs/include/ur_dashboard_msgs/srv/detail/get_safety_mode__rosidl_typesupport_introspection_c.h
[53.337s] -- Installing: /home/hunajpu/trabajo_terminal/ros2_ur_driver/install/ur_dashboard_msgs/include/ur_dashboard_msgs/srv/detail/load__rosidl_typesupport_introspection_c.h
[53.337s] -- Installing: /home/hunajpu/trabajo_terminal/ros2_ur_driver/install/ur_dashboard_msgs/include/ur_dashboard_msgs/srv/detail/raw_request__type_support.c
[53.337s] -- Installing: /home/hunajpu/trabajo_terminal/ros2_ur_driver/install/ur_dashboard_msgs/include/ur_dashboard_msgs/srv/detail/get_program_state__type_support.c
[53.338s] -- Installing: /home/hunajpu/trabajo_terminal/ros2_ur_driver/install/ur_dashboard_msgs/include/ur_dashboard_msgs/srv/detail/get_safety_mode__type_support.c
[53.338s] -- Up-to-date: /home/hunajpu/trabajo_terminal/ros2_ur_driver/install/ur_dashboard_msgs/include/ur_dashboard_msgs/msg
[53.338s] -- Up-to-date: /home/hunajpu/trabajo_terminal/ros2_ur_driver/install/ur_dashboard_msgs/include/ur_dashboard_msgs/msg/detail
[53.338s] -- Installing: /home/hunajpu/trabajo_terminal/ros2_ur_driver/install/ur_dashboard_msgs/include/ur_dashboard_msgs/msg/detail/program_state__rosidl_typesupport_introspection_c.h
[53.338s] -- Installing: /home/hunajpu/trabajo_terminal/ros2_ur_driver/install/ur_dashboard_msgs/include/ur_dashboard_msgs/msg/detail/robot_mode__type_support.c
[53.338s] -- Installing: /home/hunajpu/trabajo_terminal/ros2_ur_driver/install/ur_dashboard_msgs/include/ur_dashboard_msgs/msg/detail/program_state__type_support.c
[53.339s] -- Installing: /home/hunajpu/trabajo_terminal/ros2_ur_driver/install/ur_dashboard_msgs/include/ur_dashboard_msgs/msg/detail/robot_mode__rosidl_typesupport_introspection_c.h
[53.339s] -- Installing: /home/hunajpu/trabajo_terminal/ros2_ur_driver/install/ur_dashboard_msgs/include/ur_dashboard_msgs/msg/detail/safety_mode__type_support.c
[53.339s] -- Installing: /home/hunajpu/trabajo_terminal/ros2_ur_driver/install/ur_dashboard_msgs/include/ur_dashboard_msgs/msg/detail/safety_mode__rosidl_typesupport_introspection_c.h
[53.339s] -- Installing: /home/hunajpu/trabajo_terminal/ros2_ur_driver/install/ur_dashboard_msgs/include/ur_dashboard_msgs/msg/rosidl_typesupport_introspection_c__visibility_control.h
[53.339s] -- Up-to-date: /home/hunajpu/trabajo_terminal/ros2_ur_driver/install/ur_dashboard_msgs/include/ur_dashboard_msgs/action
[53.339s] -- Up-to-date: /home/hunajpu/trabajo_terminal/ros2_ur_driver/install/ur_dashboard_msgs/include/ur_dashboard_msgs/action/detail
[53.340s] -- Installing: /home/hunajpu/trabajo_terminal/ros2_ur_driver/install/ur_dashboard_msgs/include/ur_dashboard_msgs/action/detail/set_mode__rosidl_typesupport_introspection_c.h
[53.340s] -- Installing: /home/hunajpu/trabajo_terminal/ros2_ur_driver/install/ur_dashboard_msgs/include/ur_dashboard_msgs/action/detail/set_mode__type_support.c
[53.340s] -- Installing: /home/hunajpu/trabajo_terminal/ros2_ur_driver/install/ur_dashboard_msgs/lib/libur_dashboard_msgs__rosidl_typesupport_introspection_c.so
[53.340s] -- Set runtime path of "/home/hunajpu/trabajo_terminal/ros2_ur_driver/install/ur_dashboard_msgs/lib/libur_dashboard_msgs__rosidl_typesupport_introspection_c.so" to ""
[53.340s] -- Installing: /home/hunajpu/trabajo_terminal/ros2_ur_driver/install/ur_dashboard_msgs/lib/libur_dashboard_msgs__rosidl_typesupport_c.so
[53.341s] -- Set runtime path of "/home/hunajpu/trabajo_terminal/ros2_ur_driver/install/ur_dashboard_msgs/lib/libur_dashboard_msgs__rosidl_typesupport_c.so" to ""
[53.341s] -- Up-to-date: /home/hunajpu/trabajo_terminal/ros2_ur_driver/install/ur_dashboard_msgs/include/ur_dashboard_msgs
[53.341s] -- Up-to-date: /home/hunajpu/trabajo_terminal/ros2_ur_driver/install/ur_dashboard_msgs/include/ur_dashboard_msgs/srv
[53.341s] -- Installing: /home/hunajpu/trabajo_terminal/ros2_ur_driver/install/ur_dashboard_msgs/include/ur_dashboard_msgs/srv/get_loaded_program.hpp
[53.341s] -- Installing: /home/hunajpu/trabajo_terminal/ros2_ur_driver/install/ur_dashboard_msgs/include/ur_dashboard_msgs/srv/is_program_saved.hpp
[53.341s] -- Installing: /home/hunajpu/trabajo_terminal/ros2_ur_driver/install/ur_dashboard_msgs/include/ur_dashboard_msgs/srv/get_robot_mode.hpp
[53.342s] -- Installing: /home/hunajpu/trabajo_terminal/ros2_ur_driver/install/ur_dashboard_msgs/include/ur_dashboard_msgs/srv/is_program_running.hpp
[53.342s] -- Up-to-date: /home/hunajpu/trabajo_terminal/ros2_ur_driver/install/ur_dashboard_msgs/include/ur_dashboard_msgs/srv/detail
[53.342s] -- Installing: /home/hunajpu/trabajo_terminal/ros2_ur_driver/install/ur_dashboard_msgs/include/ur_dashboard_msgs/srv/detail/get_program_state__struct.hpp
[53.342s] -- Installing: /home/hunajpu/trabajo_terminal/ros2_ur_driver/install/ur_dashboard_msgs/include/ur_dashboard_msgs/srv/detail/get_robot_mode__struct.hpp
[53.342s] -- Installing: /home/hunajpu/trabajo_terminal/ros2_ur_driver/install/ur_dashboard_msgs/include/ur_dashboard_msgs/srv/detail/get_safety_mode__traits.hpp
[53.343s] -- Installing: /home/hunajpu/trabajo_terminal/ros2_ur_driver/install/ur_dashboard_msgs/include/ur_dashboard_msgs/srv/detail/get_robot_mode__traits.hpp
[53.343s] -- Installing: /home/hunajpu/trabajo_terminal/ros2_ur_driver/install/ur_dashboard_msgs/include/ur_dashboard_msgs/srv/detail/is_program_running__traits.hpp
[53.343s] -- Installing: /home/hunajpu/trabajo_terminal/ros2_ur_driver/install/ur_dashboard_msgs/include/ur_dashboard_msgs/srv/detail/get_safety_mode__builder.hpp
[53.343s] -- Installing: /home/hunajpu/trabajo_terminal/ros2_ur_driver/install/ur_dashboard_msgs/include/ur_dashboard_msgs/srv/detail/load__struct.hpp
[53.343s] -- Installing: /home/hunajpu/trabajo_terminal/ros2_ur_driver/install/ur_dashboard_msgs/include/ur_dashboard_msgs/srv/detail/is_program_saved__builder.hpp
[53.343s] -- Installing: /home/hunajpu/trabajo_terminal/ros2_ur_driver/install/ur_dashboard_msgs/include/ur_dashboard_msgs/srv/detail/add_to_log__traits.hpp
[53.344s] -- Installing: /home/hunajpu/trabajo_terminal/ros2_ur_driver/install/ur_dashboard_msgs/include/ur_dashboard_msgs/srv/detail/get_robot_mode__builder.hpp
[53.344s] -- Installing: /home/hunajpu/trabajo_terminal/ros2_ur_driver/install/ur_dashboard_msgs/include/ur_dashboard_msgs/srv/detail/load__builder.hpp
[53.344s] -- Installing: /home/hunajpu/trabajo_terminal/ros2_ur_driver/install/ur_dashboard_msgs/include/ur_dashboard_msgs/srv/detail/add_to_log__builder.hpp
[53.344s] -- Installing: /home/hunajpu/trabajo_terminal/ros2_ur_driver/install/ur_dashboard_msgs/include/ur_dashboard_msgs/srv/detail/raw_request__traits.hpp
[53.344s] -- Installing: /home/hunajpu/trabajo_terminal/ros2_ur_driver/install/ur_dashboard_msgs/include/ur_dashboard_msgs/srv/detail/get_program_state__traits.hpp
[53.345s] -- Installing: /home/hunajpu/trabajo_terminal/ros2_ur_driver/install/ur_dashboard_msgs/include/ur_dashboard_msgs/srv/detail/is_program_saved__traits.hpp
[53.345s] -- Installing: /home/hunajpu/trabajo_terminal/ros2_ur_driver/install/ur_dashboard_msgs/include/ur_dashboard_msgs/srv/detail/popup__struct.hpp
[53.345s] -- Installing: /home/hunajpu/trabajo_terminal/ros2_ur_driver/install/ur_dashboard_msgs/include/ur_dashboard_msgs/srv/detail/get_program_state__builder.hpp
[53.345s] -- Installing: /home/hunajpu/trabajo_terminal/ros2_ur_driver/install/ur_dashboard_msgs/include/ur_dashboard_msgs/srv/detail/is_program_running__struct.hpp
[53.345s] -- Installing: /home/hunajpu/trabajo_terminal/ros2_ur_driver/install/ur_dashboard_msgs/include/ur_dashboard_msgs/srv/detail/popup__builder.hpp
[53.346s] -- Installing: /home/hunajpu/trabajo_terminal/ros2_ur_driver/install/ur_dashboard_msgs/include/ur_dashboard_msgs/srv/detail/get_loaded_program__traits.hpp
[53.346s] -- Installing: /home/hunajpu/trabajo_terminal/ros2_ur_driver/install/ur_dashboard_msgs/include/ur_dashboard_msgs/srv/detail/get_loaded_program__struct.hpp
[53.346s] -- Installing: /home/hunajpu/trabajo_terminal/ros2_ur_driver/install/ur_dashboard_msgs/include/ur_dashboard_msgs/srv/detail/popup__traits.hpp
[53.346s] -- Installing: /home/hunajpu/trabajo_terminal/ros2_ur_driver/install/ur_dashboard_msgs/include/ur_dashboard_msgs/srv/detail/raw_request__builder.hpp
[53.346s] -- Installing: /home/hunajpu/trabajo_terminal/ros2_ur_driver/install/ur_dashboard_msgs/include/ur_dashboard_msgs/srv/detail/add_to_log__struct.hpp
[53.346s] -- Installing: /home/hunajpu/trabajo_terminal/ros2_ur_driver/install/ur_dashboard_msgs/include/ur_dashboard_msgs/srv/detail/is_program_saved__struct.hpp
[53.347s] -- Installing: /home/hunajpu/trabajo_terminal/ros2_ur_driver/install/ur_dashboard_msgs/include/ur_dashboard_msgs/srv/detail/is_program_running__builder.hpp
[53.347s] -- Installing: /home/hunajpu/trabajo_terminal/ros2_ur_driver/install/ur_dashboard_msgs/include/ur_dashboard_msgs/srv/detail/get_safety_mode__struct.hpp
[53.347s] -- Installing: /home/hunajpu/trabajo_terminal/ros2_ur_driver/install/ur_dashboard_msgs/include/ur_dashboard_msgs/srv/detail/get_loaded_program__builder.hpp
[53.347s] -- Installing: /home/hunajpu/trabajo_terminal/ros2_ur_driver/install/ur_dashboard_msgs/include/ur_dashboard_msgs/srv/detail/load__traits.hpp
[53.347s] -- Installing: /home/hunajpu/trabajo_terminal/ros2_ur_driver/install/ur_dashboard_msgs/include/ur_dashboard_msgs/srv/detail/raw_request__struct.hpp
[53.348s] -- Installing: /home/hunajpu/trabajo_terminal/ros2_ur_driver/install/ur_dashboard_msgs/include/ur_dashboard_msgs/srv/add_to_log.hpp
[53.348s] -- Installing: /home/hunajpu/trabajo_terminal/ros2_ur_driver/install/ur_dashboard_msgs/include/ur_dashboard_msgs/srv/get_program_state.hpp
[53.348s] -- Installing: /home/hunajpu/trabajo_terminal/ros2_ur_driver/install/ur_dashboard_msgs/include/ur_dashboard_msgs/srv/popup.hpp
[53.348s] -- Installing: /home/hunajpu/trabajo_terminal/ros2_ur_driver/install/ur_dashboard_msgs/include/ur_dashboard_msgs/srv/raw_request.hpp
[53.348s] -- Installing: /home/hunajpu/trabajo_terminal/ros2_ur_driver/install/ur_dashboard_msgs/include/ur_dashboard_msgs/srv/get_safety_mode.hpp
[53.348s] -- Installing: /home/hunajpu/trabajo_terminal/ros2_ur_driver/install/ur_dashboard_msgs/include/ur_dashboard_msgs/srv/load.hpp
[53.349s] -- Up-to-date: /home/hunajpu/trabajo_terminal/ros2_ur_driver/install/ur_dashboard_msgs/include/ur_dashboard_msgs/msg
[53.349s] -- Installing: /home/hunajpu/trabajo_terminal/ros2_ur_driver/install/ur_dashboard_msgs/include/ur_dashboard_msgs/msg/safety_mode.hpp
[53.349s] -- Up-to-date: /home/hunajpu/trabajo_terminal/ros2_ur_driver/install/ur_dashboard_msgs/include/ur_dashboard_msgs/msg/detail
[53.349s] -- Installing: /home/hunajpu/trabajo_terminal/ros2_ur_driver/install/ur_dashboard_msgs/include/ur_dashboard_msgs/msg/detail/safety_mode__traits.hpp
[53.349s] -- Installing: /home/hunajpu/trabajo_terminal/ros2_ur_driver/install/ur_dashboard_msgs/include/ur_dashboard_msgs/msg/detail/program_state__struct.hpp
[53.349s] -- Installing: /home/hunajpu/trabajo_terminal/ros2_ur_driver/install/ur_dashboard_msgs/include/ur_dashboard_msgs/msg/detail/program_state__traits.hpp
[53.350s] -- Installing: /home/hunajpu/trabajo_terminal/ros2_ur_driver/install/ur_dashboard_msgs/include/ur_dashboard_msgs/msg/detail/robot_mode__traits.hpp
[53.350s] -- Installing: /home/hunajpu/trabajo_terminal/ros2_ur_driver/install/ur_dashboard_msgs/include/ur_dashboard_msgs/msg/detail/safety_mode__builder.hpp
[53.350s] -- Installing: /home/hunajpu/trabajo_terminal/ros2_ur_driver/install/ur_dashboard_msgs/include/ur_dashboard_msgs/msg/detail/robot_mode__builder.hpp
[53.350s] -- Installing: /home/hunajpu/trabajo_terminal/ros2_ur_driver/install/ur_dashboard_msgs/include/ur_dashboard_msgs/msg/detail/robot_mode__struct.hpp
[53.350s] -- Installing: /home/hunajpu/trabajo_terminal/ros2_ur_driver/install/ur_dashboard_msgs/include/ur_dashboard_msgs/msg/detail/program_state__builder.hpp
[53.351s] -- Installing: /home/hunajpu/trabajo_terminal/ros2_ur_driver/install/ur_dashboard_msgs/include/ur_dashboard_msgs/msg/detail/safety_mode__struct.hpp
[53.351s] -- Installing: /home/hunajpu/trabajo_terminal/ros2_ur_driver/install/ur_dashboard_msgs/include/ur_dashboard_msgs/msg/program_state.hpp
[53.351s] -- Installing: /home/hunajpu/trabajo_terminal/ros2_ur_driver/install/ur_dashboard_msgs/include/ur_dashboard_msgs/msg/robot_mode.hpp
[53.351s] -- Up-to-date: /home/hunajpu/trabajo_terminal/ros2_ur_driver/install/ur_dashboard_msgs/include/ur_dashboard_msgs/action
[53.351s] -- Up-to-date: /home/hunajpu/trabajo_terminal/ros2_ur_driver/install/ur_dashboard_msgs/include/ur_dashboard_msgs/action/detail
[53.351s] -- Installing: /home/hunajpu/trabajo_terminal/ros2_ur_driver/install/ur_dashboard_msgs/include/ur_dashboard_msgs/action/detail/set_mode__builder.hpp
[53.352s] -- Installing: /home/hunajpu/trabajo_terminal/ros2_ur_driver/install/ur_dashboard_msgs/include/ur_dashboard_msgs/action/detail/set_mode__traits.hpp
[53.352s] -- Installing: /home/hunajpu/trabajo_terminal/ros2_ur_driver/install/ur_dashboard_msgs/include/ur_dashboard_msgs/action/detail/set_mode__struct.hpp
[53.352s] -- Installing: /home/hunajpu/trabajo_terminal/ros2_ur_driver/install/ur_dashboard_msgs/include/ur_dashboard_msgs/action/set_mode.hpp
[53.352s] -- Up-to-date: /home/hunajpu/trabajo_terminal/ros2_ur_driver/install/ur_dashboard_msgs/include/ur_dashboard_msgs
[53.352s] -- Up-to-date: /home/hunajpu/trabajo_terminal/ros2_ur_driver/install/ur_dashboard_msgs/include/ur_dashboard_msgs/srv
[53.352s] -- Up-to-date: /home/hunajpu/trabajo_terminal/ros2_ur_driver/install/ur_dashboard_msgs/include/ur_dashboard_msgs/srv/detail
[53.353s] -- Installing: /home/hunajpu/trabajo_terminal/ros2_ur_driver/install/ur_dashboard_msgs/include/ur_dashboard_msgs/srv/detail/get_loaded_program__type_support.cpp
[53.353s] -- Installing: /home/hunajpu/trabajo_terminal/ros2_ur_driver/install/ur_dashboard_msgs/include/ur_dashboard_msgs/srv/detail/get_robot_mode__type_support.cpp
[53.353s] -- Installing: /home/hunajpu/trabajo_terminal/ros2_ur_driver/install/ur_dashboard_msgs/include/ur_dashboard_msgs/srv/detail/is_program_saved__rosidl_typesupport_introspection_cpp.hpp
[53.353s] -- Installing: /home/hunajpu/trabajo_terminal/ros2_ur_driver/install/ur_dashboard_msgs/include/ur_dashboard_msgs/srv/detail/raw_request__type_support.cpp
[53.353s] -- Installing: /home/hunajpu/trabajo_terminal/ros2_ur_driver/install/ur_dashboard_msgs/include/ur_dashboard_msgs/srv/detail/get_loaded_program__rosidl_typesupport_introspection_cpp.hpp
[53.353s] -- Installing: /home/hunajpu/trabajo_terminal/ros2_ur_driver/install/ur_dashboard_msgs/include/ur_dashboard_msgs/srv/detail/add_to_log__rosidl_typesupport_introspection_cpp.hpp
[53.354s] -- Installing: /home/hunajpu/trabajo_terminal/ros2_ur_driver/install/ur_dashboard_msgs/include/ur_dashboard_msgs/srv/detail/is_program_running__rosidl_typesupport_introspection_cpp.hpp
[53.354s] -- Installing: /home/hunajpu/trabajo_terminal/ros2_ur_driver/install/ur_dashboard_msgs/include/ur_dashboard_msgs/srv/detail/raw_request__rosidl_typesupport_introspection_cpp.hpp
[53.354s] -- Installing: /home/hunajpu/trabajo_terminal/ros2_ur_driver/install/ur_dashboard_msgs/include/ur_dashboard_msgs/srv/detail/get_safety_mode__type_support.cpp
[53.354s] -- Installing: /home/hunajpu/trabajo_terminal/ros2_ur_driver/install/ur_dashboard_msgs/include/ur_dashboard_msgs/srv/detail/load__type_support.cpp
[53.354s] -- Installing: /home/hunajpu/trabajo_terminal/ros2_ur_driver/install/ur_dashboard_msgs/include/ur_dashboard_msgs/srv/detail/get_program_state__rosidl_typesupport_introspection_cpp.hpp
[53.354s] -- Installing: /home/hunajpu/trabajo_terminal/ros2_ur_driver/install/ur_dashboard_msgs/include/ur_dashboard_msgs/srv/detail/load__rosidl_typesupport_introspection_cpp.hpp
[53.354s] -- Installing: /home/hunajpu/trabajo_terminal/ros2_ur_driver/install/ur_dashboard_msgs/include/ur_dashboard_msgs/srv/detail/popup__type_support.cpp
[53.355s] -- Installing: /home/hunajpu/trabajo_terminal/ros2_ur_driver/install/ur_dashboard_msgs/include/ur_dashboard_msgs/srv/detail/add_to_log__type_support.cpp
[53.355s] -- Installing: /home/hunajpu/trabajo_terminal/ros2_ur_driver/install/ur_dashboard_msgs/include/ur_dashboard_msgs/srv/detail/get_robot_mode__rosidl_typesupport_introspection_cpp.hpp
[53.355s] -- Installing: /home/hunajpu/trabajo_terminal/ros2_ur_driver/install/ur_dashboard_msgs/include/ur_dashboard_msgs/srv/detail/get_program_state__type_support.cpp
[53.355s] -- Installing: /home/hunajpu/trabajo_terminal/ros2_ur_driver/install/ur_dashboard_msgs/include/ur_dashboard_msgs/srv/detail/popup__rosidl_typesupport_introspection_cpp.hpp
[53.355s] -- Installing: /home/hunajpu/trabajo_terminal/ros2_ur_driver/install/ur_dashboard_msgs/include/ur_dashboard_msgs/srv/detail/is_program_saved__type_support.cpp
[53.355s] -- Installing: /home/hunajpu/trabajo_terminal/ros2_ur_driver/install/ur_dashboard_msgs/include/ur_dashboard_msgs/srv/detail/get_safety_mode__rosidl_typesupport_introspection_cpp.hpp
[53.355s] -- Installing: /home/hunajpu/trabajo_terminal/ros2_ur_driver/install/ur_dashboard_msgs/include/ur_dashboard_msgs/srv/detail/is_program_running__type_support.cpp
[53.355s] -- Up-to-date: /home/hunajpu/trabajo_terminal/ros2_ur_driver/install/ur_dashboard_msgs/include/ur_dashboard_msgs/msg
[53.355s] -- Up-to-date: /home/hunajpu/trabajo_terminal/ros2_ur_driver/install/ur_dashboard_msgs/include/ur_dashboard_msgs/msg/detail
[53.355s] -- Installing: /home/hunajpu/trabajo_terminal/ros2_ur_driver/install/ur_dashboard_msgs/include/ur_dashboard_msgs/msg/detail/robot_mode__type_support.cpp
[53.356s] -- Installing: /home/hunajpu/trabajo_terminal/ros2_ur_driver/install/ur_dashboard_msgs/include/ur_dashboard_msgs/msg/detail/robot_mode__rosidl_typesupport_introspection_cpp.hpp
[53.356s] -- Installing: /home/hunajpu/trabajo_terminal/ros2_ur_driver/install/ur_dashboard_msgs/include/ur_dashboard_msgs/msg/detail/program_state__rosidl_typesupport_introspection_cpp.hpp
[53.356s] -- Installing: /home/hunajpu/trabajo_terminal/ros2_ur_driver/install/ur_dashboard_msgs/include/ur_dashboard_msgs/msg/detail/safety_mode__rosidl_typesupport_introspection_cpp.hpp
[53.356s] -- Installing: /home/hunajpu/trabajo_terminal/ros2_ur_driver/install/ur_dashboard_msgs/include/ur_dashboard_msgs/msg/detail/safety_mode__type_support.cpp
[53.356s] -- Installing: /home/hunajpu/trabajo_terminal/ros2_ur_driver/install/ur_dashboard_msgs/include/ur_dashboard_msgs/msg/detail/program_state__type_support.cpp
[53.356s] -- Up-to-date: /home/hunajpu/trabajo_terminal/ros2_ur_driver/install/ur_dashboard_msgs/include/ur_dashboard_msgs/action
[53.356s] -- Up-to-date: /home/hunajpu/trabajo_terminal/ros2_ur_driver/install/ur_dashboard_msgs/include/ur_dashboard_msgs/action/detail
[53.356s] -- Installing: /home/hunajpu/trabajo_terminal/ros2_ur_driver/install/ur_dashboard_msgs/include/ur_dashboard_msgs/action/detail/set_mode__type_support.cpp
[53.356s] -- Installing: /home/hunajpu/trabajo_terminal/ros2_ur_driver/install/ur_dashboard_msgs/include/ur_dashboard_msgs/action/detail/set_mode__rosidl_typesupport_introspection_cpp.hpp
[53.356s] -- Installing: /home/hunajpu/trabajo_terminal/ros2_ur_driver/install/ur_dashboard_msgs/lib/libur_dashboard_msgs__rosidl_typesupport_introspection_cpp.so
[53.356s] -- Set runtime path of "/home/hunajpu/trabajo_terminal/ros2_ur_driver/install/ur_dashboard_msgs/lib/libur_dashboard_msgs__rosidl_typesupport_introspection_cpp.so" to ""
[53.356s] -- Installing: /home/hunajpu/trabajo_terminal/ros2_ur_driver/install/ur_dashboard_msgs/lib/libur_dashboard_msgs__rosidl_typesupport_cpp.so
[53.357s] -- Set runtime path of "/home/hunajpu/trabajo_terminal/ros2_ur_driver/install/ur_dashboard_msgs/lib/libur_dashboard_msgs__rosidl_typesupport_cpp.so" to ""
[53.357s] -- Installing: /home/hunajpu/trabajo_terminal/ros2_ur_driver/install/ur_dashboard_msgs/share/ur_dashboard_msgs/environment/pythonpath.sh
[53.357s] -- Installing: /home/hunajpu/trabajo_terminal/ros2_ur_driver/install/ur_dashboard_msgs/share/ur_dashboard_msgs/environment/pythonpath.dsv
[53.357s] -- Installing: /home/hunajpu/trabajo_terminal/ros2_ur_driver/install/ur_dashboard_msgs/lib/python3.8/site-packages/ur_dashboard_msgs/__init__.py
[53.401s] Compiling '/home/hunajpu/trabajo_terminal/ros2_ur_driver/install/ur_dashboard_msgs/lib/python3.8/site-packages/ur_dashboard_msgs/__init__.py'...
[53.407s] -- Installing: /home/hunajpu/trabajo_terminal/ros2_ur_driver/install/ur_dashboard_msgs/lib/python3.8/site-packages/ur_dashboard_msgs/msg
[53.407s] -- Installing: /home/hunajpu/trabajo_terminal/ros2_ur_driver/install/ur_dashboard_msgs/lib/python3.8/site-packages/ur_dashboard_msgs/msg/__init__.py
[53.408s] -- Installing: /home/hunajpu/trabajo_terminal/ros2_ur_driver/install/ur_dashboard_msgs/lib/python3.8/site-packages/ur_dashboard_msgs/msg/_program_state_s.c
[53.408s] -- Installing: /home/hunajpu/trabajo_terminal/ros2_ur_driver/install/ur_dashboard_msgs/lib/python3.8/site-packages/ur_dashboard_msgs/msg/_robot_mode.py
[53.408s] -- Installing: /home/hunajpu/trabajo_terminal/ros2_ur_driver/install/ur_dashboard_msgs/lib/python3.8/site-packages/ur_dashboard_msgs/msg/_program_state.py
[53.408s] -- Installing: /home/hunajpu/trabajo_terminal/ros2_ur_driver/install/ur_dashboard_msgs/lib/python3.8/site-packages/ur_dashboard_msgs/msg/_robot_mode_s.c
[53.408s] -- Installing: /home/hunajpu/trabajo_terminal/ros2_ur_driver/install/ur_dashboard_msgs/lib/python3.8/site-packages/ur_dashboard_msgs/msg/_safety_mode_s.c
[53.408s] -- Installing: /home/hunajpu/trabajo_terminal/ros2_ur_driver/install/ur_dashboard_msgs/lib/python3.8/site-packages/ur_dashboard_msgs/msg/_safety_mode.py
[53.409s] -- Installing: /home/hunajpu/trabajo_terminal/ros2_ur_driver/install/ur_dashboard_msgs/lib/python3.8/site-packages/ur_dashboard_msgs/srv
[53.409s] -- Installing: /home/hunajpu/trabajo_terminal/ros2_ur_driver/install/ur_dashboard_msgs/lib/python3.8/site-packages/ur_dashboard_msgs/srv/_popup_s.c
[53.409s] -- Installing: /home/hunajpu/trabajo_terminal/ros2_ur_driver/install/ur_dashboard_msgs/lib/python3.8/site-packages/ur_dashboard_msgs/srv/__init__.py
[53.409s] -- Installing: /home/hunajpu/trabajo_terminal/ros2_ur_driver/install/ur_dashboard_msgs/lib/python3.8/site-packages/ur_dashboard_msgs/srv/_get_loaded_program.py
[53.409s] -- Installing: /home/hunajpu/trabajo_terminal/ros2_ur_driver/install/ur_dashboard_msgs/lib/python3.8/site-packages/ur_dashboard_msgs/srv/_raw_request_s.c
[53.409s] -- Installing: /home/hunajpu/trabajo_terminal/ros2_ur_driver/install/ur_dashboard_msgs/lib/python3.8/site-packages/ur_dashboard_msgs/srv/_add_to_log_s.c
[53.410s] -- Installing: /home/hunajpu/trabajo_terminal/ros2_ur_driver/install/ur_dashboard_msgs/lib/python3.8/site-packages/ur_dashboard_msgs/srv/_load.py
[53.410s] -- Installing: /home/hunajpu/trabajo_terminal/ros2_ur_driver/install/ur_dashboard_msgs/lib/python3.8/site-packages/ur_dashboard_msgs/srv/_is_program_running_s.c
[53.410s] -- Installing: /home/hunajpu/trabajo_terminal/ros2_ur_driver/install/ur_dashboard_msgs/lib/python3.8/site-packages/ur_dashboard_msgs/srv/_is_program_saved.py
[53.410s] -- Installing: /home/hunajpu/trabajo_terminal/ros2_ur_driver/install/ur_dashboard_msgs/lib/python3.8/site-packages/ur_dashboard_msgs/srv/_get_program_state.py
[53.410s] -- Installing: /home/hunajpu/trabajo_terminal/ros2_ur_driver/install/ur_dashboard_msgs/lib/python3.8/site-packages/ur_dashboard_msgs/srv/_raw_request.py
[53.411s] -- Installing: /home/hunajpu/trabajo_terminal/ros2_ur_driver/install/ur_dashboard_msgs/lib/python3.8/site-packages/ur_dashboard_msgs/srv/_get_program_state_s.c
[53.411s] -- Installing: /home/hunajpu/trabajo_terminal/ros2_ur_driver/install/ur_dashboard_msgs/lib/python3.8/site-packages/ur_dashboard_msgs/srv/_popup.py
[53.411s] -- Installing: /home/hunajpu/trabajo_terminal/ros2_ur_driver/install/ur_dashboard_msgs/lib/python3.8/site-packages/ur_dashboard_msgs/srv/_get_robot_mode_s.c
[53.411s] -- Installing: /home/hunajpu/trabajo_terminal/ros2_ur_driver/install/ur_dashboard_msgs/lib/python3.8/site-packages/ur_dashboard_msgs/srv/_get_safety_mode.py
[53.411s] -- Installing: /home/hunajpu/trabajo_terminal/ros2_ur_driver/install/ur_dashboard_msgs/lib/python3.8/site-packages/ur_dashboard_msgs/srv/_is_program_saved_s.c
[53.411s] -- Installing: /home/hunajpu/trabajo_terminal/ros2_ur_driver/install/ur_dashboard_msgs/lib/python3.8/site-packages/ur_dashboard_msgs/srv/_is_program_running.py
[53.412s] -- Installing: /home/hunajpu/trabajo_terminal/ros2_ur_driver/install/ur_dashboard_msgs/lib/python3.8/site-packages/ur_dashboard_msgs/srv/_get_loaded_program_s.c
[53.412s] -- Installing: /home/hunajpu/trabajo_terminal/ros2_ur_driver/install/ur_dashboard_msgs/lib/python3.8/site-packages/ur_dashboard_msgs/srv/_load_s.c
[53.412s] -- Installing: /home/hunajpu/trabajo_terminal/ros2_ur_driver/install/ur_dashboard_msgs/lib/python3.8/site-packages/ur_dashboard_msgs/srv/_get_safety_mode_s.c
[53.412s] -- Installing: /home/hunajpu/trabajo_terminal/ros2_ur_driver/install/ur_dashboard_msgs/lib/python3.8/site-packages/ur_dashboard_msgs/srv/_add_to_log.py
[53.412s] -- Installing: /home/hunajpu/trabajo_terminal/ros2_ur_driver/install/ur_dashboard_msgs/lib/python3.8/site-packages/ur_dashboard_msgs/srv/_get_robot_mode.py
[53.412s] -- Installing: /home/hunajpu/trabajo_terminal/ros2_ur_driver/install/ur_dashboard_msgs/lib/python3.8/site-packages/ur_dashboard_msgs/action
[53.413s] -- Installing: /home/hunajpu/trabajo_terminal/ros2_ur_driver/install/ur_dashboard_msgs/lib/python3.8/site-packages/ur_dashboard_msgs/action/__init__.py
[53.413s] -- Installing: /home/hunajpu/trabajo_terminal/ros2_ur_driver/install/ur_dashboard_msgs/lib/python3.8/site-packages/ur_dashboard_msgs/action/_set_mode_s.c
[53.413s] -- Installing: /home/hunajpu/trabajo_terminal/ros2_ur_driver/install/ur_dashboard_msgs/lib/python3.8/site-packages/ur_dashboard_msgs/action/_set_mode.py
[53.413s] -- Installing: /home/hunajpu/trabajo_terminal/ros2_ur_driver/install/ur_dashboard_msgs/lib/python3.8/site-packages/ur_dashboard_msgs/ur_dashboard_msgs_s__rosidl_typesupport_fastrtps_c.cpython-38-x86_64-linux-gnu.so
[53.414s] -- Set runtime path of "/home/hunajpu/trabajo_terminal/ros2_ur_driver/install/ur_dashboard_msgs/lib/python3.8/site-packages/ur_dashboard_msgs/ur_dashboard_msgs_s__rosidl_typesupport_fastrtps_c.cpython-38-x86_64-linux-gnu.so" to ""
[53.414s] -- Installing: /home/hunajpu/trabajo_terminal/ros2_ur_driver/install/ur_dashboard_msgs/lib/python3.8/site-packages/ur_dashboard_msgs/ur_dashboard_msgs_s__rosidl_typesupport_introspection_c.cpython-38-x86_64-linux-gnu.so
[53.415s] -- Set runtime path of "/home/hunajpu/trabajo_terminal/ros2_ur_driver/install/ur_dashboard_msgs/lib/python3.8/site-packages/ur_dashboard_msgs/ur_dashboard_msgs_s__rosidl_typesupport_introspection_c.cpython-38-x86_64-linux-gnu.so" to ""
[53.415s] -- Installing: /home/hunajpu/trabajo_terminal/ros2_ur_driver/install/ur_dashboard_msgs/lib/python3.8/site-packages/ur_dashboard_msgs/ur_dashboard_msgs_s__rosidl_typesupport_c.cpython-38-x86_64-linux-gnu.so
[53.416s] -- Set runtime path of "/home/hunajpu/trabajo_terminal/ros2_ur_driver/install/ur_dashboard_msgs/lib/python3.8/site-packages/ur_dashboard_msgs/ur_dashboard_msgs_s__rosidl_typesupport_c.cpython-38-x86_64-linux-gnu.so" to ""
[53.416s] -- Installing: /home/hunajpu/trabajo_terminal/ros2_ur_driver/install/ur_dashboard_msgs/lib/libur_dashboard_msgs__python.so
[53.417s] -- Set runtime path of "/home/hunajpu/trabajo_terminal/ros2_ur_driver/install/ur_dashboard_msgs/lib/libur_dashboard_msgs__python.so" to ""
[53.417s] -- Installing: /home/hunajpu/trabajo_terminal/ros2_ur_driver/install/ur_dashboard_msgs/share/ur_dashboard_msgs/msg/ProgramState.idl
[53.417s] -- Installing: /home/hunajpu/trabajo_terminal/ros2_ur_driver/install/ur_dashboard_msgs/share/ur_dashboard_msgs/msg/RobotMode.idl
[53.417s] -- Installing: /home/hunajpu/trabajo_terminal/ros2_ur_driver/install/ur_dashboard_msgs/share/ur_dashboard_msgs/msg/SafetyMode.idl
[53.418s] -- Installing: /home/hunajpu/trabajo_terminal/ros2_ur_driver/install/ur_dashboard_msgs/share/ur_dashboard_msgs/srv/AddToLog.idl
[53.418s] -- Installing: /home/hunajpu/trabajo_terminal/ros2_ur_driver/install/ur_dashboard_msgs/share/ur_dashboard_msgs/srv/GetLoadedProgram.idl
[53.418s] -- Installing: /home/hunajpu/trabajo_terminal/ros2_ur_driver/install/ur_dashboard_msgs/share/ur_dashboard_msgs/srv/GetProgramState.idl
[53.418s] -- Installing: /home/hunajpu/trabajo_terminal/ros2_ur_driver/install/ur_dashboard_msgs/share/ur_dashboard_msgs/srv/GetRobotMode.idl
[53.418s] -- Installing: /home/hunajpu/trabajo_terminal/ros2_ur_driver/install/ur_dashboard_msgs/share/ur_dashboard_msgs/srv/GetSafetyMode.idl
[53.419s] -- Installing: /home/hunajpu/trabajo_terminal/ros2_ur_driver/install/ur_dashboard_msgs/share/ur_dashboard_msgs/srv/IsProgramRunning.idl
[53.419s] -- Installing: /home/hunajpu/trabajo_terminal/ros2_ur_driver/install/ur_dashboard_msgs/share/ur_dashboard_msgs/srv/IsProgramSaved.idl
[53.419s] -- Installing: /home/hunajpu/trabajo_terminal/ros2_ur_driver/install/ur_dashboard_msgs/share/ur_dashboard_msgs/srv/Load.idl
[53.419s] -- Installing: /home/hunajpu/trabajo_terminal/ros2_ur_driver/install/ur_dashboard_msgs/share/ur_dashboard_msgs/srv/Popup.idl
[53.420s] -- Installing: /home/hunajpu/trabajo_terminal/ros2_ur_driver/install/ur_dashboard_msgs/share/ur_dashboard_msgs/srv/RawRequest.idl
[53.420s] -- Installing: /home/hunajpu/trabajo_terminal/ros2_ur_driver/install/ur_dashboard_msgs/share/ur_dashboard_msgs/action/SetMode.idl
[53.420s] -- Installing: /home/hunajpu/trabajo_terminal/ros2_ur_driver/install/ur_dashboard_msgs/share/ur_dashboard_msgs/msg/ProgramState.msg
[53.420s] -- Installing: /home/hunajpu/trabajo_terminal/ros2_ur_driver/install/ur_dashboard_msgs/share/ur_dashboard_msgs/msg/RobotMode.msg
[53.421s] -- Installing: /home/hunajpu/trabajo_terminal/ros2_ur_driver/install/ur_dashboard_msgs/share/ur_dashboard_msgs/msg/SafetyMode.msg
[53.421s] -- Installing: /home/hunajpu/trabajo_terminal/ros2_ur_driver/install/ur_dashboard_msgs/share/ur_dashboard_msgs/srv/AddToLog.srv
[53.421s] -- Installing: /home/hunajpu/trabajo_terminal/ros2_ur_driver/install/ur_dashboard_msgs/share/ur_dashboard_msgs/srv/AddToLog_Request.msg
[53.421s] -- Installing: /home/hunajpu/trabajo_terminal/ros2_ur_driver/install/ur_dashboard_msgs/share/ur_dashboard_msgs/srv/AddToLog_Response.msg
[53.422s] -- Installing: /home/hunajpu/trabajo_terminal/ros2_ur_driver/install/ur_dashboard_msgs/share/ur_dashboard_msgs/srv/GetLoadedProgram.srv
[53.422s] -- Installing: /home/hunajpu/trabajo_terminal/ros2_ur_driver/install/ur_dashboard_msgs/share/ur_dashboard_msgs/srv/GetLoadedProgram_Request.msg
[53.422s] -- Installing: /home/hunajpu/trabajo_terminal/ros2_ur_driver/install/ur_dashboard_msgs/share/ur_dashboard_msgs/srv/GetLoadedProgram_Response.msg
[53.422s] -- Installing: /home/hunajpu/trabajo_terminal/ros2_ur_driver/install/ur_dashboard_msgs/share/ur_dashboard_msgs/srv/GetProgramState.srv
[53.422s] -- Installing: /home/hunajpu/trabajo_terminal/ros2_ur_driver/install/ur_dashboard_msgs/share/ur_dashboard_msgs/srv/GetProgramState_Request.msg
[53.423s] -- Installing: /home/hunajpu/trabajo_terminal/ros2_ur_driver/install/ur_dashboard_msgs/share/ur_dashboard_msgs/srv/GetProgramState_Response.msg
[53.423s] -- Installing: /home/hunajpu/trabajo_terminal/ros2_ur_driver/install/ur_dashboard_msgs/share/ur_dashboard_msgs/srv/GetRobotMode.srv
[53.423s] -- Installing: /home/hunajpu/trabajo_terminal/ros2_ur_driver/install/ur_dashboard_msgs/share/ur_dashboard_msgs/srv/GetRobotMode_Request.msg
[53.423s] -- Installing: /home/hunajpu/trabajo_terminal/ros2_ur_driver/install/ur_dashboard_msgs/share/ur_dashboard_msgs/srv/GetRobotMode_Response.msg
[53.424s] -- Installing: /home/hunajpu/trabajo_terminal/ros2_ur_driver/install/ur_dashboard_msgs/share/ur_dashboard_msgs/srv/GetSafetyMode.srv
[53.424s] -- Installing: /home/hunajpu/trabajo_terminal/ros2_ur_driver/install/ur_dashboard_msgs/share/ur_dashboard_msgs/srv/GetSafetyMode_Request.msg
[53.424s] -- Installing: /home/hunajpu/trabajo_terminal/ros2_ur_driver/install/ur_dashboard_msgs/share/ur_dashboard_msgs/srv/GetSafetyMode_Response.msg
[53.424s] -- Installing: /home/hunajpu/trabajo_terminal/ros2_ur_driver/install/ur_dashboard_msgs/share/ur_dashboard_msgs/srv/IsProgramRunning.srv
[53.424s] -- Installing: /home/hunajpu/trabajo_terminal/ros2_ur_driver/install/ur_dashboard_msgs/share/ur_dashboard_msgs/srv/IsProgramRunning_Request.msg
[53.425s] -- Installing: /home/hunajpu/trabajo_terminal/ros2_ur_driver/install/ur_dashboard_msgs/share/ur_dashboard_msgs/srv/IsProgramRunning_Response.msg
[53.425s] -- Installing: /home/hunajpu/trabajo_terminal/ros2_ur_driver/install/ur_dashboard_msgs/share/ur_dashboard_msgs/srv/IsProgramSaved.srv
[53.425s] -- Installing: /home/hunajpu/trabajo_terminal/ros2_ur_driver/install/ur_dashboard_msgs/share/ur_dashboard_msgs/srv/IsProgramSaved_Request.msg
[53.425s] -- Installing: /home/hunajpu/trabajo_terminal/ros2_ur_driver/install/ur_dashboard_msgs/share/ur_dashboard_msgs/srv/IsProgramSaved_Response.msg
[53.426s] -- Installing: /home/hunajpu/trabajo_terminal/ros2_ur_driver/install/ur_dashboard_msgs/share/ur_dashboard_msgs/srv/Load.srv
[53.426s] -- Installing: /home/hunajpu/trabajo_terminal/ros2_ur_driver/install/ur_dashboard_msgs/share/ur_dashboard_msgs/srv/Load_Request.msg
[53.426s] -- Installing: /home/hunajpu/trabajo_terminal/ros2_ur_driver/install/ur_dashboard_msgs/share/ur_dashboard_msgs/srv/Load_Response.msg
[53.426s] -- Installing: /home/hunajpu/trabajo_terminal/ros2_ur_driver/install/ur_dashboard_msgs/share/ur_dashboard_msgs/srv/Popup.srv
[53.426s] -- Installing: /home/hunajpu/trabajo_terminal/ros2_ur_driver/install/ur_dashboard_msgs/share/ur_dashboard_msgs/srv/Popup_Request.msg
[53.427s] -- Installing: /home/hunajpu/trabajo_terminal/ros2_ur_driver/install/ur_dashboard_msgs/share/ur_dashboard_msgs/srv/Popup_Response.msg
[53.427s] -- Installing: /home/hunajpu/trabajo_terminal/ros2_ur_driver/install/ur_dashboard_msgs/share/ur_dashboard_msgs/srv/RawRequest.srv
[53.427s] -- Installing: /home/hunajpu/trabajo_terminal/ros2_ur_driver/install/ur_dashboard_msgs/share/ur_dashboard_msgs/srv/RawRequest_Request.msg
[53.427s] -- Installing: /home/hunajpu/trabajo_terminal/ros2_ur_driver/install/ur_dashboard_msgs/share/ur_dashboard_msgs/srv/RawRequest_Response.msg
[53.428s] -- Installing: /home/hunajpu/trabajo_terminal/ros2_ur_driver/install/ur_dashboard_msgs/share/ur_dashboard_msgs/action/SetMode.action
[53.428s] -- Installing: /home/hunajpu/trabajo_terminal/ros2_ur_driver/install/ur_dashboard_msgs/share/ament_index/resource_index/package_run_dependencies/ur_dashboard_msgs
[53.428s] -- Installing: /home/hunajpu/trabajo_terminal/ros2_ur_driver/install/ur_dashboard_msgs/share/ament_index/resource_index/parent_prefix_path/ur_dashboard_msgs
[53.429s] -- Installing: /home/hunajpu/trabajo_terminal/ros2_ur_driver/install/ur_dashboard_msgs/share/ur_dashboard_msgs/environment/ament_prefix_path.sh
[53.429s] -- Installing: /home/hunajpu/trabajo_terminal/ros2_ur_driver/install/ur_dashboard_msgs/share/ur_dashboard_msgs/environment/ament_prefix_path.dsv
[53.429s] -- Installing: /home/hunajpu/trabajo_terminal/ros2_ur_driver/install/ur_dashboard_msgs/share/ur_dashboard_msgs/environment/path.sh
[53.429s] -- Installing: /home/hunajpu/trabajo_terminal/ros2_ur_driver/install/ur_dashboard_msgs/share/ur_dashboard_msgs/environment/path.dsv
[53.429s] -- Installing: /home/hunajpu/trabajo_terminal/ros2_ur_driver/install/ur_dashboard_msgs/share/ur_dashboard_msgs/local_setup.bash
[53.430s] -- Installing: /home/hunajpu/trabajo_terminal/ros2_ur_driver/install/ur_dashboard_msgs/share/ur_dashboard_msgs/local_setup.sh
[53.430s] -- Installing: /home/hunajpu/trabajo_terminal/ros2_ur_driver/install/ur_dashboard_msgs/share/ur_dashboard_msgs/local_setup.zsh
[53.430s] -- Installing: /home/hunajpu/trabajo_terminal/ros2_ur_driver/install/ur_dashboard_msgs/share/ur_dashboard_msgs/local_setup.dsv
[53.430s] -- Installing: /home/hunajpu/trabajo_terminal/ros2_ur_driver/install/ur_dashboard_msgs/share/ur_dashboard_msgs/package.dsv
[53.431s] -- Installing: /home/hunajpu/trabajo_terminal/ros2_ur_driver/install/ur_dashboard_msgs/share/ament_index/resource_index/packages/ur_dashboard_msgs
[53.431s] -- Installing: /home/hunajpu/trabajo_terminal/ros2_ur_driver/install/ur_dashboard_msgs/share/ur_dashboard_msgs/cmake/ur_dashboard_msgs__rosidl_generator_cExport.cmake
[53.431s] -- Installing: /home/hunajpu/trabajo_terminal/ros2_ur_driver/install/ur_dashboard_msgs/share/ur_dashboard_msgs/cmake/ur_dashboard_msgs__rosidl_generator_cExport-release.cmake
[53.432s] -- Installing: /home/hunajpu/trabajo_terminal/ros2_ur_driver/install/ur_dashboard_msgs/share/ur_dashboard_msgs/cmake/ur_dashboard_msgs__rosidl_typesupport_introspection_cExport.cmake
[53.432s] -- Installing: /home/hunajpu/trabajo_terminal/ros2_ur_driver/install/ur_dashboard_msgs/share/ur_dashboard_msgs/cmake/ur_dashboard_msgs__rosidl_typesupport_introspection_cExport-release.cmake
[53.432s] -- Installing: /home/hunajpu/trabajo_terminal/ros2_ur_driver/install/ur_dashboard_msgs/share/ur_dashboard_msgs/cmake/ur_dashboard_msgs__rosidl_typesupport_cExport.cmake
[53.432s] -- Installing: /home/hunajpu/trabajo_terminal/ros2_ur_driver/install/ur_dashboard_msgs/share/ur_dashboard_msgs/cmake/ur_dashboard_msgs__rosidl_typesupport_cExport-release.cmake
[53.433s] -- Installing: /home/hunajpu/trabajo_terminal/ros2_ur_driver/install/ur_dashboard_msgs/share/ur_dashboard_msgs/cmake/ur_dashboard_msgs__rosidl_generator_cppExport.cmake
[53.433s] -- Installing: /home/hunajpu/trabajo_terminal/ros2_ur_driver/install/ur_dashboard_msgs/share/ur_dashboard_msgs/cmake/ur_dashboard_msgs__rosidl_typesupport_introspection_cppExport.cmake
[53.433s] -- Installing: /home/hunajpu/trabajo_terminal/ros2_ur_driver/install/ur_dashboard_msgs/share/ur_dashboard_msgs/cmake/ur_dashboard_msgs__rosidl_typesupport_introspection_cppExport-release.cmake
[53.434s] -- Installing: /home/hunajpu/trabajo_terminal/ros2_ur_driver/install/ur_dashboard_msgs/share/ur_dashboard_msgs/cmake/ur_dashboard_msgs__rosidl_typesupport_cppExport.cmake
[53.434s] -- Installing: /home/hunajpu/trabajo_terminal/ros2_ur_driver/install/ur_dashboard_msgs/share/ur_dashboard_msgs/cmake/ur_dashboard_msgs__rosidl_typesupport_cppExport-release.cmake
[53.434s] -- Installing: /home/hunajpu/trabajo_terminal/ros2_ur_driver/install/ur_dashboard_msgs/share/ur_dashboard_msgs/cmake/rosidl_cmake-extras.cmake
[53.434s] -- Installing: /home/hunajpu/trabajo_terminal/ros2_ur_driver/install/ur_dashboard_msgs/share/ur_dashboard_msgs/cmake/ament_cmake_export_dependencies-extras.cmake
[53.435s] -- Installing: /home/hunajpu/trabajo_terminal/ros2_ur_driver/install/ur_dashboard_msgs/share/ur_dashboard_msgs/cmake/ament_cmake_export_libraries-extras.cmake
[53.435s] -- Installing: /home/hunajpu/trabajo_terminal/ros2_ur_driver/install/ur_dashboard_msgs/share/ur_dashboard_msgs/cmake/ament_cmake_export_targets-extras.cmake
[53.435s] -- Installing: /home/hunajpu/trabajo_terminal/ros2_ur_driver/install/ur_dashboard_msgs/share/ur_dashboard_msgs/cmake/ament_cmake_export_include_directories-extras.cmake
[53.435s] -- Installing: /home/hunajpu/trabajo_terminal/ros2_ur_driver/install/ur_dashboard_msgs/share/ur_dashboard_msgs/cmake/rosidl_cmake_export_typesupport_libraries-extras.cmake
[53.436s] -- Installing: /home/hunajpu/trabajo_terminal/ros2_ur_driver/install/ur_dashboard_msgs/share/ur_dashboard_msgs/cmake/rosidl_cmake_export_typesupport_targets-extras.cmake
[53.436s] -- Installing: /home/hunajpu/trabajo_terminal/ros2_ur_driver/install/ur_dashboard_msgs/share/ur_dashboard_msgs/cmake/ur_dashboard_msgsConfig.cmake
[53.436s] -- Installing: /home/hunajpu/trabajo_terminal/ros2_ur_driver/install/ur_dashboard_msgs/share/ur_dashboard_msgs/cmake/ur_dashboard_msgsConfig-version.cmake
[53.436s] -- Installing: /home/hunajpu/trabajo_terminal/ros2_ur_driver/install/ur_dashboard_msgs/share/ur_dashboard_msgs/package.xml
[53.441s] Invoked command in '/home/hunajpu/trabajo_terminal/ros2_ur_driver/build/ur_dashboard_msgs' returned '0': CMAKE_PREFIX_PATH=/opt/ros/foxy /usr/bin/cmake --install /home/hunajpu/trabajo_terminal/ros2_ur_driver/build/ur_dashboard_msgs
