[0.021s] Invoking command in '/home/hunajpu/trabajo_terminal/ros2_ur_driver/build/controller_manager': AMENT_PREFIX_PATH=/home/hunajpu/trabajo_terminal/ros2_ur_driver/install/controller_interface:/home/hunajpu/trabajo_terminal/ros2_ur_driver/install/hardware_interface:/home/hunajpu/trabajo_terminal/ros2_ur_driver/install/ros2_control_test_assets:/home/hunajpu/trabajo_terminal/ros2_ur_driver/install/controller_manager_msgs:/home/hunajpu/trabajo_terminal/ros2_ur_driver/install/control_msgs:${AMENT_PREFIX_PATH} CMAKE_PREFIX_PATH=/home/hunajpu/trabajo_terminal/ros2_ur_driver/install/controller_interface:/home/hunajpu/trabajo_terminal/ros2_ur_driver/install/hardware_interface:/home/hunajpu/trabajo_terminal/ros2_ur_driver/install/ros2_control_test_assets:/home/hunajpu/trabajo_terminal/ros2_ur_driver/install/controller_manager_msgs:/home/hunajpu/trabajo_terminal/ros2_ur_driver/install/control_msgs:/opt/ros/foxy LD_LIBRARY_PATH=/home/hunajpu/trabajo_terminal/ros2_ur_driver/install/controller_interface/lib:/home/hunajpu/trabajo_terminal/ros2_ur_driver/install/hardware_interface/lib:/home/hunajpu/trabajo_terminal/ros2_ur_driver/install/controller_manager_msgs/lib:/home/hunajpu/trabajo_terminal/ros2_ur_driver/install/control_msgs/lib:${LD_LIBRARY_PATH} PYTHONPATH=/home/hunajpu/trabajo_terminal/ros2_ur_driver/install/controller_manager_msgs/lib/python3.8/site-packages:/home/hunajpu/trabajo_terminal/ros2_ur_driver/install/control_msgs/lib/python3.8/site-packages:${PYTHONPATH} /usr/bin/cmake /home/hunajpu/trabajo_terminal/ros2_ur_driver/src/ros2_control/controller_manager -DCMAKE_BUILD_TYPE=Release -DCMAKE_INSTALL_PREFIX=/home/hunajpu/trabajo_terminal/ros2_ur_driver/install/controller_manager
[0.107s] -- The C compiler identification is GNU 9.4.0
[0.176s] -- The CXX compiler identification is GNU 9.4.0
[0.181s] -- Check for working C compiler: /usr/bin/cc
[0.261s] -- Check for working C compiler: /usr/bin/cc -- works
[0.262s] -- Detecting C compiler ABI info
[0.346s] -- Detecting C compiler ABI info - done
[0.371s] -- Detecting C compile features
[0.371s] -- Detecting C compile features - done
[0.376s] -- Check for working CXX compiler: /usr/bin/c++
[0.474s] -- Check for working CXX compiler: /usr/bin/c++ -- works
[0.476s] -- Detecting CXX compiler ABI info
[0.572s] -- Detecting CXX compiler ABI info - done
[0.598s] -- Detecting CXX compile features
[0.599s] -- Detecting CXX compile features - done
[0.602s] -- Found ament_cmake: 0.9.9 (/opt/ros/foxy/share/ament_cmake/cmake)
[0.637s] -- Found PythonInterp: /usr/bin/python3 (found suitable version "3.8.10", minimum required is "3") 
[0.637s] -- Using PYTHON_EXECUTABLE: /usr/bin/python3
[0.903s] -- Found ament_index_cpp: 1.1.0 (/opt/ros/foxy/share/ament_index_cpp/cmake)
[0.906s] -- Found controller_interface: 2.4.0 (/home/hunajpu/trabajo_terminal/ros2_ur_driver/install/controller_interface/share/controller_interface/cmake)
[0.940s] -- Using all available rosidl_typesupport_c: rosidl_typesupport_fastrtps_c;rosidl_typesupport_introspection_c
[0.947s] -- Found rosidl_adapter: 1.2.1 (/opt/ros/foxy/share/rosidl_adapter/cmake)
[1.025s] -- Found OpenSSL: /usr/lib/x86_64-linux-gnu/libcrypto.so (found version "1.1.1f")  
[1.057s] -- Found FastRTPS: /opt/ros/foxy/include  
[1.135s] -- Using all available rosidl_typesupport_cpp: rosidl_typesupport_fastrtps_cpp;rosidl_typesupport_introspection_cpp
[1.716s] -- Found rmw_implementation_cmake: 1.0.3 (/opt/ros/foxy/share/rmw_implementation_cmake/cmake)
[1.718s] -- Using RMW implementation 'rmw_fastrtps_cpp' as default
[1.718s] -- Looking for pthread.h
[1.783s] -- Looking for pthread.h - found
[1.783s] -- Performing Test CMAKE_HAVE_LIBC_PTHREAD
[1.847s] -- Performing Test CMAKE_HAVE_LIBC_PTHREAD - Failed
[1.848s] -- Looking for pthread_create in pthreads
[1.901s] -- Looking for pthread_create in pthreads - not found
[1.901s] -- Looking for pthread_create in pthread
[1.967s] -- Looking for pthread_create in pthread - found
[1.968s] -- Found Threads: TRUE  
[2.240s] -- Found controller_manager_msgs: 2.4.0 (/home/hunajpu/trabajo_terminal/ros2_ur_driver/install/controller_manager_msgs/share/controller_manager_msgs/cmake)
[2.355s] -- Found ament_cmake_gmock: 0.9.9 (/opt/ros/foxy/share/ament_cmake_gmock/cmake)
[2.356s] -- Found ament_cmake_gtest: 0.9.9 (/opt/ros/foxy/share/ament_cmake_gtest/cmake)
[2.359s] -- Found ament_lint_auto: 0.9.6 (/opt/ros/foxy/share/ament_lint_auto/cmake)
[2.360s] -- Found ros2_control_test_assets: 2.4.0 (/home/hunajpu/trabajo_terminal/ros2_ur_driver/install/ros2_control_test_assets/share/ros2_control_test_assets/cmake)
[2.439s] -- Found gmock sources under '/opt/ros/foxy/src/gmock_vendor': C++ tests using 'Google Mock' will be built
[2.444s] -- Found gtest sources under '/opt/ros/foxy/src/gtest_vendor': C++ tests using 'Google Test' will be built
[2.486s] CMake Error at /opt/ros/foxy/share/ament_cmake_python/cmake/ament_python_install_package.cmake:34 (message):
[2.486s]   ament_python_install_package() called with unused arguments:
[2.486s]   SCRIPTS_DESTINATION;lib/controller_manager
[2.486s] Call Stack (most recent call first):
[2.486s]   /opt/ros/foxy/share/ament_cmake_python/cmake/ament_python_install_package.cmake:28 (_ament_cmake_python_install_package)
[2.487s]   CMakeLists.txt:164 (ament_python_install_package)
[2.487s] 
[2.487s] 
[2.489s] -- Configuring incomplete, errors occurred!
[2.489s] See also "/home/hunajpu/trabajo_terminal/ros2_ur_driver/build/controller_manager/CMakeFiles/CMakeOutput.log".
[2.489s] See also "/home/hunajpu/trabajo_terminal/ros2_ur_driver/build/controller_manager/CMakeFiles/CMakeError.log".
[2.500s] Invoked command in '/home/hunajpu/trabajo_terminal/ros2_ur_driver/build/controller_manager' returned '1': AMENT_PREFIX_PATH=/home/hunajpu/trabajo_terminal/ros2_ur_driver/install/controller_interface:/home/hunajpu/trabajo_terminal/ros2_ur_driver/install/hardware_interface:/home/hunajpu/trabajo_terminal/ros2_ur_driver/install/ros2_control_test_assets:/home/hunajpu/trabajo_terminal/ros2_ur_driver/install/controller_manager_msgs:/home/hunajpu/trabajo_terminal/ros2_ur_driver/install/control_msgs:${AMENT_PREFIX_PATH} CMAKE_PREFIX_PATH=/home/hunajpu/trabajo_terminal/ros2_ur_driver/install/controller_interface:/home/hunajpu/trabajo_terminal/ros2_ur_driver/install/hardware_interface:/home/hunajpu/trabajo_terminal/ros2_ur_driver/install/ros2_control_test_assets:/home/hunajpu/trabajo_terminal/ros2_ur_driver/install/controller_manager_msgs:/home/hunajpu/trabajo_terminal/ros2_ur_driver/install/control_msgs:/opt/ros/foxy LD_LIBRARY_PATH=/home/hunajpu/trabajo_terminal/ros2_ur_driver/install/controller_interface/lib:/home/hunajpu/trabajo_terminal/ros2_ur_driver/install/hardware_interface/lib:/home/hunajpu/trabajo_terminal/ros2_ur_driver/install/controller_manager_msgs/lib:/home/hunajpu/trabajo_terminal/ros2_ur_driver/install/control_msgs/lib:${LD_LIBRARY_PATH} PYTHONPATH=/home/hunajpu/trabajo_terminal/ros2_ur_driver/install/controller_manager_msgs/lib/python3.8/site-packages:/home/hunajpu/trabajo_terminal/ros2_ur_driver/install/control_msgs/lib/python3.8/site-packages:${PYTHONPATH} /usr/bin/cmake /home/hunajpu/trabajo_terminal/ros2_ur_driver/src/ros2_control/controller_manager -DCMAKE_BUILD_TYPE=Release -DCMAKE_INSTALL_PREFIX=/home/hunajpu/trabajo_terminal/ros2_ur_driver/install/controller_manager
