-- The C compiler identification is GNU 9.4.0
-- The CXX compiler identification is GNU 9.4.0
-- Check for working C compiler: /usr/bin/cc
-- Check for working C compiler: /usr/bin/cc -- works
-- Detecting C compiler ABI info
-- Detecting C compiler ABI info - done
-- Detecting C compile features
-- Detecting C compile features - done
-- Check for working CXX compiler: /usr/bin/c++
-- Check for working CXX compiler: /usr/bin/c++ -- works
-- Detecting CXX compiler ABI info
-- Detecting CXX compiler ABI info - done
-- Detecting CXX compile features
-- Detecting CXX compile features - done
-- Found ament_cmake: 0.9.9 (/opt/ros/foxy/share/ament_cmake/cmake)
-- Found PythonInterp: /usr/bin/python3 (found suitable version "3.8.10", minimum required is "3") 
-- Using PYTHON_EXECUTABLE: /usr/bin/python3
-- Found rclpy: 1.0.8 (/opt/ros/foxy/share/rclpy/cmake)
-- Configuring done
-- Generating done
-- Build files have been written to: /home/hunajpu/trabajo_terminal/ros2_ur_driver/build/ur_moveit_config
-- Install configuration: "Release"
-- Installing: /home/hunajpu/trabajo_terminal/ros2_ur_driver/install/ur_moveit_config/share/ur_moveit_config/config
-- Installing: /home/hunajpu/trabajo_terminal/ros2_ur_driver/install/ur_moveit_config/share/ur_moveit_config/config/kinematics.yaml
-- Installing: /home/hunajpu/trabajo_terminal/ros2_ur_driver/install/ur_moveit_config/share/ur_moveit_config/config/ompl_planning.yaml
-- Installing: /home/hunajpu/trabajo_terminal/ros2_ur_driver/install/ur_moveit_config/share/ur_moveit_config/config/ur_servo.yaml
-- Installing: /home/hunajpu/trabajo_terminal/ros2_ur_driver/install/ur_moveit_config/share/ur_moveit_config/config/controllers.yaml
-- Installing: /home/hunajpu/trabajo_terminal/ros2_ur_driver/install/ur_moveit_config/share/ur_moveit_config/launch
-- Installing: /home/hunajpu/trabajo_terminal/ros2_ur_driver/install/ur_moveit_config/share/ur_moveit_config/launch/ur_moveit.launch.py
-- Installing: /home/hunajpu/trabajo_terminal/ros2_ur_driver/install/ur_moveit_config/share/ur_moveit_config/rviz
-- Installing: /home/hunajpu/trabajo_terminal/ros2_ur_driver/install/ur_moveit_config/share/ur_moveit_config/rviz/view_robot.rviz
-- Installing: /home/hunajpu/trabajo_terminal/ros2_ur_driver/install/ur_moveit_config/share/ur_moveit_config/srdf
-- Installing: /home/hunajpu/trabajo_terminal/ros2_ur_driver/install/ur_moveit_config/share/ur_moveit_config/srdf/ur_macro.srdf.xacro
-- Installing: /home/hunajpu/trabajo_terminal/ros2_ur_driver/install/ur_moveit_config/share/ur_moveit_config/srdf/ur.srdf.xacro
-- Installing: /home/hunajpu/trabajo_terminal/ros2_ur_driver/install/ur_moveit_config/share/ur_moveit_config/environment/pythonpath.sh
-- Installing: /home/hunajpu/trabajo_terminal/ros2_ur_driver/install/ur_moveit_config/share/ur_moveit_config/environment/pythonpath.dsv
-- Installing: /home/hunajpu/trabajo_terminal/ros2_ur_driver/install/ur_moveit_config/lib/python3.8/site-packages/ur_moveit_config
-- Installing: /home/hunajpu/trabajo_terminal/ros2_ur_driver/install/ur_moveit_config/lib/python3.8/site-packages/ur_moveit_config/__init__.py
-- Installing: /home/hunajpu/trabajo_terminal/ros2_ur_driver/install/ur_moveit_config/lib/python3.8/site-packages/ur_moveit_config/launch_common.py
Listing '/home/hunajpu/trabajo_terminal/ros2_ur_driver/install/ur_moveit_config/lib/python3.8/site-packages/ur_moveit_config'...
Compiling '/home/hunajpu/trabajo_terminal/ros2_ur_driver/install/ur_moveit_config/lib/python3.8/site-packages/ur_moveit_config/__init__.py'...
Compiling '/home/hunajpu/trabajo_terminal/ros2_ur_driver/install/ur_moveit_config/lib/python3.8/site-packages/ur_moveit_config/launch_common.py'...
-- Installing: /home/hunajpu/trabajo_terminal/ros2_ur_driver/install/ur_moveit_config/lib/python3.8/site-packages/launch_common.py
Compiling '/home/hunajpu/trabajo_terminal/ros2_ur_driver/install/ur_moveit_config/lib/python3.8/site-packages/launch_common.py'...
-- Installing: /home/hunajpu/trabajo_terminal/ros2_ur_driver/install/ur_moveit_config/share/ament_index/resource_index/package_run_dependencies/ur_moveit_config
-- Installing: /home/hunajpu/trabajo_terminal/ros2_ur_driver/install/ur_moveit_config/share/ament_index/resource_index/parent_prefix_path/ur_moveit_config
-- Installing: /home/hunajpu/trabajo_terminal/ros2_ur_driver/install/ur_moveit_config/share/ur_moveit_config/environment/ament_prefix_path.sh
-- Installing: /home/hunajpu/trabajo_terminal/ros2_ur_driver/install/ur_moveit_config/share/ur_moveit_config/environment/ament_prefix_path.dsv
-- Installing: /home/hunajpu/trabajo_terminal/ros2_ur_driver/install/ur_moveit_config/share/ur_moveit_config/environment/path.sh
-- Installing: /home/hunajpu/trabajo_terminal/ros2_ur_driver/install/ur_moveit_config/share/ur_moveit_config/environment/path.dsv
-- Installing: /home/hunajpu/trabajo_terminal/ros2_ur_driver/install/ur_moveit_config/share/ur_moveit_config/local_setup.bash
-- Installing: /home/hunajpu/trabajo_terminal/ros2_ur_driver/install/ur_moveit_config/share/ur_moveit_config/local_setup.sh
-- Installing: /home/hunajpu/trabajo_terminal/ros2_ur_driver/install/ur_moveit_config/share/ur_moveit_config/local_setup.zsh
-- Installing: /home/hunajpu/trabajo_terminal/ros2_ur_driver/install/ur_moveit_config/share/ur_moveit_config/local_setup.dsv
-- Installing: /home/hunajpu/trabajo_terminal/ros2_ur_driver/install/ur_moveit_config/share/ur_moveit_config/package.dsv
-- Installing: /home/hunajpu/trabajo_terminal/ros2_ur_driver/install/ur_moveit_config/share/ament_index/resource_index/packages/ur_moveit_config
-- Installing: /home/hunajpu/trabajo_terminal/ros2_ur_driver/install/ur_moveit_config/share/ur_moveit_config/cmake/ur_moveit_configConfig.cmake
-- Installing: /home/hunajpu/trabajo_terminal/ros2_ur_driver/install/ur_moveit_config/share/ur_moveit_config/cmake/ur_moveit_configConfig-version.cmake
-- Installing: /home/hunajpu/trabajo_terminal/ros2_ur_driver/install/ur_moveit_config/share/ur_moveit_config/package.xml
