[0.048s] Invoking command in '/home/hunajpu/trabajo_terminal/ros2_ur_driver/build/control_msgs': CMAKE_PREFIX_PATH=/opt/ros/foxy /usr/bin/cmake /home/hunajpu/trabajo_terminal/ros2_ur_driver/src/control_msgs/control_msgs -DCMAKE_BUILD_TYPE=Release -DCMAKE_INSTALL_PREFIX=/home/hunajpu/trabajo_terminal/ros2_ur_driver/install/control_msgs
[0.470s] -- The C compiler identification is GNU 9.4.0
[0.831s] -- The CXX compiler identification is GNU 9.4.0
[0.848s] -- Check for working C compiler: /usr/bin/cc
[0.997s] -- Check for working C compiler: /usr/bin/cc -- works
[0.998s] -- Detecting C compiler ABI info
[1.133s] -- Detecting C compiler ABI info - done
[1.160s] -- Detecting C compile features
[1.160s] -- Detecting C compile features - done
[1.165s] -- Check for working CXX compiler: /usr/bin/c++
[1.314s] -- Check for working CXX compiler: /usr/bin/c++ -- works
[1.317s] -- Detecting CXX compiler ABI info
[1.477s] -- Detecting CXX compiler ABI info - done
[1.507s] -- Detecting CXX compile features
[1.508s] -- Detecting CXX compile features - done
[1.512s] -- Found ament_cmake: 0.9.9 (/opt/ros/foxy/share/ament_cmake/cmake)
[1.559s] -- Found PythonInterp: /usr/bin/python3 (found suitable version "3.8.10", minimum required is "3") 
[1.559s] -- Using PYTHON_EXECUTABLE: /usr/bin/python3
[1.986s] -- Found builtin_interfaces: 1.0.0 (/opt/ros/foxy/share/builtin_interfaces/cmake)
[2.043s] -- Using all available rosidl_typesupport_c: rosidl_typesupport_fastrtps_c;rosidl_typesupport_introspection_c
[2.056s] -- Found rosidl_adapter: 1.2.1 (/opt/ros/foxy/share/rosidl_adapter/cmake)
[2.194s] -- Found OpenSSL: /usr/lib/x86_64-linux-gnu/libcrypto.so (found version "1.1.1f")  
[2.241s] -- Found FastRTPS: /opt/ros/foxy/include  
[2.434s] -- Using all available rosidl_typesupport_cpp: rosidl_typesupport_fastrtps_cpp;rosidl_typesupport_introspection_cpp
[2.557s] -- Found rosidl_default_generators: 1.0.1 (/opt/ros/foxy/share/rosidl_default_generators/cmake)
[2.595s] -- Found action_msgs: 1.0.0 (/opt/ros/foxy/share/action_msgs/cmake)
[2.797s] -- Found geometry_msgs: 2.0.5 (/opt/ros/foxy/share/geometry_msgs/cmake)
[3.010s] -- Found trajectory_msgs: 2.0.5 (/opt/ros/foxy/share/trajectory_msgs/cmake)
[3.395s] -- Found ament_lint_auto: 0.9.6 (/opt/ros/foxy/share/ament_lint_auto/cmake)
[3.733s] -- Found PythonInterp: /usr/bin/python3 (found version "3.8.10") 
[4.389s] -- Found ament_cmake_ros: 0.9.2 (/opt/ros/foxy/share/ament_cmake_ros/cmake)
[5.689s] -- Using all available rosidl_typesupport_c: rosidl_typesupport_fastrtps_c;rosidl_typesupport_introspection_c
[6.432s] -- Using all available rosidl_typesupport_cpp: rosidl_typesupport_fastrtps_cpp;rosidl_typesupport_introspection_cpp
[6.577s] -- Found PythonInterp: /usr/bin/python3 (found suitable version "3.8.10", minimum required is "3.5") 
[6.579s] -- Found python_cmake_module: 0.8.1 (/opt/ros/foxy/share/python_cmake_module/cmake)
[6.699s] -- Found PythonLibs: /usr/lib/x86_64-linux-gnu/libpython3.8.so (found suitable version "3.8.10", minimum required is "3.5") 
[6.706s] -- Using PYTHON_EXECUTABLE: /usr/bin/python3
[6.706s] -- Using PYTHON_INCLUDE_DIRS: /usr/include/python3.8
[6.706s] -- Using PYTHON_LIBRARIES: /usr/lib/x86_64-linux-gnu/libpython3.8.so
[6.812s] -- Found PythonExtra: .so  
[7.293s] -- Added test 'copyright' to check source files copyright and LICENSE
[7.313s] -- Added test 'lint_cmake' to check CMake code style
[7.316s] -- Added test 'xmllint' to check XML markup files
[7.332s] -- Configuring done
[7.944s] -- Generating done
[7.955s] -- Build files have been written to: /home/hunajpu/trabajo_terminal/ros2_ur_driver/build/control_msgs
[8.023s] Invoked command in '/home/hunajpu/trabajo_terminal/ros2_ur_driver/build/control_msgs' returned '0': CMAKE_PREFIX_PATH=/opt/ros/foxy /usr/bin/cmake /home/hunajpu/trabajo_terminal/ros2_ur_driver/src/control_msgs/control_msgs -DCMAKE_BUILD_TYPE=Release -DCMAKE_INSTALL_PREFIX=/home/hunajpu/trabajo_terminal/ros2_ur_driver/install/control_msgs
[8.024s] Invoking command in '/home/hunajpu/trabajo_terminal/ros2_ur_driver/build/control_msgs': CMAKE_PREFIX_PATH=/opt/ros/foxy /usr/bin/cmake --build /home/hunajpu/trabajo_terminal/ros2_ur_driver/build/control_msgs -- -j8 -l8
[8.361s] [35m[1mScanning dependencies of target control_msgs__cpp[0m
[8.398s] [  1%] [34m[1mGenerating C code for ROS interfaces[0m
[8.427s] [  1%] [34m[1mGenerating C++ code for ROS interfaces[0m
[20.653s] [35m[1mScanning dependencies of target control_msgs__rosidl_generator_c[0m
[20.836s] [  1%] [32mBuilding C object CMakeFiles/control_msgs__rosidl_generator_c.dir/rosidl_generator_c/control_msgs/msg/detail/dynamic_joint_state__functions.c.o[0m
[20.901s] [  2%] [32mBuilding C object CMakeFiles/control_msgs__rosidl_generator_c.dir/rosidl_generator_c/control_msgs/msg/detail/gripper_command__functions.c.o[0m
[20.905s] [  3%] [32mBuilding C object CMakeFiles/control_msgs__rosidl_generator_c.dir/rosidl_generator_c/control_msgs/msg/detail/interface_value__functions.c.o[0m
[20.953s] [  3%] [32mBuilding C object CMakeFiles/control_msgs__rosidl_generator_c.dir/rosidl_generator_c/control_msgs/msg/detail/joint_component_tolerance__functions.c.o[0m
[20.987s] [  4%] [32mBuilding C object CMakeFiles/control_msgs__rosidl_generator_c.dir/rosidl_generator_c/control_msgs/msg/detail/joint_controller_state__functions.c.o[0m
[21.083s] [  5%] [32mBuilding C object CMakeFiles/control_msgs__rosidl_generator_c.dir/rosidl_generator_c/control_msgs/msg/detail/joint_jog__functions.c.o[0m
[21.095s] [  5%] [32mBuilding C object CMakeFiles/control_msgs__rosidl_generator_c.dir/rosidl_generator_c/control_msgs/msg/detail/joint_tolerance__functions.c.o[0m
[21.191s] [  6%] [32mBuilding C object CMakeFiles/control_msgs__rosidl_generator_c.dir/rosidl_generator_c/control_msgs/msg/detail/joint_trajectory_controller_state__functions.c.o[0m
[21.295s] [  6%] [32mBuilding C object CMakeFiles/control_msgs__rosidl_generator_c.dir/rosidl_generator_c/control_msgs/srv/detail/query_calibration_state__functions.c.o[0m
[21.315s] [  7%] [32mBuilding C object CMakeFiles/control_msgs__rosidl_generator_c.dir/rosidl_generator_c/control_msgs/msg/detail/pid_state__functions.c.o[0m
[21.485s] [  8%] [32mBuilding C object CMakeFiles/control_msgs__rosidl_generator_c.dir/rosidl_generator_c/control_msgs/action/detail/follow_joint_trajectory__functions.c.o[0m
[21.509s] [  9%] [32mBuilding C object CMakeFiles/control_msgs__rosidl_generator_c.dir/rosidl_generator_c/control_msgs/srv/detail/query_trajectory_state__functions.c.o[0m
[21.541s] [  9%] [32mBuilding C object CMakeFiles/control_msgs__rosidl_generator_c.dir/rosidl_generator_c/control_msgs/action/detail/gripper_command__functions.c.o[0m
[21.543s] [ 10%] [32mBuilding C object CMakeFiles/control_msgs__rosidl_generator_c.dir/rosidl_generator_c/control_msgs/action/detail/joint_trajectory__functions.c.o[0m
[21.678s] [ 11%] [32mBuilding C object CMakeFiles/control_msgs__rosidl_generator_c.dir/rosidl_generator_c/control_msgs/action/detail/point_head__functions.c.o[0m
[21.797s] [ 11%] [32mBuilding C object CMakeFiles/control_msgs__rosidl_generator_c.dir/rosidl_generator_c/control_msgs/action/detail/single_joint_position__functions.c.o[0m
[23.933s] [ 12%] [32m[1mLinking C shared library libcontrol_msgs__rosidl_generator_c.so[0m
[24.228s] [ 12%] Built target control_msgs__rosidl_generator_c
[26.229s] [ 12%] Built target control_msgs__cpp
[26.310s] [ 13%] [34m[1mGenerating C type support dispatch for ROS interfaces[0m
[30.039s] [35m[1mScanning dependencies of target control_msgs__rosidl_typesupport_c[0m
[30.079s] [ 13%] [32mBuilding CXX object CMakeFiles/control_msgs__rosidl_typesupport_c.dir/rosidl_typesupport_c/control_msgs/msg/dynamic_joint_state__type_support.cpp.o[0m
[30.138s] [ 13%] [32mBuilding CXX object CMakeFiles/control_msgs__rosidl_typesupport_c.dir/rosidl_typesupport_c/control_msgs/msg/joint_component_tolerance__type_support.cpp.o[0m
[30.192s] [ 14%] [32mBuilding CXX object CMakeFiles/control_msgs__rosidl_typesupport_c.dir/rosidl_typesupport_c/control_msgs/msg/joint_controller_state__type_support.cpp.o[0m
[30.247s] [ 15%] [32mBuilding CXX object CMakeFiles/control_msgs__rosidl_typesupport_c.dir/rosidl_typesupport_c/control_msgs/msg/joint_jog__type_support.cpp.o[0m
[30.301s] [ 15%] [32mBuilding CXX object CMakeFiles/control_msgs__rosidl_typesupport_c.dir/rosidl_typesupport_c/control_msgs/msg/joint_tolerance__type_support.cpp.o[0m
[30.353s] [ 16%] [32mBuilding CXX object CMakeFiles/control_msgs__rosidl_typesupport_c.dir/rosidl_typesupport_c/control_msgs/msg/joint_trajectory_controller_state__type_support.cpp.o[0m
[30.410s] [ 17%] [32mBuilding CXX object CMakeFiles/control_msgs__rosidl_typesupport_c.dir/rosidl_typesupport_c/control_msgs/msg/pid_state__type_support.cpp.o[0m
[30.466s] [ 17%] [32mBuilding CXX object CMakeFiles/control_msgs__rosidl_typesupport_c.dir/rosidl_typesupport_c/control_msgs/srv/query_calibration_state__type_support.cpp.o[0m
[30.524s] [ 18%] [32mBuilding CXX object CMakeFiles/control_msgs__rosidl_typesupport_c.dir/rosidl_typesupport_c/control_msgs/srv/query_trajectory_state__type_support.cpp.o[0m
[30.583s] [ 19%] [32mBuilding CXX object CMakeFiles/control_msgs__rosidl_typesupport_c.dir/rosidl_typesupport_c/control_msgs/action/follow_joint_trajectory__type_support.cpp.o[0m
[30.692s] [ 19%] [32mBuilding CXX object CMakeFiles/control_msgs__rosidl_typesupport_c.dir/rosidl_typesupport_c/control_msgs/action/gripper_command__type_support.cpp.o[0m
[30.792s] [ 20%] [32mBuilding CXX object CMakeFiles/control_msgs__rosidl_typesupport_c.dir/rosidl_typesupport_c/control_msgs/action/joint_trajectory__type_support.cpp.o[0m
[30.905s] [ 21%] [32mBuilding CXX object CMakeFiles/control_msgs__rosidl_typesupport_c.dir/rosidl_typesupport_c/control_msgs/action/point_head__type_support.cpp.o[0m
[31.010s] [ 21%] [32mBuilding CXX object CMakeFiles/control_msgs__rosidl_typesupport_c.dir/rosidl_typesupport_c/control_msgs/action/single_joint_position__type_support.cpp.o[0m
[31.119s] [ 22%] [32mBuilding CXX object CMakeFiles/control_msgs__rosidl_typesupport_c.dir/rosidl_typesupport_c/control_msgs/msg/interface_value__type_support.cpp.o[0m
[31.177s] [ 23%] [32mBuilding CXX object CMakeFiles/control_msgs__rosidl_typesupport_c.dir/rosidl_typesupport_c/control_msgs/msg/gripper_command__type_support.cpp.o[0m
[31.231s] [ 24%] [32m[1mLinking CXX shared library libcontrol_msgs__rosidl_typesupport_c.so[0m
[31.318s] [ 24%] Built target control_msgs__rosidl_typesupport_c
[31.338s] [ 24%] [34m[1mGenerating C++ introspection for ROS interfaces[0m
[34.398s] [35m[1mScanning dependencies of target control_msgs__rosidl_typesupport_introspection_cpp[0m
[34.427s] [ 25%] [32mBuilding CXX object CMakeFiles/control_msgs__rosidl_typesupport_introspection_cpp.dir/rosidl_typesupport_introspection_cpp/control_msgs/msg/detail/dynamic_joint_state__type_support.cpp.o[0m
[34.938s] [ 26%] [32mBuilding CXX object CMakeFiles/control_msgs__rosidl_typesupport_introspection_cpp.dir/rosidl_typesupport_introspection_cpp/control_msgs/msg/detail/joint_controller_state__type_support.cpp.o[0m
[35.302s] [ 26%] [32mBuilding CXX object CMakeFiles/control_msgs__rosidl_typesupport_introspection_cpp.dir/rosidl_typesupport_introspection_cpp/control_msgs/msg/detail/joint_jog__type_support.cpp.o[0m
[35.944s] [ 27%] [32mBuilding CXX object CMakeFiles/control_msgs__rosidl_typesupport_introspection_cpp.dir/rosidl_typesupport_introspection_cpp/control_msgs/msg/detail/joint_tolerance__type_support.cpp.o[0m
[36.290s] [ 28%] [32mBuilding CXX object CMakeFiles/control_msgs__rosidl_typesupport_introspection_cpp.dir/rosidl_typesupport_introspection_cpp/control_msgs/msg/detail/joint_trajectory_controller_state__type_support.cpp.o[0m
[36.770s] [ 28%] [32mBuilding CXX object CMakeFiles/control_msgs__rosidl_typesupport_introspection_cpp.dir/rosidl_typesupport_introspection_cpp/control_msgs/msg/detail/pid_state__type_support.cpp.o[0m
[37.131s] [ 29%] [32mBuilding CXX object CMakeFiles/control_msgs__rosidl_typesupport_introspection_cpp.dir/rosidl_typesupport_introspection_cpp/control_msgs/srv/detail/query_calibration_state__type_support.cpp.o[0m
[37.481s] [ 30%] [32mBuilding CXX object CMakeFiles/control_msgs__rosidl_typesupport_introspection_cpp.dir/rosidl_typesupport_introspection_cpp/control_msgs/srv/detail/query_trajectory_state__type_support.cpp.o[0m
[37.997s] [ 30%] [32mBuilding CXX object CMakeFiles/control_msgs__rosidl_typesupport_introspection_cpp.dir/rosidl_typesupport_introspection_cpp/control_msgs/action/detail/follow_joint_trajectory__type_support.cpp.o[0m
[38.883s] [ 31%] [32mBuilding CXX object CMakeFiles/control_msgs__rosidl_typesupport_introspection_cpp.dir/rosidl_typesupport_introspection_cpp/control_msgs/action/detail/gripper_command__type_support.cpp.o[0m
[39.307s] [ 32%] [32mBuilding CXX object CMakeFiles/control_msgs__rosidl_typesupport_introspection_cpp.dir/rosidl_typesupport_introspection_cpp/control_msgs/action/detail/joint_trajectory__type_support.cpp.o[0m
[39.800s] [ 32%] [32mBuilding CXX object CMakeFiles/control_msgs__rosidl_typesupport_introspection_cpp.dir/rosidl_typesupport_introspection_cpp/control_msgs/action/detail/point_head__type_support.cpp.o[0m
[40.269s] [ 33%] [32mBuilding CXX object CMakeFiles/control_msgs__rosidl_typesupport_introspection_cpp.dir/rosidl_typesupport_introspection_cpp/control_msgs/action/detail/single_joint_position__type_support.cpp.o[0m
[40.727s] [ 34%] [32mBuilding CXX object CMakeFiles/control_msgs__rosidl_typesupport_introspection_cpp.dir/rosidl_typesupport_introspection_cpp/control_msgs/msg/detail/joint_component_tolerance__type_support.cpp.o[0m
[41.080s] [ 34%] [32mBuilding CXX object CMakeFiles/control_msgs__rosidl_typesupport_introspection_cpp.dir/rosidl_typesupport_introspection_cpp/control_msgs/msg/detail/interface_value__type_support.cpp.o[0m
[41.541s] [ 35%] [32mBuilding CXX object CMakeFiles/control_msgs__rosidl_typesupport_introspection_cpp.dir/rosidl_typesupport_introspection_cpp/control_msgs/msg/detail/gripper_command__type_support.cpp.o[0m
[41.875s] [ 36%] [32m[1mLinking CXX shared library libcontrol_msgs__rosidl_typesupport_introspection_cpp.so[0m
[41.982s] [ 36%] Built target control_msgs__rosidl_typesupport_introspection_cpp
[41.995s] [ 37%] [34m[1mGenerating C++ type support for eProsima Fast-RTPS[0m
[44.719s] [35m[1mScanning dependencies of target control_msgs__rosidl_typesupport_fastrtps_cpp[0m
[44.756s] [ 38%] [32mBuilding CXX object CMakeFiles/control_msgs__rosidl_typesupport_fastrtps_cpp.dir/rosidl_typesupport_fastrtps_cpp/control_msgs/msg/detail/dds_fastrtps/dynamic_joint_state__type_support.cpp.o[0m
[45.463s] [ 39%] [32mBuilding CXX object CMakeFiles/control_msgs__rosidl_typesupport_fastrtps_cpp.dir/rosidl_typesupport_fastrtps_cpp/control_msgs/msg/detail/dds_fastrtps/joint_jog__type_support.cpp.o[0m
[46.063s] [ 40%] [32mBuilding CXX object CMakeFiles/control_msgs__rosidl_typesupport_fastrtps_cpp.dir/rosidl_typesupport_fastrtps_cpp/control_msgs/msg/detail/dds_fastrtps/joint_tolerance__type_support.cpp.o[0m
[46.527s] [ 40%] [32mBuilding CXX object CMakeFiles/control_msgs__rosidl_typesupport_fastrtps_cpp.dir/rosidl_typesupport_fastrtps_cpp/control_msgs/msg/detail/dds_fastrtps/joint_trajectory_controller_state__type_support.cpp.o[0m
[47.118s] [ 41%] [32mBuilding CXX object CMakeFiles/control_msgs__rosidl_typesupport_fastrtps_cpp.dir/rosidl_typesupport_fastrtps_cpp/control_msgs/msg/detail/dds_fastrtps/pid_state__type_support.cpp.o[0m
[47.577s] [ 42%] [32mBuilding CXX object CMakeFiles/control_msgs__rosidl_typesupport_fastrtps_cpp.dir/rosidl_typesupport_fastrtps_cpp/control_msgs/srv/detail/dds_fastrtps/query_calibration_state__type_support.cpp.o[0m
[48.039s] [ 42%] [32mBuilding CXX object CMakeFiles/control_msgs__rosidl_typesupport_fastrtps_cpp.dir/rosidl_typesupport_fastrtps_cpp/control_msgs/srv/detail/dds_fastrtps/query_trajectory_state__type_support.cpp.o[0m
[48.676s] [ 43%] [32mBuilding CXX object CMakeFiles/control_msgs__rosidl_typesupport_fastrtps_cpp.dir/rosidl_typesupport_fastrtps_cpp/control_msgs/action/detail/dds_fastrtps/follow_joint_trajectory__type_support.cpp.o[0m
[49.596s] [ 44%] [32mBuilding CXX object CMakeFiles/control_msgs__rosidl_typesupport_fastrtps_cpp.dir/rosidl_typesupport_fastrtps_cpp/control_msgs/action/detail/dds_fastrtps/gripper_command__type_support.cpp.o[0m
[50.194s] [ 44%] [32mBuilding CXX object CMakeFiles/control_msgs__rosidl_typesupport_fastrtps_cpp.dir/rosidl_typesupport_fastrtps_cpp/control_msgs/action/detail/dds_fastrtps/joint_trajectory__type_support.cpp.o[0m
[50.785s] [ 45%] [32mBuilding CXX object CMakeFiles/control_msgs__rosidl_typesupport_fastrtps_cpp.dir/rosidl_typesupport_fastrtps_cpp/control_msgs/action/detail/dds_fastrtps/point_head__type_support.cpp.o[0m
[51.406s] [ 46%] [32mBuilding CXX object CMakeFiles/control_msgs__rosidl_typesupport_fastrtps_cpp.dir/rosidl_typesupport_fastrtps_cpp/control_msgs/action/detail/dds_fastrtps/single_joint_position__type_support.cpp.o[0m
[52.013s] [ 46%] [32mBuilding CXX object CMakeFiles/control_msgs__rosidl_typesupport_fastrtps_cpp.dir/rosidl_typesupport_fastrtps_cpp/control_msgs/msg/detail/dds_fastrtps/joint_controller_state__type_support.cpp.o[0m
[52.482s] [ 47%] [32mBuilding CXX object CMakeFiles/control_msgs__rosidl_typesupport_fastrtps_cpp.dir/rosidl_typesupport_fastrtps_cpp/control_msgs/msg/detail/dds_fastrtps/joint_component_tolerance__type_support.cpp.o[0m
[52.962s] [ 48%] [32mBuilding CXX object CMakeFiles/control_msgs__rosidl_typesupport_fastrtps_cpp.dir/rosidl_typesupport_fastrtps_cpp/control_msgs/msg/detail/dds_fastrtps/interface_value__type_support.cpp.o[0m
[53.771s] [ 48%] [32mBuilding CXX object CMakeFiles/control_msgs__rosidl_typesupport_fastrtps_cpp.dir/rosidl_typesupport_fastrtps_cpp/control_msgs/msg/detail/dds_fastrtps/gripper_command__type_support.cpp.o[0m
[54.248s] [ 48%] [32m[1mLinking CXX shared library libcontrol_msgs__rosidl_typesupport_fastrtps_cpp.so[0m
[54.369s] [ 48%] Built target control_msgs__rosidl_typesupport_fastrtps_cpp
[54.383s] [ 49%] [34m[1mGenerating C++ type support dispatch for ROS interfaces[0m
[54.389s] [ 51%] [34m[1mGenerating C introspection for ROS interfaces[0m
[54.389s] [ 51%] [34m[1mGenerating C type support for eProsima Fast-RTPS[0m
[56.016s] [35m[1mScanning dependencies of target control_msgs__rosidl_typesupport_cpp[0m
[56.040s] [ 52%] [32mBuilding CXX object CMakeFiles/control_msgs__rosidl_typesupport_cpp.dir/rosidl_typesupport_cpp/control_msgs/msg/interface_value__type_support.cpp.o[0m
[56.040s] [ 52%] [32mBuilding CXX object CMakeFiles/control_msgs__rosidl_typesupport_cpp.dir/rosidl_typesupport_cpp/control_msgs/msg/gripper_command__type_support.cpp.o[0m
[56.043s] [ 53%] [32mBuilding CXX object CMakeFiles/control_msgs__rosidl_typesupport_cpp.dir/rosidl_typesupport_cpp/control_msgs/msg/dynamic_joint_state__type_support.cpp.o[0m
[56.388s] [ 54%] [32mBuilding CXX object CMakeFiles/control_msgs__rosidl_typesupport_cpp.dir/rosidl_typesupport_cpp/control_msgs/msg/joint_jog__type_support.cpp.o[0m
[56.604s] [ 55%] [32mBuilding CXX object CMakeFiles/control_msgs__rosidl_typesupport_cpp.dir/rosidl_typesupport_cpp/control_msgs/msg/joint_tolerance__type_support.cpp.o[0m
[56.612s] [ 55%] [32mBuilding CXX object CMakeFiles/control_msgs__rosidl_typesupport_cpp.dir/rosidl_typesupport_cpp/control_msgs/msg/joint_trajectory_controller_state__type_support.cpp.o[0m
[56.744s] [ 56%] [32mBuilding CXX object CMakeFiles/control_msgs__rosidl_typesupport_cpp.dir/rosidl_typesupport_cpp/control_msgs/msg/pid_state__type_support.cpp.o[0m
[56.978s] [35m[1mScanning dependencies of target control_msgs__rosidl_typesupport_introspection_c[0m
[57.012s] [ 57%] [32mBuilding C object CMakeFiles/control_msgs__rosidl_typesupport_introspection_c.dir/rosidl_typesupport_introspection_c/control_msgs/msg/detail/dynamic_joint_state__type_support.c.o[0m
[57.059s] [ 57%] [32mBuilding C object CMakeFiles/control_msgs__rosidl_typesupport_introspection_c.dir/rosidl_typesupport_introspection_c/control_msgs/msg/detail/gripper_command__type_support.c.o[0m
[57.099s] [ 58%] [32mBuilding CXX object CMakeFiles/control_msgs__rosidl_typesupport_cpp.dir/rosidl_typesupport_cpp/control_msgs/srv/query_calibration_state__type_support.cpp.o[0m
[57.099s] [ 59%] [32mBuilding C object CMakeFiles/control_msgs__rosidl_typesupport_introspection_c.dir/rosidl_typesupport_introspection_c/control_msgs/msg/detail/interface_value__type_support.c.o[0m
[57.106s] [ 60%] [32mBuilding C object CMakeFiles/control_msgs__rosidl_typesupport_introspection_c.dir/rosidl_typesupport_introspection_c/control_msgs/msg/detail/joint_component_tolerance__type_support.c.o[0m
[57.117s] [35m[1mScanning dependencies of target control_msgs__rosidl_typesupport_fastrtps_c[0m
[57.156s] [ 60%] [32mBuilding C object CMakeFiles/control_msgs__rosidl_typesupport_introspection_c.dir/rosidl_typesupport_introspection_c/control_msgs/msg/detail/joint_controller_state__type_support.c.o[0m
[57.162s] [ 61%] [32mBuilding C object CMakeFiles/control_msgs__rosidl_typesupport_introspection_c.dir/rosidl_typesupport_introspection_c/control_msgs/msg/detail/joint_jog__type_support.c.o[0m
[57.167s] [ 62%] [32mBuilding CXX object CMakeFiles/control_msgs__rosidl_typesupport_cpp.dir/rosidl_typesupport_cpp/control_msgs/msg/joint_controller_state__type_support.cpp.o[0m
[57.167s] [ 62%] [32mBuilding C object CMakeFiles/control_msgs__rosidl_typesupport_introspection_c.dir/rosidl_typesupport_introspection_c/control_msgs/msg/detail/joint_tolerance__type_support.c.o[0m
[57.190s] [ 63%] [32mBuilding C object CMakeFiles/control_msgs__rosidl_typesupport_introspection_c.dir/rosidl_typesupport_introspection_c/control_msgs/msg/detail/joint_trajectory_controller_state__type_support.c.o[0m
[57.190s] [ 63%] [32mBuilding CXX object CMakeFiles/control_msgs__rosidl_typesupport_cpp.dir/rosidl_typesupport_cpp/control_msgs/msg/joint_component_tolerance__type_support.cpp.o[0m
[57.191s] [ 63%] [32mBuilding CXX object CMakeFiles/control_msgs__rosidl_typesupport_fastrtps_c.dir/rosidl_typesupport_fastrtps_c/control_msgs/msg/detail/dynamic_joint_state__type_support_c.cpp.o[0m
[57.221s] [ 63%] [32mBuilding CXX object CMakeFiles/control_msgs__rosidl_typesupport_cpp.dir/rosidl_typesupport_cpp/control_msgs/srv/query_trajectory_state__type_support.cpp.o[0m
[57.230s] [ 64%] [32mBuilding C object CMakeFiles/control_msgs__rosidl_typesupport_introspection_c.dir/rosidl_typesupport_introspection_c/control_msgs/msg/detail/pid_state__type_support.c.o[0m
[57.297s] [ 65%] [32mBuilding C object CMakeFiles/control_msgs__rosidl_typesupport_introspection_c.dir/rosidl_typesupport_introspection_c/control_msgs/srv/detail/query_calibration_state__type_support.c.o[0m
[57.370s] [ 65%] [32mBuilding C object CMakeFiles/control_msgs__rosidl_typesupport_introspection_c.dir/rosidl_typesupport_introspection_c/control_msgs/srv/detail/query_trajectory_state__type_support.c.o[0m
[57.449s] [ 66%] [32mBuilding C object CMakeFiles/control_msgs__rosidl_typesupport_introspection_c.dir/rosidl_typesupport_introspection_c/control_msgs/action/detail/follow_joint_trajectory__type_support.c.o[0m
[57.515s] [ 67%] [32mBuilding CXX object CMakeFiles/control_msgs__rosidl_typesupport_cpp.dir/rosidl_typesupport_cpp/control_msgs/action/gripper_command__type_support.cpp.o[0m
[57.593s] [ 68%] [32mBuilding CXX object CMakeFiles/control_msgs__rosidl_typesupport_cpp.dir/rosidl_typesupport_cpp/control_msgs/action/follow_joint_trajectory__type_support.cpp.o[0m
[57.635s] [ 68%] [32mBuilding C object CMakeFiles/control_msgs__rosidl_typesupport_introspection_c.dir/rosidl_typesupport_introspection_c/control_msgs/action/detail/joint_trajectory__type_support.c.o[0m
[57.669s] [ 68%] [32mBuilding CXX object CMakeFiles/control_msgs__rosidl_typesupport_cpp.dir/rosidl_typesupport_cpp/control_msgs/action/joint_trajectory__type_support.cpp.o[0m
[57.673s] [ 69%] [32mBuilding CXX object CMakeFiles/control_msgs__rosidl_typesupport_fastrtps_c.dir/rosidl_typesupport_fastrtps_c/control_msgs/msg/detail/gripper_command__type_support_c.cpp.o[0m
[57.772s] [ 70%] [32mBuilding C object CMakeFiles/control_msgs__rosidl_typesupport_introspection_c.dir/rosidl_typesupport_introspection_c/control_msgs/action/detail/gripper_command__type_support.c.o[0m
[57.773s] [ 71%] [32mBuilding CXX object CMakeFiles/control_msgs__rosidl_typesupport_fastrtps_c.dir/rosidl_typesupport_fastrtps_c/control_msgs/msg/detail/interface_value__type_support_c.cpp.o[0m
[57.775s] [ 72%] [32mBuilding CXX object CMakeFiles/control_msgs__rosidl_typesupport_cpp.dir/rosidl_typesupport_cpp/control_msgs/action/point_head__type_support.cpp.o[0m
[57.936s] [ 73%] [32mBuilding C object CMakeFiles/control_msgs__rosidl_typesupport_introspection_c.dir/rosidl_typesupport_introspection_c/control_msgs/action/detail/point_head__type_support.c.o[0m
[58.039s] [ 73%] [32mBuilding CXX object CMakeFiles/control_msgs__rosidl_typesupport_fastrtps_c.dir/rosidl_typesupport_fastrtps_c/control_msgs/msg/detail/joint_component_tolerance__type_support_c.cpp.o[0m
[58.085s] [ 74%] [32mBuilding C object CMakeFiles/control_msgs__rosidl_typesupport_introspection_c.dir/rosidl_typesupport_introspection_c/control_msgs/action/detail/single_joint_position__type_support.c.o[0m
[58.135s] [ 75%] [32mBuilding CXX object CMakeFiles/control_msgs__rosidl_typesupport_cpp.dir/rosidl_typesupport_cpp/control_msgs/action/single_joint_position__type_support.cpp.o[0m
[58.238s] [ 75%] [32m[1mLinking C shared library libcontrol_msgs__rosidl_typesupport_introspection_c.so[0m
[58.273s] [ 76%] [32mBuilding CXX object CMakeFiles/control_msgs__rosidl_typesupport_fastrtps_c.dir/rosidl_typesupport_fastrtps_c/control_msgs/msg/detail/joint_controller_state__type_support_c.cpp.o[0m
[58.307s] [ 76%] Built target control_msgs__rosidl_typesupport_introspection_c
[58.395s] [ 76%] [32mBuilding CXX object CMakeFiles/control_msgs__rosidl_typesupport_fastrtps_c.dir/rosidl_typesupport_fastrtps_c/control_msgs/msg/detail/joint_tolerance__type_support_c.cpp.o[0m
[58.605s] [ 77%] [32mBuilding CXX object CMakeFiles/control_msgs__rosidl_typesupport_fastrtps_c.dir/rosidl_typesupport_fastrtps_c/control_msgs/msg/detail/pid_state__type_support_c.cpp.o[0m
[58.691s] [ 77%] [32mBuilding CXX object CMakeFiles/control_msgs__rosidl_typesupport_fastrtps_c.dir/rosidl_typesupport_fastrtps_c/control_msgs/srv/detail/query_calibration_state__type_support_c.cpp.o[0m
[58.731s] [ 77%] [32m[1mLinking CXX shared library libcontrol_msgs__rosidl_typesupport_cpp.so[0m
[58.785s] [ 77%] Built target control_msgs__rosidl_typesupport_cpp
[58.848s] [ 78%] [32mBuilding CXX object CMakeFiles/control_msgs__rosidl_typesupport_fastrtps_c.dir/rosidl_typesupport_fastrtps_c/control_msgs/action/detail/follow_joint_trajectory__type_support_c.cpp.o[0m
[58.876s] [ 78%] [32mBuilding CXX object CMakeFiles/control_msgs__rosidl_typesupport_fastrtps_c.dir/rosidl_typesupport_fastrtps_c/control_msgs/action/detail/gripper_command__type_support_c.cpp.o[0m
[59.146s] [ 79%] [32mBuilding CXX object CMakeFiles/control_msgs__rosidl_typesupport_fastrtps_c.dir/rosidl_typesupport_fastrtps_c/control_msgs/action/detail/joint_trajectory__type_support_c.cpp.o[0m
[59.149s] [ 80%] [32mBuilding CXX object CMakeFiles/control_msgs__rosidl_typesupport_fastrtps_c.dir/rosidl_typesupport_fastrtps_c/control_msgs/action/detail/point_head__type_support_c.cpp.o[0m
[59.479s] [ 81%] [32mBuilding CXX object CMakeFiles/control_msgs__rosidl_typesupport_fastrtps_c.dir/rosidl_typesupport_fastrtps_c/control_msgs/srv/detail/query_trajectory_state__type_support_c.cpp.o[0m
[59.483s] [ 81%] [32mBuilding CXX object CMakeFiles/control_msgs__rosidl_typesupport_fastrtps_c.dir/rosidl_typesupport_fastrtps_c/control_msgs/action/detail/single_joint_position__type_support_c.cpp.o[0m
[59.582s] [ 82%] [32mBuilding CXX object CMakeFiles/control_msgs__rosidl_typesupport_fastrtps_c.dir/rosidl_typesupport_fastrtps_c/control_msgs/msg/detail/joint_trajectory_controller_state__type_support_c.cpp.o[0m
[59.709s] [ 83%] [32mBuilding CXX object CMakeFiles/control_msgs__rosidl_typesupport_fastrtps_c.dir/rosidl_typesupport_fastrtps_c/control_msgs/msg/detail/joint_jog__type_support_c.cpp.o[0m
[60.181s] [ 84%] [32m[1mLinking CXX shared library libcontrol_msgs__rosidl_typesupport_fastrtps_c.so[0m
[60.270s] [ 84%] Built target control_msgs__rosidl_typesupport_fastrtps_c
[60.278s] [35m[1mScanning dependencies of target control_msgs[0m
[60.287s] [ 84%] Built target control_msgs
[60.296s] [35m[1mScanning dependencies of target control_msgs__py[0m
[60.306s] [ 85%] [34m[1mGenerating Python code for ROS interfaces[0m
[64.677s] [ 85%] Built target control_msgs__py
[64.685s] [35m[1mScanning dependencies of target control_msgs__python[0m
[64.725s] [ 85%] [32mBuilding C object CMakeFiles/control_msgs__python.dir/rosidl_generator_py/control_msgs/msg/_dynamic_joint_state_s.c.o[0m
[64.728s] [ 87%] [32mBuilding C object CMakeFiles/control_msgs__python.dir/rosidl_generator_py/control_msgs/msg/_interface_value_s.c.o[0m
[64.728s] [ 87%] [32mBuilding C object CMakeFiles/control_msgs__python.dir/rosidl_generator_py/control_msgs/msg/_gripper_command_s.c.o[0m
[64.729s] [ 87%] [32mBuilding C object CMakeFiles/control_msgs__python.dir/rosidl_generator_py/control_msgs/msg/_joint_component_tolerance_s.c.o[0m
[64.729s] [ 88%] [32mBuilding C object CMakeFiles/control_msgs__python.dir/rosidl_generator_py/control_msgs/msg/_joint_controller_state_s.c.o[0m
[64.860s] [ 89%] [32mBuilding C object CMakeFiles/control_msgs__python.dir/rosidl_generator_py/control_msgs/msg/_joint_trajectory_controller_state_s.c.o[0m
[64.875s] [ 90%] [32mBuilding C object CMakeFiles/control_msgs__python.dir/rosidl_generator_py/control_msgs/msg/_pid_state_s.c.o[0m
[64.891s] [ 90%] [32mBuilding C object CMakeFiles/control_msgs__python.dir/rosidl_generator_py/control_msgs/srv/_query_calibration_state_s.c.o[0m
[64.929s] [ 91%] [32mBuilding C object CMakeFiles/control_msgs__python.dir/rosidl_generator_py/control_msgs/srv/_query_trajectory_state_s.c.o[0m
[64.977s] [ 92%] [32mBuilding C object CMakeFiles/control_msgs__python.dir/rosidl_generator_py/control_msgs/action/_follow_joint_trajectory_s.c.o[0m
[65.029s] [ 92%] [32mBuilding C object CMakeFiles/control_msgs__python.dir/rosidl_generator_py/control_msgs/action/_gripper_command_s.c.o[0m
[65.059s] [ 93%] [32mBuilding C object CMakeFiles/control_msgs__python.dir/rosidl_generator_py/control_msgs/action/_joint_trajectory_s.c.o[0m
[65.106s] [ 94%] [32mBuilding C object CMakeFiles/control_msgs__python.dir/rosidl_generator_py/control_msgs/action/_point_head_s.c.o[0m
[65.270s] [ 95%] [32mBuilding C object CMakeFiles/control_msgs__python.dir/rosidl_generator_py/control_msgs/msg/_joint_tolerance_s.c.o[0m
[65.270s] [ 95%] [32mBuilding C object CMakeFiles/control_msgs__python.dir/rosidl_generator_py/control_msgs/action/_single_joint_position_s.c.o[0m
[65.270s] [ 95%] [32mBuilding C object CMakeFiles/control_msgs__python.dir/rosidl_generator_py/control_msgs/msg/_joint_jog_s.c.o[0m
[65.574s] [ 96%] [32m[1mLinking C shared library rosidl_generator_py/control_msgs/libcontrol_msgs__python.so[0m
[65.621s] [ 96%] Built target control_msgs__python
[65.630s] [35m[1mScanning dependencies of target control_msgs__rosidl_typesupport_c__pyext[0m
[65.630s] [35m[1mScanning dependencies of target control_msgs__rosidl_typesupport_introspection_c__pyext[0m
[65.630s] [35m[1mScanning dependencies of target control_msgs__rosidl_typesupport_fastrtps_c__pyext[0m
[65.653s] [ 97%] [32mBuilding C object CMakeFiles/control_msgs__rosidl_typesupport_c__pyext.dir/rosidl_generator_py/control_msgs/_control_msgs_s.ep.rosidl_typesupport_c.c.o[0m
[65.655s] [ 98%] [32mBuilding C object CMakeFiles/control_msgs__rosidl_typesupport_introspection_c__pyext.dir/rosidl_generator_py/control_msgs/_control_msgs_s.ep.rosidl_typesupport_introspection_c.c.o[0m
[65.659s] [ 99%] [32mBuilding C object CMakeFiles/control_msgs__rosidl_typesupport_fastrtps_c__pyext.dir/rosidl_generator_py/control_msgs/_control_msgs_s.ep.rosidl_typesupport_fastrtps_c.c.o[0m
[66.474s] [100%] [32m[1mLinking C shared library rosidl_generator_py/control_msgs/control_msgs_s__rosidl_typesupport_introspection_c.cpython-38-x86_64-linux-gnu.so[0m
[66.475s] [100%] [32m[1mLinking C shared library rosidl_generator_py/control_msgs/control_msgs_s__rosidl_typesupport_c.cpython-38-x86_64-linux-gnu.so[0m
[66.477s] [100%] [32m[1mLinking CXX shared library rosidl_generator_py/control_msgs/control_msgs_s__rosidl_typesupport_fastrtps_c.cpython-38-x86_64-linux-gnu.so[0m
[66.525s] [100%] Built target control_msgs__rosidl_typesupport_c__pyext
[66.525s] [100%] Built target control_msgs__rosidl_typesupport_introspection_c__pyext
[66.555s] [100%] Built target control_msgs__rosidl_typesupport_fastrtps_c__pyext
[66.565s] Invoked command in '/home/hunajpu/trabajo_terminal/ros2_ur_driver/build/control_msgs' returned '0': CMAKE_PREFIX_PATH=/opt/ros/foxy /usr/bin/cmake --build /home/hunajpu/trabajo_terminal/ros2_ur_driver/build/control_msgs -- -j8 -l8
[66.744s] Invoking command in '/home/hunajpu/trabajo_terminal/ros2_ur_driver/build/control_msgs': CMAKE_PREFIX_PATH=/opt/ros/foxy /usr/bin/cmake --install /home/hunajpu/trabajo_terminal/ros2_ur_driver/build/control_msgs
[66.751s] -- Install configuration: "Release"
[66.752s] -- Installing: /home/hunajpu/trabajo_terminal/ros2_ur_driver/install/control_msgs/share/ament_index/resource_index/rosidl_interfaces/control_msgs
[66.752s] -- Installing: /home/hunajpu/trabajo_terminal/ros2_ur_driver/install/control_msgs/include/control_msgs
[66.752s] -- Installing: /home/hunajpu/trabajo_terminal/ros2_ur_driver/install/control_msgs/include/control_msgs/srv
[66.752s] -- Installing: /home/hunajpu/trabajo_terminal/ros2_ur_driver/install/control_msgs/include/control_msgs/srv/detail
[66.752s] -- Installing: /home/hunajpu/trabajo_terminal/ros2_ur_driver/install/control_msgs/include/control_msgs/srv/detail/query_trajectory_state__type_support.h
[66.752s] -- Installing: /home/hunajpu/trabajo_terminal/ros2_ur_driver/install/control_msgs/include/control_msgs/srv/detail/query_trajectory_state__functions.h
[66.752s] -- Installing: /home/hunajpu/trabajo_terminal/ros2_ur_driver/install/control_msgs/include/control_msgs/srv/detail/query_calibration_state__type_support.h
[66.752s] -- Installing: /home/hunajpu/trabajo_terminal/ros2_ur_driver/install/control_msgs/include/control_msgs/srv/detail/query_calibration_state__struct.h
[66.753s] -- Installing: /home/hunajpu/trabajo_terminal/ros2_ur_driver/install/control_msgs/include/control_msgs/srv/detail/query_calibration_state__functions.h
[66.753s] -- Installing: /home/hunajpu/trabajo_terminal/ros2_ur_driver/install/control_msgs/include/control_msgs/srv/detail/query_trajectory_state__functions.c
[66.753s] -- Installing: /home/hunajpu/trabajo_terminal/ros2_ur_driver/install/control_msgs/include/control_msgs/srv/detail/query_trajectory_state__struct.h
[66.753s] -- Installing: /home/hunajpu/trabajo_terminal/ros2_ur_driver/install/control_msgs/include/control_msgs/srv/detail/query_calibration_state__functions.c
[66.753s] -- Installing: /home/hunajpu/trabajo_terminal/ros2_ur_driver/install/control_msgs/include/control_msgs/srv/query_calibration_state.h
[66.753s] -- Installing: /home/hunajpu/trabajo_terminal/ros2_ur_driver/install/control_msgs/include/control_msgs/srv/query_trajectory_state.h
[66.753s] -- Installing: /home/hunajpu/trabajo_terminal/ros2_ur_driver/install/control_msgs/include/control_msgs/msg
[66.753s] -- Installing: /home/hunajpu/trabajo_terminal/ros2_ur_driver/install/control_msgs/include/control_msgs/msg/dynamic_joint_state.h
[66.754s] -- Installing: /home/hunajpu/trabajo_terminal/ros2_ur_driver/install/control_msgs/include/control_msgs/msg/interface_value.h
[66.754s] -- Installing: /home/hunajpu/trabajo_terminal/ros2_ur_driver/install/control_msgs/include/control_msgs/msg/joint_jog.h
[66.754s] -- Installing: /home/hunajpu/trabajo_terminal/ros2_ur_driver/install/control_msgs/include/control_msgs/msg/joint_controller_state.h
[66.754s] -- Installing: /home/hunajpu/trabajo_terminal/ros2_ur_driver/install/control_msgs/include/control_msgs/msg/rosidl_generator_c__visibility_control.h
[66.754s] -- Installing: /home/hunajpu/trabajo_terminal/ros2_ur_driver/install/control_msgs/include/control_msgs/msg/detail
[66.754s] -- Installing: /home/hunajpu/trabajo_terminal/ros2_ur_driver/install/control_msgs/include/control_msgs/msg/detail/joint_trajectory_controller_state__functions.c
[66.754s] -- Installing: /home/hunajpu/trabajo_terminal/ros2_ur_driver/install/control_msgs/include/control_msgs/msg/detail/joint_component_tolerance__functions.h
[66.754s] -- Installing: /home/hunajpu/trabajo_terminal/ros2_ur_driver/install/control_msgs/include/control_msgs/msg/detail/joint_tolerance__type_support.h
[66.754s] -- Installing: /home/hunajpu/trabajo_terminal/ros2_ur_driver/install/control_msgs/include/control_msgs/msg/detail/dynamic_joint_state__functions.c
[66.755s] -- Installing: /home/hunajpu/trabajo_terminal/ros2_ur_driver/install/control_msgs/include/control_msgs/msg/detail/interface_value__struct.h
[66.755s] -- Installing: /home/hunajpu/trabajo_terminal/ros2_ur_driver/install/control_msgs/include/control_msgs/msg/detail/joint_trajectory_controller_state__type_support.h
[66.755s] -- Installing: /home/hunajpu/trabajo_terminal/ros2_ur_driver/install/control_msgs/include/control_msgs/msg/detail/joint_tolerance__functions.c
[66.755s] -- Installing: /home/hunajpu/trabajo_terminal/ros2_ur_driver/install/control_msgs/include/control_msgs/msg/detail/joint_controller_state__functions.h
[66.755s] -- Installing: /home/hunajpu/trabajo_terminal/ros2_ur_driver/install/control_msgs/include/control_msgs/msg/detail/joint_tolerance__functions.h
[66.755s] -- Installing: /home/hunajpu/trabajo_terminal/ros2_ur_driver/install/control_msgs/include/control_msgs/msg/detail/joint_tolerance__struct.h
[66.755s] -- Installing: /home/hunajpu/trabajo_terminal/ros2_ur_driver/install/control_msgs/include/control_msgs/msg/detail/joint_controller_state__type_support.h
[66.755s] -- Installing: /home/hunajpu/trabajo_terminal/ros2_ur_driver/install/control_msgs/include/control_msgs/msg/detail/dynamic_joint_state__type_support.h
[66.755s] -- Installing: /home/hunajpu/trabajo_terminal/ros2_ur_driver/install/control_msgs/include/control_msgs/msg/detail/pid_state__struct.h
[66.755s] -- Installing: /home/hunajpu/trabajo_terminal/ros2_ur_driver/install/control_msgs/include/control_msgs/msg/detail/joint_jog__functions.c
[66.755s] -- Installing: /home/hunajpu/trabajo_terminal/ros2_ur_driver/install/control_msgs/include/control_msgs/msg/detail/joint_jog__type_support.h
[66.755s] -- Installing: /home/hunajpu/trabajo_terminal/ros2_ur_driver/install/control_msgs/include/control_msgs/msg/detail/gripper_command__functions.h
[66.756s] -- Installing: /home/hunajpu/trabajo_terminal/ros2_ur_driver/install/control_msgs/include/control_msgs/msg/detail/dynamic_joint_state__struct.h
[66.756s] -- Installing: /home/hunajpu/trabajo_terminal/ros2_ur_driver/install/control_msgs/include/control_msgs/msg/detail/dynamic_joint_state__functions.h
[66.756s] -- Installing: /home/hunajpu/trabajo_terminal/ros2_ur_driver/install/control_msgs/include/control_msgs/msg/detail/joint_trajectory_controller_state__functions.h
[66.756s] -- Installing: /home/hunajpu/trabajo_terminal/ros2_ur_driver/install/control_msgs/include/control_msgs/msg/detail/pid_state__functions.h
[66.756s] -- Installing: /home/hunajpu/trabajo_terminal/ros2_ur_driver/install/control_msgs/include/control_msgs/msg/detail/joint_trajectory_controller_state__struct.h
[66.756s] -- Installing: /home/hunajpu/trabajo_terminal/ros2_ur_driver/install/control_msgs/include/control_msgs/msg/detail/joint_jog__functions.h
[66.756s] -- Installing: /home/hunajpu/trabajo_terminal/ros2_ur_driver/install/control_msgs/include/control_msgs/msg/detail/joint_controller_state__functions.c
[66.756s] -- Installing: /home/hunajpu/trabajo_terminal/ros2_ur_driver/install/control_msgs/include/control_msgs/msg/detail/joint_controller_state__struct.h
[66.756s] -- Installing: /home/hunajpu/trabajo_terminal/ros2_ur_driver/install/control_msgs/include/control_msgs/msg/detail/interface_value__functions.c
[66.756s] -- Installing: /home/hunajpu/trabajo_terminal/ros2_ur_driver/install/control_msgs/include/control_msgs/msg/detail/joint_component_tolerance__type_support.h
[66.756s] -- Installing: /home/hunajpu/trabajo_terminal/ros2_ur_driver/install/control_msgs/include/control_msgs/msg/detail/gripper_command__type_support.h
[66.756s] -- Installing: /home/hunajpu/trabajo_terminal/ros2_ur_driver/install/control_msgs/include/control_msgs/msg/detail/interface_value__functions.h
[66.756s] -- Installing: /home/hunajpu/trabajo_terminal/ros2_ur_driver/install/control_msgs/include/control_msgs/msg/detail/gripper_command__struct.h
[66.757s] -- Installing: /home/hunajpu/trabajo_terminal/ros2_ur_driver/install/control_msgs/include/control_msgs/msg/detail/interface_value__type_support.h
[66.757s] -- Installing: /home/hunajpu/trabajo_terminal/ros2_ur_driver/install/control_msgs/include/control_msgs/msg/detail/gripper_command__functions.c
[66.757s] -- Installing: /home/hunajpu/trabajo_terminal/ros2_ur_driver/install/control_msgs/include/control_msgs/msg/detail/joint_component_tolerance__struct.h
[66.757s] -- Installing: /home/hunajpu/trabajo_terminal/ros2_ur_driver/install/control_msgs/include/control_msgs/msg/detail/pid_state__type_support.h
[66.757s] -- Installing: /home/hunajpu/trabajo_terminal/ros2_ur_driver/install/control_msgs/include/control_msgs/msg/detail/joint_jog__struct.h
[66.757s] -- Installing: /home/hunajpu/trabajo_terminal/ros2_ur_driver/install/control_msgs/include/control_msgs/msg/detail/joint_component_tolerance__functions.c
[66.757s] -- Installing: /home/hunajpu/trabajo_terminal/ros2_ur_driver/install/control_msgs/include/control_msgs/msg/detail/pid_state__functions.c
[66.757s] -- Installing: /home/hunajpu/trabajo_terminal/ros2_ur_driver/install/control_msgs/include/control_msgs/msg/joint_trajectory_controller_state.h
[66.757s] -- Installing: /home/hunajpu/trabajo_terminal/ros2_ur_driver/install/control_msgs/include/control_msgs/msg/pid_state.h
[66.757s] -- Installing: /home/hunajpu/trabajo_terminal/ros2_ur_driver/install/control_msgs/include/control_msgs/msg/gripper_command.h
[66.757s] -- Installing: /home/hunajpu/trabajo_terminal/ros2_ur_driver/install/control_msgs/include/control_msgs/msg/joint_component_tolerance.h
[66.757s] -- Installing: /home/hunajpu/trabajo_terminal/ros2_ur_driver/install/control_msgs/include/control_msgs/msg/joint_tolerance.h
[66.757s] -- Installing: /home/hunajpu/trabajo_terminal/ros2_ur_driver/install/control_msgs/include/control_msgs/action
[66.757s] -- Installing: /home/hunajpu/trabajo_terminal/ros2_ur_driver/install/control_msgs/include/control_msgs/action/follow_joint_trajectory.h
[66.758s] -- Installing: /home/hunajpu/trabajo_terminal/ros2_ur_driver/install/control_msgs/include/control_msgs/action/detail
[66.758s] -- Installing: /home/hunajpu/trabajo_terminal/ros2_ur_driver/install/control_msgs/include/control_msgs/action/detail/point_head__functions.h
[66.758s] -- Installing: /home/hunajpu/trabajo_terminal/ros2_ur_driver/install/control_msgs/include/control_msgs/action/detail/point_head__struct.h
[66.758s] -- Installing: /home/hunajpu/trabajo_terminal/ros2_ur_driver/install/control_msgs/include/control_msgs/action/detail/single_joint_position__struct.h
[66.758s] -- Installing: /home/hunajpu/trabajo_terminal/ros2_ur_driver/install/control_msgs/include/control_msgs/action/detail/joint_trajectory__type_support.h
[66.758s] -- Installing: /home/hunajpu/trabajo_terminal/ros2_ur_driver/install/control_msgs/include/control_msgs/action/detail/joint_trajectory__functions.c
[66.758s] -- Installing: /home/hunajpu/trabajo_terminal/ros2_ur_driver/install/control_msgs/include/control_msgs/action/detail/single_joint_position__functions.c
[66.758s] -- Installing: /home/hunajpu/trabajo_terminal/ros2_ur_driver/install/control_msgs/include/control_msgs/action/detail/point_head__functions.c
[66.758s] -- Installing: /home/hunajpu/trabajo_terminal/ros2_ur_driver/install/control_msgs/include/control_msgs/action/detail/gripper_command__functions.h
[66.758s] -- Installing: /home/hunajpu/trabajo_terminal/ros2_ur_driver/install/control_msgs/include/control_msgs/action/detail/joint_trajectory__functions.h
[66.758s] -- Installing: /home/hunajpu/trabajo_terminal/ros2_ur_driver/install/control_msgs/include/control_msgs/action/detail/point_head__type_support.h
[66.758s] -- Installing: /home/hunajpu/trabajo_terminal/ros2_ur_driver/install/control_msgs/include/control_msgs/action/detail/single_joint_position__functions.h
[66.758s] -- Installing: /home/hunajpu/trabajo_terminal/ros2_ur_driver/install/control_msgs/include/control_msgs/action/detail/gripper_command__type_support.h
[66.758s] -- Installing: /home/hunajpu/trabajo_terminal/ros2_ur_driver/install/control_msgs/include/control_msgs/action/detail/follow_joint_trajectory__struct.h
[66.759s] -- Installing: /home/hunajpu/trabajo_terminal/ros2_ur_driver/install/control_msgs/include/control_msgs/action/detail/follow_joint_trajectory__functions.h
[66.759s] -- Installing: /home/hunajpu/trabajo_terminal/ros2_ur_driver/install/control_msgs/include/control_msgs/action/detail/gripper_command__struct.h
[66.759s] -- Installing: /home/hunajpu/trabajo_terminal/ros2_ur_driver/install/control_msgs/include/control_msgs/action/detail/gripper_command__functions.c
[66.759s] -- Installing: /home/hunajpu/trabajo_terminal/ros2_ur_driver/install/control_msgs/include/control_msgs/action/detail/single_joint_position__type_support.h
[66.759s] -- Installing: /home/hunajpu/trabajo_terminal/ros2_ur_driver/install/control_msgs/include/control_msgs/action/detail/joint_trajectory__struct.h
[66.759s] -- Installing: /home/hunajpu/trabajo_terminal/ros2_ur_driver/install/control_msgs/include/control_msgs/action/detail/follow_joint_trajectory__functions.c
[66.759s] -- Installing: /home/hunajpu/trabajo_terminal/ros2_ur_driver/install/control_msgs/include/control_msgs/action/detail/follow_joint_trajectory__type_support.h
[66.759s] -- Installing: /home/hunajpu/trabajo_terminal/ros2_ur_driver/install/control_msgs/include/control_msgs/action/joint_trajectory.h
[66.759s] -- Installing: /home/hunajpu/trabajo_terminal/ros2_ur_driver/install/control_msgs/include/control_msgs/action/gripper_command.h
[66.759s] -- Installing: /home/hunajpu/trabajo_terminal/ros2_ur_driver/install/control_msgs/include/control_msgs/action/single_joint_position.h
[66.759s] -- Installing: /home/hunajpu/trabajo_terminal/ros2_ur_driver/install/control_msgs/include/control_msgs/action/point_head.h
[66.759s] -- Installing: /home/hunajpu/trabajo_terminal/ros2_ur_driver/install/control_msgs/share/control_msgs/environment/library_path.sh
[66.759s] -- Installing: /home/hunajpu/trabajo_terminal/ros2_ur_driver/install/control_msgs/share/control_msgs/environment/library_path.dsv
[66.759s] -- Installing: /home/hunajpu/trabajo_terminal/ros2_ur_driver/install/control_msgs/lib/libcontrol_msgs__rosidl_generator_c.so
[66.759s] -- Set runtime path of "/home/hunajpu/trabajo_terminal/ros2_ur_driver/install/control_msgs/lib/libcontrol_msgs__rosidl_generator_c.so" to ""
[66.760s] -- Up-to-date: /home/hunajpu/trabajo_terminal/ros2_ur_driver/install/control_msgs/include/control_msgs
[66.760s] -- Up-to-date: /home/hunajpu/trabajo_terminal/ros2_ur_driver/install/control_msgs/include/control_msgs/srv
[66.760s] -- Up-to-date: /home/hunajpu/trabajo_terminal/ros2_ur_driver/install/control_msgs/include/control_msgs/srv/detail
[66.760s] -- Installing: /home/hunajpu/trabajo_terminal/ros2_ur_driver/install/control_msgs/include/control_msgs/srv/detail/query_calibration_state__rosidl_typesupport_fastrtps_c.h
[66.760s] -- Installing: /home/hunajpu/trabajo_terminal/ros2_ur_driver/install/control_msgs/include/control_msgs/srv/detail/query_trajectory_state__rosidl_typesupport_fastrtps_c.h
[66.760s] -- Up-to-date: /home/hunajpu/trabajo_terminal/ros2_ur_driver/install/control_msgs/include/control_msgs/msg
[66.760s] -- Up-to-date: /home/hunajpu/trabajo_terminal/ros2_ur_driver/install/control_msgs/include/control_msgs/msg/detail
[66.760s] -- Installing: /home/hunajpu/trabajo_terminal/ros2_ur_driver/install/control_msgs/include/control_msgs/msg/detail/pid_state__rosidl_typesupport_fastrtps_c.h
[66.760s] -- Installing: /home/hunajpu/trabajo_terminal/ros2_ur_driver/install/control_msgs/include/control_msgs/msg/detail/joint_jog__rosidl_typesupport_fastrtps_c.h
[66.760s] -- Installing: /home/hunajpu/trabajo_terminal/ros2_ur_driver/install/control_msgs/include/control_msgs/msg/detail/joint_trajectory_controller_state__rosidl_typesupport_fastrtps_c.h
[66.760s] -- Installing: /home/hunajpu/trabajo_terminal/ros2_ur_driver/install/control_msgs/include/control_msgs/msg/detail/gripper_command__rosidl_typesupport_fastrtps_c.h
[66.760s] -- Installing: /home/hunajpu/trabajo_terminal/ros2_ur_driver/install/control_msgs/include/control_msgs/msg/detail/joint_component_tolerance__rosidl_typesupport_fastrtps_c.h
[66.760s] -- Installing: /home/hunajpu/trabajo_terminal/ros2_ur_driver/install/control_msgs/include/control_msgs/msg/detail/interface_value__rosidl_typesupport_fastrtps_c.h
[66.761s] -- Installing: /home/hunajpu/trabajo_terminal/ros2_ur_driver/install/control_msgs/include/control_msgs/msg/detail/joint_tolerance__rosidl_typesupport_fastrtps_c.h
[66.761s] -- Installing: /home/hunajpu/trabajo_terminal/ros2_ur_driver/install/control_msgs/include/control_msgs/msg/detail/joint_controller_state__rosidl_typesupport_fastrtps_c.h
[66.761s] -- Installing: /home/hunajpu/trabajo_terminal/ros2_ur_driver/install/control_msgs/include/control_msgs/msg/detail/dynamic_joint_state__rosidl_typesupport_fastrtps_c.h
[66.761s] -- Installing: /home/hunajpu/trabajo_terminal/ros2_ur_driver/install/control_msgs/include/control_msgs/msg/rosidl_typesupport_fastrtps_c__visibility_control.h
[66.761s] -- Up-to-date: /home/hunajpu/trabajo_terminal/ros2_ur_driver/install/control_msgs/include/control_msgs/action
[66.761s] -- Up-to-date: /home/hunajpu/trabajo_terminal/ros2_ur_driver/install/control_msgs/include/control_msgs/action/detail
[66.761s] -- Installing: /home/hunajpu/trabajo_terminal/ros2_ur_driver/install/control_msgs/include/control_msgs/action/detail/follow_joint_trajectory__rosidl_typesupport_fastrtps_c.h
[66.761s] -- Installing: /home/hunajpu/trabajo_terminal/ros2_ur_driver/install/control_msgs/include/control_msgs/action/detail/point_head__rosidl_typesupport_fastrtps_c.h
[66.761s] -- Installing: /home/hunajpu/trabajo_terminal/ros2_ur_driver/install/control_msgs/include/control_msgs/action/detail/gripper_command__rosidl_typesupport_fastrtps_c.h
[66.761s] -- Installing: /home/hunajpu/trabajo_terminal/ros2_ur_driver/install/control_msgs/include/control_msgs/action/detail/single_joint_position__rosidl_typesupport_fastrtps_c.h
[66.761s] -- Installing: /home/hunajpu/trabajo_terminal/ros2_ur_driver/install/control_msgs/include/control_msgs/action/detail/joint_trajectory__rosidl_typesupport_fastrtps_c.h
[66.761s] -- Installing: /home/hunajpu/trabajo_terminal/ros2_ur_driver/install/control_msgs/lib/libcontrol_msgs__rosidl_typesupport_fastrtps_c.so
[66.761s] -- Set runtime path of "/home/hunajpu/trabajo_terminal/ros2_ur_driver/install/control_msgs/lib/libcontrol_msgs__rosidl_typesupport_fastrtps_c.so" to ""
[66.761s] -- Up-to-date: /home/hunajpu/trabajo_terminal/ros2_ur_driver/install/control_msgs/include/control_msgs
[66.762s] -- Up-to-date: /home/hunajpu/trabajo_terminal/ros2_ur_driver/install/control_msgs/include/control_msgs/srv
[66.762s] -- Up-to-date: /home/hunajpu/trabajo_terminal/ros2_ur_driver/install/control_msgs/include/control_msgs/srv/detail
[66.762s] -- Installing: /home/hunajpu/trabajo_terminal/ros2_ur_driver/install/control_msgs/include/control_msgs/srv/detail/dds_fastrtps
[66.762s] -- Installing: /home/hunajpu/trabajo_terminal/ros2_ur_driver/install/control_msgs/include/control_msgs/srv/detail/query_calibration_state__rosidl_typesupport_fastrtps_cpp.hpp
[66.762s] -- Installing: /home/hunajpu/trabajo_terminal/ros2_ur_driver/install/control_msgs/include/control_msgs/srv/detail/query_trajectory_state__rosidl_typesupport_fastrtps_cpp.hpp
[66.762s] -- Up-to-date: /home/hunajpu/trabajo_terminal/ros2_ur_driver/install/control_msgs/include/control_msgs/msg
[66.762s] -- Up-to-date: /home/hunajpu/trabajo_terminal/ros2_ur_driver/install/control_msgs/include/control_msgs/msg/detail
[66.762s] -- Installing: /home/hunajpu/trabajo_terminal/ros2_ur_driver/install/control_msgs/include/control_msgs/msg/detail/interface_value__rosidl_typesupport_fastrtps_cpp.hpp
[66.762s] -- Installing: /home/hunajpu/trabajo_terminal/ros2_ur_driver/install/control_msgs/include/control_msgs/msg/detail/joint_component_tolerance__rosidl_typesupport_fastrtps_cpp.hpp
[66.762s] -- Installing: /home/hunajpu/trabajo_terminal/ros2_ur_driver/install/control_msgs/include/control_msgs/msg/detail/pid_state__rosidl_typesupport_fastrtps_cpp.hpp
[66.762s] -- Installing: /home/hunajpu/trabajo_terminal/ros2_ur_driver/install/control_msgs/include/control_msgs/msg/detail/dynamic_joint_state__rosidl_typesupport_fastrtps_cpp.hpp
[66.762s] -- Installing: /home/hunajpu/trabajo_terminal/ros2_ur_driver/install/control_msgs/include/control_msgs/msg/detail/gripper_command__rosidl_typesupport_fastrtps_cpp.hpp
[66.762s] -- Installing: /home/hunajpu/trabajo_terminal/ros2_ur_driver/install/control_msgs/include/control_msgs/msg/detail/dds_fastrtps
[66.762s] -- Installing: /home/hunajpu/trabajo_terminal/ros2_ur_driver/install/control_msgs/include/control_msgs/msg/detail/joint_tolerance__rosidl_typesupport_fastrtps_cpp.hpp
[66.763s] -- Installing: /home/hunajpu/trabajo_terminal/ros2_ur_driver/install/control_msgs/include/control_msgs/msg/detail/joint_jog__rosidl_typesupport_fastrtps_cpp.hpp
[66.763s] -- Installing: /home/hunajpu/trabajo_terminal/ros2_ur_driver/install/control_msgs/include/control_msgs/msg/detail/joint_controller_state__rosidl_typesupport_fastrtps_cpp.hpp
[66.763s] -- Installing: /home/hunajpu/trabajo_terminal/ros2_ur_driver/install/control_msgs/include/control_msgs/msg/detail/joint_trajectory_controller_state__rosidl_typesupport_fastrtps_cpp.hpp
[66.763s] -- Installing: /home/hunajpu/trabajo_terminal/ros2_ur_driver/install/control_msgs/include/control_msgs/msg/rosidl_typesupport_fastrtps_cpp__visibility_control.h
[66.763s] -- Up-to-date: /home/hunajpu/trabajo_terminal/ros2_ur_driver/install/control_msgs/include/control_msgs/action
[66.763s] -- Up-to-date: /home/hunajpu/trabajo_terminal/ros2_ur_driver/install/control_msgs/include/control_msgs/action/detail
[66.763s] -- Installing: /home/hunajpu/trabajo_terminal/ros2_ur_driver/install/control_msgs/include/control_msgs/action/detail/follow_joint_trajectory__rosidl_typesupport_fastrtps_cpp.hpp
[66.763s] -- Installing: /home/hunajpu/trabajo_terminal/ros2_ur_driver/install/control_msgs/include/control_msgs/action/detail/gripper_command__rosidl_typesupport_fastrtps_cpp.hpp
[66.763s] -- Installing: /home/hunajpu/trabajo_terminal/ros2_ur_driver/install/control_msgs/include/control_msgs/action/detail/joint_trajectory__rosidl_typesupport_fastrtps_cpp.hpp
[66.763s] -- Installing: /home/hunajpu/trabajo_terminal/ros2_ur_driver/install/control_msgs/include/control_msgs/action/detail/dds_fastrtps
[66.763s] -- Installing: /home/hunajpu/trabajo_terminal/ros2_ur_driver/install/control_msgs/include/control_msgs/action/detail/single_joint_position__rosidl_typesupport_fastrtps_cpp.hpp
[66.763s] -- Installing: /home/hunajpu/trabajo_terminal/ros2_ur_driver/install/control_msgs/include/control_msgs/action/detail/point_head__rosidl_typesupport_fastrtps_cpp.hpp
[66.763s] -- Installing: /home/hunajpu/trabajo_terminal/ros2_ur_driver/install/control_msgs/lib/libcontrol_msgs__rosidl_typesupport_fastrtps_cpp.so
[66.763s] -- Set runtime path of "/home/hunajpu/trabajo_terminal/ros2_ur_driver/install/control_msgs/lib/libcontrol_msgs__rosidl_typesupport_fastrtps_cpp.so" to ""
[66.763s] -- Up-to-date: /home/hunajpu/trabajo_terminal/ros2_ur_driver/install/control_msgs/include/control_msgs
[66.764s] -- Up-to-date: /home/hunajpu/trabajo_terminal/ros2_ur_driver/install/control_msgs/include/control_msgs/srv
[66.764s] -- Up-to-date: /home/hunajpu/trabajo_terminal/ros2_ur_driver/install/control_msgs/include/control_msgs/srv/detail
[66.764s] -- Installing: /home/hunajpu/trabajo_terminal/ros2_ur_driver/install/control_msgs/include/control_msgs/srv/detail/query_calibration_state__rosidl_typesupport_introspection_c.h
[66.764s] -- Installing: /home/hunajpu/trabajo_terminal/ros2_ur_driver/install/control_msgs/include/control_msgs/srv/detail/query_calibration_state__type_support.c
[66.764s] -- Installing: /home/hunajpu/trabajo_terminal/ros2_ur_driver/install/control_msgs/include/control_msgs/srv/detail/query_trajectory_state__rosidl_typesupport_introspection_c.h
[66.764s] -- Installing: /home/hunajpu/trabajo_terminal/ros2_ur_driver/install/control_msgs/include/control_msgs/srv/detail/query_trajectory_state__type_support.c
[66.764s] -- Up-to-date: /home/hunajpu/trabajo_terminal/ros2_ur_driver/install/control_msgs/include/control_msgs/msg
[66.764s] -- Up-to-date: /home/hunajpu/trabajo_terminal/ros2_ur_driver/install/control_msgs/include/control_msgs/msg/detail
[66.764s] -- Installing: /home/hunajpu/trabajo_terminal/ros2_ur_driver/install/control_msgs/include/control_msgs/msg/detail/pid_state__type_support.c
[66.764s] -- Installing: /home/hunajpu/trabajo_terminal/ros2_ur_driver/install/control_msgs/include/control_msgs/msg/detail/dynamic_joint_state__rosidl_typesupport_introspection_c.h
[66.765s] -- Installing: /home/hunajpu/trabajo_terminal/ros2_ur_driver/install/control_msgs/include/control_msgs/msg/detail/joint_component_tolerance__rosidl_typesupport_introspection_c.h
[66.765s] -- Installing: /home/hunajpu/trabajo_terminal/ros2_ur_driver/install/control_msgs/include/control_msgs/msg/detail/pid_state__rosidl_typesupport_introspection_c.h
[66.765s] -- Installing: /home/hunajpu/trabajo_terminal/ros2_ur_driver/install/control_msgs/include/control_msgs/msg/detail/joint_tolerance__type_support.c
[66.765s] -- Installing: /home/hunajpu/trabajo_terminal/ros2_ur_driver/install/control_msgs/include/control_msgs/msg/detail/interface_value__type_support.c
[66.765s] -- Installing: /home/hunajpu/trabajo_terminal/ros2_ur_driver/install/control_msgs/include/control_msgs/msg/detail/joint_trajectory_controller_state__rosidl_typesupport_introspection_c.h
[66.765s] -- Installing: /home/hunajpu/trabajo_terminal/ros2_ur_driver/install/control_msgs/include/control_msgs/msg/detail/joint_component_tolerance__type_support.c
[66.766s] -- Installing: /home/hunajpu/trabajo_terminal/ros2_ur_driver/install/control_msgs/include/control_msgs/msg/detail/dynamic_joint_state__type_support.c
[66.766s] -- Installing: /home/hunajpu/trabajo_terminal/ros2_ur_driver/install/control_msgs/include/control_msgs/msg/detail/joint_controller_state__type_support.c
[66.766s] -- Installing: /home/hunajpu/trabajo_terminal/ros2_ur_driver/install/control_msgs/include/control_msgs/msg/detail/joint_jog__type_support.c
[66.766s] -- Installing: /home/hunajpu/trabajo_terminal/ros2_ur_driver/install/control_msgs/include/control_msgs/msg/detail/interface_value__rosidl_typesupport_introspection_c.h
[66.766s] -- Installing: /home/hunajpu/trabajo_terminal/ros2_ur_driver/install/control_msgs/include/control_msgs/msg/detail/gripper_command__rosidl_typesupport_introspection_c.h
[66.766s] -- Installing: /home/hunajpu/trabajo_terminal/ros2_ur_driver/install/control_msgs/include/control_msgs/msg/detail/joint_controller_state__rosidl_typesupport_introspection_c.h
[66.766s] -- Installing: /home/hunajpu/trabajo_terminal/ros2_ur_driver/install/control_msgs/include/control_msgs/msg/detail/joint_jog__rosidl_typesupport_introspection_c.h
[66.767s] -- Installing: /home/hunajpu/trabajo_terminal/ros2_ur_driver/install/control_msgs/include/control_msgs/msg/detail/joint_tolerance__rosidl_typesupport_introspection_c.h
[66.767s] -- Installing: /home/hunajpu/trabajo_terminal/ros2_ur_driver/install/control_msgs/include/control_msgs/msg/detail/gripper_command__type_support.c
[66.767s] -- Installing: /home/hunajpu/trabajo_terminal/ros2_ur_driver/install/control_msgs/include/control_msgs/msg/detail/joint_trajectory_controller_state__type_support.c
[66.767s] -- Installing: /home/hunajpu/trabajo_terminal/ros2_ur_driver/install/control_msgs/include/control_msgs/msg/rosidl_typesupport_introspection_c__visibility_control.h
[66.767s] -- Up-to-date: /home/hunajpu/trabajo_terminal/ros2_ur_driver/install/control_msgs/include/control_msgs/action
[66.767s] -- Up-to-date: /home/hunajpu/trabajo_terminal/ros2_ur_driver/install/control_msgs/include/control_msgs/action/detail
[66.767s] -- Installing: /home/hunajpu/trabajo_terminal/ros2_ur_driver/install/control_msgs/include/control_msgs/action/detail/joint_trajectory__type_support.c
[66.767s] -- Installing: /home/hunajpu/trabajo_terminal/ros2_ur_driver/install/control_msgs/include/control_msgs/action/detail/point_head__type_support.c
[66.767s] -- Installing: /home/hunajpu/trabajo_terminal/ros2_ur_driver/install/control_msgs/include/control_msgs/action/detail/joint_trajectory__rosidl_typesupport_introspection_c.h
[66.768s] -- Installing: /home/hunajpu/trabajo_terminal/ros2_ur_driver/install/control_msgs/include/control_msgs/action/detail/follow_joint_trajectory__rosidl_typesupport_introspection_c.h
[66.768s] -- Installing: /home/hunajpu/trabajo_terminal/ros2_ur_driver/install/control_msgs/include/control_msgs/action/detail/follow_joint_trajectory__type_support.c
[66.768s] -- Installing: /home/hunajpu/trabajo_terminal/ros2_ur_driver/install/control_msgs/include/control_msgs/action/detail/single_joint_position__type_support.c
[66.768s] -- Installing: /home/hunajpu/trabajo_terminal/ros2_ur_driver/install/control_msgs/include/control_msgs/action/detail/point_head__rosidl_typesupport_introspection_c.h
[66.768s] -- Installing: /home/hunajpu/trabajo_terminal/ros2_ur_driver/install/control_msgs/include/control_msgs/action/detail/gripper_command__rosidl_typesupport_introspection_c.h
[66.769s] -- Installing: /home/hunajpu/trabajo_terminal/ros2_ur_driver/install/control_msgs/include/control_msgs/action/detail/single_joint_position__rosidl_typesupport_introspection_c.h
[66.769s] -- Installing: /home/hunajpu/trabajo_terminal/ros2_ur_driver/install/control_msgs/include/control_msgs/action/detail/gripper_command__type_support.c
[66.769s] -- Installing: /home/hunajpu/trabajo_terminal/ros2_ur_driver/install/control_msgs/lib/libcontrol_msgs__rosidl_typesupport_introspection_c.so
[66.769s] -- Set runtime path of "/home/hunajpu/trabajo_terminal/ros2_ur_driver/install/control_msgs/lib/libcontrol_msgs__rosidl_typesupport_introspection_c.so" to ""
[66.770s] -- Installing: /home/hunajpu/trabajo_terminal/ros2_ur_driver/install/control_msgs/lib/libcontrol_msgs__rosidl_typesupport_c.so
[66.770s] -- Set runtime path of "/home/hunajpu/trabajo_terminal/ros2_ur_driver/install/control_msgs/lib/libcontrol_msgs__rosidl_typesupport_c.so" to ""
[66.770s] -- Up-to-date: /home/hunajpu/trabajo_terminal/ros2_ur_driver/install/control_msgs/include/control_msgs
[66.770s] -- Up-to-date: /home/hunajpu/trabajo_terminal/ros2_ur_driver/install/control_msgs/include/control_msgs/srv
[66.770s] -- Installing: /home/hunajpu/trabajo_terminal/ros2_ur_driver/install/control_msgs/include/control_msgs/srv/query_calibration_state.hpp
[66.770s] -- Up-to-date: /home/hunajpu/trabajo_terminal/ros2_ur_driver/install/control_msgs/include/control_msgs/srv/detail
[66.771s] -- Installing: /home/hunajpu/trabajo_terminal/ros2_ur_driver/install/control_msgs/include/control_msgs/srv/detail/query_calibration_state__traits.hpp
[66.771s] -- Installing: /home/hunajpu/trabajo_terminal/ros2_ur_driver/install/control_msgs/include/control_msgs/srv/detail/query_trajectory_state__builder.hpp
[66.771s] -- Installing: /home/hunajpu/trabajo_terminal/ros2_ur_driver/install/control_msgs/include/control_msgs/srv/detail/query_trajectory_state__struct.hpp
[66.771s] -- Installing: /home/hunajpu/trabajo_terminal/ros2_ur_driver/install/control_msgs/include/control_msgs/srv/detail/query_calibration_state__struct.hpp
[66.772s] -- Installing: /home/hunajpu/trabajo_terminal/ros2_ur_driver/install/control_msgs/include/control_msgs/srv/detail/query_calibration_state__builder.hpp
[66.772s] -- Installing: /home/hunajpu/trabajo_terminal/ros2_ur_driver/install/control_msgs/include/control_msgs/srv/detail/query_trajectory_state__traits.hpp
[66.772s] -- Installing: /home/hunajpu/trabajo_terminal/ros2_ur_driver/install/control_msgs/include/control_msgs/srv/query_trajectory_state.hpp
[66.772s] -- Up-to-date: /home/hunajpu/trabajo_terminal/ros2_ur_driver/install/control_msgs/include/control_msgs/msg
[66.772s] -- Installing: /home/hunajpu/trabajo_terminal/ros2_ur_driver/install/control_msgs/include/control_msgs/msg/joint_trajectory_controller_state.hpp
[66.772s] -- Installing: /home/hunajpu/trabajo_terminal/ros2_ur_driver/install/control_msgs/include/control_msgs/msg/joint_tolerance.hpp
[66.773s] -- Up-to-date: /home/hunajpu/trabajo_terminal/ros2_ur_driver/install/control_msgs/include/control_msgs/msg/detail
[66.773s] -- Installing: /home/hunajpu/trabajo_terminal/ros2_ur_driver/install/control_msgs/include/control_msgs/msg/detail/interface_value__traits.hpp
[66.773s] -- Installing: /home/hunajpu/trabajo_terminal/ros2_ur_driver/install/control_msgs/include/control_msgs/msg/detail/interface_value__struct.hpp
[66.773s] -- Installing: /home/hunajpu/trabajo_terminal/ros2_ur_driver/install/control_msgs/include/control_msgs/msg/detail/interface_value__builder.hpp
[66.773s] -- Installing: /home/hunajpu/trabajo_terminal/ros2_ur_driver/install/control_msgs/include/control_msgs/msg/detail/pid_state__struct.hpp
[66.774s] -- Installing: /home/hunajpu/trabajo_terminal/ros2_ur_driver/install/control_msgs/include/control_msgs/msg/detail/joint_jog__struct.hpp
[66.774s] -- Installing: /home/hunajpu/trabajo_terminal/ros2_ur_driver/install/control_msgs/include/control_msgs/msg/detail/joint_component_tolerance__struct.hpp
[66.774s] -- Installing: /home/hunajpu/trabajo_terminal/ros2_ur_driver/install/control_msgs/include/control_msgs/msg/detail/joint_tolerance__traits.hpp
[66.774s] -- Installing: /home/hunajpu/trabajo_terminal/ros2_ur_driver/install/control_msgs/include/control_msgs/msg/detail/dynamic_joint_state__traits.hpp
[66.774s] -- Installing: /home/hunajpu/trabajo_terminal/ros2_ur_driver/install/control_msgs/include/control_msgs/msg/detail/joint_jog__builder.hpp
[66.775s] -- Installing: /home/hunajpu/trabajo_terminal/ros2_ur_driver/install/control_msgs/include/control_msgs/msg/detail/pid_state__traits.hpp
[66.775s] -- Installing: /home/hunajpu/trabajo_terminal/ros2_ur_driver/install/control_msgs/include/control_msgs/msg/detail/joint_trajectory_controller_state__traits.hpp
[66.775s] -- Installing: /home/hunajpu/trabajo_terminal/ros2_ur_driver/install/control_msgs/include/control_msgs/msg/detail/joint_controller_state__builder.hpp
[66.775s] -- Installing: /home/hunajpu/trabajo_terminal/ros2_ur_driver/install/control_msgs/include/control_msgs/msg/detail/pid_state__builder.hpp
[66.775s] -- Installing: /home/hunajpu/trabajo_terminal/ros2_ur_driver/install/control_msgs/include/control_msgs/msg/detail/joint_trajectory_controller_state__struct.hpp
[66.775s] -- Installing: /home/hunajpu/trabajo_terminal/ros2_ur_driver/install/control_msgs/include/control_msgs/msg/detail/joint_controller_state__traits.hpp
[66.776s] -- Installing: /home/hunajpu/trabajo_terminal/ros2_ur_driver/install/control_msgs/include/control_msgs/msg/detail/gripper_command__traits.hpp
[66.776s] -- Installing: /home/hunajpu/trabajo_terminal/ros2_ur_driver/install/control_msgs/include/control_msgs/msg/detail/joint_controller_state__struct.hpp
[66.776s] -- Installing: /home/hunajpu/trabajo_terminal/ros2_ur_driver/install/control_msgs/include/control_msgs/msg/detail/joint_tolerance__builder.hpp
[66.777s] -- Installing: /home/hunajpu/trabajo_terminal/ros2_ur_driver/install/control_msgs/include/control_msgs/msg/detail/dynamic_joint_state__struct.hpp
[66.777s] -- Installing: /home/hunajpu/trabajo_terminal/ros2_ur_driver/install/control_msgs/include/control_msgs/msg/detail/joint_jog__traits.hpp
[66.777s] -- Installing: /home/hunajpu/trabajo_terminal/ros2_ur_driver/install/control_msgs/include/control_msgs/msg/detail/dynamic_joint_state__builder.hpp
[66.777s] -- Installing: /home/hunajpu/trabajo_terminal/ros2_ur_driver/install/control_msgs/include/control_msgs/msg/detail/joint_component_tolerance__traits.hpp
[66.777s] -- Installing: /home/hunajpu/trabajo_terminal/ros2_ur_driver/install/control_msgs/include/control_msgs/msg/detail/gripper_command__builder.hpp
[66.778s] -- Installing: /home/hunajpu/trabajo_terminal/ros2_ur_driver/install/control_msgs/include/control_msgs/msg/detail/joint_tolerance__struct.hpp
[66.778s] -- Installing: /home/hunajpu/trabajo_terminal/ros2_ur_driver/install/control_msgs/include/control_msgs/msg/detail/joint_component_tolerance__builder.hpp
[66.778s] -- Installing: /home/hunajpu/trabajo_terminal/ros2_ur_driver/install/control_msgs/include/control_msgs/msg/detail/gripper_command__struct.hpp
[66.778s] -- Installing: /home/hunajpu/trabajo_terminal/ros2_ur_driver/install/control_msgs/include/control_msgs/msg/detail/joint_trajectory_controller_state__builder.hpp
[66.779s] -- Installing: /home/hunajpu/trabajo_terminal/ros2_ur_driver/install/control_msgs/include/control_msgs/msg/pid_state.hpp
[66.779s] -- Installing: /home/hunajpu/trabajo_terminal/ros2_ur_driver/install/control_msgs/include/control_msgs/msg/interface_value.hpp
[66.779s] -- Installing: /home/hunajpu/trabajo_terminal/ros2_ur_driver/install/control_msgs/include/control_msgs/msg/gripper_command.hpp
[66.779s] -- Installing: /home/hunajpu/trabajo_terminal/ros2_ur_driver/install/control_msgs/include/control_msgs/msg/joint_jog.hpp
[66.779s] -- Installing: /home/hunajpu/trabajo_terminal/ros2_ur_driver/install/control_msgs/include/control_msgs/msg/dynamic_joint_state.hpp
[66.780s] -- Installing: /home/hunajpu/trabajo_terminal/ros2_ur_driver/install/control_msgs/include/control_msgs/msg/joint_component_tolerance.hpp
[66.780s] -- Installing: /home/hunajpu/trabajo_terminal/ros2_ur_driver/install/control_msgs/include/control_msgs/msg/joint_controller_state.hpp
[66.780s] -- Up-to-date: /home/hunajpu/trabajo_terminal/ros2_ur_driver/install/control_msgs/include/control_msgs/action
[66.780s] -- Installing: /home/hunajpu/trabajo_terminal/ros2_ur_driver/install/control_msgs/include/control_msgs/action/joint_trajectory.hpp
[66.781s] -- Up-to-date: /home/hunajpu/trabajo_terminal/ros2_ur_driver/install/control_msgs/include/control_msgs/action/detail
[66.781s] -- Installing: /home/hunajpu/trabajo_terminal/ros2_ur_driver/install/control_msgs/include/control_msgs/action/detail/joint_trajectory__builder.hpp
[66.781s] -- Installing: /home/hunajpu/trabajo_terminal/ros2_ur_driver/install/control_msgs/include/control_msgs/action/detail/point_head__traits.hpp
[66.781s] -- Installing: /home/hunajpu/trabajo_terminal/ros2_ur_driver/install/control_msgs/include/control_msgs/action/detail/point_head__builder.hpp
[66.782s] -- Installing: /home/hunajpu/trabajo_terminal/ros2_ur_driver/install/control_msgs/include/control_msgs/action/detail/single_joint_position__builder.hpp
[66.782s] -- Installing: /home/hunajpu/trabajo_terminal/ros2_ur_driver/install/control_msgs/include/control_msgs/action/detail/follow_joint_trajectory__struct.hpp
[66.782s] -- Installing: /home/hunajpu/trabajo_terminal/ros2_ur_driver/install/control_msgs/include/control_msgs/action/detail/joint_trajectory__struct.hpp
[66.782s] -- Installing: /home/hunajpu/trabajo_terminal/ros2_ur_driver/install/control_msgs/include/control_msgs/action/detail/follow_joint_trajectory__traits.hpp
[66.782s] -- Installing: /home/hunajpu/trabajo_terminal/ros2_ur_driver/install/control_msgs/include/control_msgs/action/detail/point_head__struct.hpp
[66.782s] -- Installing: /home/hunajpu/trabajo_terminal/ros2_ur_driver/install/control_msgs/include/control_msgs/action/detail/gripper_command__traits.hpp
[66.783s] -- Installing: /home/hunajpu/trabajo_terminal/ros2_ur_driver/install/control_msgs/include/control_msgs/action/detail/single_joint_position__traits.hpp
[66.783s] -- Installing: /home/hunajpu/trabajo_terminal/ros2_ur_driver/install/control_msgs/include/control_msgs/action/detail/joint_trajectory__traits.hpp
[66.783s] -- Installing: /home/hunajpu/trabajo_terminal/ros2_ur_driver/install/control_msgs/include/control_msgs/action/detail/single_joint_position__struct.hpp
[66.783s] -- Installing: /home/hunajpu/trabajo_terminal/ros2_ur_driver/install/control_msgs/include/control_msgs/action/detail/gripper_command__builder.hpp
[66.783s] -- Installing: /home/hunajpu/trabajo_terminal/ros2_ur_driver/install/control_msgs/include/control_msgs/action/detail/gripper_command__struct.hpp
[66.783s] -- Installing: /home/hunajpu/trabajo_terminal/ros2_ur_driver/install/control_msgs/include/control_msgs/action/detail/follow_joint_trajectory__builder.hpp
[66.784s] -- Installing: /home/hunajpu/trabajo_terminal/ros2_ur_driver/install/control_msgs/include/control_msgs/action/point_head.hpp
[66.784s] -- Installing: /home/hunajpu/trabajo_terminal/ros2_ur_driver/install/control_msgs/include/control_msgs/action/single_joint_position.hpp
[66.784s] -- Installing: /home/hunajpu/trabajo_terminal/ros2_ur_driver/install/control_msgs/include/control_msgs/action/follow_joint_trajectory.hpp
[66.784s] -- Installing: /home/hunajpu/trabajo_terminal/ros2_ur_driver/install/control_msgs/include/control_msgs/action/gripper_command.hpp
[66.784s] -- Up-to-date: /home/hunajpu/trabajo_terminal/ros2_ur_driver/install/control_msgs/include/control_msgs
[66.784s] -- Up-to-date: /home/hunajpu/trabajo_terminal/ros2_ur_driver/install/control_msgs/include/control_msgs/srv
[66.784s] -- Up-to-date: /home/hunajpu/trabajo_terminal/ros2_ur_driver/install/control_msgs/include/control_msgs/srv/detail
[66.785s] -- Installing: /home/hunajpu/trabajo_terminal/ros2_ur_driver/install/control_msgs/include/control_msgs/srv/detail/query_calibration_state__rosidl_typesupport_introspection_cpp.hpp
[66.785s] -- Installing: /home/hunajpu/trabajo_terminal/ros2_ur_driver/install/control_msgs/include/control_msgs/srv/detail/query_trajectory_state__rosidl_typesupport_introspection_cpp.hpp
[66.785s] -- Installing: /home/hunajpu/trabajo_terminal/ros2_ur_driver/install/control_msgs/include/control_msgs/srv/detail/query_calibration_state__type_support.cpp
[66.785s] -- Installing: /home/hunajpu/trabajo_terminal/ros2_ur_driver/install/control_msgs/include/control_msgs/srv/detail/query_trajectory_state__type_support.cpp
[66.785s] -- Up-to-date: /home/hunajpu/trabajo_terminal/ros2_ur_driver/install/control_msgs/include/control_msgs/msg
[66.785s] -- Up-to-date: /home/hunajpu/trabajo_terminal/ros2_ur_driver/install/control_msgs/include/control_msgs/msg/detail
[66.785s] -- Installing: /home/hunajpu/trabajo_terminal/ros2_ur_driver/install/control_msgs/include/control_msgs/msg/detail/joint_trajectory_controller_state__rosidl_typesupport_introspection_cpp.hpp
[66.785s] -- Installing: /home/hunajpu/trabajo_terminal/ros2_ur_driver/install/control_msgs/include/control_msgs/msg/detail/interface_value__rosidl_typesupport_introspection_cpp.hpp
[66.786s] -- Installing: /home/hunajpu/trabajo_terminal/ros2_ur_driver/install/control_msgs/include/control_msgs/msg/detail/gripper_command__type_support.cpp
[66.786s] -- Installing: /home/hunajpu/trabajo_terminal/ros2_ur_driver/install/control_msgs/include/control_msgs/msg/detail/pid_state__type_support.cpp
[66.786s] -- Installing: /home/hunajpu/trabajo_terminal/ros2_ur_driver/install/control_msgs/include/control_msgs/msg/detail/joint_jog__type_support.cpp
[66.786s] -- Installing: /home/hunajpu/trabajo_terminal/ros2_ur_driver/install/control_msgs/include/control_msgs/msg/detail/joint_jog__rosidl_typesupport_introspection_cpp.hpp
[66.786s] -- Installing: /home/hunajpu/trabajo_terminal/ros2_ur_driver/install/control_msgs/include/control_msgs/msg/detail/dynamic_joint_state__rosidl_typesupport_introspection_cpp.hpp
[66.786s] -- Installing: /home/hunajpu/trabajo_terminal/ros2_ur_driver/install/control_msgs/include/control_msgs/msg/detail/joint_tolerance__type_support.cpp
[66.786s] -- Installing: /home/hunajpu/trabajo_terminal/ros2_ur_driver/install/control_msgs/include/control_msgs/msg/detail/interface_value__type_support.cpp
[66.787s] -- Installing: /home/hunajpu/trabajo_terminal/ros2_ur_driver/install/control_msgs/include/control_msgs/msg/detail/pid_state__rosidl_typesupport_introspection_cpp.hpp
[66.787s] -- Installing: /home/hunajpu/trabajo_terminal/ros2_ur_driver/install/control_msgs/include/control_msgs/msg/detail/joint_component_tolerance__type_support.cpp
[66.787s] -- Installing: /home/hunajpu/trabajo_terminal/ros2_ur_driver/install/control_msgs/include/control_msgs/msg/detail/joint_tolerance__rosidl_typesupport_introspection_cpp.hpp
[66.787s] -- Installing: /home/hunajpu/trabajo_terminal/ros2_ur_driver/install/control_msgs/include/control_msgs/msg/detail/joint_component_tolerance__rosidl_typesupport_introspection_cpp.hpp
[66.787s] -- Installing: /home/hunajpu/trabajo_terminal/ros2_ur_driver/install/control_msgs/include/control_msgs/msg/detail/joint_controller_state__type_support.cpp
[66.787s] -- Installing: /home/hunajpu/trabajo_terminal/ros2_ur_driver/install/control_msgs/include/control_msgs/msg/detail/gripper_command__rosidl_typesupport_introspection_cpp.hpp
[66.787s] -- Installing: /home/hunajpu/trabajo_terminal/ros2_ur_driver/install/control_msgs/include/control_msgs/msg/detail/joint_trajectory_controller_state__type_support.cpp
[66.787s] -- Installing: /home/hunajpu/trabajo_terminal/ros2_ur_driver/install/control_msgs/include/control_msgs/msg/detail/dynamic_joint_state__type_support.cpp
[66.787s] -- Installing: /home/hunajpu/trabajo_terminal/ros2_ur_driver/install/control_msgs/include/control_msgs/msg/detail/joint_controller_state__rosidl_typesupport_introspection_cpp.hpp
[66.787s] -- Up-to-date: /home/hunajpu/trabajo_terminal/ros2_ur_driver/install/control_msgs/include/control_msgs/action
[66.787s] -- Up-to-date: /home/hunajpu/trabajo_terminal/ros2_ur_driver/install/control_msgs/include/control_msgs/action/detail
[66.788s] -- Installing: /home/hunajpu/trabajo_terminal/ros2_ur_driver/install/control_msgs/include/control_msgs/action/detail/single_joint_position__rosidl_typesupport_introspection_cpp.hpp
[66.788s] -- Installing: /home/hunajpu/trabajo_terminal/ros2_ur_driver/install/control_msgs/include/control_msgs/action/detail/follow_joint_trajectory__rosidl_typesupport_introspection_cpp.hpp
[66.788s] -- Installing: /home/hunajpu/trabajo_terminal/ros2_ur_driver/install/control_msgs/include/control_msgs/action/detail/joint_trajectory__type_support.cpp
[66.788s] -- Installing: /home/hunajpu/trabajo_terminal/ros2_ur_driver/install/control_msgs/include/control_msgs/action/detail/single_joint_position__type_support.cpp
[66.788s] -- Installing: /home/hunajpu/trabajo_terminal/ros2_ur_driver/install/control_msgs/include/control_msgs/action/detail/joint_trajectory__rosidl_typesupport_introspection_cpp.hpp
[66.788s] -- Installing: /home/hunajpu/trabajo_terminal/ros2_ur_driver/install/control_msgs/include/control_msgs/action/detail/point_head__type_support.cpp
[66.788s] -- Installing: /home/hunajpu/trabajo_terminal/ros2_ur_driver/install/control_msgs/include/control_msgs/action/detail/gripper_command__type_support.cpp
[66.788s] -- Installing: /home/hunajpu/trabajo_terminal/ros2_ur_driver/install/control_msgs/include/control_msgs/action/detail/follow_joint_trajectory__type_support.cpp
[66.789s] -- Installing: /home/hunajpu/trabajo_terminal/ros2_ur_driver/install/control_msgs/include/control_msgs/action/detail/point_head__rosidl_typesupport_introspection_cpp.hpp
[66.789s] -- Installing: /home/hunajpu/trabajo_terminal/ros2_ur_driver/install/control_msgs/include/control_msgs/action/detail/gripper_command__rosidl_typesupport_introspection_cpp.hpp
[66.789s] -- Installing: /home/hunajpu/trabajo_terminal/ros2_ur_driver/install/control_msgs/lib/libcontrol_msgs__rosidl_typesupport_introspection_cpp.so
[66.789s] -- Set runtime path of "/home/hunajpu/trabajo_terminal/ros2_ur_driver/install/control_msgs/lib/libcontrol_msgs__rosidl_typesupport_introspection_cpp.so" to ""
[66.789s] -- Installing: /home/hunajpu/trabajo_terminal/ros2_ur_driver/install/control_msgs/lib/libcontrol_msgs__rosidl_typesupport_cpp.so
[66.789s] -- Set runtime path of "/home/hunajpu/trabajo_terminal/ros2_ur_driver/install/control_msgs/lib/libcontrol_msgs__rosidl_typesupport_cpp.so" to ""
[66.789s] -- Installing: /home/hunajpu/trabajo_terminal/ros2_ur_driver/install/control_msgs/share/control_msgs/environment/pythonpath.sh
[66.789s] -- Installing: /home/hunajpu/trabajo_terminal/ros2_ur_driver/install/control_msgs/share/control_msgs/environment/pythonpath.dsv
[66.789s] -- Installing: /home/hunajpu/trabajo_terminal/ros2_ur_driver/install/control_msgs/lib/python3.8/site-packages/control_msgs/__init__.py
[66.819s] Compiling '/home/hunajpu/trabajo_terminal/ros2_ur_driver/install/control_msgs/lib/python3.8/site-packages/control_msgs/__init__.py'...
[66.825s] -- Installing: /home/hunajpu/trabajo_terminal/ros2_ur_driver/install/control_msgs/lib/python3.8/site-packages/control_msgs/msg
[66.826s] -- Installing: /home/hunajpu/trabajo_terminal/ros2_ur_driver/install/control_msgs/lib/python3.8/site-packages/control_msgs/msg/_pid_state.py
[66.826s] -- Installing: /home/hunajpu/trabajo_terminal/ros2_ur_driver/install/control_msgs/lib/python3.8/site-packages/control_msgs/msg/__init__.py
[66.826s] -- Installing: /home/hunajpu/trabajo_terminal/ros2_ur_driver/install/control_msgs/lib/python3.8/site-packages/control_msgs/msg/_gripper_command.py
[66.826s] -- Installing: /home/hunajpu/trabajo_terminal/ros2_ur_driver/install/control_msgs/lib/python3.8/site-packages/control_msgs/msg/_dynamic_joint_state.py
[66.826s] -- Installing: /home/hunajpu/trabajo_terminal/ros2_ur_driver/install/control_msgs/lib/python3.8/site-packages/control_msgs/msg/_interface_value_s.c
[66.826s] -- Installing: /home/hunajpu/trabajo_terminal/ros2_ur_driver/install/control_msgs/lib/python3.8/site-packages/control_msgs/msg/_pid_state_s.c
[66.826s] -- Installing: /home/hunajpu/trabajo_terminal/ros2_ur_driver/install/control_msgs/lib/python3.8/site-packages/control_msgs/msg/_joint_component_tolerance.py
[66.826s] -- Installing: /home/hunajpu/trabajo_terminal/ros2_ur_driver/install/control_msgs/lib/python3.8/site-packages/control_msgs/msg/_joint_controller_state_s.c
[66.827s] -- Installing: /home/hunajpu/trabajo_terminal/ros2_ur_driver/install/control_msgs/lib/python3.8/site-packages/control_msgs/msg/_joint_controller_state.py
[66.827s] -- Installing: /home/hunajpu/trabajo_terminal/ros2_ur_driver/install/control_msgs/lib/python3.8/site-packages/control_msgs/msg/_joint_jog_s.c
[66.827s] -- Installing: /home/hunajpu/trabajo_terminal/ros2_ur_driver/install/control_msgs/lib/python3.8/site-packages/control_msgs/msg/_joint_trajectory_controller_state.py
[66.827s] -- Installing: /home/hunajpu/trabajo_terminal/ros2_ur_driver/install/control_msgs/lib/python3.8/site-packages/control_msgs/msg/_dynamic_joint_state_s.c
[66.827s] -- Installing: /home/hunajpu/trabajo_terminal/ros2_ur_driver/install/control_msgs/lib/python3.8/site-packages/control_msgs/msg/_joint_tolerance_s.c
[66.827s] -- Installing: /home/hunajpu/trabajo_terminal/ros2_ur_driver/install/control_msgs/lib/python3.8/site-packages/control_msgs/msg/_joint_component_tolerance_s.c
[66.827s] -- Installing: /home/hunajpu/trabajo_terminal/ros2_ur_driver/install/control_msgs/lib/python3.8/site-packages/control_msgs/msg/_joint_jog.py
[66.827s] -- Installing: /home/hunajpu/trabajo_terminal/ros2_ur_driver/install/control_msgs/lib/python3.8/site-packages/control_msgs/msg/_interface_value.py
[66.827s] -- Installing: /home/hunajpu/trabajo_terminal/ros2_ur_driver/install/control_msgs/lib/python3.8/site-packages/control_msgs/msg/_joint_trajectory_controller_state_s.c
[66.828s] -- Installing: /home/hunajpu/trabajo_terminal/ros2_ur_driver/install/control_msgs/lib/python3.8/site-packages/control_msgs/msg/_gripper_command_s.c
[66.828s] -- Installing: /home/hunajpu/trabajo_terminal/ros2_ur_driver/install/control_msgs/lib/python3.8/site-packages/control_msgs/msg/_joint_tolerance.py
[66.828s] -- Installing: /home/hunajpu/trabajo_terminal/ros2_ur_driver/install/control_msgs/lib/python3.8/site-packages/control_msgs/srv
[66.828s] -- Installing: /home/hunajpu/trabajo_terminal/ros2_ur_driver/install/control_msgs/lib/python3.8/site-packages/control_msgs/srv/__init__.py
[66.828s] -- Installing: /home/hunajpu/trabajo_terminal/ros2_ur_driver/install/control_msgs/lib/python3.8/site-packages/control_msgs/srv/_query_calibration_state.py
[66.828s] -- Installing: /home/hunajpu/trabajo_terminal/ros2_ur_driver/install/control_msgs/lib/python3.8/site-packages/control_msgs/srv/_query_trajectory_state.py
[66.828s] -- Installing: /home/hunajpu/trabajo_terminal/ros2_ur_driver/install/control_msgs/lib/python3.8/site-packages/control_msgs/srv/_query_trajectory_state_s.c
[66.828s] -- Installing: /home/hunajpu/trabajo_terminal/ros2_ur_driver/install/control_msgs/lib/python3.8/site-packages/control_msgs/srv/_query_calibration_state_s.c
[66.828s] -- Installing: /home/hunajpu/trabajo_terminal/ros2_ur_driver/install/control_msgs/lib/python3.8/site-packages/control_msgs/action
[66.829s] -- Installing: /home/hunajpu/trabajo_terminal/ros2_ur_driver/install/control_msgs/lib/python3.8/site-packages/control_msgs/action/__init__.py
[66.829s] -- Installing: /home/hunajpu/trabajo_terminal/ros2_ur_driver/install/control_msgs/lib/python3.8/site-packages/control_msgs/action/_follow_joint_trajectory_s.c
[66.829s] -- Installing: /home/hunajpu/trabajo_terminal/ros2_ur_driver/install/control_msgs/lib/python3.8/site-packages/control_msgs/action/_gripper_command.py
[66.829s] -- Installing: /home/hunajpu/trabajo_terminal/ros2_ur_driver/install/control_msgs/lib/python3.8/site-packages/control_msgs/action/_joint_trajectory.py
[66.829s] -- Installing: /home/hunajpu/trabajo_terminal/ros2_ur_driver/install/control_msgs/lib/python3.8/site-packages/control_msgs/action/_single_joint_position.py
[66.829s] -- Installing: /home/hunajpu/trabajo_terminal/ros2_ur_driver/install/control_msgs/lib/python3.8/site-packages/control_msgs/action/_single_joint_position_s.c
[66.829s] -- Installing: /home/hunajpu/trabajo_terminal/ros2_ur_driver/install/control_msgs/lib/python3.8/site-packages/control_msgs/action/_point_head_s.c
[66.829s] -- Installing: /home/hunajpu/trabajo_terminal/ros2_ur_driver/install/control_msgs/lib/python3.8/site-packages/control_msgs/action/_follow_joint_trajectory.py
[66.829s] -- Installing: /home/hunajpu/trabajo_terminal/ros2_ur_driver/install/control_msgs/lib/python3.8/site-packages/control_msgs/action/_point_head.py
[66.829s] -- Installing: /home/hunajpu/trabajo_terminal/ros2_ur_driver/install/control_msgs/lib/python3.8/site-packages/control_msgs/action/_joint_trajectory_s.c
[66.829s] -- Installing: /home/hunajpu/trabajo_terminal/ros2_ur_driver/install/control_msgs/lib/python3.8/site-packages/control_msgs/action/_gripper_command_s.c
[66.830s] -- Installing: /home/hunajpu/trabajo_terminal/ros2_ur_driver/install/control_msgs/lib/python3.8/site-packages/control_msgs/control_msgs_s__rosidl_typesupport_fastrtps_c.cpython-38-x86_64-linux-gnu.so
[66.830s] -- Set runtime path of "/home/hunajpu/trabajo_terminal/ros2_ur_driver/install/control_msgs/lib/python3.8/site-packages/control_msgs/control_msgs_s__rosidl_typesupport_fastrtps_c.cpython-38-x86_64-linux-gnu.so" to ""
[66.830s] -- Installing: /home/hunajpu/trabajo_terminal/ros2_ur_driver/install/control_msgs/lib/python3.8/site-packages/control_msgs/control_msgs_s__rosidl_typesupport_introspection_c.cpython-38-x86_64-linux-gnu.so
[66.831s] -- Set runtime path of "/home/hunajpu/trabajo_terminal/ros2_ur_driver/install/control_msgs/lib/python3.8/site-packages/control_msgs/control_msgs_s__rosidl_typesupport_introspection_c.cpython-38-x86_64-linux-gnu.so" to ""
[66.831s] -- Installing: /home/hunajpu/trabajo_terminal/ros2_ur_driver/install/control_msgs/lib/python3.8/site-packages/control_msgs/control_msgs_s__rosidl_typesupport_c.cpython-38-x86_64-linux-gnu.so
[66.832s] -- Set runtime path of "/home/hunajpu/trabajo_terminal/ros2_ur_driver/install/control_msgs/lib/python3.8/site-packages/control_msgs/control_msgs_s__rosidl_typesupport_c.cpython-38-x86_64-linux-gnu.so" to ""
[66.832s] -- Installing: /home/hunajpu/trabajo_terminal/ros2_ur_driver/install/control_msgs/lib/libcontrol_msgs__python.so
[66.832s] -- Set runtime path of "/home/hunajpu/trabajo_terminal/ros2_ur_driver/install/control_msgs/lib/libcontrol_msgs__python.so" to ""
[66.832s] -- Installing: /home/hunajpu/trabajo_terminal/ros2_ur_driver/install/control_msgs/share/control_msgs/msg/DynamicJointState.idl
[66.832s] -- Installing: /home/hunajpu/trabajo_terminal/ros2_ur_driver/install/control_msgs/share/control_msgs/msg/GripperCommand.idl
[66.832s] -- Installing: /home/hunajpu/trabajo_terminal/ros2_ur_driver/install/control_msgs/share/control_msgs/msg/InterfaceValue.idl
[66.833s] -- Installing: /home/hunajpu/trabajo_terminal/ros2_ur_driver/install/control_msgs/share/control_msgs/msg/JointComponentTolerance.idl
[66.833s] -- Installing: /home/hunajpu/trabajo_terminal/ros2_ur_driver/install/control_msgs/share/control_msgs/msg/JointControllerState.idl
[66.833s] -- Installing: /home/hunajpu/trabajo_terminal/ros2_ur_driver/install/control_msgs/share/control_msgs/msg/JointJog.idl
[66.833s] -- Installing: /home/hunajpu/trabajo_terminal/ros2_ur_driver/install/control_msgs/share/control_msgs/msg/JointTolerance.idl
[66.833s] -- Installing: /home/hunajpu/trabajo_terminal/ros2_ur_driver/install/control_msgs/share/control_msgs/msg/JointTrajectoryControllerState.idl
[66.833s] -- Installing: /home/hunajpu/trabajo_terminal/ros2_ur_driver/install/control_msgs/share/control_msgs/msg/PidState.idl
[66.834s] -- Installing: /home/hunajpu/trabajo_terminal/ros2_ur_driver/install/control_msgs/share/control_msgs/srv/QueryCalibrationState.idl
[66.834s] -- Installing: /home/hunajpu/trabajo_terminal/ros2_ur_driver/install/control_msgs/share/control_msgs/srv/QueryTrajectoryState.idl
[66.834s] -- Installing: /home/hunajpu/trabajo_terminal/ros2_ur_driver/install/control_msgs/share/control_msgs/action/FollowJointTrajectory.idl
[66.834s] -- Installing: /home/hunajpu/trabajo_terminal/ros2_ur_driver/install/control_msgs/share/control_msgs/action/GripperCommand.idl
[66.834s] -- Installing: /home/hunajpu/trabajo_terminal/ros2_ur_driver/install/control_msgs/share/control_msgs/action/JointTrajectory.idl
[66.834s] -- Installing: /home/hunajpu/trabajo_terminal/ros2_ur_driver/install/control_msgs/share/control_msgs/action/PointHead.idl
[66.834s] -- Installing: /home/hunajpu/trabajo_terminal/ros2_ur_driver/install/control_msgs/share/control_msgs/action/SingleJointPosition.idl
[66.835s] -- Installing: /home/hunajpu/trabajo_terminal/ros2_ur_driver/install/control_msgs/share/control_msgs/msg/DynamicJointState.msg
[66.835s] -- Installing: /home/hunajpu/trabajo_terminal/ros2_ur_driver/install/control_msgs/share/control_msgs/msg/GripperCommand.msg
[66.835s] -- Installing: /home/hunajpu/trabajo_terminal/ros2_ur_driver/install/control_msgs/share/control_msgs/msg/InterfaceValue.msg
[66.835s] -- Installing: /home/hunajpu/trabajo_terminal/ros2_ur_driver/install/control_msgs/share/control_msgs/msg/JointComponentTolerance.msg
[66.835s] -- Installing: /home/hunajpu/trabajo_terminal/ros2_ur_driver/install/control_msgs/share/control_msgs/msg/JointControllerState.msg
[66.835s] -- Installing: /home/hunajpu/trabajo_terminal/ros2_ur_driver/install/control_msgs/share/control_msgs/msg/JointJog.msg
[66.835s] -- Installing: /home/hunajpu/trabajo_terminal/ros2_ur_driver/install/control_msgs/share/control_msgs/msg/JointTolerance.msg
[66.836s] -- Installing: /home/hunajpu/trabajo_terminal/ros2_ur_driver/install/control_msgs/share/control_msgs/msg/JointTrajectoryControllerState.msg
[66.836s] -- Installing: /home/hunajpu/trabajo_terminal/ros2_ur_driver/install/control_msgs/share/control_msgs/msg/PidState.msg
[66.836s] -- Installing: /home/hunajpu/trabajo_terminal/ros2_ur_driver/install/control_msgs/share/control_msgs/srv/QueryCalibrationState.srv
[66.836s] -- Installing: /home/hunajpu/trabajo_terminal/ros2_ur_driver/install/control_msgs/share/control_msgs/srv/QueryCalibrationState_Request.msg
[66.836s] -- Installing: /home/hunajpu/trabajo_terminal/ros2_ur_driver/install/control_msgs/share/control_msgs/srv/QueryCalibrationState_Response.msg
[66.836s] -- Installing: /home/hunajpu/trabajo_terminal/ros2_ur_driver/install/control_msgs/share/control_msgs/srv/QueryTrajectoryState.srv
[66.836s] -- Installing: /home/hunajpu/trabajo_terminal/ros2_ur_driver/install/control_msgs/share/control_msgs/srv/QueryTrajectoryState_Request.msg
[66.837s] -- Installing: /home/hunajpu/trabajo_terminal/ros2_ur_driver/install/control_msgs/share/control_msgs/srv/QueryTrajectoryState_Response.msg
[66.837s] -- Installing: /home/hunajpu/trabajo_terminal/ros2_ur_driver/install/control_msgs/share/control_msgs/action/FollowJointTrajectory.action
[66.837s] -- Installing: /home/hunajpu/trabajo_terminal/ros2_ur_driver/install/control_msgs/share/control_msgs/action/GripperCommand.action
[66.837s] -- Installing: /home/hunajpu/trabajo_terminal/ros2_ur_driver/install/control_msgs/share/control_msgs/action/JointTrajectory.action
[66.837s] -- Installing: /home/hunajpu/trabajo_terminal/ros2_ur_driver/install/control_msgs/share/control_msgs/action/PointHead.action
[66.837s] -- Installing: /home/hunajpu/trabajo_terminal/ros2_ur_driver/install/control_msgs/share/control_msgs/action/SingleJointPosition.action
[66.837s] -- Installing: /home/hunajpu/trabajo_terminal/ros2_ur_driver/install/control_msgs/share/ament_index/resource_index/package_run_dependencies/control_msgs
[66.838s] -- Installing: /home/hunajpu/trabajo_terminal/ros2_ur_driver/install/control_msgs/share/ament_index/resource_index/parent_prefix_path/control_msgs
[66.838s] -- Installing: /home/hunajpu/trabajo_terminal/ros2_ur_driver/install/control_msgs/share/control_msgs/environment/ament_prefix_path.sh
[66.838s] -- Installing: /home/hunajpu/trabajo_terminal/ros2_ur_driver/install/control_msgs/share/control_msgs/environment/ament_prefix_path.dsv
[66.838s] -- Installing: /home/hunajpu/trabajo_terminal/ros2_ur_driver/install/control_msgs/share/control_msgs/environment/path.sh
[66.838s] -- Installing: /home/hunajpu/trabajo_terminal/ros2_ur_driver/install/control_msgs/share/control_msgs/environment/path.dsv
[66.838s] -- Installing: /home/hunajpu/trabajo_terminal/ros2_ur_driver/install/control_msgs/share/control_msgs/local_setup.bash
[66.839s] -- Installing: /home/hunajpu/trabajo_terminal/ros2_ur_driver/install/control_msgs/share/control_msgs/local_setup.sh
[66.839s] -- Installing: /home/hunajpu/trabajo_terminal/ros2_ur_driver/install/control_msgs/share/control_msgs/local_setup.zsh
[66.839s] -- Installing: /home/hunajpu/trabajo_terminal/ros2_ur_driver/install/control_msgs/share/control_msgs/local_setup.dsv
[66.839s] -- Installing: /home/hunajpu/trabajo_terminal/ros2_ur_driver/install/control_msgs/share/control_msgs/package.dsv
[66.839s] -- Installing: /home/hunajpu/trabajo_terminal/ros2_ur_driver/install/control_msgs/share/ament_index/resource_index/packages/control_msgs
[66.839s] -- Installing: /home/hunajpu/trabajo_terminal/ros2_ur_driver/install/control_msgs/share/control_msgs/cmake/control_msgs__rosidl_generator_cExport.cmake
[66.840s] -- Installing: /home/hunajpu/trabajo_terminal/ros2_ur_driver/install/control_msgs/share/control_msgs/cmake/control_msgs__rosidl_generator_cExport-release.cmake
[66.840s] -- Installing: /home/hunajpu/trabajo_terminal/ros2_ur_driver/install/control_msgs/share/control_msgs/cmake/control_msgs__rosidl_typesupport_introspection_cExport.cmake
[66.840s] -- Installing: /home/hunajpu/trabajo_terminal/ros2_ur_driver/install/control_msgs/share/control_msgs/cmake/control_msgs__rosidl_typesupport_introspection_cExport-release.cmake
[66.840s] -- Installing: /home/hunajpu/trabajo_terminal/ros2_ur_driver/install/control_msgs/share/control_msgs/cmake/control_msgs__rosidl_typesupport_cExport.cmake
[66.840s] -- Installing: /home/hunajpu/trabajo_terminal/ros2_ur_driver/install/control_msgs/share/control_msgs/cmake/control_msgs__rosidl_typesupport_cExport-release.cmake
[66.841s] -- Installing: /home/hunajpu/trabajo_terminal/ros2_ur_driver/install/control_msgs/share/control_msgs/cmake/control_msgs__rosidl_generator_cppExport.cmake
[66.841s] -- Installing: /home/hunajpu/trabajo_terminal/ros2_ur_driver/install/control_msgs/share/control_msgs/cmake/control_msgs__rosidl_typesupport_introspection_cppExport.cmake
[66.841s] -- Installing: /home/hunajpu/trabajo_terminal/ros2_ur_driver/install/control_msgs/share/control_msgs/cmake/control_msgs__rosidl_typesupport_introspection_cppExport-release.cmake
[66.841s] -- Installing: /home/hunajpu/trabajo_terminal/ros2_ur_driver/install/control_msgs/share/control_msgs/cmake/control_msgs__rosidl_typesupport_cppExport.cmake
[66.842s] -- Installing: /home/hunajpu/trabajo_terminal/ros2_ur_driver/install/control_msgs/share/control_msgs/cmake/control_msgs__rosidl_typesupport_cppExport-release.cmake
[66.842s] -- Installing: /home/hunajpu/trabajo_terminal/ros2_ur_driver/install/control_msgs/share/control_msgs/cmake/rosidl_cmake-extras.cmake
[66.842s] -- Installing: /home/hunajpu/trabajo_terminal/ros2_ur_driver/install/control_msgs/share/control_msgs/cmake/ament_cmake_export_dependencies-extras.cmake
[66.842s] -- Installing: /home/hunajpu/trabajo_terminal/ros2_ur_driver/install/control_msgs/share/control_msgs/cmake/ament_cmake_export_libraries-extras.cmake
[66.842s] -- Installing: /home/hunajpu/trabajo_terminal/ros2_ur_driver/install/control_msgs/share/control_msgs/cmake/ament_cmake_export_targets-extras.cmake
[66.842s] -- Installing: /home/hunajpu/trabajo_terminal/ros2_ur_driver/install/control_msgs/share/control_msgs/cmake/ament_cmake_export_include_directories-extras.cmake
[66.842s] -- Installing: /home/hunajpu/trabajo_terminal/ros2_ur_driver/install/control_msgs/share/control_msgs/cmake/rosidl_cmake_export_typesupport_libraries-extras.cmake
[66.842s] -- Installing: /home/hunajpu/trabajo_terminal/ros2_ur_driver/install/control_msgs/share/control_msgs/cmake/rosidl_cmake_export_typesupport_targets-extras.cmake
[66.843s] -- Installing: /home/hunajpu/trabajo_terminal/ros2_ur_driver/install/control_msgs/share/control_msgs/cmake/control_msgsConfig.cmake
[66.843s] -- Installing: /home/hunajpu/trabajo_terminal/ros2_ur_driver/install/control_msgs/share/control_msgs/cmake/control_msgsConfig-version.cmake
[66.843s] -- Installing: /home/hunajpu/trabajo_terminal/ros2_ur_driver/install/control_msgs/share/control_msgs/package.xml
[66.846s] Invoked command in '/home/hunajpu/trabajo_terminal/ros2_ur_driver/build/control_msgs' returned '0': CMAKE_PREFIX_PATH=/opt/ros/foxy /usr/bin/cmake --install /home/hunajpu/trabajo_terminal/ros2_ur_driver/build/control_msgs
