[0.042s] Invoking command in '/home/hunajpu/trabajo_terminal/ros2_ur_driver/build/ur_msgs': CMAKE_PREFIX_PATH=/opt/ros/foxy /usr/bin/cmake /home/hunajpu/trabajo_terminal/ros2_ur_driver/src/ur_msgs -DCMAKE_BUILD_TYPE=Release -DCMAKE_INSTALL_PREFIX=/home/hunajpu/trabajo_terminal/ros2_ur_driver/install/ur_msgs
[2.081s] -- The C compiler identification is GNU 9.4.0
[2.082s] -- The CXX compiler identification is GNU 9.4.0
[2.083s] -- Check for working C compiler: /usr/bin/cc
[2.084s] -- Check for working C compiler: /usr/bin/cc -- works
[2.085s] -- Detecting C compiler ABI info
[2.085s] -- Detecting C compiler ABI info - done
[2.085s] -- Detecting C compile features
[2.086s] -- Detecting C compile features - done
[2.086s] -- Check for working CXX compiler: /usr/bin/c++
[2.086s] -- Check for working CXX compiler: /usr/bin/c++ -- works
[2.086s] -- Detecting CXX compiler ABI info
[2.086s] -- Detecting CXX compiler ABI info - done
[2.086s] -- Detecting CXX compile features
[2.086s] -- Detecting CXX compile features - done
[2.087s] -- Found ament_cmake: 0.9.9 (/opt/ros/foxy/share/ament_cmake/cmake)
[2.087s] -- Found PythonInterp: /usr/bin/python3 (found suitable version "3.8.10", minimum required is "3") 
[2.087s] -- Using PYTHON_EXECUTABLE: /usr/bin/python3
[2.087s] -- Found builtin_interfaces: 1.0.0 (/opt/ros/foxy/share/builtin_interfaces/cmake)
[2.087s] -- Using all available rosidl_typesupport_c: rosidl_typesupport_fastrtps_c;rosidl_typesupport_introspection_c
[2.087s] -- Found rosidl_adapter: 1.2.1 (/opt/ros/foxy/share/rosidl_adapter/cmake)
[2.160s] -- Found OpenSSL: /usr/lib/x86_64-linux-gnu/libcrypto.so (found version "1.1.1f")  
[2.212s] -- Found FastRTPS: /opt/ros/foxy/include  
[2.402s] -- Using all available rosidl_typesupport_cpp: rosidl_typesupport_fastrtps_cpp;rosidl_typesupport_introspection_cpp
[2.505s] -- Found rosidl_default_generators: 1.0.1 (/opt/ros/foxy/share/rosidl_default_generators/cmake)
[2.554s] -- Found geometry_msgs: 2.0.5 (/opt/ros/foxy/share/geometry_msgs/cmake)
[2.842s] -- Found ament_lint_auto: 0.9.6 (/opt/ros/foxy/share/ament_lint_auto/cmake)
[3.260s] -- Found PythonInterp: /usr/bin/python3 (found version "3.8.10") 
[3.913s] -- Found ament_cmake_ros: 0.9.2 (/opt/ros/foxy/share/ament_cmake_ros/cmake)
[4.937s] -- Using all available rosidl_typesupport_c: rosidl_typesupport_fastrtps_c;rosidl_typesupport_introspection_c
[5.232s] -- Using all available rosidl_typesupport_cpp: rosidl_typesupport_fastrtps_cpp;rosidl_typesupport_introspection_cpp
[5.320s] -- Found PythonInterp: /usr/bin/python3 (found suitable version "3.8.10", minimum required is "3.5") 
[5.322s] -- Found python_cmake_module: 0.8.1 (/opt/ros/foxy/share/python_cmake_module/cmake)
[5.409s] -- Found PythonLibs: /usr/lib/x86_64-linux-gnu/libpython3.8.so (found suitable version "3.8.10", minimum required is "3.5") 
[5.409s] -- Using PYTHON_EXECUTABLE: /usr/bin/python3
[5.410s] -- Using PYTHON_INCLUDE_DIRS: /usr/include/python3.8
[5.411s] -- Using PYTHON_LIBRARIES: /usr/lib/x86_64-linux-gnu/libpython3.8.so
[5.453s] -- Found PythonExtra: .so  
[5.645s] -- Added test 'copyright' to check source files copyright and LICENSE
[5.659s] -- Added test 'lint_cmake' to check CMake code style
[5.668s] -- Added test 'xmllint' to check XML markup files
[5.683s] -- Configuring done
[6.057s] -- Generating done
[6.069s] -- Build files have been written to: /home/hunajpu/trabajo_terminal/ros2_ur_driver/build/ur_msgs
[6.309s] Invoked command in '/home/hunajpu/trabajo_terminal/ros2_ur_driver/build/ur_msgs' returned '0': CMAKE_PREFIX_PATH=/opt/ros/foxy /usr/bin/cmake /home/hunajpu/trabajo_terminal/ros2_ur_driver/src/ur_msgs -DCMAKE_BUILD_TYPE=Release -DCMAKE_INSTALL_PREFIX=/home/hunajpu/trabajo_terminal/ros2_ur_driver/install/ur_msgs
[6.310s] Invoking command in '/home/hunajpu/trabajo_terminal/ros2_ur_driver/build/ur_msgs': CMAKE_PREFIX_PATH=/opt/ros/foxy /usr/bin/cmake --build /home/hunajpu/trabajo_terminal/ros2_ur_driver/build/ur_msgs -- -j8 -l8
[6.558s] [35m[1mScanning dependencies of target ur_msgs__cpp[0m
[6.588s] [  1%] [34m[1mGenerating C code for ROS interfaces[0m
[6.646s] [  1%] [34m[1mGenerating C++ code for ROS interfaces[0m
[10.077s] [35m[1mScanning dependencies of target ur_msgs__rosidl_generator_c[0m
[10.225s] [  3%] [32mBuilding C object CMakeFiles/ur_msgs__rosidl_generator_c.dir/rosidl_generator_c/ur_msgs/msg/detail/analog__functions.c.o[0m
[10.226s] [  3%] [32mBuilding C object CMakeFiles/ur_msgs__rosidl_generator_c.dir/rosidl_generator_c/ur_msgs/msg/detail/digital__functions.c.o[0m
[10.226s] [  4%] [32mBuilding C object CMakeFiles/ur_msgs__rosidl_generator_c.dir/rosidl_generator_c/ur_msgs/msg/detail/io_states__functions.c.o[0m
[10.260s] [  5%] [32mBuilding C object CMakeFiles/ur_msgs__rosidl_generator_c.dir/rosidl_generator_c/ur_msgs/msg/detail/robot_state_rt_msg__functions.c.o[0m
[10.270s] [  6%] [32mBuilding C object CMakeFiles/ur_msgs__rosidl_generator_c.dir/rosidl_generator_c/ur_msgs/msg/detail/masterboard_data_msg__functions.c.o[0m
[10.281s] [  7%] [32mBuilding C object CMakeFiles/ur_msgs__rosidl_generator_c.dir/rosidl_generator_c/ur_msgs/msg/detail/robot_mode_data_msg__functions.c.o[0m
[10.286s] [  8%] [32mBuilding C object CMakeFiles/ur_msgs__rosidl_generator_c.dir/rosidl_generator_c/ur_msgs/msg/detail/tool_data_msg__functions.c.o[0m
[10.659s] [  9%] [32mBuilding C object CMakeFiles/ur_msgs__rosidl_generator_c.dir/rosidl_generator_c/ur_msgs/srv/detail/set_speed_slider_fraction__functions.c.o[0m
[10.659s] [ 10%] [32mBuilding C object CMakeFiles/ur_msgs__rosidl_generator_c.dir/rosidl_generator_c/ur_msgs/srv/detail/set_payload__functions.c.o[0m
[10.669s] [ 11%] [32mBuilding C object CMakeFiles/ur_msgs__rosidl_generator_c.dir/rosidl_generator_c/ur_msgs/srv/detail/set_io__functions.c.o[0m
[11.137s] [ 12%] [32m[1mLinking C shared library libur_msgs__rosidl_generator_c.so[0m
[11.335s] [ 12%] Built target ur_msgs__rosidl_generator_c
[11.433s] [ 14%] [34m[1mGenerating C type support dispatch for ROS interfaces[0m
[11.433s] [ 13%] [34m[1mGenerating C introspection for ROS interfaces[0m
[12.341s] [ 14%] Built target ur_msgs__cpp
[12.457s] [ 15%] [34m[1mGenerating C++ introspection for ROS interfaces[0m
[12.457s] [ 16%] [34m[1mGenerating C++ type support for eProsima Fast-RTPS[0m
[12.485s] [ 17%] [34m[1mGenerating C++ type support dispatch for ROS interfaces[0m
[14.981s] [35m[1mScanning dependencies of target ur_msgs__rosidl_typesupport_introspection_c[0m
[15.089s] [ 18%] [32mBuilding C object CMakeFiles/ur_msgs__rosidl_typesupport_introspection_c.dir/rosidl_typesupport_introspection_c/ur_msgs/msg/detail/analog__type_support.c.o[0m
[15.095s] [ 19%] [32mBuilding C object CMakeFiles/ur_msgs__rosidl_typesupport_introspection_c.dir/rosidl_typesupport_introspection_c/ur_msgs/msg/detail/digital__type_support.c.o[0m
[15.125s] [ 20%] [32mBuilding C object CMakeFiles/ur_msgs__rosidl_typesupport_introspection_c.dir/rosidl_typesupport_introspection_c/ur_msgs/msg/detail/io_states__type_support.c.o[0m
[15.130s] [ 21%] [32mBuilding C object CMakeFiles/ur_msgs__rosidl_typesupport_introspection_c.dir/rosidl_typesupport_introspection_c/ur_msgs/msg/detail/robot_state_rt_msg__type_support.c.o[0m
[15.286s] [ 22%] [32mBuilding C object CMakeFiles/ur_msgs__rosidl_typesupport_introspection_c.dir/rosidl_typesupport_introspection_c/ur_msgs/msg/detail/masterboard_data_msg__type_support.c.o[0m
[15.325s] [ 23%] [32mBuilding C object CMakeFiles/ur_msgs__rosidl_typesupport_introspection_c.dir/rosidl_typesupport_introspection_c/ur_msgs/msg/detail/robot_mode_data_msg__type_support.c.o[0m
[15.355s] [ 24%] [32mBuilding C object CMakeFiles/ur_msgs__rosidl_typesupport_introspection_c.dir/rosidl_typesupport_introspection_c/ur_msgs/msg/detail/tool_data_msg__type_support.c.o[0m
[15.446s] [ 25%] [32mBuilding C object CMakeFiles/ur_msgs__rosidl_typesupport_introspection_c.dir/rosidl_typesupport_introspection_c/ur_msgs/srv/detail/set_payload__type_support.c.o[0m
[15.564s] [ 26%] [32mBuilding C object CMakeFiles/ur_msgs__rosidl_typesupport_introspection_c.dir/rosidl_typesupport_introspection_c/ur_msgs/srv/detail/set_io__type_support.c.o[0m
[15.570s] [ 27%] [32mBuilding C object CMakeFiles/ur_msgs__rosidl_typesupport_introspection_c.dir/rosidl_typesupport_introspection_c/ur_msgs/srv/detail/set_speed_slider_fraction__type_support.c.o[0m
[15.854s] [ 28%] [32m[1mLinking C shared library libur_msgs__rosidl_typesupport_introspection_c.so[0m
[16.126s] [ 28%] Built target ur_msgs__rosidl_typesupport_introspection_c
[16.370s] [35m[1mScanning dependencies of target ur_msgs__rosidl_typesupport_c[0m
[16.505s] [ 29%] [32mBuilding CXX object CMakeFiles/ur_msgs__rosidl_typesupport_c.dir/rosidl_typesupport_c/ur_msgs/msg/analog__type_support.cpp.o[0m
[16.507s] [ 30%] [32mBuilding CXX object CMakeFiles/ur_msgs__rosidl_typesupport_c.dir/rosidl_typesupport_c/ur_msgs/msg/digital__type_support.cpp.o[0m
[16.541s] [ 31%] [32mBuilding CXX object CMakeFiles/ur_msgs__rosidl_typesupport_c.dir/rosidl_typesupport_c/ur_msgs/msg/io_states__type_support.cpp.o[0m
[16.553s] [ 32%] [32mBuilding CXX object CMakeFiles/ur_msgs__rosidl_typesupport_c.dir/rosidl_typesupport_c/ur_msgs/msg/robot_state_rt_msg__type_support.cpp.o[0m
[16.567s] [ 33%] [32mBuilding CXX object CMakeFiles/ur_msgs__rosidl_typesupport_c.dir/rosidl_typesupport_c/ur_msgs/msg/masterboard_data_msg__type_support.cpp.o[0m
[16.705s] [ 34%] [32mBuilding CXX object CMakeFiles/ur_msgs__rosidl_typesupport_c.dir/rosidl_typesupport_c/ur_msgs/msg/robot_mode_data_msg__type_support.cpp.o[0m
[16.760s] [ 35%] [32mBuilding CXX object CMakeFiles/ur_msgs__rosidl_typesupport_c.dir/rosidl_typesupport_c/ur_msgs/msg/tool_data_msg__type_support.cpp.o[0m
[16.841s] [ 36%] [32mBuilding CXX object CMakeFiles/ur_msgs__rosidl_typesupport_c.dir/rosidl_typesupport_c/ur_msgs/srv/set_payload__type_support.cpp.o[0m
[16.873s] [ 36%] [32mBuilding CXX object CMakeFiles/ur_msgs__rosidl_typesupport_c.dir/rosidl_typesupport_c/ur_msgs/srv/set_speed_slider_fraction__type_support.cpp.o[0m
[16.885s] [ 37%] [32mBuilding CXX object CMakeFiles/ur_msgs__rosidl_typesupport_c.dir/rosidl_typesupport_c/ur_msgs/srv/set_io__type_support.cpp.o[0m
[17.155s] [ 38%] [32m[1mLinking CXX shared library libur_msgs__rosidl_typesupport_c.so[0m
[17.468s] [35m[1mScanning dependencies of target ur_msgs__rosidl_typesupport_cpp[0m
[17.493s] [ 38%] Built target ur_msgs__rosidl_typesupport_c
[17.587s] [ 39%] [32mBuilding CXX object CMakeFiles/ur_msgs__rosidl_typesupport_cpp.dir/rosidl_typesupport_cpp/ur_msgs/msg/analog__type_support.cpp.o[0m
[17.597s] [ 40%] [32mBuilding CXX object CMakeFiles/ur_msgs__rosidl_typesupport_cpp.dir/rosidl_typesupport_cpp/ur_msgs/msg/digital__type_support.cpp.o[0m
[17.622s] [ 41%] [32mBuilding CXX object CMakeFiles/ur_msgs__rosidl_typesupport_cpp.dir/rosidl_typesupport_cpp/ur_msgs/msg/io_states__type_support.cpp.o[0m
[17.652s] [ 42%] [32mBuilding CXX object CMakeFiles/ur_msgs__rosidl_typesupport_cpp.dir/rosidl_typesupport_cpp/ur_msgs/msg/robot_state_rt_msg__type_support.cpp.o[0m
[17.658s] [ 43%] [32mBuilding CXX object CMakeFiles/ur_msgs__rosidl_typesupport_cpp.dir/rosidl_typesupport_cpp/ur_msgs/msg/masterboard_data_msg__type_support.cpp.o[0m
[17.717s] [ 44%] [32mBuilding CXX object CMakeFiles/ur_msgs__rosidl_typesupport_cpp.dir/rosidl_typesupport_cpp/ur_msgs/msg/robot_mode_data_msg__type_support.cpp.o[0m
[18.906s] [ 45%] [32mBuilding CXX object CMakeFiles/ur_msgs__rosidl_typesupport_cpp.dir/rosidl_typesupport_cpp/ur_msgs/msg/tool_data_msg__type_support.cpp.o[0m
[19.257s] [ 46%] [32mBuilding CXX object CMakeFiles/ur_msgs__rosidl_typesupport_cpp.dir/rosidl_typesupport_cpp/ur_msgs/srv/set_payload__type_support.cpp.o[0m
[19.297s] [ 47%] [32mBuilding CXX object CMakeFiles/ur_msgs__rosidl_typesupport_cpp.dir/rosidl_typesupport_cpp/ur_msgs/srv/set_speed_slider_fraction__type_support.cpp.o[0m
[19.321s] [ 48%] [32mBuilding CXX object CMakeFiles/ur_msgs__rosidl_typesupport_cpp.dir/rosidl_typesupport_cpp/ur_msgs/srv/set_io__type_support.cpp.o[0m
[19.537s] [35m[1mScanning dependencies of target ur_msgs__rosidl_typesupport_fastrtps_cpp[0m
[19.589s] [35m[1mScanning dependencies of target ur_msgs__rosidl_typesupport_introspection_cpp[0m
[19.698s] [ 49%] [32mBuilding CXX object CMakeFiles/ur_msgs__rosidl_typesupport_introspection_cpp.dir/rosidl_typesupport_introspection_cpp/ur_msgs/msg/detail/analog__type_support.cpp.o[0m
[19.721s] [ 50%] [32mBuilding CXX object CMakeFiles/ur_msgs__rosidl_typesupport_fastrtps_cpp.dir/rosidl_typesupport_fastrtps_cpp/ur_msgs/msg/detail/dds_fastrtps/analog__type_support.cpp.o[0m
[19.736s] [ 51%] [32mBuilding CXX object CMakeFiles/ur_msgs__rosidl_typesupport_introspection_cpp.dir/rosidl_typesupport_introspection_cpp/ur_msgs/msg/detail/digital__type_support.cpp.o[0m
[19.755s] [ 52%] [32mBuilding CXX object CMakeFiles/ur_msgs__rosidl_typesupport_fastrtps_cpp.dir/rosidl_typesupport_fastrtps_cpp/ur_msgs/msg/detail/dds_fastrtps/digital__type_support.cpp.o[0m
[20.417s] [ 52%] [32mBuilding CXX object CMakeFiles/ur_msgs__rosidl_typesupport_fastrtps_cpp.dir/rosidl_typesupport_fastrtps_cpp/ur_msgs/msg/detail/dds_fastrtps/io_states__type_support.cpp.o[0m
[20.646s] [ 53%] [32mBuilding CXX object CMakeFiles/ur_msgs__rosidl_typesupport_introspection_cpp.dir/rosidl_typesupport_introspection_cpp/ur_msgs/msg/detail/io_states__type_support.cpp.o[0m
[21.061s] [ 54%] [32mBuilding CXX object CMakeFiles/ur_msgs__rosidl_typesupport_introspection_cpp.dir/rosidl_typesupport_introspection_cpp/ur_msgs/msg/detail/robot_state_rt_msg__type_support.cpp.o[0m
[21.073s] [ 55%] [32mBuilding CXX object CMakeFiles/ur_msgs__rosidl_typesupport_introspection_cpp.dir/rosidl_typesupport_introspection_cpp/ur_msgs/msg/detail/masterboard_data_msg__type_support.cpp.o[0m
[21.526s] [ 56%] [32mBuilding CXX object CMakeFiles/ur_msgs__rosidl_typesupport_introspection_cpp.dir/rosidl_typesupport_introspection_cpp/ur_msgs/msg/detail/robot_mode_data_msg__type_support.cpp.o[0m
[22.180s] [ 57%] [32m[1mLinking CXX shared library libur_msgs__rosidl_typesupport_cpp.so[0m
[22.266s] [ 58%] [32mBuilding CXX object CMakeFiles/ur_msgs__rosidl_typesupport_fastrtps_cpp.dir/rosidl_typesupport_fastrtps_cpp/ur_msgs/msg/detail/dds_fastrtps/robot_state_rt_msg__type_support.cpp.o[0m
[22.589s] [ 58%] Built target ur_msgs__rosidl_typesupport_cpp
[22.794s] [ 59%] [32mBuilding CXX object CMakeFiles/ur_msgs__rosidl_typesupport_fastrtps_cpp.dir/rosidl_typesupport_fastrtps_cpp/ur_msgs/msg/detail/dds_fastrtps/masterboard_data_msg__type_support.cpp.o[0m
[24.717s] [ 60%] [32mBuilding CXX object CMakeFiles/ur_msgs__rosidl_typesupport_introspection_cpp.dir/rosidl_typesupport_introspection_cpp/ur_msgs/msg/detail/tool_data_msg__type_support.cpp.o[0m
[24.753s] [ 61%] [32mBuilding CXX object CMakeFiles/ur_msgs__rosidl_typesupport_fastrtps_cpp.dir/rosidl_typesupport_fastrtps_cpp/ur_msgs/srv/detail/dds_fastrtps/set_io__type_support.cpp.o[0m
[25.774s] [ 62%] [32mBuilding CXX object CMakeFiles/ur_msgs__rosidl_typesupport_introspection_cpp.dir/rosidl_typesupport_introspection_cpp/ur_msgs/srv/detail/set_speed_slider_fraction__type_support.cpp.o[0m
[26.307s] [ 63%] [32mBuilding CXX object CMakeFiles/ur_msgs__rosidl_typesupport_fastrtps_cpp.dir/rosidl_typesupport_fastrtps_cpp/ur_msgs/srv/detail/dds_fastrtps/set_speed_slider_fraction__type_support.cpp.o[0m
[27.122s] [ 64%] [32mBuilding CXX object CMakeFiles/ur_msgs__rosidl_typesupport_introspection_cpp.dir/rosidl_typesupport_introspection_cpp/ur_msgs/srv/detail/set_io__type_support.cpp.o[0m
[28.006s] [ 65%] [32mBuilding CXX object CMakeFiles/ur_msgs__rosidl_typesupport_fastrtps_cpp.dir/rosidl_typesupport_fastrtps_cpp/ur_msgs/srv/detail/dds_fastrtps/set_payload__type_support.cpp.o[0m
[28.231s] [ 66%] [32mBuilding CXX object CMakeFiles/ur_msgs__rosidl_typesupport_introspection_cpp.dir/rosidl_typesupport_introspection_cpp/ur_msgs/srv/detail/set_payload__type_support.cpp.o[0m
[28.977s] [ 67%] [32m[1mLinking CXX shared library libur_msgs__rosidl_typesupport_introspection_cpp.so[0m
[29.224s] [ 68%] [32mBuilding CXX object CMakeFiles/ur_msgs__rosidl_typesupport_fastrtps_cpp.dir/rosidl_typesupport_fastrtps_cpp/ur_msgs/msg/detail/dds_fastrtps/tool_data_msg__type_support.cpp.o[0m
[29.225s] [ 68%] Built target ur_msgs__rosidl_typesupport_introspection_cpp
[30.178s] [ 69%] [32mBuilding CXX object CMakeFiles/ur_msgs__rosidl_typesupport_fastrtps_cpp.dir/rosidl_typesupport_fastrtps_cpp/ur_msgs/msg/detail/dds_fastrtps/robot_mode_data_msg__type_support.cpp.o[0m
[31.012s] [ 70%] [32m[1mLinking CXX shared library libur_msgs__rosidl_typesupport_fastrtps_cpp.so[0m
[31.207s] [ 70%] Built target ur_msgs__rosidl_typesupport_fastrtps_cpp
[31.228s] [ 71%] [34m[1mGenerating C type support for eProsima Fast-RTPS[0m
[33.299s] [35m[1mScanning dependencies of target ur_msgs__rosidl_typesupport_fastrtps_c[0m
[33.333s] [ 72%] [32mBuilding CXX object CMakeFiles/ur_msgs__rosidl_typesupport_fastrtps_c.dir/rosidl_typesupport_fastrtps_c/ur_msgs/msg/detail/analog__type_support_c.cpp.o[0m
[33.983s] [ 73%] [32mBuilding CXX object CMakeFiles/ur_msgs__rosidl_typesupport_fastrtps_c.dir/rosidl_typesupport_fastrtps_c/ur_msgs/srv/detail/set_payload__type_support_c.cpp.o[0m
[34.719s] [ 74%] [32mBuilding CXX object CMakeFiles/ur_msgs__rosidl_typesupport_fastrtps_c.dir/rosidl_typesupport_fastrtps_c/ur_msgs/srv/detail/set_speed_slider_fraction__type_support_c.cpp.o[0m
[35.406s] [ 75%] [32mBuilding CXX object CMakeFiles/ur_msgs__rosidl_typesupport_fastrtps_c.dir/rosidl_typesupport_fastrtps_c/ur_msgs/srv/detail/set_io__type_support_c.cpp.o[0m
[35.850s] [ 76%] [32mBuilding CXX object CMakeFiles/ur_msgs__rosidl_typesupport_fastrtps_c.dir/rosidl_typesupport_fastrtps_c/ur_msgs/msg/detail/tool_data_msg__type_support_c.cpp.o[0m
[36.289s] [ 77%] [32mBuilding CXX object CMakeFiles/ur_msgs__rosidl_typesupport_fastrtps_c.dir/rosidl_typesupport_fastrtps_c/ur_msgs/msg/detail/robot_mode_data_msg__type_support_c.cpp.o[0m
[36.714s] [ 78%] [32mBuilding CXX object CMakeFiles/ur_msgs__rosidl_typesupport_fastrtps_c.dir/rosidl_typesupport_fastrtps_c/ur_msgs/msg/detail/masterboard_data_msg__type_support_c.cpp.o[0m
[37.161s] [ 79%] [32mBuilding CXX object CMakeFiles/ur_msgs__rosidl_typesupport_fastrtps_c.dir/rosidl_typesupport_fastrtps_c/ur_msgs/msg/detail/robot_state_rt_msg__type_support_c.cpp.o[0m
[37.646s] [ 80%] [32mBuilding CXX object CMakeFiles/ur_msgs__rosidl_typesupport_fastrtps_c.dir/rosidl_typesupport_fastrtps_c/ur_msgs/msg/detail/io_states__type_support_c.cpp.o[0m
[38.124s] [ 81%] [32mBuilding CXX object CMakeFiles/ur_msgs__rosidl_typesupport_fastrtps_c.dir/rosidl_typesupport_fastrtps_c/ur_msgs/msg/detail/digital__type_support_c.cpp.o[0m
[38.546s] [ 82%] [32m[1mLinking CXX shared library libur_msgs__rosidl_typesupport_fastrtps_c.so[0m
[38.671s] [ 82%] Built target ur_msgs__rosidl_typesupport_fastrtps_c
[38.682s] [35m[1mScanning dependencies of target ur_msgs[0m
[38.693s] [ 82%] Built target ur_msgs
[38.704s] [35m[1mScanning dependencies of target ur_msgs__py[0m
[38.716s] [ 83%] [34m[1mGenerating Python code for ROS interfaces[0m
[41.445s] [ 83%] Built target ur_msgs__py
[41.455s] [35m[1mScanning dependencies of target ur_msgs__python[0m
[41.511s] [ 84%] [32mBuilding C object CMakeFiles/ur_msgs__python.dir/rosidl_generator_py/ur_msgs/msg/_analog_s.c.o[0m
[41.643s] [ 85%] [32mBuilding C object CMakeFiles/ur_msgs__python.dir/rosidl_generator_py/ur_msgs/srv/_set_payload_s.c.o[0m
[41.781s] [ 86%] [32mBuilding C object CMakeFiles/ur_msgs__python.dir/rosidl_generator_py/ur_msgs/srv/_set_speed_slider_fraction_s.c.o[0m
[41.923s] [ 87%] [32mBuilding C object CMakeFiles/ur_msgs__python.dir/rosidl_generator_py/ur_msgs/srv/_set_io_s.c.o[0m
[42.065s] [ 88%] [32mBuilding C object CMakeFiles/ur_msgs__python.dir/rosidl_generator_py/ur_msgs/msg/_tool_data_msg_s.c.o[0m
[42.203s] [ 89%] [32mBuilding C object CMakeFiles/ur_msgs__python.dir/rosidl_generator_py/ur_msgs/msg/_robot_mode_data_msg_s.c.o[0m
[42.336s] [ 90%] [32mBuilding C object CMakeFiles/ur_msgs__python.dir/rosidl_generator_py/ur_msgs/msg/_masterboard_data_msg_s.c.o[0m
[42.491s] [ 91%] [32mBuilding C object CMakeFiles/ur_msgs__python.dir/rosidl_generator_py/ur_msgs/msg/_robot_state_rt_msg_s.c.o[0m
[43.121s] [ 92%] [32mBuilding C object CMakeFiles/ur_msgs__python.dir/rosidl_generator_py/ur_msgs/msg/_io_states_s.c.o[0m
[43.335s] [ 93%] [32mBuilding C object CMakeFiles/ur_msgs__python.dir/rosidl_generator_py/ur_msgs/msg/_digital_s.c.o[0m
[43.454s] [ 94%] [32m[1mLinking C shared library rosidl_generator_py/ur_msgs/libur_msgs__python.so[0m
[43.508s] [ 94%] Built target ur_msgs__python
[43.519s] [35m[1mScanning dependencies of target ur_msgs__rosidl_typesupport_c__pyext[0m
[43.540s] [ 95%] [32mBuilding C object CMakeFiles/ur_msgs__rosidl_typesupport_c__pyext.dir/rosidl_generator_py/ur_msgs/_ur_msgs_s.ep.rosidl_typesupport_c.c.o[0m
[43.831s] [ 96%] [32m[1mLinking C shared library rosidl_generator_py/ur_msgs/ur_msgs_s__rosidl_typesupport_c.cpython-38-x86_64-linux-gnu.so[0m
[43.875s] [ 96%] Built target ur_msgs__rosidl_typesupport_c__pyext
[43.885s] [35m[1mScanning dependencies of target ur_msgs__rosidl_typesupport_fastrtps_c__pyext[0m
[43.911s] [ 97%] [32mBuilding C object CMakeFiles/ur_msgs__rosidl_typesupport_fastrtps_c__pyext.dir/rosidl_generator_py/ur_msgs/_ur_msgs_s.ep.rosidl_typesupport_fastrtps_c.c.o[0m
[44.207s] [ 98%] [32m[1mLinking CXX shared library rosidl_generator_py/ur_msgs/ur_msgs_s__rosidl_typesupport_fastrtps_c.cpython-38-x86_64-linux-gnu.so[0m
[44.286s] [ 98%] Built target ur_msgs__rosidl_typesupport_fastrtps_c__pyext
[44.297s] [35m[1mScanning dependencies of target ur_msgs__rosidl_typesupport_introspection_c__pyext[0m
[44.320s] [ 99%] [32mBuilding C object CMakeFiles/ur_msgs__rosidl_typesupport_introspection_c__pyext.dir/rosidl_generator_py/ur_msgs/_ur_msgs_s.ep.rosidl_typesupport_introspection_c.c.o[0m
[44.613s] [100%] [32m[1mLinking C shared library rosidl_generator_py/ur_msgs/ur_msgs_s__rosidl_typesupport_introspection_c.cpython-38-x86_64-linux-gnu.so[0m
[44.656s] [100%] Built target ur_msgs__rosidl_typesupport_introspection_c__pyext
[44.669s] Invoked command in '/home/hunajpu/trabajo_terminal/ros2_ur_driver/build/ur_msgs' returned '0': CMAKE_PREFIX_PATH=/opt/ros/foxy /usr/bin/cmake --build /home/hunajpu/trabajo_terminal/ros2_ur_driver/build/ur_msgs -- -j8 -l8
[44.822s] Invoking command in '/home/hunajpu/trabajo_terminal/ros2_ur_driver/build/ur_msgs': CMAKE_PREFIX_PATH=/opt/ros/foxy /usr/bin/cmake --install /home/hunajpu/trabajo_terminal/ros2_ur_driver/build/ur_msgs
[44.832s] -- Install configuration: "Release"
[44.832s] -- Installing: /home/hunajpu/trabajo_terminal/ros2_ur_driver/install/ur_msgs/share/ament_index/resource_index/rosidl_interfaces/ur_msgs
[44.832s] -- Installing: /home/hunajpu/trabajo_terminal/ros2_ur_driver/install/ur_msgs/include/ur_msgs
[44.832s] -- Installing: /home/hunajpu/trabajo_terminal/ros2_ur_driver/install/ur_msgs/include/ur_msgs/srv
[44.833s] -- Installing: /home/hunajpu/trabajo_terminal/ros2_ur_driver/install/ur_msgs/include/ur_msgs/srv/set_speed_slider_fraction.h
[44.833s] -- Installing: /home/hunajpu/trabajo_terminal/ros2_ur_driver/install/ur_msgs/include/ur_msgs/srv/detail
[44.833s] -- Installing: /home/hunajpu/trabajo_terminal/ros2_ur_driver/install/ur_msgs/include/ur_msgs/srv/detail/set_speed_slider_fraction__struct.h
[44.833s] -- Installing: /home/hunajpu/trabajo_terminal/ros2_ur_driver/install/ur_msgs/include/ur_msgs/srv/detail/set_speed_slider_fraction__type_support.h
[44.833s] -- Installing: /home/hunajpu/trabajo_terminal/ros2_ur_driver/install/ur_msgs/include/ur_msgs/srv/detail/set_io__type_support.h
[44.833s] -- Installing: /home/hunajpu/trabajo_terminal/ros2_ur_driver/install/ur_msgs/include/ur_msgs/srv/detail/set_io__struct.h
[44.834s] -- Installing: /home/hunajpu/trabajo_terminal/ros2_ur_driver/install/ur_msgs/include/ur_msgs/srv/detail/set_speed_slider_fraction__functions.c
[44.834s] -- Installing: /home/hunajpu/trabajo_terminal/ros2_ur_driver/install/ur_msgs/include/ur_msgs/srv/detail/set_speed_slider_fraction__functions.h
[44.834s] -- Installing: /home/hunajpu/trabajo_terminal/ros2_ur_driver/install/ur_msgs/include/ur_msgs/srv/detail/set_payload__functions.c
[44.835s] -- Installing: /home/hunajpu/trabajo_terminal/ros2_ur_driver/install/ur_msgs/include/ur_msgs/srv/detail/set_io__functions.h
[44.835s] -- Installing: /home/hunajpu/trabajo_terminal/ros2_ur_driver/install/ur_msgs/include/ur_msgs/srv/detail/set_payload__functions.h
[44.835s] -- Installing: /home/hunajpu/trabajo_terminal/ros2_ur_driver/install/ur_msgs/include/ur_msgs/srv/detail/set_payload__struct.h
[44.835s] -- Installing: /home/hunajpu/trabajo_terminal/ros2_ur_driver/install/ur_msgs/include/ur_msgs/srv/detail/set_payload__type_support.h
[44.835s] -- Installing: /home/hunajpu/trabajo_terminal/ros2_ur_driver/install/ur_msgs/include/ur_msgs/srv/detail/set_io__functions.c
[44.836s] -- Installing: /home/hunajpu/trabajo_terminal/ros2_ur_driver/install/ur_msgs/include/ur_msgs/srv/set_payload.h
[44.836s] -- Installing: /home/hunajpu/trabajo_terminal/ros2_ur_driver/install/ur_msgs/include/ur_msgs/srv/set_io.h
[44.836s] -- Installing: /home/hunajpu/trabajo_terminal/ros2_ur_driver/install/ur_msgs/include/ur_msgs/msg
[44.836s] -- Installing: /home/hunajpu/trabajo_terminal/ros2_ur_driver/install/ur_msgs/include/ur_msgs/msg/masterboard_data_msg.h
[44.837s] -- Installing: /home/hunajpu/trabajo_terminal/ros2_ur_driver/install/ur_msgs/include/ur_msgs/msg/rosidl_generator_c__visibility_control.h
[44.837s] -- Installing: /home/hunajpu/trabajo_terminal/ros2_ur_driver/install/ur_msgs/include/ur_msgs/msg/digital.h
[44.837s] -- Installing: /home/hunajpu/trabajo_terminal/ros2_ur_driver/install/ur_msgs/include/ur_msgs/msg/detail
[44.837s] -- Installing: /home/hunajpu/trabajo_terminal/ros2_ur_driver/install/ur_msgs/include/ur_msgs/msg/detail/robot_state_rt_msg__functions.c
[44.837s] -- Installing: /home/hunajpu/trabajo_terminal/ros2_ur_driver/install/ur_msgs/include/ur_msgs/msg/detail/robot_state_rt_msg__functions.h
[44.838s] -- Installing: /home/hunajpu/trabajo_terminal/ros2_ur_driver/install/ur_msgs/include/ur_msgs/msg/detail/analog__type_support.h
[44.838s] -- Installing: /home/hunajpu/trabajo_terminal/ros2_ur_driver/install/ur_msgs/include/ur_msgs/msg/detail/digital__functions.h
[44.838s] -- Installing: /home/hunajpu/trabajo_terminal/ros2_ur_driver/install/ur_msgs/include/ur_msgs/msg/detail/tool_data_msg__struct.h
[44.838s] -- Installing: /home/hunajpu/trabajo_terminal/ros2_ur_driver/install/ur_msgs/include/ur_msgs/msg/detail/analog__functions.h
[44.838s] -- Installing: /home/hunajpu/trabajo_terminal/ros2_ur_driver/install/ur_msgs/include/ur_msgs/msg/detail/tool_data_msg__functions.c
[44.839s] -- Installing: /home/hunajpu/trabajo_terminal/ros2_ur_driver/install/ur_msgs/include/ur_msgs/msg/detail/masterboard_data_msg__struct.h
[44.839s] -- Installing: /home/hunajpu/trabajo_terminal/ros2_ur_driver/install/ur_msgs/include/ur_msgs/msg/detail/io_states__functions.h
[44.839s] -- Installing: /home/hunajpu/trabajo_terminal/ros2_ur_driver/install/ur_msgs/include/ur_msgs/msg/detail/digital__type_support.h
[44.839s] -- Installing: /home/hunajpu/trabajo_terminal/ros2_ur_driver/install/ur_msgs/include/ur_msgs/msg/detail/digital__struct.h
[44.840s] -- Installing: /home/hunajpu/trabajo_terminal/ros2_ur_driver/install/ur_msgs/include/ur_msgs/msg/detail/robot_mode_data_msg__functions.c
[44.840s] -- Installing: /home/hunajpu/trabajo_terminal/ros2_ur_driver/install/ur_msgs/include/ur_msgs/msg/detail/analog__struct.h
[44.840s] -- Installing: /home/hunajpu/trabajo_terminal/ros2_ur_driver/install/ur_msgs/include/ur_msgs/msg/detail/masterboard_data_msg__functions.h
[44.840s] -- Installing: /home/hunajpu/trabajo_terminal/ros2_ur_driver/install/ur_msgs/include/ur_msgs/msg/detail/analog__functions.c
[44.840s] -- Installing: /home/hunajpu/trabajo_terminal/ros2_ur_driver/install/ur_msgs/include/ur_msgs/msg/detail/io_states__functions.c
[44.841s] -- Installing: /home/hunajpu/trabajo_terminal/ros2_ur_driver/install/ur_msgs/include/ur_msgs/msg/detail/tool_data_msg__type_support.h
[44.842s] -- Installing: /home/hunajpu/trabajo_terminal/ros2_ur_driver/install/ur_msgs/include/ur_msgs/msg/detail/robot_mode_data_msg__type_support.h
[44.842s] -- Installing: /home/hunajpu/trabajo_terminal/ros2_ur_driver/install/ur_msgs/include/ur_msgs/msg/detail/digital__functions.c
[44.842s] -- Installing: /home/hunajpu/trabajo_terminal/ros2_ur_driver/install/ur_msgs/include/ur_msgs/msg/detail/io_states__struct.h
[44.842s] -- Installing: /home/hunajpu/trabajo_terminal/ros2_ur_driver/install/ur_msgs/include/ur_msgs/msg/detail/masterboard_data_msg__type_support.h
[44.843s] -- Installing: /home/hunajpu/trabajo_terminal/ros2_ur_driver/install/ur_msgs/include/ur_msgs/msg/detail/masterboard_data_msg__functions.c
[44.843s] -- Installing: /home/hunajpu/trabajo_terminal/ros2_ur_driver/install/ur_msgs/include/ur_msgs/msg/detail/robot_state_rt_msg__struct.h
[44.843s] -- Installing: /home/hunajpu/trabajo_terminal/ros2_ur_driver/install/ur_msgs/include/ur_msgs/msg/detail/robot_mode_data_msg__struct.h
[44.843s] -- Installing: /home/hunajpu/trabajo_terminal/ros2_ur_driver/install/ur_msgs/include/ur_msgs/msg/detail/io_states__type_support.h
[44.844s] -- Installing: /home/hunajpu/trabajo_terminal/ros2_ur_driver/install/ur_msgs/include/ur_msgs/msg/detail/robot_state_rt_msg__type_support.h
[44.844s] -- Installing: /home/hunajpu/trabajo_terminal/ros2_ur_driver/install/ur_msgs/include/ur_msgs/msg/detail/tool_data_msg__functions.h
[44.844s] -- Installing: /home/hunajpu/trabajo_terminal/ros2_ur_driver/install/ur_msgs/include/ur_msgs/msg/detail/robot_mode_data_msg__functions.h
[44.844s] -- Installing: /home/hunajpu/trabajo_terminal/ros2_ur_driver/install/ur_msgs/include/ur_msgs/msg/robot_state_rt_msg.h
[44.844s] -- Installing: /home/hunajpu/trabajo_terminal/ros2_ur_driver/install/ur_msgs/include/ur_msgs/msg/io_states.h
[44.845s] -- Installing: /home/hunajpu/trabajo_terminal/ros2_ur_driver/install/ur_msgs/include/ur_msgs/msg/analog.h
[44.845s] -- Installing: /home/hunajpu/trabajo_terminal/ros2_ur_driver/install/ur_msgs/include/ur_msgs/msg/tool_data_msg.h
[44.845s] -- Installing: /home/hunajpu/trabajo_terminal/ros2_ur_driver/install/ur_msgs/include/ur_msgs/msg/robot_mode_data_msg.h
[44.845s] -- Installing: /home/hunajpu/trabajo_terminal/ros2_ur_driver/install/ur_msgs/share/ur_msgs/environment/library_path.sh
[44.845s] -- Installing: /home/hunajpu/trabajo_terminal/ros2_ur_driver/install/ur_msgs/share/ur_msgs/environment/library_path.dsv
[44.846s] -- Installing: /home/hunajpu/trabajo_terminal/ros2_ur_driver/install/ur_msgs/lib/libur_msgs__rosidl_generator_c.so
[44.846s] -- Set runtime path of "/home/hunajpu/trabajo_terminal/ros2_ur_driver/install/ur_msgs/lib/libur_msgs__rosidl_generator_c.so" to ""
[44.846s] -- Up-to-date: /home/hunajpu/trabajo_terminal/ros2_ur_driver/install/ur_msgs/include/ur_msgs
[44.847s] -- Up-to-date: /home/hunajpu/trabajo_terminal/ros2_ur_driver/install/ur_msgs/include/ur_msgs/srv
[44.847s] -- Up-to-date: /home/hunajpu/trabajo_terminal/ros2_ur_driver/install/ur_msgs/include/ur_msgs/srv/detail
[44.847s] -- Installing: /home/hunajpu/trabajo_terminal/ros2_ur_driver/install/ur_msgs/include/ur_msgs/srv/detail/set_payload__rosidl_typesupport_fastrtps_c.h
[44.847s] -- Installing: /home/hunajpu/trabajo_terminal/ros2_ur_driver/install/ur_msgs/include/ur_msgs/srv/detail/set_io__rosidl_typesupport_fastrtps_c.h
[44.847s] -- Installing: /home/hunajpu/trabajo_terminal/ros2_ur_driver/install/ur_msgs/include/ur_msgs/srv/detail/set_speed_slider_fraction__rosidl_typesupport_fastrtps_c.h
[44.848s] -- Up-to-date: /home/hunajpu/trabajo_terminal/ros2_ur_driver/install/ur_msgs/include/ur_msgs/msg
[44.848s] -- Up-to-date: /home/hunajpu/trabajo_terminal/ros2_ur_driver/install/ur_msgs/include/ur_msgs/msg/detail
[44.848s] -- Installing: /home/hunajpu/trabajo_terminal/ros2_ur_driver/install/ur_msgs/include/ur_msgs/msg/detail/analog__rosidl_typesupport_fastrtps_c.h
[44.848s] -- Installing: /home/hunajpu/trabajo_terminal/ros2_ur_driver/install/ur_msgs/include/ur_msgs/msg/detail/masterboard_data_msg__rosidl_typesupport_fastrtps_c.h
[44.848s] -- Installing: /home/hunajpu/trabajo_terminal/ros2_ur_driver/install/ur_msgs/include/ur_msgs/msg/detail/tool_data_msg__rosidl_typesupport_fastrtps_c.h
[44.849s] -- Installing: /home/hunajpu/trabajo_terminal/ros2_ur_driver/install/ur_msgs/include/ur_msgs/msg/detail/robot_mode_data_msg__rosidl_typesupport_fastrtps_c.h
[44.849s] -- Installing: /home/hunajpu/trabajo_terminal/ros2_ur_driver/install/ur_msgs/include/ur_msgs/msg/detail/robot_state_rt_msg__rosidl_typesupport_fastrtps_c.h
[44.849s] -- Installing: /home/hunajpu/trabajo_terminal/ros2_ur_driver/install/ur_msgs/include/ur_msgs/msg/detail/io_states__rosidl_typesupport_fastrtps_c.h
[44.849s] -- Installing: /home/hunajpu/trabajo_terminal/ros2_ur_driver/install/ur_msgs/include/ur_msgs/msg/detail/digital__rosidl_typesupport_fastrtps_c.h
[44.849s] -- Installing: /home/hunajpu/trabajo_terminal/ros2_ur_driver/install/ur_msgs/include/ur_msgs/msg/rosidl_typesupport_fastrtps_c__visibility_control.h
[44.850s] -- Installing: /home/hunajpu/trabajo_terminal/ros2_ur_driver/install/ur_msgs/lib/libur_msgs__rosidl_typesupport_fastrtps_c.so
[44.850s] -- Set runtime path of "/home/hunajpu/trabajo_terminal/ros2_ur_driver/install/ur_msgs/lib/libur_msgs__rosidl_typesupport_fastrtps_c.so" to ""
[44.850s] -- Up-to-date: /home/hunajpu/trabajo_terminal/ros2_ur_driver/install/ur_msgs/include/ur_msgs
[44.850s] -- Up-to-date: /home/hunajpu/trabajo_terminal/ros2_ur_driver/install/ur_msgs/include/ur_msgs/srv
[44.851s] -- Up-to-date: /home/hunajpu/trabajo_terminal/ros2_ur_driver/install/ur_msgs/include/ur_msgs/srv/detail
[44.851s] -- Installing: /home/hunajpu/trabajo_terminal/ros2_ur_driver/install/ur_msgs/include/ur_msgs/srv/detail/set_io__rosidl_typesupport_fastrtps_cpp.hpp
[44.851s] -- Installing: /home/hunajpu/trabajo_terminal/ros2_ur_driver/install/ur_msgs/include/ur_msgs/srv/detail/set_speed_slider_fraction__rosidl_typesupport_fastrtps_cpp.hpp
[44.851s] -- Installing: /home/hunajpu/trabajo_terminal/ros2_ur_driver/install/ur_msgs/include/ur_msgs/srv/detail/dds_fastrtps
[44.851s] -- Installing: /home/hunajpu/trabajo_terminal/ros2_ur_driver/install/ur_msgs/include/ur_msgs/srv/detail/set_payload__rosidl_typesupport_fastrtps_cpp.hpp
[44.852s] -- Up-to-date: /home/hunajpu/trabajo_terminal/ros2_ur_driver/install/ur_msgs/include/ur_msgs/msg
[44.852s] -- Up-to-date: /home/hunajpu/trabajo_terminal/ros2_ur_driver/install/ur_msgs/include/ur_msgs/msg/detail
[44.852s] -- Installing: /home/hunajpu/trabajo_terminal/ros2_ur_driver/install/ur_msgs/include/ur_msgs/msg/detail/robot_mode_data_msg__rosidl_typesupport_fastrtps_cpp.hpp
[44.852s] -- Installing: /home/hunajpu/trabajo_terminal/ros2_ur_driver/install/ur_msgs/include/ur_msgs/msg/detail/masterboard_data_msg__rosidl_typesupport_fastrtps_cpp.hpp
[44.853s] -- Installing: /home/hunajpu/trabajo_terminal/ros2_ur_driver/install/ur_msgs/include/ur_msgs/msg/detail/robot_state_rt_msg__rosidl_typesupport_fastrtps_cpp.hpp
[44.853s] -- Installing: /home/hunajpu/trabajo_terminal/ros2_ur_driver/install/ur_msgs/include/ur_msgs/msg/detail/io_states__rosidl_typesupport_fastrtps_cpp.hpp
[44.853s] -- Installing: /home/hunajpu/trabajo_terminal/ros2_ur_driver/install/ur_msgs/include/ur_msgs/msg/detail/digital__rosidl_typesupport_fastrtps_cpp.hpp
[44.853s] -- Installing: /home/hunajpu/trabajo_terminal/ros2_ur_driver/install/ur_msgs/include/ur_msgs/msg/detail/dds_fastrtps
[44.853s] -- Installing: /home/hunajpu/trabajo_terminal/ros2_ur_driver/install/ur_msgs/include/ur_msgs/msg/detail/tool_data_msg__rosidl_typesupport_fastrtps_cpp.hpp
[44.853s] -- Installing: /home/hunajpu/trabajo_terminal/ros2_ur_driver/install/ur_msgs/include/ur_msgs/msg/detail/analog__rosidl_typesupport_fastrtps_cpp.hpp
[44.854s] -- Installing: /home/hunajpu/trabajo_terminal/ros2_ur_driver/install/ur_msgs/include/ur_msgs/msg/rosidl_typesupport_fastrtps_cpp__visibility_control.h
[44.854s] -- Installing: /home/hunajpu/trabajo_terminal/ros2_ur_driver/install/ur_msgs/lib/libur_msgs__rosidl_typesupport_fastrtps_cpp.so
[44.854s] -- Set runtime path of "/home/hunajpu/trabajo_terminal/ros2_ur_driver/install/ur_msgs/lib/libur_msgs__rosidl_typesupport_fastrtps_cpp.so" to ""
[44.854s] -- Up-to-date: /home/hunajpu/trabajo_terminal/ros2_ur_driver/install/ur_msgs/include/ur_msgs
[44.854s] -- Up-to-date: /home/hunajpu/trabajo_terminal/ros2_ur_driver/install/ur_msgs/include/ur_msgs/srv
[44.854s] -- Up-to-date: /home/hunajpu/trabajo_terminal/ros2_ur_driver/install/ur_msgs/include/ur_msgs/srv/detail
[44.855s] -- Installing: /home/hunajpu/trabajo_terminal/ros2_ur_driver/install/ur_msgs/include/ur_msgs/srv/detail/set_io__type_support.c
[44.855s] -- Installing: /home/hunajpu/trabajo_terminal/ros2_ur_driver/install/ur_msgs/include/ur_msgs/srv/detail/set_payload__type_support.c
[44.855s] -- Installing: /home/hunajpu/trabajo_terminal/ros2_ur_driver/install/ur_msgs/include/ur_msgs/srv/detail/set_speed_slider_fraction__type_support.c
[44.855s] -- Installing: /home/hunajpu/trabajo_terminal/ros2_ur_driver/install/ur_msgs/include/ur_msgs/srv/detail/set_payload__rosidl_typesupport_introspection_c.h
[44.855s] -- Installing: /home/hunajpu/trabajo_terminal/ros2_ur_driver/install/ur_msgs/include/ur_msgs/srv/detail/set_io__rosidl_typesupport_introspection_c.h
[44.855s] -- Installing: /home/hunajpu/trabajo_terminal/ros2_ur_driver/install/ur_msgs/include/ur_msgs/srv/detail/set_speed_slider_fraction__rosidl_typesupport_introspection_c.h
[44.855s] -- Up-to-date: /home/hunajpu/trabajo_terminal/ros2_ur_driver/install/ur_msgs/include/ur_msgs/msg
[44.856s] -- Up-to-date: /home/hunajpu/trabajo_terminal/ros2_ur_driver/install/ur_msgs/include/ur_msgs/msg/detail
[44.856s] -- Installing: /home/hunajpu/trabajo_terminal/ros2_ur_driver/install/ur_msgs/include/ur_msgs/msg/detail/tool_data_msg__type_support.c
[44.856s] -- Installing: /home/hunajpu/trabajo_terminal/ros2_ur_driver/install/ur_msgs/include/ur_msgs/msg/detail/analog__rosidl_typesupport_introspection_c.h
[44.856s] -- Installing: /home/hunajpu/trabajo_terminal/ros2_ur_driver/install/ur_msgs/include/ur_msgs/msg/detail/robot_mode_data_msg__type_support.c
[44.856s] -- Installing: /home/hunajpu/trabajo_terminal/ros2_ur_driver/install/ur_msgs/include/ur_msgs/msg/detail/analog__type_support.c
[44.856s] -- Installing: /home/hunajpu/trabajo_terminal/ros2_ur_driver/install/ur_msgs/include/ur_msgs/msg/detail/tool_data_msg__rosidl_typesupport_introspection_c.h
[44.857s] -- Installing: /home/hunajpu/trabajo_terminal/ros2_ur_driver/install/ur_msgs/include/ur_msgs/msg/detail/robot_state_rt_msg__type_support.c
[44.857s] -- Installing: /home/hunajpu/trabajo_terminal/ros2_ur_driver/install/ur_msgs/include/ur_msgs/msg/detail/masterboard_data_msg__rosidl_typesupport_introspection_c.h
[44.857s] -- Installing: /home/hunajpu/trabajo_terminal/ros2_ur_driver/install/ur_msgs/include/ur_msgs/msg/detail/digital__rosidl_typesupport_introspection_c.h
[44.857s] -- Installing: /home/hunajpu/trabajo_terminal/ros2_ur_driver/install/ur_msgs/include/ur_msgs/msg/detail/robot_state_rt_msg__rosidl_typesupport_introspection_c.h
[44.857s] -- Installing: /home/hunajpu/trabajo_terminal/ros2_ur_driver/install/ur_msgs/include/ur_msgs/msg/detail/digital__type_support.c
[44.857s] -- Installing: /home/hunajpu/trabajo_terminal/ros2_ur_driver/install/ur_msgs/include/ur_msgs/msg/detail/io_states__type_support.c
[44.857s] -- Installing: /home/hunajpu/trabajo_terminal/ros2_ur_driver/install/ur_msgs/include/ur_msgs/msg/detail/io_states__rosidl_typesupport_introspection_c.h
[44.858s] -- Installing: /home/hunajpu/trabajo_terminal/ros2_ur_driver/install/ur_msgs/include/ur_msgs/msg/detail/masterboard_data_msg__type_support.c
[44.858s] -- Installing: /home/hunajpu/trabajo_terminal/ros2_ur_driver/install/ur_msgs/include/ur_msgs/msg/detail/robot_mode_data_msg__rosidl_typesupport_introspection_c.h
[44.858s] -- Installing: /home/hunajpu/trabajo_terminal/ros2_ur_driver/install/ur_msgs/include/ur_msgs/msg/rosidl_typesupport_introspection_c__visibility_control.h
[44.858s] -- Installing: /home/hunajpu/trabajo_terminal/ros2_ur_driver/install/ur_msgs/lib/libur_msgs__rosidl_typesupport_introspection_c.so
[44.858s] -- Set runtime path of "/home/hunajpu/trabajo_terminal/ros2_ur_driver/install/ur_msgs/lib/libur_msgs__rosidl_typesupport_introspection_c.so" to ""
[44.858s] -- Installing: /home/hunajpu/trabajo_terminal/ros2_ur_driver/install/ur_msgs/lib/libur_msgs__rosidl_typesupport_c.so
[44.858s] -- Set runtime path of "/home/hunajpu/trabajo_terminal/ros2_ur_driver/install/ur_msgs/lib/libur_msgs__rosidl_typesupport_c.so" to ""
[44.859s] -- Up-to-date: /home/hunajpu/trabajo_terminal/ros2_ur_driver/install/ur_msgs/include/ur_msgs
[44.859s] -- Up-to-date: /home/hunajpu/trabajo_terminal/ros2_ur_driver/install/ur_msgs/include/ur_msgs/srv
[44.859s] -- Up-to-date: /home/hunajpu/trabajo_terminal/ros2_ur_driver/install/ur_msgs/include/ur_msgs/srv/detail
[44.859s] -- Installing: /home/hunajpu/trabajo_terminal/ros2_ur_driver/install/ur_msgs/include/ur_msgs/srv/detail/set_payload__traits.hpp
[44.859s] -- Installing: /home/hunajpu/trabajo_terminal/ros2_ur_driver/install/ur_msgs/include/ur_msgs/srv/detail/set_speed_slider_fraction__builder.hpp
[44.859s] -- Installing: /home/hunajpu/trabajo_terminal/ros2_ur_driver/install/ur_msgs/include/ur_msgs/srv/detail/set_speed_slider_fraction__struct.hpp
[44.859s] -- Installing: /home/hunajpu/trabajo_terminal/ros2_ur_driver/install/ur_msgs/include/ur_msgs/srv/detail/set_payload__builder.hpp
[44.860s] -- Installing: /home/hunajpu/trabajo_terminal/ros2_ur_driver/install/ur_msgs/include/ur_msgs/srv/detail/set_speed_slider_fraction__traits.hpp
[44.860s] -- Installing: /home/hunajpu/trabajo_terminal/ros2_ur_driver/install/ur_msgs/include/ur_msgs/srv/detail/set_io__struct.hpp
[44.860s] -- Installing: /home/hunajpu/trabajo_terminal/ros2_ur_driver/install/ur_msgs/include/ur_msgs/srv/detail/set_io__traits.hpp
[44.860s] -- Installing: /home/hunajpu/trabajo_terminal/ros2_ur_driver/install/ur_msgs/include/ur_msgs/srv/detail/set_payload__struct.hpp
[44.860s] -- Installing: /home/hunajpu/trabajo_terminal/ros2_ur_driver/install/ur_msgs/include/ur_msgs/srv/detail/set_io__builder.hpp
[44.860s] -- Installing: /home/hunajpu/trabajo_terminal/ros2_ur_driver/install/ur_msgs/include/ur_msgs/srv/set_speed_slider_fraction.hpp
[44.860s] -- Installing: /home/hunajpu/trabajo_terminal/ros2_ur_driver/install/ur_msgs/include/ur_msgs/srv/set_io.hpp
[44.861s] -- Installing: /home/hunajpu/trabajo_terminal/ros2_ur_driver/install/ur_msgs/include/ur_msgs/srv/set_payload.hpp
[44.861s] -- Up-to-date: /home/hunajpu/trabajo_terminal/ros2_ur_driver/install/ur_msgs/include/ur_msgs/msg
[44.861s] -- Installing: /home/hunajpu/trabajo_terminal/ros2_ur_driver/install/ur_msgs/include/ur_msgs/msg/robot_mode_data_msg.hpp
[44.861s] -- Installing: /home/hunajpu/trabajo_terminal/ros2_ur_driver/install/ur_msgs/include/ur_msgs/msg/io_states.hpp
[44.861s] -- Up-to-date: /home/hunajpu/trabajo_terminal/ros2_ur_driver/install/ur_msgs/include/ur_msgs/msg/detail
[44.861s] -- Installing: /home/hunajpu/trabajo_terminal/ros2_ur_driver/install/ur_msgs/include/ur_msgs/msg/detail/digital__traits.hpp
[44.861s] -- Installing: /home/hunajpu/trabajo_terminal/ros2_ur_driver/install/ur_msgs/include/ur_msgs/msg/detail/digital__struct.hpp
[44.862s] -- Installing: /home/hunajpu/trabajo_terminal/ros2_ur_driver/install/ur_msgs/include/ur_msgs/msg/detail/io_states__traits.hpp
[44.862s] -- Installing: /home/hunajpu/trabajo_terminal/ros2_ur_driver/install/ur_msgs/include/ur_msgs/msg/detail/masterboard_data_msg__struct.hpp
[44.862s] -- Installing: /home/hunajpu/trabajo_terminal/ros2_ur_driver/install/ur_msgs/include/ur_msgs/msg/detail/digital__builder.hpp
[44.862s] -- Installing: /home/hunajpu/trabajo_terminal/ros2_ur_driver/install/ur_msgs/include/ur_msgs/msg/detail/analog__builder.hpp
[44.862s] -- Installing: /home/hunajpu/trabajo_terminal/ros2_ur_driver/install/ur_msgs/include/ur_msgs/msg/detail/robot_mode_data_msg__struct.hpp
[44.862s] -- Installing: /home/hunajpu/trabajo_terminal/ros2_ur_driver/install/ur_msgs/include/ur_msgs/msg/detail/robot_mode_data_msg__builder.hpp
[44.862s] -- Installing: /home/hunajpu/trabajo_terminal/ros2_ur_driver/install/ur_msgs/include/ur_msgs/msg/detail/analog__traits.hpp
[44.862s] -- Installing: /home/hunajpu/trabajo_terminal/ros2_ur_driver/install/ur_msgs/include/ur_msgs/msg/detail/robot_state_rt_msg__struct.hpp
[44.863s] -- Installing: /home/hunajpu/trabajo_terminal/ros2_ur_driver/install/ur_msgs/include/ur_msgs/msg/detail/robot_state_rt_msg__traits.hpp
[44.863s] -- Installing: /home/hunajpu/trabajo_terminal/ros2_ur_driver/install/ur_msgs/include/ur_msgs/msg/detail/io_states__builder.hpp
[44.863s] -- Installing: /home/hunajpu/trabajo_terminal/ros2_ur_driver/install/ur_msgs/include/ur_msgs/msg/detail/tool_data_msg__builder.hpp
[44.863s] -- Installing: /home/hunajpu/trabajo_terminal/ros2_ur_driver/install/ur_msgs/include/ur_msgs/msg/detail/tool_data_msg__traits.hpp
[44.863s] -- Installing: /home/hunajpu/trabajo_terminal/ros2_ur_driver/install/ur_msgs/include/ur_msgs/msg/detail/io_states__struct.hpp
[44.863s] -- Installing: /home/hunajpu/trabajo_terminal/ros2_ur_driver/install/ur_msgs/include/ur_msgs/msg/detail/masterboard_data_msg__traits.hpp
[44.864s] -- Installing: /home/hunajpu/trabajo_terminal/ros2_ur_driver/install/ur_msgs/include/ur_msgs/msg/detail/masterboard_data_msg__builder.hpp
[44.864s] -- Installing: /home/hunajpu/trabajo_terminal/ros2_ur_driver/install/ur_msgs/include/ur_msgs/msg/detail/robot_mode_data_msg__traits.hpp
[44.864s] -- Installing: /home/hunajpu/trabajo_terminal/ros2_ur_driver/install/ur_msgs/include/ur_msgs/msg/detail/robot_state_rt_msg__builder.hpp
[44.864s] -- Installing: /home/hunajpu/trabajo_terminal/ros2_ur_driver/install/ur_msgs/include/ur_msgs/msg/detail/analog__struct.hpp
[44.864s] -- Installing: /home/hunajpu/trabajo_terminal/ros2_ur_driver/install/ur_msgs/include/ur_msgs/msg/detail/tool_data_msg__struct.hpp
[44.864s] -- Installing: /home/hunajpu/trabajo_terminal/ros2_ur_driver/install/ur_msgs/include/ur_msgs/msg/masterboard_data_msg.hpp
[44.864s] -- Installing: /home/hunajpu/trabajo_terminal/ros2_ur_driver/install/ur_msgs/include/ur_msgs/msg/robot_state_rt_msg.hpp
[44.864s] -- Installing: /home/hunajpu/trabajo_terminal/ros2_ur_driver/install/ur_msgs/include/ur_msgs/msg/tool_data_msg.hpp
[44.865s] -- Installing: /home/hunajpu/trabajo_terminal/ros2_ur_driver/install/ur_msgs/include/ur_msgs/msg/digital.hpp
[44.865s] -- Installing: /home/hunajpu/trabajo_terminal/ros2_ur_driver/install/ur_msgs/include/ur_msgs/msg/analog.hpp
[44.865s] -- Up-to-date: /home/hunajpu/trabajo_terminal/ros2_ur_driver/install/ur_msgs/include/ur_msgs
[44.865s] -- Up-to-date: /home/hunajpu/trabajo_terminal/ros2_ur_driver/install/ur_msgs/include/ur_msgs/srv
[44.865s] -- Up-to-date: /home/hunajpu/trabajo_terminal/ros2_ur_driver/install/ur_msgs/include/ur_msgs/srv/detail
[44.865s] -- Installing: /home/hunajpu/trabajo_terminal/ros2_ur_driver/install/ur_msgs/include/ur_msgs/srv/detail/set_payload__type_support.cpp
[44.865s] -- Installing: /home/hunajpu/trabajo_terminal/ros2_ur_driver/install/ur_msgs/include/ur_msgs/srv/detail/set_speed_slider_fraction__rosidl_typesupport_introspection_cpp.hpp
[44.866s] -- Installing: /home/hunajpu/trabajo_terminal/ros2_ur_driver/install/ur_msgs/include/ur_msgs/srv/detail/set_speed_slider_fraction__type_support.cpp
[44.866s] -- Installing: /home/hunajpu/trabajo_terminal/ros2_ur_driver/install/ur_msgs/include/ur_msgs/srv/detail/set_io__rosidl_typesupport_introspection_cpp.hpp
[44.866s] -- Installing: /home/hunajpu/trabajo_terminal/ros2_ur_driver/install/ur_msgs/include/ur_msgs/srv/detail/set_io__type_support.cpp
[44.866s] -- Installing: /home/hunajpu/trabajo_terminal/ros2_ur_driver/install/ur_msgs/include/ur_msgs/srv/detail/set_payload__rosidl_typesupport_introspection_cpp.hpp
[44.866s] -- Up-to-date: /home/hunajpu/trabajo_terminal/ros2_ur_driver/install/ur_msgs/include/ur_msgs/msg
[44.866s] -- Up-to-date: /home/hunajpu/trabajo_terminal/ros2_ur_driver/install/ur_msgs/include/ur_msgs/msg/detail
[44.866s] -- Installing: /home/hunajpu/trabajo_terminal/ros2_ur_driver/install/ur_msgs/include/ur_msgs/msg/detail/robot_mode_data_msg__rosidl_typesupport_introspection_cpp.hpp
[44.867s] -- Installing: /home/hunajpu/trabajo_terminal/ros2_ur_driver/install/ur_msgs/include/ur_msgs/msg/detail/digital__type_support.cpp
[44.867s] -- Installing: /home/hunajpu/trabajo_terminal/ros2_ur_driver/install/ur_msgs/include/ur_msgs/msg/detail/robot_state_rt_msg__rosidl_typesupport_introspection_cpp.hpp
[44.867s] -- Installing: /home/hunajpu/trabajo_terminal/ros2_ur_driver/install/ur_msgs/include/ur_msgs/msg/detail/io_states__type_support.cpp
[44.867s] -- Installing: /home/hunajpu/trabajo_terminal/ros2_ur_driver/install/ur_msgs/include/ur_msgs/msg/detail/io_states__rosidl_typesupport_introspection_cpp.hpp
[44.867s] -- Installing: /home/hunajpu/trabajo_terminal/ros2_ur_driver/install/ur_msgs/include/ur_msgs/msg/detail/digital__rosidl_typesupport_introspection_cpp.hpp
[44.867s] -- Installing: /home/hunajpu/trabajo_terminal/ros2_ur_driver/install/ur_msgs/include/ur_msgs/msg/detail/masterboard_data_msg__rosidl_typesupport_introspection_cpp.hpp
[44.867s] -- Installing: /home/hunajpu/trabajo_terminal/ros2_ur_driver/install/ur_msgs/include/ur_msgs/msg/detail/tool_data_msg__rosidl_typesupport_introspection_cpp.hpp
[44.868s] -- Installing: /home/hunajpu/trabajo_terminal/ros2_ur_driver/install/ur_msgs/include/ur_msgs/msg/detail/tool_data_msg__type_support.cpp
[44.868s] -- Installing: /home/hunajpu/trabajo_terminal/ros2_ur_driver/install/ur_msgs/include/ur_msgs/msg/detail/masterboard_data_msg__type_support.cpp
[44.868s] -- Installing: /home/hunajpu/trabajo_terminal/ros2_ur_driver/install/ur_msgs/include/ur_msgs/msg/detail/robot_state_rt_msg__type_support.cpp
[44.868s] -- Installing: /home/hunajpu/trabajo_terminal/ros2_ur_driver/install/ur_msgs/include/ur_msgs/msg/detail/analog__rosidl_typesupport_introspection_cpp.hpp
[44.868s] -- Installing: /home/hunajpu/trabajo_terminal/ros2_ur_driver/install/ur_msgs/include/ur_msgs/msg/detail/analog__type_support.cpp
[44.868s] -- Installing: /home/hunajpu/trabajo_terminal/ros2_ur_driver/install/ur_msgs/include/ur_msgs/msg/detail/robot_mode_data_msg__type_support.cpp
[44.868s] -- Installing: /home/hunajpu/trabajo_terminal/ros2_ur_driver/install/ur_msgs/lib/libur_msgs__rosidl_typesupport_introspection_cpp.so
[44.869s] -- Set runtime path of "/home/hunajpu/trabajo_terminal/ros2_ur_driver/install/ur_msgs/lib/libur_msgs__rosidl_typesupport_introspection_cpp.so" to ""
[44.869s] -- Installing: /home/hunajpu/trabajo_terminal/ros2_ur_driver/install/ur_msgs/lib/libur_msgs__rosidl_typesupport_cpp.so
[44.869s] -- Set runtime path of "/home/hunajpu/trabajo_terminal/ros2_ur_driver/install/ur_msgs/lib/libur_msgs__rosidl_typesupport_cpp.so" to ""
[44.869s] -- Installing: /home/hunajpu/trabajo_terminal/ros2_ur_driver/install/ur_msgs/share/ur_msgs/environment/pythonpath.sh
[44.869s] -- Installing: /home/hunajpu/trabajo_terminal/ros2_ur_driver/install/ur_msgs/share/ur_msgs/environment/pythonpath.dsv
[44.869s] -- Installing: /home/hunajpu/trabajo_terminal/ros2_ur_driver/install/ur_msgs/lib/python3.8/site-packages/ur_msgs/__init__.py
[44.889s] Compiling '/home/hunajpu/trabajo_terminal/ros2_ur_driver/install/ur_msgs/lib/python3.8/site-packages/ur_msgs/__init__.py'...
[44.895s] -- Installing: /home/hunajpu/trabajo_terminal/ros2_ur_driver/install/ur_msgs/lib/python3.8/site-packages/ur_msgs/msg
[44.895s] -- Installing: /home/hunajpu/trabajo_terminal/ros2_ur_driver/install/ur_msgs/lib/python3.8/site-packages/ur_msgs/msg/_masterboard_data_msg.py
[44.895s] -- Installing: /home/hunajpu/trabajo_terminal/ros2_ur_driver/install/ur_msgs/lib/python3.8/site-packages/ur_msgs/msg/_robot_mode_data_msg_s.c
[44.895s] -- Installing: /home/hunajpu/trabajo_terminal/ros2_ur_driver/install/ur_msgs/lib/python3.8/site-packages/ur_msgs/msg/_digital.py
[44.895s] -- Installing: /home/hunajpu/trabajo_terminal/ros2_ur_driver/install/ur_msgs/lib/python3.8/site-packages/ur_msgs/msg/_io_states.py
[44.896s] -- Installing: /home/hunajpu/trabajo_terminal/ros2_ur_driver/install/ur_msgs/lib/python3.8/site-packages/ur_msgs/msg/__init__.py
[44.896s] -- Installing: /home/hunajpu/trabajo_terminal/ros2_ur_driver/install/ur_msgs/lib/python3.8/site-packages/ur_msgs/msg/_analog_s.c
[44.896s] -- Installing: /home/hunajpu/trabajo_terminal/ros2_ur_driver/install/ur_msgs/lib/python3.8/site-packages/ur_msgs/msg/_tool_data_msg_s.c
[44.896s] -- Installing: /home/hunajpu/trabajo_terminal/ros2_ur_driver/install/ur_msgs/lib/python3.8/site-packages/ur_msgs/msg/_robot_state_rt_msg_s.c
[44.896s] -- Installing: /home/hunajpu/trabajo_terminal/ros2_ur_driver/install/ur_msgs/lib/python3.8/site-packages/ur_msgs/msg/_digital_s.c
[44.897s] -- Installing: /home/hunajpu/trabajo_terminal/ros2_ur_driver/install/ur_msgs/lib/python3.8/site-packages/ur_msgs/msg/_analog.py
[44.897s] -- Installing: /home/hunajpu/trabajo_terminal/ros2_ur_driver/install/ur_msgs/lib/python3.8/site-packages/ur_msgs/msg/_robot_state_rt_msg.py
[44.897s] -- Installing: /home/hunajpu/trabajo_terminal/ros2_ur_driver/install/ur_msgs/lib/python3.8/site-packages/ur_msgs/msg/_masterboard_data_msg_s.c
[44.897s] -- Installing: /home/hunajpu/trabajo_terminal/ros2_ur_driver/install/ur_msgs/lib/python3.8/site-packages/ur_msgs/msg/_io_states_s.c
[44.897s] -- Installing: /home/hunajpu/trabajo_terminal/ros2_ur_driver/install/ur_msgs/lib/python3.8/site-packages/ur_msgs/msg/_robot_mode_data_msg.py
[44.897s] -- Installing: /home/hunajpu/trabajo_terminal/ros2_ur_driver/install/ur_msgs/lib/python3.8/site-packages/ur_msgs/msg/_tool_data_msg.py
[44.898s] -- Installing: /home/hunajpu/trabajo_terminal/ros2_ur_driver/install/ur_msgs/lib/python3.8/site-packages/ur_msgs/srv
[44.898s] -- Installing: /home/hunajpu/trabajo_terminal/ros2_ur_driver/install/ur_msgs/lib/python3.8/site-packages/ur_msgs/srv/__init__.py
[44.898s] -- Installing: /home/hunajpu/trabajo_terminal/ros2_ur_driver/install/ur_msgs/lib/python3.8/site-packages/ur_msgs/srv/_set_speed_slider_fraction_s.c
[44.898s] -- Installing: /home/hunajpu/trabajo_terminal/ros2_ur_driver/install/ur_msgs/lib/python3.8/site-packages/ur_msgs/srv/_set_io_s.c
[44.898s] -- Installing: /home/hunajpu/trabajo_terminal/ros2_ur_driver/install/ur_msgs/lib/python3.8/site-packages/ur_msgs/srv/_set_payload.py
[44.899s] -- Installing: /home/hunajpu/trabajo_terminal/ros2_ur_driver/install/ur_msgs/lib/python3.8/site-packages/ur_msgs/srv/_set_io.py
[44.899s] -- Installing: /home/hunajpu/trabajo_terminal/ros2_ur_driver/install/ur_msgs/lib/python3.8/site-packages/ur_msgs/srv/_set_speed_slider_fraction.py
[44.899s] -- Installing: /home/hunajpu/trabajo_terminal/ros2_ur_driver/install/ur_msgs/lib/python3.8/site-packages/ur_msgs/srv/_set_payload_s.c
[44.899s] -- Installing: /home/hunajpu/trabajo_terminal/ros2_ur_driver/install/ur_msgs/lib/python3.8/site-packages/ur_msgs/ur_msgs_s__rosidl_typesupport_fastrtps_c.cpython-38-x86_64-linux-gnu.so
[44.899s] -- Set runtime path of "/home/hunajpu/trabajo_terminal/ros2_ur_driver/install/ur_msgs/lib/python3.8/site-packages/ur_msgs/ur_msgs_s__rosidl_typesupport_fastrtps_c.cpython-38-x86_64-linux-gnu.so" to ""
[44.899s] -- Installing: /home/hunajpu/trabajo_terminal/ros2_ur_driver/install/ur_msgs/lib/python3.8/site-packages/ur_msgs/ur_msgs_s__rosidl_typesupport_introspection_c.cpython-38-x86_64-linux-gnu.so
[44.900s] -- Set runtime path of "/home/hunajpu/trabajo_terminal/ros2_ur_driver/install/ur_msgs/lib/python3.8/site-packages/ur_msgs/ur_msgs_s__rosidl_typesupport_introspection_c.cpython-38-x86_64-linux-gnu.so" to ""
[44.900s] -- Installing: /home/hunajpu/trabajo_terminal/ros2_ur_driver/install/ur_msgs/lib/python3.8/site-packages/ur_msgs/ur_msgs_s__rosidl_typesupport_c.cpython-38-x86_64-linux-gnu.so
[44.901s] -- Set runtime path of "/home/hunajpu/trabajo_terminal/ros2_ur_driver/install/ur_msgs/lib/python3.8/site-packages/ur_msgs/ur_msgs_s__rosidl_typesupport_c.cpython-38-x86_64-linux-gnu.so" to ""
[44.901s] -- Installing: /home/hunajpu/trabajo_terminal/ros2_ur_driver/install/ur_msgs/lib/libur_msgs__python.so
[44.901s] -- Set runtime path of "/home/hunajpu/trabajo_terminal/ros2_ur_driver/install/ur_msgs/lib/libur_msgs__python.so" to ""
[44.902s] -- Installing: /home/hunajpu/trabajo_terminal/ros2_ur_driver/install/ur_msgs/share/ur_msgs/msg/Analog.idl
[44.902s] -- Installing: /home/hunajpu/trabajo_terminal/ros2_ur_driver/install/ur_msgs/share/ur_msgs/msg/Digital.idl
[44.902s] -- Installing: /home/hunajpu/trabajo_terminal/ros2_ur_driver/install/ur_msgs/share/ur_msgs/msg/IOStates.idl
[44.902s] -- Installing: /home/hunajpu/trabajo_terminal/ros2_ur_driver/install/ur_msgs/share/ur_msgs/msg/RobotStateRTMsg.idl
[44.902s] -- Installing: /home/hunajpu/trabajo_terminal/ros2_ur_driver/install/ur_msgs/share/ur_msgs/msg/MasterboardDataMsg.idl
[44.903s] -- Installing: /home/hunajpu/trabajo_terminal/ros2_ur_driver/install/ur_msgs/share/ur_msgs/msg/RobotModeDataMsg.idl
[44.903s] -- Installing: /home/hunajpu/trabajo_terminal/ros2_ur_driver/install/ur_msgs/share/ur_msgs/msg/ToolDataMsg.idl
[44.903s] -- Installing: /home/hunajpu/trabajo_terminal/ros2_ur_driver/install/ur_msgs/share/ur_msgs/srv/SetPayload.idl
[44.903s] -- Installing: /home/hunajpu/trabajo_terminal/ros2_ur_driver/install/ur_msgs/share/ur_msgs/srv/SetSpeedSliderFraction.idl
[44.903s] -- Installing: /home/hunajpu/trabajo_terminal/ros2_ur_driver/install/ur_msgs/share/ur_msgs/srv/SetIO.idl
[44.904s] -- Installing: /home/hunajpu/trabajo_terminal/ros2_ur_driver/install/ur_msgs/share/ur_msgs/msg/Analog.msg
[44.904s] -- Installing: /home/hunajpu/trabajo_terminal/ros2_ur_driver/install/ur_msgs/share/ur_msgs/msg/Digital.msg
[44.904s] -- Installing: /home/hunajpu/trabajo_terminal/ros2_ur_driver/install/ur_msgs/share/ur_msgs/msg/IOStates.msg
[44.904s] -- Installing: /home/hunajpu/trabajo_terminal/ros2_ur_driver/install/ur_msgs/share/ur_msgs/msg/RobotStateRTMsg.msg
[44.904s] -- Installing: /home/hunajpu/trabajo_terminal/ros2_ur_driver/install/ur_msgs/share/ur_msgs/msg/MasterboardDataMsg.msg
[44.905s] -- Installing: /home/hunajpu/trabajo_terminal/ros2_ur_driver/install/ur_msgs/share/ur_msgs/msg/RobotModeDataMsg.msg
[44.905s] -- Installing: /home/hunajpu/trabajo_terminal/ros2_ur_driver/install/ur_msgs/share/ur_msgs/msg/ToolDataMsg.msg
[44.905s] -- Installing: /home/hunajpu/trabajo_terminal/ros2_ur_driver/install/ur_msgs/share/ur_msgs/srv/SetPayload.srv
[44.905s] -- Installing: /home/hunajpu/trabajo_terminal/ros2_ur_driver/install/ur_msgs/share/ur_msgs/srv/SetPayload_Request.msg
[44.905s] -- Installing: /home/hunajpu/trabajo_terminal/ros2_ur_driver/install/ur_msgs/share/ur_msgs/srv/SetPayload_Response.msg
[44.906s] -- Installing: /home/hunajpu/trabajo_terminal/ros2_ur_driver/install/ur_msgs/share/ur_msgs/srv/SetSpeedSliderFraction.srv
[44.906s] -- Installing: /home/hunajpu/trabajo_terminal/ros2_ur_driver/install/ur_msgs/share/ur_msgs/srv/SetSpeedSliderFraction_Request.msg
[44.906s] -- Installing: /home/hunajpu/trabajo_terminal/ros2_ur_driver/install/ur_msgs/share/ur_msgs/srv/SetSpeedSliderFraction_Response.msg
[44.906s] -- Installing: /home/hunajpu/trabajo_terminal/ros2_ur_driver/install/ur_msgs/share/ur_msgs/srv/SetIO.srv
[44.906s] -- Installing: /home/hunajpu/trabajo_terminal/ros2_ur_driver/install/ur_msgs/share/ur_msgs/srv/SetIO_Request.msg
[44.907s] -- Installing: /home/hunajpu/trabajo_terminal/ros2_ur_driver/install/ur_msgs/share/ur_msgs/srv/SetIO_Response.msg
[44.907s] -- Installing: /home/hunajpu/trabajo_terminal/ros2_ur_driver/install/ur_msgs/share/ament_index/resource_index/package_run_dependencies/ur_msgs
[44.907s] -- Installing: /home/hunajpu/trabajo_terminal/ros2_ur_driver/install/ur_msgs/share/ament_index/resource_index/parent_prefix_path/ur_msgs
[44.907s] -- Installing: /home/hunajpu/trabajo_terminal/ros2_ur_driver/install/ur_msgs/share/ur_msgs/environment/ament_prefix_path.sh
[44.907s] -- Installing: /home/hunajpu/trabajo_terminal/ros2_ur_driver/install/ur_msgs/share/ur_msgs/environment/ament_prefix_path.dsv
[44.908s] -- Installing: /home/hunajpu/trabajo_terminal/ros2_ur_driver/install/ur_msgs/share/ur_msgs/environment/path.sh
[44.908s] -- Installing: /home/hunajpu/trabajo_terminal/ros2_ur_driver/install/ur_msgs/share/ur_msgs/environment/path.dsv
[44.908s] -- Installing: /home/hunajpu/trabajo_terminal/ros2_ur_driver/install/ur_msgs/share/ur_msgs/local_setup.bash
[44.908s] -- Installing: /home/hunajpu/trabajo_terminal/ros2_ur_driver/install/ur_msgs/share/ur_msgs/local_setup.sh
[44.908s] -- Installing: /home/hunajpu/trabajo_terminal/ros2_ur_driver/install/ur_msgs/share/ur_msgs/local_setup.zsh
[44.909s] -- Installing: /home/hunajpu/trabajo_terminal/ros2_ur_driver/install/ur_msgs/share/ur_msgs/local_setup.dsv
[44.909s] -- Installing: /home/hunajpu/trabajo_terminal/ros2_ur_driver/install/ur_msgs/share/ur_msgs/package.dsv
[44.909s] -- Installing: /home/hunajpu/trabajo_terminal/ros2_ur_driver/install/ur_msgs/share/ament_index/resource_index/packages/ur_msgs
[44.909s] -- Installing: /home/hunajpu/trabajo_terminal/ros2_ur_driver/install/ur_msgs/share/ur_msgs/cmake/ur_msgs__rosidl_generator_cExport.cmake
[44.910s] -- Installing: /home/hunajpu/trabajo_terminal/ros2_ur_driver/install/ur_msgs/share/ur_msgs/cmake/ur_msgs__rosidl_generator_cExport-release.cmake
[44.910s] -- Installing: /home/hunajpu/trabajo_terminal/ros2_ur_driver/install/ur_msgs/share/ur_msgs/cmake/ur_msgs__rosidl_typesupport_introspection_cExport.cmake
[44.910s] -- Installing: /home/hunajpu/trabajo_terminal/ros2_ur_driver/install/ur_msgs/share/ur_msgs/cmake/ur_msgs__rosidl_typesupport_introspection_cExport-release.cmake
[44.910s] -- Installing: /home/hunajpu/trabajo_terminal/ros2_ur_driver/install/ur_msgs/share/ur_msgs/cmake/ur_msgs__rosidl_typesupport_cExport.cmake
[44.911s] -- Installing: /home/hunajpu/trabajo_terminal/ros2_ur_driver/install/ur_msgs/share/ur_msgs/cmake/ur_msgs__rosidl_typesupport_cExport-release.cmake
[44.911s] -- Installing: /home/hunajpu/trabajo_terminal/ros2_ur_driver/install/ur_msgs/share/ur_msgs/cmake/ur_msgs__rosidl_generator_cppExport.cmake
[44.911s] -- Installing: /home/hunajpu/trabajo_terminal/ros2_ur_driver/install/ur_msgs/share/ur_msgs/cmake/ur_msgs__rosidl_typesupport_introspection_cppExport.cmake
[44.911s] -- Installing: /home/hunajpu/trabajo_terminal/ros2_ur_driver/install/ur_msgs/share/ur_msgs/cmake/ur_msgs__rosidl_typesupport_introspection_cppExport-release.cmake
[44.911s] -- Installing: /home/hunajpu/trabajo_terminal/ros2_ur_driver/install/ur_msgs/share/ur_msgs/cmake/ur_msgs__rosidl_typesupport_cppExport.cmake
[44.912s] -- Installing: /home/hunajpu/trabajo_terminal/ros2_ur_driver/install/ur_msgs/share/ur_msgs/cmake/ur_msgs__rosidl_typesupport_cppExport-release.cmake
[44.912s] -- Installing: /home/hunajpu/trabajo_terminal/ros2_ur_driver/install/ur_msgs/share/ur_msgs/cmake/rosidl_cmake-extras.cmake
[44.912s] -- Installing: /home/hunajpu/trabajo_terminal/ros2_ur_driver/install/ur_msgs/share/ur_msgs/cmake/ament_cmake_export_dependencies-extras.cmake
[44.912s] -- Installing: /home/hunajpu/trabajo_terminal/ros2_ur_driver/install/ur_msgs/share/ur_msgs/cmake/ament_cmake_export_libraries-extras.cmake
[44.913s] -- Installing: /home/hunajpu/trabajo_terminal/ros2_ur_driver/install/ur_msgs/share/ur_msgs/cmake/ament_cmake_export_targets-extras.cmake
[44.913s] -- Installing: /home/hunajpu/trabajo_terminal/ros2_ur_driver/install/ur_msgs/share/ur_msgs/cmake/ament_cmake_export_include_directories-extras.cmake
[44.913s] -- Installing: /home/hunajpu/trabajo_terminal/ros2_ur_driver/install/ur_msgs/share/ur_msgs/cmake/rosidl_cmake_export_typesupport_libraries-extras.cmake
[44.913s] -- Installing: /home/hunajpu/trabajo_terminal/ros2_ur_driver/install/ur_msgs/share/ur_msgs/cmake/rosidl_cmake_export_typesupport_targets-extras.cmake
[44.913s] -- Installing: /home/hunajpu/trabajo_terminal/ros2_ur_driver/install/ur_msgs/share/ur_msgs/cmake/ur_msgsConfig.cmake
[44.914s] -- Installing: /home/hunajpu/trabajo_terminal/ros2_ur_driver/install/ur_msgs/share/ur_msgs/cmake/ur_msgsConfig-version.cmake
[44.914s] -- Installing: /home/hunajpu/trabajo_terminal/ros2_ur_driver/install/ur_msgs/share/ur_msgs/package.xml
[44.918s] Invoked command in '/home/hunajpu/trabajo_terminal/ros2_ur_driver/build/ur_msgs' returned '0': CMAKE_PREFIX_PATH=/opt/ros/foxy /usr/bin/cmake --install /home/hunajpu/trabajo_terminal/ros2_ur_driver/build/ur_msgs
