[0.043s] Invoking command in '/home/hunajpu/trabajo_terminal/ros2_ur_driver/build/ur_client_library': CMAKE_PREFIX_PATH=/opt/ros/foxy /usr/bin/cmake /home/hunajpu/trabajo_terminal/ros2_ur_driver/src/Universal_Robots_Client_Library -DCMAKE_BUILD_TYPE=Release -DCMAKE_INSTALL_PREFIX=/home/hunajpu/trabajo_terminal/ros2_ur_driver/install/ur_client_library
[0.444s] -- The C compiler identification is GNU 9.4.0
[0.815s] -- The CXX compiler identification is GNU 9.4.0
[0.830s] -- Check for working C compiler: /usr/bin/cc
[0.973s] -- Check for working C compiler: /usr/bin/cc -- works
[0.973s] -- Detecting C compiler ABI info
[1.104s] -- Detecting C compiler ABI info - done
[1.137s] -- Detecting C compile features
[1.138s] -- Detecting C compile features - done
[1.145s] -- Check for working CXX compiler: /usr/bin/c++
[1.293s] -- Check for working CXX compiler: /usr/bin/c++ -- works
[1.296s] -- Detecting CXX compiler ABI info
[1.458s] -- Detecting CXX compiler ABI info - done
[1.492s] -- Detecting CXX compile features
[1.493s] -- Detecting CXX compile features - done
[1.496s] -- Performing C++17 Test
[1.502s] -- Performing Test COMPILER_SUPPORTS_CXX17
[1.643s] -- Performing Test COMPILER_SUPPORTS_CXX17 - Success
[1.647s] -- Looking for pthread.h
[1.787s] -- Looking for pthread.h - found
[1.788s] -- Performing Test CMAKE_HAVE_LIBC_PTHREAD
[1.952s] -- Performing Test CMAKE_HAVE_LIBC_PTHREAD - Failed
[1.952s] -- Looking for pthread_create in pthreads
[2.045s] -- Looking for pthread_create in pthreads - not found
[2.045s] -- Looking for pthread_create in pthread
[2.160s] -- Looking for pthread_create in pthread - found
[2.161s] -- Found Threads: TRUE  
[2.161s] -- Building tests disabled.
[2.169s] -- Configuring done
[2.183s] -- Generating done
[2.184s] -- Build files have been written to: /home/hunajpu/trabajo_terminal/ros2_ur_driver/build/ur_client_library
[2.196s] Invoked command in '/home/hunajpu/trabajo_terminal/ros2_ur_driver/build/ur_client_library' returned '0': CMAKE_PREFIX_PATH=/opt/ros/foxy /usr/bin/cmake /home/hunajpu/trabajo_terminal/ros2_ur_driver/src/Universal_Robots_Client_Library -DCMAKE_BUILD_TYPE=Release -DCMAKE_INSTALL_PREFIX=/home/hunajpu/trabajo_terminal/ros2_ur_driver/install/ur_client_library
[2.199s] Invoking command in '/home/hunajpu/trabajo_terminal/ros2_ur_driver/build/ur_client_library': CMAKE_PREFIX_PATH=/opt/ros/foxy /usr/bin/cmake --build /home/hunajpu/trabajo_terminal/ros2_ur_driver/build/ur_client_library -- -j8 -l8
[2.268s] [35m[1mScanning dependencies of target urcl[0m
[2.301s] [  2%] [32mBuilding CXX object CMakeFiles/urcl.dir/src/comm/tcp_socket.cpp.o[0m
[2.301s] [  5%] [32mBuilding CXX object CMakeFiles/urcl.dir/src/comm/tcp_server.cpp.o[0m
[2.303s] [  8%] [32mBuilding CXX object CMakeFiles/urcl.dir/src/control/script_sender.cpp.o[0m
[2.308s] [ 11%] [32mBuilding CXX object CMakeFiles/urcl.dir/src/control/reverse_interface.cpp.o[0m
[2.314s] [ 14%] [32mBuilding CXX object CMakeFiles/urcl.dir/src/control/trajectory_point_interface.cpp.o[0m
[2.317s] [ 17%] [32mBuilding CXX object CMakeFiles/urcl.dir/src/primary/primary_package.cpp.o[0m
[2.343s] [ 20%] [32mBuilding CXX object CMakeFiles/urcl.dir/src/primary/robot_state.cpp.o[0m
[2.353s] [ 23%] [32mBuilding CXX object CMakeFiles/urcl.dir/src/primary/robot_message.cpp.o[0m
[3.798s] [ 26%] [32mBuilding CXX object CMakeFiles/urcl.dir/src/primary/robot_message/version_message.cpp.o[0m
[3.831s] [ 29%] [32mBuilding CXX object CMakeFiles/urcl.dir/src/primary/robot_state/kinematics_info.cpp.o[0m
[4.204s] [ 32%] [32mBuilding CXX object CMakeFiles/urcl.dir/src/rtde/control_package_pause.cpp.o[0m
[4.377s] [ 35%] [32mBuilding CXX object CMakeFiles/urcl.dir/src/rtde/control_package_setup_inputs.cpp.o[0m
[4.668s] [ 38%] [32mBuilding CXX object CMakeFiles/urcl.dir/src/rtde/control_package_setup_outputs.cpp.o[0m
[4.744s] [ 41%] [32mBuilding CXX object CMakeFiles/urcl.dir/src/rtde/control_package_start.cpp.o[0m
[4.908s] [ 44%] [32mBuilding CXX object CMakeFiles/urcl.dir/src/rtde/data_package.cpp.o[0m
[5.322s] [ 47%] [32mBuilding CXX object CMakeFiles/urcl.dir/src/rtde/get_urcontrol_version.cpp.o[0m
[5.786s] [ 50%] [32mBuilding CXX object CMakeFiles/urcl.dir/src/rtde/request_protocol_version.cpp.o[0m
[6.068s] [ 52%] [32mBuilding CXX object CMakeFiles/urcl.dir/src/rtde/rtde_package.cpp.o[0m
[6.084s] [ 55%] [32mBuilding CXX object CMakeFiles/urcl.dir/src/rtde/text_message.cpp.o[0m
[6.560s] [ 58%] [32mBuilding CXX object CMakeFiles/urcl.dir/src/rtde/rtde_client.cpp.o[0m
[6.599s] [ 61%] [32mBuilding CXX object CMakeFiles/urcl.dir/src/ur/ur_driver.cpp.o[0m
[6.944s] [ 64%] [32mBuilding CXX object CMakeFiles/urcl.dir/src/ur/calibration_checker.cpp.o[0m
[7.325s] [ 67%] [32mBuilding CXX object CMakeFiles/urcl.dir/src/ur/dashboard_client.cpp.o[0m
[7.521s] [ 70%] [32mBuilding CXX object CMakeFiles/urcl.dir/src/ur/tool_communication.cpp.o[0m
[8.210s] [ 73%] [32mBuilding CXX object CMakeFiles/urcl.dir/src/rtde/rtde_writer.cpp.o[0m
[8.309s] [ 76%] [32mBuilding CXX object CMakeFiles/urcl.dir/src/default_log_handler.cpp.o[0m
[8.937s] [ 79%] [32mBuilding CXX object CMakeFiles/urcl.dir/src/log.cpp.o[0m
[19.874s] [ 82%] [32m[1mLinking CXX shared library liburcl.so[0m
[20.737s] [ 82%] Built target urcl
[20.842s] [35m[1mScanning dependencies of target primary_pipeline_example[0m
[20.875s] [35m[1mScanning dependencies of target rtde_client_example[0m
[20.898s] [35m[1mScanning dependencies of target driver_example[0m
[20.962s] [ 85%] [32mBuilding CXX object examples/CMakeFiles/rtde_client_example.dir/rtde_client.cpp.o[0m
[20.990s] [ 88%] [32mBuilding CXX object examples/CMakeFiles/driver_example.dir/full_driver.cpp.o[0m
[21.057s] [ 91%] [32mBuilding CXX object examples/CMakeFiles/primary_pipeline_example.dir/primary_pipeline.cpp.o[0m
[26.116s] [ 94%] [32m[1mLinking CXX executable primary_pipeline_example[0m
[26.468s] [ 94%] Built target primary_pipeline_example
[26.816s] [ 97%] [32m[1mLinking CXX executable rtde_client_example[0m
[27.215s] [ 97%] Built target rtde_client_example
[27.795s] [100%] [32m[1mLinking CXX executable driver_example[0m
[28.213s] [100%] Built target driver_example
[28.258s] Invoked command in '/home/hunajpu/trabajo_terminal/ros2_ur_driver/build/ur_client_library' returned '0': CMAKE_PREFIX_PATH=/opt/ros/foxy /usr/bin/cmake --build /home/hunajpu/trabajo_terminal/ros2_ur_driver/build/ur_client_library -- -j8 -l8
[29.442s] Invoking command in '/home/hunajpu/trabajo_terminal/ros2_ur_driver/build/ur_client_library': CMAKE_PREFIX_PATH=/opt/ros/foxy /usr/bin/cmake --install /home/hunajpu/trabajo_terminal/ros2_ur_driver/build/ur_client_library
[29.467s] -- Install configuration: "Release"
[29.467s] -- Installing: /home/hunajpu/trabajo_terminal/ros2_ur_driver/install/ur_client_library/lib/liburcl.so
[29.468s] -- Installing: /home/hunajpu/trabajo_terminal/ros2_ur_driver/install/ur_client_library/include
[29.469s] -- Installing: /home/hunajpu/trabajo_terminal/ros2_ur_driver/install/ur_client_library/include/ur_client_library
[29.469s] -- Installing: /home/hunajpu/trabajo_terminal/ros2_ur_driver/install/ur_client_library/include/ur_client_library/types.h
[29.469s] -- Installing: /home/hunajpu/trabajo_terminal/ros2_ur_driver/install/ur_client_library/include/ur_client_library/queue
[29.469s] -- Installing: /home/hunajpu/trabajo_terminal/ros2_ur_driver/install/ur_client_library/include/ur_client_library/queue/LICENSE.md
[29.470s] -- Installing: /home/hunajpu/trabajo_terminal/ros2_ur_driver/install/ur_client_library/include/ur_client_library/queue/readerwriterqueue.h
[29.470s] -- Installing: /home/hunajpu/trabajo_terminal/ros2_ur_driver/install/ur_client_library/include/ur_client_library/queue/atomicops.h
[29.470s] -- Installing: /home/hunajpu/trabajo_terminal/ros2_ur_driver/install/ur_client_library/include/ur_client_library/log.h
[29.470s] -- Installing: /home/hunajpu/trabajo_terminal/ros2_ur_driver/install/ur_client_library/include/ur_client_library/comm
[29.470s] -- Installing: /home/hunajpu/trabajo_terminal/ros2_ur_driver/install/ur_client_library/include/ur_client_library/comm/control_mode.h
[29.470s] -- Installing: /home/hunajpu/trabajo_terminal/ros2_ur_driver/install/ur_client_library/include/ur_client_library/comm/package_serializer.h
[29.471s] -- Installing: /home/hunajpu/trabajo_terminal/ros2_ur_driver/install/ur_client_library/include/ur_client_library/comm/producer.h
[29.471s] -- Installing: /home/hunajpu/trabajo_terminal/ros2_ur_driver/install/ur_client_library/include/ur_client_library/comm/tcp_server.h
[29.471s] -- Installing: /home/hunajpu/trabajo_terminal/ros2_ur_driver/install/ur_client_library/include/ur_client_library/comm/stream.h
[29.472s] -- Installing: /home/hunajpu/trabajo_terminal/ros2_ur_driver/install/ur_client_library/include/ur_client_library/comm/shell_consumer.h
[29.472s] -- Installing: /home/hunajpu/trabajo_terminal/ros2_ur_driver/install/ur_client_library/include/ur_client_library/comm/package.h
[29.472s] -- Installing: /home/hunajpu/trabajo_terminal/ros2_ur_driver/install/ur_client_library/include/ur_client_library/comm/tcp_socket.h
[29.472s] -- Installing: /home/hunajpu/trabajo_terminal/ros2_ur_driver/install/ur_client_library/include/ur_client_library/comm/bin_parser.h
[29.472s] -- Installing: /home/hunajpu/trabajo_terminal/ros2_ur_driver/install/ur_client_library/include/ur_client_library/comm/pipeline.h
[29.473s] -- Installing: /home/hunajpu/trabajo_terminal/ros2_ur_driver/install/ur_client_library/include/ur_client_library/comm/parser.h
[29.473s] -- Installing: /home/hunajpu/trabajo_terminal/ros2_ur_driver/install/ur_client_library/include/ur_client_library/rtde
[29.473s] -- Installing: /home/hunajpu/trabajo_terminal/ros2_ur_driver/install/ur_client_library/include/ur_client_library/rtde/control_package_setup_inputs.h
[29.473s] -- Installing: /home/hunajpu/trabajo_terminal/ros2_ur_driver/install/ur_client_library/include/ur_client_library/rtde/rtde_writer.h
[29.474s] -- Installing: /home/hunajpu/trabajo_terminal/ros2_ur_driver/install/ur_client_library/include/ur_client_library/rtde/control_package_start.h
[29.474s] -- Installing: /home/hunajpu/trabajo_terminal/ros2_ur_driver/install/ur_client_library/include/ur_client_library/rtde/rtde_parser.h
[29.474s] -- Installing: /home/hunajpu/trabajo_terminal/ros2_ur_driver/install/ur_client_library/include/ur_client_library/rtde/request_protocol_version.h
[29.474s] -- Installing: /home/hunajpu/trabajo_terminal/ros2_ur_driver/install/ur_client_library/include/ur_client_library/rtde/package_header.h
[29.474s] -- Installing: /home/hunajpu/trabajo_terminal/ros2_ur_driver/install/ur_client_library/include/ur_client_library/rtde/control_package_pause.h
[29.475s] -- Installing: /home/hunajpu/trabajo_terminal/ros2_ur_driver/install/ur_client_library/include/ur_client_library/rtde/rtde_client.h
[29.475s] -- Installing: /home/hunajpu/trabajo_terminal/ros2_ur_driver/install/ur_client_library/include/ur_client_library/rtde/rtde_package.h
[29.475s] -- Installing: /home/hunajpu/trabajo_terminal/ros2_ur_driver/install/ur_client_library/include/ur_client_library/rtde/control_package_setup_outputs.h
[29.475s] -- Installing: /home/hunajpu/trabajo_terminal/ros2_ur_driver/install/ur_client_library/include/ur_client_library/rtde/text_message.h
[29.476s] -- Installing: /home/hunajpu/trabajo_terminal/ros2_ur_driver/install/ur_client_library/include/ur_client_library/rtde/data_package.h
[29.476s] -- Installing: /home/hunajpu/trabajo_terminal/ros2_ur_driver/install/ur_client_library/include/ur_client_library/rtde/get_urcontrol_version.h
[29.476s] -- Installing: /home/hunajpu/trabajo_terminal/ros2_ur_driver/install/ur_client_library/include/ur_client_library/default_log_handler.h
[29.476s] -- Installing: /home/hunajpu/trabajo_terminal/ros2_ur_driver/install/ur_client_library/include/ur_client_library/primary
[29.477s] -- Installing: /home/hunajpu/trabajo_terminal/ros2_ur_driver/install/ur_client_library/include/ur_client_library/primary/abstract_primary_consumer.h
[29.477s] -- Installing: /home/hunajpu/trabajo_terminal/ros2_ur_driver/install/ur_client_library/include/ur_client_library/primary/robot_message
[29.477s] -- Installing: /home/hunajpu/trabajo_terminal/ros2_ur_driver/install/ur_client_library/include/ur_client_library/primary/robot_message/version_message.h
[29.477s] -- Installing: /home/hunajpu/trabajo_terminal/ros2_ur_driver/install/ur_client_library/include/ur_client_library/primary/robot_state.h
[29.477s] -- Installing: /home/hunajpu/trabajo_terminal/ros2_ur_driver/install/ur_client_library/include/ur_client_library/primary/robot_state
[29.478s] -- Installing: /home/hunajpu/trabajo_terminal/ros2_ur_driver/install/ur_client_library/include/ur_client_library/primary/robot_state/kinematics_info.h
[29.478s] -- Installing: /home/hunajpu/trabajo_terminal/ros2_ur_driver/install/ur_client_library/include/ur_client_library/primary/robot_message.h
[29.478s] -- Installing: /home/hunajpu/trabajo_terminal/ros2_ur_driver/install/ur_client_library/include/ur_client_library/primary/primary_package.h
[29.478s] -- Installing: /home/hunajpu/trabajo_terminal/ros2_ur_driver/install/ur_client_library/include/ur_client_library/primary/package_header.h
[29.478s] -- Installing: /home/hunajpu/trabajo_terminal/ros2_ur_driver/install/ur_client_library/include/ur_client_library/primary/primary_parser.h
[29.479s] -- Installing: /home/hunajpu/trabajo_terminal/ros2_ur_driver/install/ur_client_library/include/ur_client_library/exceptions.h
[29.488s] -- Installing: /home/hunajpu/trabajo_terminal/ros2_ur_driver/install/ur_client_library/include/ur_client_library/control
[29.489s] -- Installing: /home/hunajpu/trabajo_terminal/ros2_ur_driver/install/ur_client_library/include/ur_client_library/control/trajectory_point_interface.h
[29.489s] -- Installing: /home/hunajpu/trabajo_terminal/ros2_ur_driver/install/ur_client_library/include/ur_client_library/control/script_sender.h
[29.489s] -- Installing: /home/hunajpu/trabajo_terminal/ros2_ur_driver/install/ur_client_library/include/ur_client_library/control/reverse_interface.h
[29.489s] -- Installing: /home/hunajpu/trabajo_terminal/ros2_ur_driver/install/ur_client_library/include/ur_client_library/ur
[29.489s] -- Installing: /home/hunajpu/trabajo_terminal/ros2_ur_driver/install/ur_client_library/include/ur_client_library/ur/ur_driver.h
[29.489s] -- Installing: /home/hunajpu/trabajo_terminal/ros2_ur_driver/install/ur_client_library/include/ur_client_library/ur/dashboard_client.h
[29.490s] -- Installing: /home/hunajpu/trabajo_terminal/ros2_ur_driver/install/ur_client_library/include/ur_client_library/ur/datatypes.h
[29.490s] -- Installing: /home/hunajpu/trabajo_terminal/ros2_ur_driver/install/ur_client_library/include/ur_client_library/ur/version_information.h
[29.490s] -- Installing: /home/hunajpu/trabajo_terminal/ros2_ur_driver/install/ur_client_library/include/ur_client_library/ur/calibration_checker.h
[29.490s] -- Installing: /home/hunajpu/trabajo_terminal/ros2_ur_driver/install/ur_client_library/include/ur_client_library/ur/tool_communication.h
[29.493s] -- Installing: /home/hunajpu/trabajo_terminal/ros2_ur_driver/install/ur_client_library/lib/cmake/ur_client_library/urclTargets.cmake
[29.494s] -- Installing: /home/hunajpu/trabajo_terminal/ros2_ur_driver/install/ur_client_library/lib/cmake/ur_client_library/urclTargets-release.cmake
[29.494s] -- Installing: /home/hunajpu/trabajo_terminal/ros2_ur_driver/install/ur_client_library/lib/cmake/ur_client_library/ur_client_libraryConfig.cmake
[29.494s] -- Installing: /home/hunajpu/trabajo_terminal/ros2_ur_driver/install/ur_client_library/share/ur_client_library/package.xml
[29.495s] -- Installing: /home/hunajpu/trabajo_terminal/ros2_ur_driver/install/ur_client_library/share/ament_index/resource_index/packages/ur_client_library
[29.495s] -- Installing: /home/hunajpu/trabajo_terminal/ros2_ur_driver/install/ur_client_library/share/ur_client_library/hook/ament_prefix_path.dsv
[29.495s] -- Installing: /home/hunajpu/trabajo_terminal/ros2_ur_driver/install/ur_client_library/share/ur_client_library/hook/ros_package_path.dsv
[29.495s] -- Installing: /home/hunajpu/trabajo_terminal/ros2_ur_driver/install/ur_client_library/share/ur_client_library/resources
[29.495s] -- Installing: /home/hunajpu/trabajo_terminal/ros2_ur_driver/install/ur_client_library/share/ur_client_library/resources/external_control.urscript
[29.496s] Invoked command in '/home/hunajpu/trabajo_terminal/ros2_ur_driver/build/ur_client_library' returned '0': CMAKE_PREFIX_PATH=/opt/ros/foxy /usr/bin/cmake --install /home/hunajpu/trabajo_terminal/ros2_ur_driver/build/ur_client_library
